[2021-02-18 09:17:42,707] {taskinstance.py:826} INFO - Dependencies all met for <TaskInstance: first_dag.print2 2021-02-18T08:17:34.130139+00:00 [queued]>
[2021-02-18 09:17:42,712] {taskinstance.py:826} INFO - Dependencies all met for <TaskInstance: first_dag.print2 2021-02-18T08:17:34.130139+00:00 [queued]>
[2021-02-18 09:17:42,713] {taskinstance.py:1017} INFO - 
--------------------------------------------------------------------------------
[2021-02-18 09:17:42,713] {taskinstance.py:1018} INFO - Starting attempt 1 of 2
[2021-02-18 09:17:42,713] {taskinstance.py:1019} INFO - 
--------------------------------------------------------------------------------
[2021-02-18 09:17:42,722] {taskinstance.py:1038} INFO - Executing <Task(BashOperator): print2> on 2021-02-18T08:17:34.130139+00:00
[2021-02-18 09:17:42,724] {standard_task_runner.py:51} INFO - Started process 4726 to run task
[2021-02-18 09:17:42,731] {standard_task_runner.py:75} INFO - Running: ['airflow', 'tasks', 'run', 'first_dag', 'print2', '2021-02-18T08:17:34.130139+00:00', '--job-id', '551', '--pool', 'default_pool', '--raw', '--subdir', 'DAGS_FOLDER/first_dag.py', '--cfg-path', '/var/folders/s2/xy3ssc8j3ks3whp2f_b8708c0000gp/T/tmp9xwodvkd']
[2021-02-18 09:17:42,733] {standard_task_runner.py:76} INFO - Job 551: Subtask print2
[2021-02-18 09:17:42,766] {logging_mixin.py:103} INFO - Running <TaskInstance: first_dag.print2 2021-02-18T08:17:34.130139+00:00 [running]> on host 1.0.0.127.in-addr.arpa
[2021-02-18 09:17:42,797] {taskinstance.py:1230} INFO - Exporting the following env vars:
AIRFLOW_CTX_DAG_EMAIL=sara@acloudfrontier.com
AIRFLOW_CTX_DAG_OWNER=sara
AIRFLOW_CTX_DAG_ID=first_dag
AIRFLOW_CTX_TASK_ID=print2
AIRFLOW_CTX_EXECUTION_DATE=2021-02-18T08:17:34.130139+00:00
AIRFLOW_CTX_DAG_RUN_ID=manual__2021-02-18T08:17:34.130139+00:00
[2021-02-18 09:17:42,798] {bash.py:135} INFO - Tmp dir root location: 
 /var/folders/s2/xy3ssc8j3ks3whp2f_b8708c0000gp/T
[2021-02-18 09:17:42,799] {bash.py:158} INFO - Running command: echo not!!!
[2021-02-18 09:17:42,807] {bash.py:169} INFO - Output:
[2021-02-18 09:17:42,810] {bash.py:173} INFO - not!!!
[2021-02-18 09:17:42,811] {bash.py:177} INFO - Command exited with return code 0
[2021-02-18 09:17:42,829] {taskinstance.py:1135} INFO - Marking task as SUCCESS. dag_id=first_dag, task_id=print2, execution_date=20210218T081734, start_date=20210218T081742, end_date=20210218T081742
[2021-02-18 09:17:42,847] {taskinstance.py:1195} INFO - 0 downstream tasks scheduled from follow-on schedule check
[2021-02-18 09:17:42,877] {local_task_job.py:118} INFO - Task exited with return code 0
