[2021-01-21 10:55:48,020] {scheduler_job.py:181} INFO - Started process (PID=8590) to work on /Users/sara/p38env_airflow/lib/python3.8/site-packages/airflow/example_dags/example_xcom.py
[2021-01-21 10:55:48,022] {scheduler_job.py:629} INFO - Processing file /Users/sara/p38env_airflow/lib/python3.8/site-packages/airflow/example_dags/example_xcom.py for tasks to queue
[2021-01-21 10:55:48,022] {logging_mixin.py:103} INFO - [2021-01-21 10:55:48,022] {dagbag.py:440} INFO - Filling up the DagBag from /Users/sara/p38env_airflow/lib/python3.8/site-packages/airflow/example_dags/example_xcom.py
[2021-01-21 10:55:48,031] {scheduler_job.py:639} INFO - DAG(s) dict_keys(['example_xcom']) retrieved from /Users/sara/p38env_airflow/lib/python3.8/site-packages/airflow/example_dags/example_xcom.py
[2021-01-21 10:55:48,032] {logging_mixin.py:103} INFO - [2021-01-21 10:55:48,032] {dag.py:1813} INFO - Sync 1 DAGs
[2021-01-21 10:55:48,074] {logging_mixin.py:103} INFO - [2021-01-21 10:55:48,074] {dag.py:2266} INFO - Setting next_dagrun for example_xcom to 2021-01-19 00:00:00+00:00
[2021-01-21 10:55:48,090] {scheduler_job.py:189} INFO - Processing /Users/sara/p38env_airflow/lib/python3.8/site-packages/airflow/example_dags/example_xcom.py took 0.070 seconds
[2021-01-21 10:56:41,525] {scheduler_job.py:181} INFO - Started process (PID=8773) to work on /Users/sara/p38env_airflow/lib/python3.8/site-packages/airflow/example_dags/example_xcom.py
[2021-01-21 10:56:41,526] {scheduler_job.py:629} INFO - Processing file /Users/sara/p38env_airflow/lib/python3.8/site-packages/airflow/example_dags/example_xcom.py for tasks to queue
[2021-01-21 10:56:41,527] {logging_mixin.py:103} INFO - [2021-01-21 10:56:41,527] {dagbag.py:440} INFO - Filling up the DagBag from /Users/sara/p38env_airflow/lib/python3.8/site-packages/airflow/example_dags/example_xcom.py
[2021-01-21 10:56:41,535] {scheduler_job.py:639} INFO - DAG(s) dict_keys(['example_xcom']) retrieved from /Users/sara/p38env_airflow/lib/python3.8/site-packages/airflow/example_dags/example_xcom.py
[2021-01-21 10:56:41,535] {logging_mixin.py:103} INFO - [2021-01-21 10:56:41,535] {dag.py:1813} INFO - Sync 1 DAGs
[2021-01-21 10:56:41,571] {logging_mixin.py:103} INFO - [2021-01-21 10:56:41,570] {dag.py:2266} INFO - Setting next_dagrun for example_xcom to 2021-01-19 00:00:00+00:00
[2021-01-21 10:56:41,583] {scheduler_job.py:189} INFO - Processing /Users/sara/p38env_airflow/lib/python3.8/site-packages/airflow/example_dags/example_xcom.py took 0.059 seconds
[2021-01-21 10:57:34,528] {scheduler_job.py:181} INFO - Started process (PID=8869) to work on /Users/sara/p38env_airflow/lib/python3.8/site-packages/airflow/example_dags/example_xcom.py
[2021-01-21 10:57:34,528] {scheduler_job.py:629} INFO - Processing file /Users/sara/p38env_airflow/lib/python3.8/site-packages/airflow/example_dags/example_xcom.py for tasks to queue
[2021-01-21 10:57:34,529] {logging_mixin.py:103} INFO - [2021-01-21 10:57:34,528] {dagbag.py:440} INFO - Filling up the DagBag from /Users/sara/p38env_airflow/lib/python3.8/site-packages/airflow/example_dags/example_xcom.py
[2021-01-21 10:57:34,540] {scheduler_job.py:639} INFO - DAG(s) dict_keys(['example_xcom']) retrieved from /Users/sara/p38env_airflow/lib/python3.8/site-packages/airflow/example_dags/example_xcom.py
[2021-01-21 10:57:34,541] {logging_mixin.py:103} INFO - [2021-01-21 10:57:34,541] {dag.py:1813} INFO - Sync 1 DAGs
[2021-01-21 10:57:34,575] {logging_mixin.py:103} INFO - [2021-01-21 10:57:34,575] {dag.py:2266} INFO - Setting next_dagrun for example_xcom to 2021-01-19 00:00:00+00:00
[2021-01-21 10:57:34,586] {scheduler_job.py:189} INFO - Processing /Users/sara/p38env_airflow/lib/python3.8/site-packages/airflow/example_dags/example_xcom.py took 0.059 seconds
[2021-01-21 10:58:26,682] {scheduler_job.py:181} INFO - Started process (PID=8923) to work on /Users/sara/p38env_airflow/lib/python3.8/site-packages/airflow/example_dags/example_xcom.py
[2021-01-21 10:58:26,683] {scheduler_job.py:629} INFO - Processing file /Users/sara/p38env_airflow/lib/python3.8/site-packages/airflow/example_dags/example_xcom.py for tasks to queue
[2021-01-21 10:58:26,683] {logging_mixin.py:103} INFO - [2021-01-21 10:58:26,683] {dagbag.py:440} INFO - Filling up the DagBag from /Users/sara/p38env_airflow/lib/python3.8/site-packages/airflow/example_dags/example_xcom.py
[2021-01-21 10:58:26,691] {scheduler_job.py:639} INFO - DAG(s) dict_keys(['example_xcom']) retrieved from /Users/sara/p38env_airflow/lib/python3.8/site-packages/airflow/example_dags/example_xcom.py
[2021-01-21 10:58:26,691] {logging_mixin.py:103} INFO - [2021-01-21 10:58:26,691] {dag.py:1813} INFO - Sync 1 DAGs
[2021-01-21 10:58:26,731] {logging_mixin.py:103} INFO - [2021-01-21 10:58:26,730] {dag.py:2266} INFO - Setting next_dagrun for example_xcom to 2021-01-19 00:00:00+00:00
[2021-01-21 10:58:26,744] {scheduler_job.py:189} INFO - Processing /Users/sara/p38env_airflow/lib/python3.8/site-packages/airflow/example_dags/example_xcom.py took 0.063 seconds
[2021-01-21 10:59:26,113] {scheduler_job.py:181} INFO - Started process (PID=8987) to work on /Users/sara/p38env_airflow/lib/python3.8/site-packages/airflow/example_dags/example_xcom.py
[2021-01-21 10:59:26,115] {scheduler_job.py:629} INFO - Processing file /Users/sara/p38env_airflow/lib/python3.8/site-packages/airflow/example_dags/example_xcom.py for tasks to queue
[2021-01-21 10:59:26,115] {logging_mixin.py:103} INFO - [2021-01-21 10:59:26,115] {dagbag.py:440} INFO - Filling up the DagBag from /Users/sara/p38env_airflow/lib/python3.8/site-packages/airflow/example_dags/example_xcom.py
[2021-01-21 10:59:26,123] {scheduler_job.py:639} INFO - DAG(s) dict_keys(['example_xcom']) retrieved from /Users/sara/p38env_airflow/lib/python3.8/site-packages/airflow/example_dags/example_xcom.py
[2021-01-21 10:59:26,123] {logging_mixin.py:103} INFO - [2021-01-21 10:59:26,123] {dag.py:1813} INFO - Sync 1 DAGs
[2021-01-21 10:59:26,158] {logging_mixin.py:103} INFO - [2021-01-21 10:59:26,158] {dag.py:2266} INFO - Setting next_dagrun for example_xcom to 2021-01-19 00:00:00+00:00
[2021-01-21 10:59:26,169] {scheduler_job.py:189} INFO - Processing /Users/sara/p38env_airflow/lib/python3.8/site-packages/airflow/example_dags/example_xcom.py took 0.057 seconds
[2021-01-21 11:00:19,222] {scheduler_job.py:181} INFO - Started process (PID=9046) to work on /Users/sara/p38env_airflow/lib/python3.8/site-packages/airflow/example_dags/example_xcom.py
[2021-01-21 11:00:19,224] {scheduler_job.py:629} INFO - Processing file /Users/sara/p38env_airflow/lib/python3.8/site-packages/airflow/example_dags/example_xcom.py for tasks to queue
[2021-01-21 11:00:19,224] {logging_mixin.py:103} INFO - [2021-01-21 11:00:19,224] {dagbag.py:440} INFO - Filling up the DagBag from /Users/sara/p38env_airflow/lib/python3.8/site-packages/airflow/example_dags/example_xcom.py
[2021-01-21 11:00:19,233] {scheduler_job.py:639} INFO - DAG(s) dict_keys(['example_xcom']) retrieved from /Users/sara/p38env_airflow/lib/python3.8/site-packages/airflow/example_dags/example_xcom.py
[2021-01-21 11:00:19,233] {logging_mixin.py:103} INFO - [2021-01-21 11:00:19,233] {dag.py:1813} INFO - Sync 1 DAGs
[2021-01-21 11:00:19,275] {logging_mixin.py:103} INFO - [2021-01-21 11:00:19,275] {dag.py:2266} INFO - Setting next_dagrun for example_xcom to 2021-01-19 00:00:00+00:00
[2021-01-21 11:00:19,290] {scheduler_job.py:189} INFO - Processing /Users/sara/p38env_airflow/lib/python3.8/site-packages/airflow/example_dags/example_xcom.py took 0.069 seconds
[2021-01-21 11:01:16,593] {scheduler_job.py:181} INFO - Started process (PID=9112) to work on /Users/sara/p38env_airflow/lib/python3.8/site-packages/airflow/example_dags/example_xcom.py
[2021-01-21 11:01:16,595] {scheduler_job.py:629} INFO - Processing file /Users/sara/p38env_airflow/lib/python3.8/site-packages/airflow/example_dags/example_xcom.py for tasks to queue
[2021-01-21 11:01:16,595] {logging_mixin.py:103} INFO - [2021-01-21 11:01:16,595] {dagbag.py:440} INFO - Filling up the DagBag from /Users/sara/p38env_airflow/lib/python3.8/site-packages/airflow/example_dags/example_xcom.py
[2021-01-21 11:01:16,603] {scheduler_job.py:639} INFO - DAG(s) dict_keys(['example_xcom']) retrieved from /Users/sara/p38env_airflow/lib/python3.8/site-packages/airflow/example_dags/example_xcom.py
[2021-01-21 11:01:16,603] {logging_mixin.py:103} INFO - [2021-01-21 11:01:16,603] {dag.py:1813} INFO - Sync 1 DAGs
[2021-01-21 11:01:16,643] {logging_mixin.py:103} INFO - [2021-01-21 11:01:16,643] {dag.py:2266} INFO - Setting next_dagrun for example_xcom to 2021-01-19 00:00:00+00:00
[2021-01-21 11:01:16,657] {scheduler_job.py:189} INFO - Processing /Users/sara/p38env_airflow/lib/python3.8/site-packages/airflow/example_dags/example_xcom.py took 0.064 seconds
[2021-01-21 11:02:13,812] {scheduler_job.py:181} INFO - Started process (PID=9187) to work on /Users/sara/p38env_airflow/lib/python3.8/site-packages/airflow/example_dags/example_xcom.py
[2021-01-21 11:02:13,814] {scheduler_job.py:629} INFO - Processing file /Users/sara/p38env_airflow/lib/python3.8/site-packages/airflow/example_dags/example_xcom.py for tasks to queue
[2021-01-21 11:02:13,814] {logging_mixin.py:103} INFO - [2021-01-21 11:02:13,814] {dagbag.py:440} INFO - Filling up the DagBag from /Users/sara/p38env_airflow/lib/python3.8/site-packages/airflow/example_dags/example_xcom.py
[2021-01-21 11:02:13,821] {scheduler_job.py:639} INFO - DAG(s) dict_keys(['example_xcom']) retrieved from /Users/sara/p38env_airflow/lib/python3.8/site-packages/airflow/example_dags/example_xcom.py
[2021-01-21 11:02:13,822] {logging_mixin.py:103} INFO - [2021-01-21 11:02:13,822] {dag.py:1813} INFO - Sync 1 DAGs
[2021-01-21 11:02:13,851] {logging_mixin.py:103} INFO - [2021-01-21 11:02:13,850] {dag.py:2266} INFO - Setting next_dagrun for example_xcom to 2021-01-19 00:00:00+00:00
[2021-01-21 11:02:13,860] {scheduler_job.py:189} INFO - Processing /Users/sara/p38env_airflow/lib/python3.8/site-packages/airflow/example_dags/example_xcom.py took 0.048 seconds
[2021-01-21 11:03:41,558] {scheduler_job.py:181} INFO - Started process (PID=9249) to work on /Users/sara/p38env_airflow/lib/python3.8/site-packages/airflow/example_dags/example_xcom.py
[2021-01-21 11:03:41,560] {scheduler_job.py:629} INFO - Processing file /Users/sara/p38env_airflow/lib/python3.8/site-packages/airflow/example_dags/example_xcom.py for tasks to queue
[2021-01-21 11:03:41,560] {logging_mixin.py:103} INFO - [2021-01-21 11:03:41,560] {dagbag.py:440} INFO - Filling up the DagBag from /Users/sara/p38env_airflow/lib/python3.8/site-packages/airflow/example_dags/example_xcom.py
[2021-01-21 11:03:41,569] {scheduler_job.py:639} INFO - DAG(s) dict_keys(['example_xcom']) retrieved from /Users/sara/p38env_airflow/lib/python3.8/site-packages/airflow/example_dags/example_xcom.py
[2021-01-21 11:03:41,571] {logging_mixin.py:103} INFO - [2021-01-21 11:03:41,571] {dag.py:1813} INFO - Sync 1 DAGs
[2021-01-21 11:03:41,610] {logging_mixin.py:103} INFO - [2021-01-21 11:03:41,610] {dag.py:2266} INFO - Setting next_dagrun for example_xcom to 2021-01-19 00:00:00+00:00
[2021-01-21 11:03:41,624] {scheduler_job.py:189} INFO - Processing /Users/sara/p38env_airflow/lib/python3.8/site-packages/airflow/example_dags/example_xcom.py took 0.066 seconds
