[2021-01-21 10:55:58,782] {scheduler_job.py:181} INFO - Started process (PID=8612) to work on /Users/sara/p38env_airflow/lib/python3.8/site-packages/airflow/example_dags/example_xcomargs.py
[2021-01-21 10:55:58,782] {scheduler_job.py:629} INFO - Processing file /Users/sara/p38env_airflow/lib/python3.8/site-packages/airflow/example_dags/example_xcomargs.py for tasks to queue
[2021-01-21 10:55:58,782] {logging_mixin.py:103} INFO - [2021-01-21 10:55:58,782] {dagbag.py:440} INFO - Filling up the DagBag from /Users/sara/p38env_airflow/lib/python3.8/site-packages/airflow/example_dags/example_xcomargs.py
[2021-01-21 10:55:58,792] {scheduler_job.py:639} INFO - DAG(s) dict_keys(['example_xcom_args', 'example_xcom_args_with_operators']) retrieved from /Users/sara/p38env_airflow/lib/python3.8/site-packages/airflow/example_dags/example_xcomargs.py
[2021-01-21 10:55:58,792] {logging_mixin.py:103} INFO - [2021-01-21 10:55:58,792] {dag.py:1813} INFO - Sync 2 DAGs
[2021-01-21 10:55:58,831] {logging_mixin.py:103} INFO - [2021-01-21 10:55:58,830] {dag.py:2266} INFO - Setting next_dagrun for example_xcom_args to None
[2021-01-21 10:55:58,831] {logging_mixin.py:103} INFO - [2021-01-21 10:55:58,831] {dag.py:2266} INFO - Setting next_dagrun for example_xcom_args_with_operators to None
[2021-01-21 10:55:58,846] {scheduler_job.py:189} INFO - Processing /Users/sara/p38env_airflow/lib/python3.8/site-packages/airflow/example_dags/example_xcomargs.py took 0.065 seconds
[2021-01-21 10:56:50,815] {scheduler_job.py:181} INFO - Started process (PID=8783) to work on /Users/sara/p38env_airflow/lib/python3.8/site-packages/airflow/example_dags/example_xcomargs.py
[2021-01-21 10:56:50,819] {scheduler_job.py:629} INFO - Processing file /Users/sara/p38env_airflow/lib/python3.8/site-packages/airflow/example_dags/example_xcomargs.py for tasks to queue
[2021-01-21 10:56:50,819] {logging_mixin.py:103} INFO - [2021-01-21 10:56:50,819] {dagbag.py:440} INFO - Filling up the DagBag from /Users/sara/p38env_airflow/lib/python3.8/site-packages/airflow/example_dags/example_xcomargs.py
[2021-01-21 10:56:50,828] {scheduler_job.py:639} INFO - DAG(s) dict_keys(['example_xcom_args', 'example_xcom_args_with_operators']) retrieved from /Users/sara/p38env_airflow/lib/python3.8/site-packages/airflow/example_dags/example_xcomargs.py
[2021-01-21 10:56:50,828] {logging_mixin.py:103} INFO - [2021-01-21 10:56:50,828] {dag.py:1813} INFO - Sync 2 DAGs
[2021-01-21 10:56:50,862] {logging_mixin.py:103} INFO - [2021-01-21 10:56:50,862] {dag.py:2266} INFO - Setting next_dagrun for example_xcom_args to None
[2021-01-21 10:56:50,863] {logging_mixin.py:103} INFO - [2021-01-21 10:56:50,863] {dag.py:2266} INFO - Setting next_dagrun for example_xcom_args_with_operators to None
[2021-01-21 10:56:50,881] {scheduler_job.py:189} INFO - Processing /Users/sara/p38env_airflow/lib/python3.8/site-packages/airflow/example_dags/example_xcomargs.py took 0.067 seconds
[2021-01-21 10:57:44,324] {scheduler_job.py:181} INFO - Started process (PID=8879) to work on /Users/sara/p38env_airflow/lib/python3.8/site-packages/airflow/example_dags/example_xcomargs.py
[2021-01-21 10:57:44,325] {scheduler_job.py:629} INFO - Processing file /Users/sara/p38env_airflow/lib/python3.8/site-packages/airflow/example_dags/example_xcomargs.py for tasks to queue
[2021-01-21 10:57:44,325] {logging_mixin.py:103} INFO - [2021-01-21 10:57:44,325] {dagbag.py:440} INFO - Filling up the DagBag from /Users/sara/p38env_airflow/lib/python3.8/site-packages/airflow/example_dags/example_xcomargs.py
[2021-01-21 10:57:44,336] {scheduler_job.py:639} INFO - DAG(s) dict_keys(['example_xcom_args', 'example_xcom_args_with_operators']) retrieved from /Users/sara/p38env_airflow/lib/python3.8/site-packages/airflow/example_dags/example_xcomargs.py
[2021-01-21 10:57:44,337] {logging_mixin.py:103} INFO - [2021-01-21 10:57:44,336] {dag.py:1813} INFO - Sync 2 DAGs
[2021-01-21 10:57:44,371] {logging_mixin.py:103} INFO - [2021-01-21 10:57:44,371] {dag.py:2266} INFO - Setting next_dagrun for example_xcom_args to None
[2021-01-21 10:57:44,372] {logging_mixin.py:103} INFO - [2021-01-21 10:57:44,372] {dag.py:2266} INFO - Setting next_dagrun for example_xcom_args_with_operators to None
[2021-01-21 10:57:44,399] {scheduler_job.py:189} INFO - Processing /Users/sara/p38env_airflow/lib/python3.8/site-packages/airflow/example_dags/example_xcomargs.py took 0.076 seconds
[2021-01-21 10:58:41,850] {scheduler_job.py:181} INFO - Started process (PID=8941) to work on /Users/sara/p38env_airflow/lib/python3.8/site-packages/airflow/example_dags/example_xcomargs.py
[2021-01-21 10:58:41,852] {scheduler_job.py:629} INFO - Processing file /Users/sara/p38env_airflow/lib/python3.8/site-packages/airflow/example_dags/example_xcomargs.py for tasks to queue
[2021-01-21 10:58:41,852] {logging_mixin.py:103} INFO - [2021-01-21 10:58:41,852] {dagbag.py:440} INFO - Filling up the DagBag from /Users/sara/p38env_airflow/lib/python3.8/site-packages/airflow/example_dags/example_xcomargs.py
[2021-01-21 10:58:41,865] {scheduler_job.py:639} INFO - DAG(s) dict_keys(['example_xcom_args', 'example_xcom_args_with_operators']) retrieved from /Users/sara/p38env_airflow/lib/python3.8/site-packages/airflow/example_dags/example_xcomargs.py
[2021-01-21 10:58:41,866] {logging_mixin.py:103} INFO - [2021-01-21 10:58:41,865] {dag.py:1813} INFO - Sync 2 DAGs
[2021-01-21 10:58:41,902] {logging_mixin.py:103} INFO - [2021-01-21 10:58:41,902] {dag.py:2266} INFO - Setting next_dagrun for example_xcom_args to None
[2021-01-21 10:58:41,902] {logging_mixin.py:103} INFO - [2021-01-21 10:58:41,902] {dag.py:2266} INFO - Setting next_dagrun for example_xcom_args_with_operators to None
[2021-01-21 10:58:41,922] {scheduler_job.py:189} INFO - Processing /Users/sara/p38env_airflow/lib/python3.8/site-packages/airflow/example_dags/example_xcomargs.py took 0.072 seconds
[2021-01-21 10:59:36,446] {scheduler_job.py:181} INFO - Started process (PID=8998) to work on /Users/sara/p38env_airflow/lib/python3.8/site-packages/airflow/example_dags/example_xcomargs.py
[2021-01-21 10:59:36,447] {scheduler_job.py:629} INFO - Processing file /Users/sara/p38env_airflow/lib/python3.8/site-packages/airflow/example_dags/example_xcomargs.py for tasks to queue
[2021-01-21 10:59:36,447] {logging_mixin.py:103} INFO - [2021-01-21 10:59:36,447] {dagbag.py:440} INFO - Filling up the DagBag from /Users/sara/p38env_airflow/lib/python3.8/site-packages/airflow/example_dags/example_xcomargs.py
[2021-01-21 10:59:36,477] {scheduler_job.py:639} INFO - DAG(s) dict_keys(['example_xcom_args', 'example_xcom_args_with_operators']) retrieved from /Users/sara/p38env_airflow/lib/python3.8/site-packages/airflow/example_dags/example_xcomargs.py
[2021-01-21 10:59:36,478] {logging_mixin.py:103} INFO - [2021-01-21 10:59:36,477] {dag.py:1813} INFO - Sync 2 DAGs
[2021-01-21 10:59:36,603] {logging_mixin.py:103} INFO - [2021-01-21 10:59:36,603] {dag.py:2266} INFO - Setting next_dagrun for example_xcom_args to None
[2021-01-21 10:59:36,604] {logging_mixin.py:103} INFO - [2021-01-21 10:59:36,604] {dag.py:2266} INFO - Setting next_dagrun for example_xcom_args_with_operators to None
[2021-01-21 10:59:36,646] {scheduler_job.py:189} INFO - Processing /Users/sara/p38env_airflow/lib/python3.8/site-packages/airflow/example_dags/example_xcomargs.py took 0.201 seconds
[2021-01-21 11:00:29,098] {scheduler_job.py:181} INFO - Started process (PID=9059) to work on /Users/sara/p38env_airflow/lib/python3.8/site-packages/airflow/example_dags/example_xcomargs.py
[2021-01-21 11:00:29,099] {scheduler_job.py:629} INFO - Processing file /Users/sara/p38env_airflow/lib/python3.8/site-packages/airflow/example_dags/example_xcomargs.py for tasks to queue
[2021-01-21 11:00:29,099] {logging_mixin.py:103} INFO - [2021-01-21 11:00:29,099] {dagbag.py:440} INFO - Filling up the DagBag from /Users/sara/p38env_airflow/lib/python3.8/site-packages/airflow/example_dags/example_xcomargs.py
[2021-01-21 11:00:29,110] {scheduler_job.py:639} INFO - DAG(s) dict_keys(['example_xcom_args', 'example_xcom_args_with_operators']) retrieved from /Users/sara/p38env_airflow/lib/python3.8/site-packages/airflow/example_dags/example_xcomargs.py
[2021-01-21 11:00:29,110] {logging_mixin.py:103} INFO - [2021-01-21 11:00:29,110] {dag.py:1813} INFO - Sync 2 DAGs
[2021-01-21 11:00:29,145] {logging_mixin.py:103} INFO - [2021-01-21 11:00:29,145] {dag.py:2266} INFO - Setting next_dagrun for example_xcom_args to None
[2021-01-21 11:00:29,146] {logging_mixin.py:103} INFO - [2021-01-21 11:00:29,146] {dag.py:2266} INFO - Setting next_dagrun for example_xcom_args_with_operators to None
[2021-01-21 11:00:29,163] {scheduler_job.py:189} INFO - Processing /Users/sara/p38env_airflow/lib/python3.8/site-packages/airflow/example_dags/example_xcomargs.py took 0.067 seconds
[2021-01-21 11:01:26,542] {scheduler_job.py:181} INFO - Started process (PID=9124) to work on /Users/sara/p38env_airflow/lib/python3.8/site-packages/airflow/example_dags/example_xcomargs.py
[2021-01-21 11:01:26,544] {scheduler_job.py:629} INFO - Processing file /Users/sara/p38env_airflow/lib/python3.8/site-packages/airflow/example_dags/example_xcomargs.py for tasks to queue
[2021-01-21 11:01:26,545] {logging_mixin.py:103} INFO - [2021-01-21 11:01:26,545] {dagbag.py:440} INFO - Filling up the DagBag from /Users/sara/p38env_airflow/lib/python3.8/site-packages/airflow/example_dags/example_xcomargs.py
[2021-01-21 11:01:26,556] {scheduler_job.py:639} INFO - DAG(s) dict_keys(['example_xcom_args', 'example_xcom_args_with_operators']) retrieved from /Users/sara/p38env_airflow/lib/python3.8/site-packages/airflow/example_dags/example_xcomargs.py
[2021-01-21 11:01:26,556] {logging_mixin.py:103} INFO - [2021-01-21 11:01:26,556] {dag.py:1813} INFO - Sync 2 DAGs
[2021-01-21 11:01:26,592] {logging_mixin.py:103} INFO - [2021-01-21 11:01:26,592] {dag.py:2266} INFO - Setting next_dagrun for example_xcom_args to None
[2021-01-21 11:01:26,593] {logging_mixin.py:103} INFO - [2021-01-21 11:01:26,593] {dag.py:2266} INFO - Setting next_dagrun for example_xcom_args_with_operators to None
[2021-01-21 11:01:26,613] {scheduler_job.py:189} INFO - Processing /Users/sara/p38env_airflow/lib/python3.8/site-packages/airflow/example_dags/example_xcomargs.py took 0.071 seconds
[2021-01-21 11:02:23,387] {scheduler_job.py:181} INFO - Started process (PID=9197) to work on /Users/sara/p38env_airflow/lib/python3.8/site-packages/airflow/example_dags/example_xcomargs.py
[2021-01-21 11:02:23,388] {scheduler_job.py:629} INFO - Processing file /Users/sara/p38env_airflow/lib/python3.8/site-packages/airflow/example_dags/example_xcomargs.py for tasks to queue
[2021-01-21 11:02:23,392] {logging_mixin.py:103} INFO - [2021-01-21 11:02:23,392] {dagbag.py:440} INFO - Filling up the DagBag from /Users/sara/p38env_airflow/lib/python3.8/site-packages/airflow/example_dags/example_xcomargs.py
[2021-01-21 11:02:23,402] {scheduler_job.py:639} INFO - DAG(s) dict_keys(['example_xcom_args', 'example_xcom_args_with_operators']) retrieved from /Users/sara/p38env_airflow/lib/python3.8/site-packages/airflow/example_dags/example_xcomargs.py
[2021-01-21 11:02:23,402] {logging_mixin.py:103} INFO - [2021-01-21 11:02:23,402] {dag.py:1813} INFO - Sync 2 DAGs
[2021-01-21 11:02:23,432] {logging_mixin.py:103} INFO - [2021-01-21 11:02:23,432] {dag.py:2266} INFO - Setting next_dagrun for example_xcom_args to None
[2021-01-21 11:02:23,432] {logging_mixin.py:103} INFO - [2021-01-21 11:02:23,432] {dag.py:2266} INFO - Setting next_dagrun for example_xcom_args_with_operators to None
[2021-01-21 11:02:23,448] {scheduler_job.py:189} INFO - Processing /Users/sara/p38env_airflow/lib/python3.8/site-packages/airflow/example_dags/example_xcomargs.py took 0.061 seconds
[2021-01-21 11:03:56,057] {scheduler_job.py:181} INFO - Started process (PID=9261) to work on /Users/sara/p38env_airflow/lib/python3.8/site-packages/airflow/example_dags/example_xcomargs.py
[2021-01-21 11:03:56,059] {scheduler_job.py:629} INFO - Processing file /Users/sara/p38env_airflow/lib/python3.8/site-packages/airflow/example_dags/example_xcomargs.py for tasks to queue
[2021-01-21 11:03:56,060] {logging_mixin.py:103} INFO - [2021-01-21 11:03:56,059] {dagbag.py:440} INFO - Filling up the DagBag from /Users/sara/p38env_airflow/lib/python3.8/site-packages/airflow/example_dags/example_xcomargs.py
[2021-01-21 11:03:56,074] {scheduler_job.py:639} INFO - DAG(s) dict_keys(['example_xcom_args', 'example_xcom_args_with_operators']) retrieved from /Users/sara/p38env_airflow/lib/python3.8/site-packages/airflow/example_dags/example_xcomargs.py
[2021-01-21 11:03:56,075] {logging_mixin.py:103} INFO - [2021-01-21 11:03:56,075] {dag.py:1813} INFO - Sync 2 DAGs
[2021-01-21 11:03:56,120] {logging_mixin.py:103} INFO - [2021-01-21 11:03:56,120] {dag.py:2266} INFO - Setting next_dagrun for example_xcom_args to None
[2021-01-21 11:03:56,122] {logging_mixin.py:103} INFO - [2021-01-21 11:03:56,122] {dag.py:2266} INFO - Setting next_dagrun for example_xcom_args_with_operators to None
[2021-01-21 11:03:56,151] {scheduler_job.py:189} INFO - Processing /Users/sara/p38env_airflow/lib/python3.8/site-packages/airflow/example_dags/example_xcomargs.py took 0.094 seconds
