[2021-01-21 10:55:34,066] {scheduler_job.py:181} INFO - Started process (PID=8541) to work on /Users/sara/p38env_airflow/lib/python3.8/site-packages/airflow/example_dags/example_trigger_controller_dag.py
[2021-01-21 10:55:34,067] {scheduler_job.py:629} INFO - Processing file /Users/sara/p38env_airflow/lib/python3.8/site-packages/airflow/example_dags/example_trigger_controller_dag.py for tasks to queue
[2021-01-21 10:55:34,067] {logging_mixin.py:103} INFO - [2021-01-21 10:55:34,067] {dagbag.py:440} INFO - Filling up the DagBag from /Users/sara/p38env_airflow/lib/python3.8/site-packages/airflow/example_dags/example_trigger_controller_dag.py
[2021-01-21 10:55:34,077] {scheduler_job.py:639} INFO - DAG(s) dict_keys(['example_trigger_controller_dag']) retrieved from /Users/sara/p38env_airflow/lib/python3.8/site-packages/airflow/example_dags/example_trigger_controller_dag.py
[2021-01-21 10:55:34,077] {logging_mixin.py:103} INFO - [2021-01-21 10:55:34,077] {dag.py:1813} INFO - Sync 1 DAGs
[2021-01-21 10:55:34,112] {logging_mixin.py:103} INFO - [2021-01-21 10:55:34,112] {dag.py:2266} INFO - Setting next_dagrun for example_trigger_controller_dag to 2021-01-19 00:00:00+00:00
[2021-01-21 10:55:34,123] {scheduler_job.py:189} INFO - Processing /Users/sara/p38env_airflow/lib/python3.8/site-packages/airflow/example_dags/example_trigger_controller_dag.py took 0.057 seconds
[2021-01-21 10:56:29,286] {scheduler_job.py:181} INFO - Started process (PID=8736) to work on /Users/sara/p38env_airflow/lib/python3.8/site-packages/airflow/example_dags/example_trigger_controller_dag.py
[2021-01-21 10:56:29,287] {scheduler_job.py:629} INFO - Processing file /Users/sara/p38env_airflow/lib/python3.8/site-packages/airflow/example_dags/example_trigger_controller_dag.py for tasks to queue
[2021-01-21 10:56:29,288] {logging_mixin.py:103} INFO - [2021-01-21 10:56:29,288] {dagbag.py:440} INFO - Filling up the DagBag from /Users/sara/p38env_airflow/lib/python3.8/site-packages/airflow/example_dags/example_trigger_controller_dag.py
[2021-01-21 10:56:29,297] {scheduler_job.py:639} INFO - DAG(s) dict_keys(['example_trigger_controller_dag']) retrieved from /Users/sara/p38env_airflow/lib/python3.8/site-packages/airflow/example_dags/example_trigger_controller_dag.py
[2021-01-21 10:56:29,298] {logging_mixin.py:103} INFO - [2021-01-21 10:56:29,298] {dag.py:1813} INFO - Sync 1 DAGs
[2021-01-21 10:56:29,332] {logging_mixin.py:103} INFO - [2021-01-21 10:56:29,331] {dag.py:2266} INFO - Setting next_dagrun for example_trigger_controller_dag to 2021-01-19 00:00:00+00:00
[2021-01-21 10:56:29,341] {scheduler_job.py:189} INFO - Processing /Users/sara/p38env_airflow/lib/python3.8/site-packages/airflow/example_dags/example_trigger_controller_dag.py took 0.056 seconds
[2021-01-21 10:57:22,905] {scheduler_job.py:181} INFO - Started process (PID=8857) to work on /Users/sara/p38env_airflow/lib/python3.8/site-packages/airflow/example_dags/example_trigger_controller_dag.py
[2021-01-21 10:57:22,906] {scheduler_job.py:629} INFO - Processing file /Users/sara/p38env_airflow/lib/python3.8/site-packages/airflow/example_dags/example_trigger_controller_dag.py for tasks to queue
[2021-01-21 10:57:22,906] {logging_mixin.py:103} INFO - [2021-01-21 10:57:22,906] {dagbag.py:440} INFO - Filling up the DagBag from /Users/sara/p38env_airflow/lib/python3.8/site-packages/airflow/example_dags/example_trigger_controller_dag.py
[2021-01-21 10:57:22,917] {scheduler_job.py:639} INFO - DAG(s) dict_keys(['example_trigger_controller_dag']) retrieved from /Users/sara/p38env_airflow/lib/python3.8/site-packages/airflow/example_dags/example_trigger_controller_dag.py
[2021-01-21 10:57:22,918] {logging_mixin.py:103} INFO - [2021-01-21 10:57:22,918] {dag.py:1813} INFO - Sync 1 DAGs
[2021-01-21 10:57:22,950] {logging_mixin.py:103} INFO - [2021-01-21 10:57:22,950] {dag.py:2266} INFO - Setting next_dagrun for example_trigger_controller_dag to 2021-01-19 00:00:00+00:00
[2021-01-21 10:57:22,964] {scheduler_job.py:189} INFO - Processing /Users/sara/p38env_airflow/lib/python3.8/site-packages/airflow/example_dags/example_trigger_controller_dag.py took 0.060 seconds
[2021-01-21 10:58:14,643] {scheduler_job.py:181} INFO - Started process (PID=8909) to work on /Users/sara/p38env_airflow/lib/python3.8/site-packages/airflow/example_dags/example_trigger_controller_dag.py
[2021-01-21 10:58:14,645] {scheduler_job.py:629} INFO - Processing file /Users/sara/p38env_airflow/lib/python3.8/site-packages/airflow/example_dags/example_trigger_controller_dag.py for tasks to queue
[2021-01-21 10:58:14,645] {logging_mixin.py:103} INFO - [2021-01-21 10:58:14,645] {dagbag.py:440} INFO - Filling up the DagBag from /Users/sara/p38env_airflow/lib/python3.8/site-packages/airflow/example_dags/example_trigger_controller_dag.py
[2021-01-21 10:58:14,655] {scheduler_job.py:639} INFO - DAG(s) dict_keys(['example_trigger_controller_dag']) retrieved from /Users/sara/p38env_airflow/lib/python3.8/site-packages/airflow/example_dags/example_trigger_controller_dag.py
[2021-01-21 10:58:14,655] {logging_mixin.py:103} INFO - [2021-01-21 10:58:14,655] {dag.py:1813} INFO - Sync 1 DAGs
[2021-01-21 10:58:14,686] {logging_mixin.py:103} INFO - [2021-01-21 10:58:14,686] {dag.py:2266} INFO - Setting next_dagrun for example_trigger_controller_dag to 2021-01-19 00:00:00+00:00
[2021-01-21 10:58:14,695] {scheduler_job.py:189} INFO - Processing /Users/sara/p38env_airflow/lib/python3.8/site-packages/airflow/example_dags/example_trigger_controller_dag.py took 0.053 seconds
[2021-01-21 10:59:13,082] {scheduler_job.py:181} INFO - Started process (PID=8975) to work on /Users/sara/p38env_airflow/lib/python3.8/site-packages/airflow/example_dags/example_trigger_controller_dag.py
[2021-01-21 10:59:13,084] {scheduler_job.py:629} INFO - Processing file /Users/sara/p38env_airflow/lib/python3.8/site-packages/airflow/example_dags/example_trigger_controller_dag.py for tasks to queue
[2021-01-21 10:59:13,084] {logging_mixin.py:103} INFO - [2021-01-21 10:59:13,084] {dagbag.py:440} INFO - Filling up the DagBag from /Users/sara/p38env_airflow/lib/python3.8/site-packages/airflow/example_dags/example_trigger_controller_dag.py
[2021-01-21 10:59:13,096] {scheduler_job.py:639} INFO - DAG(s) dict_keys(['example_trigger_controller_dag']) retrieved from /Users/sara/p38env_airflow/lib/python3.8/site-packages/airflow/example_dags/example_trigger_controller_dag.py
[2021-01-21 10:59:13,096] {logging_mixin.py:103} INFO - [2021-01-21 10:59:13,096] {dag.py:1813} INFO - Sync 1 DAGs
[2021-01-21 10:59:13,127] {logging_mixin.py:103} INFO - [2021-01-21 10:59:13,127] {dag.py:2266} INFO - Setting next_dagrun for example_trigger_controller_dag to 2021-01-19 00:00:00+00:00
[2021-01-21 10:59:13,137] {scheduler_job.py:189} INFO - Processing /Users/sara/p38env_airflow/lib/python3.8/site-packages/airflow/example_dags/example_trigger_controller_dag.py took 0.056 seconds
[2021-01-21 11:00:07,114] {scheduler_job.py:181} INFO - Started process (PID=9032) to work on /Users/sara/p38env_airflow/lib/python3.8/site-packages/airflow/example_dags/example_trigger_controller_dag.py
[2021-01-21 11:00:07,116] {scheduler_job.py:629} INFO - Processing file /Users/sara/p38env_airflow/lib/python3.8/site-packages/airflow/example_dags/example_trigger_controller_dag.py for tasks to queue
[2021-01-21 11:00:07,116] {logging_mixin.py:103} INFO - [2021-01-21 11:00:07,116] {dagbag.py:440} INFO - Filling up the DagBag from /Users/sara/p38env_airflow/lib/python3.8/site-packages/airflow/example_dags/example_trigger_controller_dag.py
[2021-01-21 11:00:07,126] {scheduler_job.py:639} INFO - DAG(s) dict_keys(['example_trigger_controller_dag']) retrieved from /Users/sara/p38env_airflow/lib/python3.8/site-packages/airflow/example_dags/example_trigger_controller_dag.py
[2021-01-21 11:00:07,126] {logging_mixin.py:103} INFO - [2021-01-21 11:00:07,126] {dag.py:1813} INFO - Sync 1 DAGs
[2021-01-21 11:00:07,159] {logging_mixin.py:103} INFO - [2021-01-21 11:00:07,159] {dag.py:2266} INFO - Setting next_dagrun for example_trigger_controller_dag to 2021-01-19 00:00:00+00:00
[2021-01-21 11:00:07,171] {scheduler_job.py:189} INFO - Processing /Users/sara/p38env_airflow/lib/python3.8/site-packages/airflow/example_dags/example_trigger_controller_dag.py took 0.057 seconds
[2021-01-21 11:01:04,269] {scheduler_job.py:181} INFO - Started process (PID=9094) to work on /Users/sara/p38env_airflow/lib/python3.8/site-packages/airflow/example_dags/example_trigger_controller_dag.py
[2021-01-21 11:01:04,270] {scheduler_job.py:629} INFO - Processing file /Users/sara/p38env_airflow/lib/python3.8/site-packages/airflow/example_dags/example_trigger_controller_dag.py for tasks to queue
[2021-01-21 11:01:04,270] {logging_mixin.py:103} INFO - [2021-01-21 11:01:04,270] {dagbag.py:440} INFO - Filling up the DagBag from /Users/sara/p38env_airflow/lib/python3.8/site-packages/airflow/example_dags/example_trigger_controller_dag.py
[2021-01-21 11:01:04,281] {scheduler_job.py:639} INFO - DAG(s) dict_keys(['example_trigger_controller_dag']) retrieved from /Users/sara/p38env_airflow/lib/python3.8/site-packages/airflow/example_dags/example_trigger_controller_dag.py
[2021-01-21 11:01:04,283] {logging_mixin.py:103} INFO - [2021-01-21 11:01:04,283] {dag.py:1813} INFO - Sync 1 DAGs
[2021-01-21 11:01:04,337] {logging_mixin.py:103} INFO - [2021-01-21 11:01:04,337] {dag.py:2266} INFO - Setting next_dagrun for example_trigger_controller_dag to 2021-01-19 00:00:00+00:00
[2021-01-21 11:01:04,352] {scheduler_job.py:189} INFO - Processing /Users/sara/p38env_airflow/lib/python3.8/site-packages/airflow/example_dags/example_trigger_controller_dag.py took 0.084 seconds
[2021-01-21 11:02:01,260] {scheduler_job.py:181} INFO - Started process (PID=9159) to work on /Users/sara/p38env_airflow/lib/python3.8/site-packages/airflow/example_dags/example_trigger_controller_dag.py
[2021-01-21 11:02:01,262] {scheduler_job.py:629} INFO - Processing file /Users/sara/p38env_airflow/lib/python3.8/site-packages/airflow/example_dags/example_trigger_controller_dag.py for tasks to queue
[2021-01-21 11:02:01,262] {logging_mixin.py:103} INFO - [2021-01-21 11:02:01,262] {dagbag.py:440} INFO - Filling up the DagBag from /Users/sara/p38env_airflow/lib/python3.8/site-packages/airflow/example_dags/example_trigger_controller_dag.py
[2021-01-21 11:02:01,271] {scheduler_job.py:639} INFO - DAG(s) dict_keys(['example_trigger_controller_dag']) retrieved from /Users/sara/p38env_airflow/lib/python3.8/site-packages/airflow/example_dags/example_trigger_controller_dag.py
[2021-01-21 11:02:01,272] {logging_mixin.py:103} INFO - [2021-01-21 11:02:01,272] {dag.py:1813} INFO - Sync 1 DAGs
[2021-01-21 11:02:01,302] {logging_mixin.py:103} INFO - [2021-01-21 11:02:01,302] {dag.py:2266} INFO - Setting next_dagrun for example_trigger_controller_dag to 2021-01-19 00:00:00+00:00
[2021-01-21 11:02:01,311] {scheduler_job.py:189} INFO - Processing /Users/sara/p38env_airflow/lib/python3.8/site-packages/airflow/example_dags/example_trigger_controller_dag.py took 0.051 seconds
[2021-01-21 11:03:27,294] {scheduler_job.py:181} INFO - Started process (PID=9236) to work on /Users/sara/p38env_airflow/lib/python3.8/site-packages/airflow/example_dags/example_trigger_controller_dag.py
[2021-01-21 11:03:27,296] {scheduler_job.py:629} INFO - Processing file /Users/sara/p38env_airflow/lib/python3.8/site-packages/airflow/example_dags/example_trigger_controller_dag.py for tasks to queue
[2021-01-21 11:03:27,296] {logging_mixin.py:103} INFO - [2021-01-21 11:03:27,296] {dagbag.py:440} INFO - Filling up the DagBag from /Users/sara/p38env_airflow/lib/python3.8/site-packages/airflow/example_dags/example_trigger_controller_dag.py
[2021-01-21 11:03:27,309] {scheduler_job.py:639} INFO - DAG(s) dict_keys(['example_trigger_controller_dag']) retrieved from /Users/sara/p38env_airflow/lib/python3.8/site-packages/airflow/example_dags/example_trigger_controller_dag.py
[2021-01-21 11:03:27,310] {logging_mixin.py:103} INFO - [2021-01-21 11:03:27,310] {dag.py:1813} INFO - Sync 1 DAGs
[2021-01-21 11:03:27,354] {logging_mixin.py:103} INFO - [2021-01-21 11:03:27,354] {dag.py:2266} INFO - Setting next_dagrun for example_trigger_controller_dag to 2021-01-19 00:00:00+00:00
[2021-01-21 11:03:27,368] {scheduler_job.py:189} INFO - Processing /Users/sara/p38env_airflow/lib/python3.8/site-packages/airflow/example_dags/example_trigger_controller_dag.py took 0.074 seconds
