[2021-01-21 10:56:20,797] {scheduler_job.py:181} INFO - Started process (PID=8698) to work on /Users/sara/p38env_airflow/lib/python3.8/site-packages/airflow/example_dags/example_short_circuit_operator.py
[2021-01-21 10:56:20,798] {scheduler_job.py:629} INFO - Processing file /Users/sara/p38env_airflow/lib/python3.8/site-packages/airflow/example_dags/example_short_circuit_operator.py for tasks to queue
[2021-01-21 10:56:20,798] {logging_mixin.py:103} INFO - [2021-01-21 10:56:20,798] {dagbag.py:440} INFO - Filling up the DagBag from /Users/sara/p38env_airflow/lib/python3.8/site-packages/airflow/example_dags/example_short_circuit_operator.py
[2021-01-21 10:56:20,810] {scheduler_job.py:639} INFO - DAG(s) dict_keys(['example_short_circuit_operator']) retrieved from /Users/sara/p38env_airflow/lib/python3.8/site-packages/airflow/example_dags/example_short_circuit_operator.py
[2021-01-21 10:56:20,811] {logging_mixin.py:103} INFO - [2021-01-21 10:56:20,810] {dag.py:1813} INFO - Sync 1 DAGs
[2021-01-21 10:56:20,846] {logging_mixin.py:103} INFO - [2021-01-21 10:56:20,846] {dag.py:2266} INFO - Setting next_dagrun for example_short_circuit_operator to 2021-01-19 00:00:00+00:00
[2021-01-21 10:56:20,861] {scheduler_job.py:189} INFO - Processing /Users/sara/p38env_airflow/lib/python3.8/site-packages/airflow/example_dags/example_short_circuit_operator.py took 0.064 seconds
[2021-01-21 10:57:14,635] {scheduler_job.py:181} INFO - Started process (PID=8839) to work on /Users/sara/p38env_airflow/lib/python3.8/site-packages/airflow/example_dags/example_short_circuit_operator.py
[2021-01-21 10:57:14,636] {scheduler_job.py:629} INFO - Processing file /Users/sara/p38env_airflow/lib/python3.8/site-packages/airflow/example_dags/example_short_circuit_operator.py for tasks to queue
[2021-01-21 10:57:14,637] {logging_mixin.py:103} INFO - [2021-01-21 10:57:14,637] {dagbag.py:440} INFO - Filling up the DagBag from /Users/sara/p38env_airflow/lib/python3.8/site-packages/airflow/example_dags/example_short_circuit_operator.py
[2021-01-21 10:57:14,646] {scheduler_job.py:639} INFO - DAG(s) dict_keys(['example_short_circuit_operator']) retrieved from /Users/sara/p38env_airflow/lib/python3.8/site-packages/airflow/example_dags/example_short_circuit_operator.py
[2021-01-21 10:57:14,647] {logging_mixin.py:103} INFO - [2021-01-21 10:57:14,646] {dag.py:1813} INFO - Sync 1 DAGs
[2021-01-21 10:57:14,725] {logging_mixin.py:103} INFO - [2021-01-21 10:57:14,724] {dag.py:2266} INFO - Setting next_dagrun for example_short_circuit_operator to 2021-01-19 00:00:00+00:00
[2021-01-21 10:57:14,758] {scheduler_job.py:189} INFO - Processing /Users/sara/p38env_airflow/lib/python3.8/site-packages/airflow/example_dags/example_short_circuit_operator.py took 0.124 seconds
[2021-01-21 10:58:07,159] {scheduler_job.py:181} INFO - Started process (PID=8901) to work on /Users/sara/p38env_airflow/lib/python3.8/site-packages/airflow/example_dags/example_short_circuit_operator.py
[2021-01-21 10:58:07,159] {scheduler_job.py:629} INFO - Processing file /Users/sara/p38env_airflow/lib/python3.8/site-packages/airflow/example_dags/example_short_circuit_operator.py for tasks to queue
[2021-01-21 10:58:07,160] {logging_mixin.py:103} INFO - [2021-01-21 10:58:07,160] {dagbag.py:440} INFO - Filling up the DagBag from /Users/sara/p38env_airflow/lib/python3.8/site-packages/airflow/example_dags/example_short_circuit_operator.py
[2021-01-21 10:58:07,175] {scheduler_job.py:639} INFO - DAG(s) dict_keys(['example_short_circuit_operator']) retrieved from /Users/sara/p38env_airflow/lib/python3.8/site-packages/airflow/example_dags/example_short_circuit_operator.py
[2021-01-21 10:58:07,176] {logging_mixin.py:103} INFO - [2021-01-21 10:58:07,176] {dag.py:1813} INFO - Sync 1 DAGs
[2021-01-21 10:58:07,239] {logging_mixin.py:103} INFO - [2021-01-21 10:58:07,238] {dag.py:2266} INFO - Setting next_dagrun for example_short_circuit_operator to 2021-01-19 00:00:00+00:00
[2021-01-21 10:58:07,278] {scheduler_job.py:189} INFO - Processing /Users/sara/p38env_airflow/lib/python3.8/site-packages/airflow/example_dags/example_short_circuit_operator.py took 0.119 seconds
[2021-01-21 10:59:04,736] {scheduler_job.py:181} INFO - Started process (PID=8964) to work on /Users/sara/p38env_airflow/lib/python3.8/site-packages/airflow/example_dags/example_short_circuit_operator.py
[2021-01-21 10:59:04,739] {scheduler_job.py:629} INFO - Processing file /Users/sara/p38env_airflow/lib/python3.8/site-packages/airflow/example_dags/example_short_circuit_operator.py for tasks to queue
[2021-01-21 10:59:04,742] {logging_mixin.py:103} INFO - [2021-01-21 10:59:04,742] {dagbag.py:440} INFO - Filling up the DagBag from /Users/sara/p38env_airflow/lib/python3.8/site-packages/airflow/example_dags/example_short_circuit_operator.py
[2021-01-21 10:59:04,763] {scheduler_job.py:639} INFO - DAG(s) dict_keys(['example_short_circuit_operator']) retrieved from /Users/sara/p38env_airflow/lib/python3.8/site-packages/airflow/example_dags/example_short_circuit_operator.py
[2021-01-21 10:59:04,764] {logging_mixin.py:103} INFO - [2021-01-21 10:59:04,764] {dag.py:1813} INFO - Sync 1 DAGs
[2021-01-21 10:59:04,854] {logging_mixin.py:103} INFO - [2021-01-21 10:59:04,853] {dag.py:2266} INFO - Setting next_dagrun for example_short_circuit_operator to 2021-01-19 00:00:00+00:00
[2021-01-21 10:59:04,896] {scheduler_job.py:189} INFO - Processing /Users/sara/p38env_airflow/lib/python3.8/site-packages/airflow/example_dags/example_short_circuit_operator.py took 0.162 seconds
[2021-01-21 10:59:58,769] {scheduler_job.py:181} INFO - Started process (PID=9021) to work on /Users/sara/p38env_airflow/lib/python3.8/site-packages/airflow/example_dags/example_short_circuit_operator.py
[2021-01-21 10:59:58,771] {scheduler_job.py:629} INFO - Processing file /Users/sara/p38env_airflow/lib/python3.8/site-packages/airflow/example_dags/example_short_circuit_operator.py for tasks to queue
[2021-01-21 10:59:58,772] {logging_mixin.py:103} INFO - [2021-01-21 10:59:58,771] {dagbag.py:440} INFO - Filling up the DagBag from /Users/sara/p38env_airflow/lib/python3.8/site-packages/airflow/example_dags/example_short_circuit_operator.py
[2021-01-21 10:59:58,781] {scheduler_job.py:639} INFO - DAG(s) dict_keys(['example_short_circuit_operator']) retrieved from /Users/sara/p38env_airflow/lib/python3.8/site-packages/airflow/example_dags/example_short_circuit_operator.py
[2021-01-21 10:59:58,782] {logging_mixin.py:103} INFO - [2021-01-21 10:59:58,782] {dag.py:1813} INFO - Sync 1 DAGs
[2021-01-21 10:59:58,815] {logging_mixin.py:103} INFO - [2021-01-21 10:59:58,815] {dag.py:2266} INFO - Setting next_dagrun for example_short_circuit_operator to 2021-01-19 00:00:00+00:00
[2021-01-21 10:59:58,828] {scheduler_job.py:189} INFO - Processing /Users/sara/p38env_airflow/lib/python3.8/site-packages/airflow/example_dags/example_short_circuit_operator.py took 0.059 seconds
[2021-01-21 11:00:52,087] {scheduler_job.py:181} INFO - Started process (PID=9083) to work on /Users/sara/p38env_airflow/lib/python3.8/site-packages/airflow/example_dags/example_short_circuit_operator.py
[2021-01-21 11:00:52,088] {scheduler_job.py:629} INFO - Processing file /Users/sara/p38env_airflow/lib/python3.8/site-packages/airflow/example_dags/example_short_circuit_operator.py for tasks to queue
[2021-01-21 11:00:52,089] {logging_mixin.py:103} INFO - [2021-01-21 11:00:52,089] {dagbag.py:440} INFO - Filling up the DagBag from /Users/sara/p38env_airflow/lib/python3.8/site-packages/airflow/example_dags/example_short_circuit_operator.py
[2021-01-21 11:00:52,099] {scheduler_job.py:639} INFO - DAG(s) dict_keys(['example_short_circuit_operator']) retrieved from /Users/sara/p38env_airflow/lib/python3.8/site-packages/airflow/example_dags/example_short_circuit_operator.py
[2021-01-21 11:00:52,100] {logging_mixin.py:103} INFO - [2021-01-21 11:00:52,100] {dag.py:1813} INFO - Sync 1 DAGs
[2021-01-21 11:00:52,135] {logging_mixin.py:103} INFO - [2021-01-21 11:00:52,135] {dag.py:2266} INFO - Setting next_dagrun for example_short_circuit_operator to 2021-01-19 00:00:00+00:00
[2021-01-21 11:00:52,146] {scheduler_job.py:189} INFO - Processing /Users/sara/p38env_airflow/lib/python3.8/site-packages/airflow/example_dags/example_short_circuit_operator.py took 0.060 seconds
[2021-01-21 11:01:51,524] {scheduler_job.py:181} INFO - Started process (PID=9149) to work on /Users/sara/p38env_airflow/lib/python3.8/site-packages/airflow/example_dags/example_short_circuit_operator.py
[2021-01-21 11:01:51,526] {scheduler_job.py:629} INFO - Processing file /Users/sara/p38env_airflow/lib/python3.8/site-packages/airflow/example_dags/example_short_circuit_operator.py for tasks to queue
[2021-01-21 11:01:51,526] {logging_mixin.py:103} INFO - [2021-01-21 11:01:51,526] {dagbag.py:440} INFO - Filling up the DagBag from /Users/sara/p38env_airflow/lib/python3.8/site-packages/airflow/example_dags/example_short_circuit_operator.py
[2021-01-21 11:01:51,536] {scheduler_job.py:639} INFO - DAG(s) dict_keys(['example_short_circuit_operator']) retrieved from /Users/sara/p38env_airflow/lib/python3.8/site-packages/airflow/example_dags/example_short_circuit_operator.py
[2021-01-21 11:01:51,537] {logging_mixin.py:103} INFO - [2021-01-21 11:01:51,537] {dag.py:1813} INFO - Sync 1 DAGs
[2021-01-21 11:01:51,567] {logging_mixin.py:103} INFO - [2021-01-21 11:01:51,567] {dag.py:2266} INFO - Setting next_dagrun for example_short_circuit_operator to 2021-01-19 00:00:00+00:00
[2021-01-21 11:01:51,576] {scheduler_job.py:189} INFO - Processing /Users/sara/p38env_airflow/lib/python3.8/site-packages/airflow/example_dags/example_short_circuit_operator.py took 0.052 seconds
[2021-01-21 11:02:48,116] {scheduler_job.py:181} INFO - Started process (PID=9222) to work on /Users/sara/p38env_airflow/lib/python3.8/site-packages/airflow/example_dags/example_short_circuit_operator.py
[2021-01-21 11:02:48,117] {scheduler_job.py:629} INFO - Processing file /Users/sara/p38env_airflow/lib/python3.8/site-packages/airflow/example_dags/example_short_circuit_operator.py for tasks to queue
[2021-01-21 11:02:48,120] {logging_mixin.py:103} INFO - [2021-01-21 11:02:48,117] {dagbag.py:440} INFO - Filling up the DagBag from /Users/sara/p38env_airflow/lib/python3.8/site-packages/airflow/example_dags/example_short_circuit_operator.py
[2021-01-21 11:02:48,133] {scheduler_job.py:639} INFO - DAG(s) dict_keys(['example_short_circuit_operator']) retrieved from /Users/sara/p38env_airflow/lib/python3.8/site-packages/airflow/example_dags/example_short_circuit_operator.py
[2021-01-21 11:02:48,134] {logging_mixin.py:103} INFO - [2021-01-21 11:02:48,133] {dag.py:1813} INFO - Sync 1 DAGs
[2021-01-21 11:02:48,219] {logging_mixin.py:103} INFO - [2021-01-21 11:02:48,219] {dag.py:2266} INFO - Setting next_dagrun for example_short_circuit_operator to 2021-01-19 00:00:00+00:00
[2021-01-21 11:02:48,252] {scheduler_job.py:189} INFO - Processing /Users/sara/p38env_airflow/lib/python3.8/site-packages/airflow/example_dags/example_short_circuit_operator.py took 0.138 seconds
