[2021-01-21 10:55:41,386] {scheduler_job.py:181} INFO - Started process (PID=8559) to work on /Users/sara/p38env_airflow/lib/python3.8/site-packages/airflow/example_dags/example_trigger_target_dag.py
[2021-01-21 10:55:41,387] {scheduler_job.py:629} INFO - Processing file /Users/sara/p38env_airflow/lib/python3.8/site-packages/airflow/example_dags/example_trigger_target_dag.py for tasks to queue
[2021-01-21 10:55:41,387] {logging_mixin.py:103} INFO - [2021-01-21 10:55:41,387] {dagbag.py:440} INFO - Filling up the DagBag from /Users/sara/p38env_airflow/lib/python3.8/site-packages/airflow/example_dags/example_trigger_target_dag.py
[2021-01-21 10:55:41,397] {scheduler_job.py:639} INFO - DAG(s) dict_keys(['example_trigger_target_dag']) retrieved from /Users/sara/p38env_airflow/lib/python3.8/site-packages/airflow/example_dags/example_trigger_target_dag.py
[2021-01-21 10:55:41,398] {logging_mixin.py:103} INFO - [2021-01-21 10:55:41,398] {dag.py:1813} INFO - Sync 1 DAGs
[2021-01-21 10:55:41,443] {logging_mixin.py:103} INFO - [2021-01-21 10:55:41,442] {dag.py:2266} INFO - Setting next_dagrun for example_trigger_target_dag to None
[2021-01-21 10:55:41,468] {scheduler_job.py:189} INFO - Processing /Users/sara/p38env_airflow/lib/python3.8/site-packages/airflow/example_dags/example_trigger_target_dag.py took 0.082 seconds
[2021-01-21 10:56:34,958] {scheduler_job.py:181} INFO - Started process (PID=8753) to work on /Users/sara/p38env_airflow/lib/python3.8/site-packages/airflow/example_dags/example_trigger_target_dag.py
[2021-01-21 10:56:34,960] {scheduler_job.py:629} INFO - Processing file /Users/sara/p38env_airflow/lib/python3.8/site-packages/airflow/example_dags/example_trigger_target_dag.py for tasks to queue
[2021-01-21 10:56:34,961] {logging_mixin.py:103} INFO - [2021-01-21 10:56:34,960] {dagbag.py:440} INFO - Filling up the DagBag from /Users/sara/p38env_airflow/lib/python3.8/site-packages/airflow/example_dags/example_trigger_target_dag.py
[2021-01-21 10:56:34,972] {scheduler_job.py:639} INFO - DAG(s) dict_keys(['example_trigger_target_dag']) retrieved from /Users/sara/p38env_airflow/lib/python3.8/site-packages/airflow/example_dags/example_trigger_target_dag.py
[2021-01-21 10:56:34,972] {logging_mixin.py:103} INFO - [2021-01-21 10:56:34,972] {dag.py:1813} INFO - Sync 1 DAGs
[2021-01-21 10:56:35,004] {logging_mixin.py:103} INFO - [2021-01-21 10:56:35,004] {dag.py:2266} INFO - Setting next_dagrun for example_trigger_target_dag to None
[2021-01-21 10:56:35,019] {scheduler_job.py:189} INFO - Processing /Users/sara/p38env_airflow/lib/python3.8/site-packages/airflow/example_dags/example_trigger_target_dag.py took 0.062 seconds
[2021-01-21 10:57:28,740] {scheduler_job.py:181} INFO - Started process (PID=8863) to work on /Users/sara/p38env_airflow/lib/python3.8/site-packages/airflow/example_dags/example_trigger_target_dag.py
[2021-01-21 10:57:28,740] {scheduler_job.py:629} INFO - Processing file /Users/sara/p38env_airflow/lib/python3.8/site-packages/airflow/example_dags/example_trigger_target_dag.py for tasks to queue
[2021-01-21 10:57:28,740] {logging_mixin.py:103} INFO - [2021-01-21 10:57:28,740] {dagbag.py:440} INFO - Filling up the DagBag from /Users/sara/p38env_airflow/lib/python3.8/site-packages/airflow/example_dags/example_trigger_target_dag.py
[2021-01-21 10:57:28,748] {scheduler_job.py:639} INFO - DAG(s) dict_keys(['example_trigger_target_dag']) retrieved from /Users/sara/p38env_airflow/lib/python3.8/site-packages/airflow/example_dags/example_trigger_target_dag.py
[2021-01-21 10:57:28,749] {logging_mixin.py:103} INFO - [2021-01-21 10:57:28,749] {dag.py:1813} INFO - Sync 1 DAGs
[2021-01-21 10:57:28,781] {logging_mixin.py:103} INFO - [2021-01-21 10:57:28,781] {dag.py:2266} INFO - Setting next_dagrun for example_trigger_target_dag to None
[2021-01-21 10:57:28,791] {scheduler_job.py:189} INFO - Processing /Users/sara/p38env_airflow/lib/python3.8/site-packages/airflow/example_dags/example_trigger_target_dag.py took 0.052 seconds
[2021-01-21 10:58:20,632] {scheduler_job.py:181} INFO - Started process (PID=8915) to work on /Users/sara/p38env_airflow/lib/python3.8/site-packages/airflow/example_dags/example_trigger_target_dag.py
[2021-01-21 10:58:20,633] {scheduler_job.py:629} INFO - Processing file /Users/sara/p38env_airflow/lib/python3.8/site-packages/airflow/example_dags/example_trigger_target_dag.py for tasks to queue
[2021-01-21 10:58:20,634] {logging_mixin.py:103} INFO - [2021-01-21 10:58:20,634] {dagbag.py:440} INFO - Filling up the DagBag from /Users/sara/p38env_airflow/lib/python3.8/site-packages/airflow/example_dags/example_trigger_target_dag.py
[2021-01-21 10:58:20,642] {scheduler_job.py:639} INFO - DAG(s) dict_keys(['example_trigger_target_dag']) retrieved from /Users/sara/p38env_airflow/lib/python3.8/site-packages/airflow/example_dags/example_trigger_target_dag.py
[2021-01-21 10:58:20,643] {logging_mixin.py:103} INFO - [2021-01-21 10:58:20,642] {dag.py:1813} INFO - Sync 1 DAGs
[2021-01-21 10:58:20,673] {logging_mixin.py:103} INFO - [2021-01-21 10:58:20,673] {dag.py:2266} INFO - Setting next_dagrun for example_trigger_target_dag to None
[2021-01-21 10:58:20,682] {scheduler_job.py:189} INFO - Processing /Users/sara/p38env_airflow/lib/python3.8/site-packages/airflow/example_dags/example_trigger_target_dag.py took 0.051 seconds
[2021-01-21 10:59:19,144] {scheduler_job.py:181} INFO - Started process (PID=8981) to work on /Users/sara/p38env_airflow/lib/python3.8/site-packages/airflow/example_dags/example_trigger_target_dag.py
[2021-01-21 10:59:19,146] {scheduler_job.py:629} INFO - Processing file /Users/sara/p38env_airflow/lib/python3.8/site-packages/airflow/example_dags/example_trigger_target_dag.py for tasks to queue
[2021-01-21 10:59:19,146] {logging_mixin.py:103} INFO - [2021-01-21 10:59:19,146] {dagbag.py:440} INFO - Filling up the DagBag from /Users/sara/p38env_airflow/lib/python3.8/site-packages/airflow/example_dags/example_trigger_target_dag.py
[2021-01-21 10:59:19,157] {scheduler_job.py:639} INFO - DAG(s) dict_keys(['example_trigger_target_dag']) retrieved from /Users/sara/p38env_airflow/lib/python3.8/site-packages/airflow/example_dags/example_trigger_target_dag.py
[2021-01-21 10:59:19,158] {logging_mixin.py:103} INFO - [2021-01-21 10:59:19,157] {dag.py:1813} INFO - Sync 1 DAGs
[2021-01-21 10:59:19,198] {logging_mixin.py:103} INFO - [2021-01-21 10:59:19,198] {dag.py:2266} INFO - Setting next_dagrun for example_trigger_target_dag to None
[2021-01-21 10:59:19,211] {scheduler_job.py:189} INFO - Processing /Users/sara/p38env_airflow/lib/python3.8/site-packages/airflow/example_dags/example_trigger_target_dag.py took 0.068 seconds
[2021-01-21 11:00:13,277] {scheduler_job.py:181} INFO - Started process (PID=9040) to work on /Users/sara/p38env_airflow/lib/python3.8/site-packages/airflow/example_dags/example_trigger_target_dag.py
[2021-01-21 11:00:13,279] {scheduler_job.py:629} INFO - Processing file /Users/sara/p38env_airflow/lib/python3.8/site-packages/airflow/example_dags/example_trigger_target_dag.py for tasks to queue
[2021-01-21 11:00:13,279] {logging_mixin.py:103} INFO - [2021-01-21 11:00:13,279] {dagbag.py:440} INFO - Filling up the DagBag from /Users/sara/p38env_airflow/lib/python3.8/site-packages/airflow/example_dags/example_trigger_target_dag.py
[2021-01-21 11:00:13,293] {scheduler_job.py:639} INFO - DAG(s) dict_keys(['example_trigger_target_dag']) retrieved from /Users/sara/p38env_airflow/lib/python3.8/site-packages/airflow/example_dags/example_trigger_target_dag.py
[2021-01-21 11:00:13,294] {logging_mixin.py:103} INFO - [2021-01-21 11:00:13,293] {dag.py:1813} INFO - Sync 1 DAGs
[2021-01-21 11:00:13,341] {logging_mixin.py:103} INFO - [2021-01-21 11:00:13,341] {dag.py:2266} INFO - Setting next_dagrun for example_trigger_target_dag to None
[2021-01-21 11:00:13,357] {scheduler_job.py:189} INFO - Processing /Users/sara/p38env_airflow/lib/python3.8/site-packages/airflow/example_dags/example_trigger_target_dag.py took 0.081 seconds
[2021-01-21 11:01:10,502] {scheduler_job.py:181} INFO - Started process (PID=9100) to work on /Users/sara/p38env_airflow/lib/python3.8/site-packages/airflow/example_dags/example_trigger_target_dag.py
[2021-01-21 11:01:10,504] {scheduler_job.py:629} INFO - Processing file /Users/sara/p38env_airflow/lib/python3.8/site-packages/airflow/example_dags/example_trigger_target_dag.py for tasks to queue
[2021-01-21 11:01:10,505] {logging_mixin.py:103} INFO - [2021-01-21 11:01:10,505] {dagbag.py:440} INFO - Filling up the DagBag from /Users/sara/p38env_airflow/lib/python3.8/site-packages/airflow/example_dags/example_trigger_target_dag.py
[2021-01-21 11:01:10,516] {scheduler_job.py:639} INFO - DAG(s) dict_keys(['example_trigger_target_dag']) retrieved from /Users/sara/p38env_airflow/lib/python3.8/site-packages/airflow/example_dags/example_trigger_target_dag.py
[2021-01-21 11:01:10,517] {logging_mixin.py:103} INFO - [2021-01-21 11:01:10,517] {dag.py:1813} INFO - Sync 1 DAGs
[2021-01-21 11:01:10,555] {logging_mixin.py:103} INFO - [2021-01-21 11:01:10,554] {dag.py:2266} INFO - Setting next_dagrun for example_trigger_target_dag to None
[2021-01-21 11:01:10,567] {scheduler_job.py:189} INFO - Processing /Users/sara/p38env_airflow/lib/python3.8/site-packages/airflow/example_dags/example_trigger_target_dag.py took 0.065 seconds
[2021-01-21 11:02:07,885] {scheduler_job.py:181} INFO - Started process (PID=9168) to work on /Users/sara/p38env_airflow/lib/python3.8/site-packages/airflow/example_dags/example_trigger_target_dag.py
[2021-01-21 11:02:07,887] {scheduler_job.py:629} INFO - Processing file /Users/sara/p38env_airflow/lib/python3.8/site-packages/airflow/example_dags/example_trigger_target_dag.py for tasks to queue
[2021-01-21 11:02:07,887] {logging_mixin.py:103} INFO - [2021-01-21 11:02:07,887] {dagbag.py:440} INFO - Filling up the DagBag from /Users/sara/p38env_airflow/lib/python3.8/site-packages/airflow/example_dags/example_trigger_target_dag.py
[2021-01-21 11:02:07,896] {scheduler_job.py:639} INFO - DAG(s) dict_keys(['example_trigger_target_dag']) retrieved from /Users/sara/p38env_airflow/lib/python3.8/site-packages/airflow/example_dags/example_trigger_target_dag.py
[2021-01-21 11:02:07,896] {logging_mixin.py:103} INFO - [2021-01-21 11:02:07,896] {dag.py:1813} INFO - Sync 1 DAGs
[2021-01-21 11:02:07,933] {logging_mixin.py:103} INFO - [2021-01-21 11:02:07,933] {dag.py:2266} INFO - Setting next_dagrun for example_trigger_target_dag to None
[2021-01-21 11:02:07,952] {scheduler_job.py:189} INFO - Processing /Users/sara/p38env_airflow/lib/python3.8/site-packages/airflow/example_dags/example_trigger_target_dag.py took 0.067 seconds
[2021-01-21 11:03:34,706] {scheduler_job.py:181} INFO - Started process (PID=9243) to work on /Users/sara/p38env_airflow/lib/python3.8/site-packages/airflow/example_dags/example_trigger_target_dag.py
[2021-01-21 11:03:34,707] {scheduler_job.py:629} INFO - Processing file /Users/sara/p38env_airflow/lib/python3.8/site-packages/airflow/example_dags/example_trigger_target_dag.py for tasks to queue
[2021-01-21 11:03:34,707] {logging_mixin.py:103} INFO - [2021-01-21 11:03:34,707] {dagbag.py:440} INFO - Filling up the DagBag from /Users/sara/p38env_airflow/lib/python3.8/site-packages/airflow/example_dags/example_trigger_target_dag.py
[2021-01-21 11:03:34,721] {scheduler_job.py:639} INFO - DAG(s) dict_keys(['example_trigger_target_dag']) retrieved from /Users/sara/p38env_airflow/lib/python3.8/site-packages/airflow/example_dags/example_trigger_target_dag.py
[2021-01-21 11:03:34,721] {logging_mixin.py:103} INFO - [2021-01-21 11:03:34,721] {dag.py:1813} INFO - Sync 1 DAGs
[2021-01-21 11:03:34,781] {logging_mixin.py:103} INFO - [2021-01-21 11:03:34,780] {dag.py:2266} INFO - Setting next_dagrun for example_trigger_target_dag to None
[2021-01-21 11:03:34,800] {scheduler_job.py:189} INFO - Processing /Users/sara/p38env_airflow/lib/python3.8/site-packages/airflow/example_dags/example_trigger_target_dag.py took 0.094 seconds
