[2021-01-21 10:56:04,310] {scheduler_job.py:181} INFO - Started process (PID=8637) to work on /Users/sara/p38env_airflow/lib/python3.8/site-packages/airflow/example_dags/example_task_group.py
[2021-01-21 10:56:04,310] {scheduler_job.py:629} INFO - Processing file /Users/sara/p38env_airflow/lib/python3.8/site-packages/airflow/example_dags/example_task_group.py for tasks to queue
[2021-01-21 10:56:04,310] {logging_mixin.py:103} INFO - [2021-01-21 10:56:04,310] {dagbag.py:440} INFO - Filling up the DagBag from /Users/sara/p38env_airflow/lib/python3.8/site-packages/airflow/example_dags/example_task_group.py
[2021-01-21 10:56:04,319] {scheduler_job.py:639} INFO - DAG(s) dict_keys(['example_task_group']) retrieved from /Users/sara/p38env_airflow/lib/python3.8/site-packages/airflow/example_dags/example_task_group.py
[2021-01-21 10:56:04,320] {logging_mixin.py:103} INFO - [2021-01-21 10:56:04,319] {dag.py:1813} INFO - Sync 1 DAGs
[2021-01-21 10:56:04,349] {logging_mixin.py:103} INFO - [2021-01-21 10:56:04,349] {dag.py:2266} INFO - Setting next_dagrun for example_task_group to 2021-01-19 00:00:00+00:00
[2021-01-21 10:56:04,365] {scheduler_job.py:189} INFO - Processing /Users/sara/p38env_airflow/lib/python3.8/site-packages/airflow/example_dags/example_task_group.py took 0.056 seconds
[2021-01-21 10:56:56,925] {scheduler_job.py:181} INFO - Started process (PID=8796) to work on /Users/sara/p38env_airflow/lib/python3.8/site-packages/airflow/example_dags/example_task_group.py
[2021-01-21 10:56:56,926] {scheduler_job.py:629} INFO - Processing file /Users/sara/p38env_airflow/lib/python3.8/site-packages/airflow/example_dags/example_task_group.py for tasks to queue
[2021-01-21 10:56:56,927] {logging_mixin.py:103} INFO - [2021-01-21 10:56:56,926] {dagbag.py:440} INFO - Filling up the DagBag from /Users/sara/p38env_airflow/lib/python3.8/site-packages/airflow/example_dags/example_task_group.py
[2021-01-21 10:56:56,933] {scheduler_job.py:639} INFO - DAG(s) dict_keys(['example_task_group']) retrieved from /Users/sara/p38env_airflow/lib/python3.8/site-packages/airflow/example_dags/example_task_group.py
[2021-01-21 10:56:56,934] {logging_mixin.py:103} INFO - [2021-01-21 10:56:56,934] {dag.py:1813} INFO - Sync 1 DAGs
[2021-01-21 10:56:56,970] {logging_mixin.py:103} INFO - [2021-01-21 10:56:56,970] {dag.py:2266} INFO - Setting next_dagrun for example_task_group to 2021-01-19 00:00:00+00:00
[2021-01-21 10:56:56,985] {scheduler_job.py:189} INFO - Processing /Users/sara/p38env_airflow/lib/python3.8/site-packages/airflow/example_dags/example_task_group.py took 0.061 seconds
[2021-01-21 10:57:50,282] {scheduler_job.py:181} INFO - Started process (PID=8885) to work on /Users/sara/p38env_airflow/lib/python3.8/site-packages/airflow/example_dags/example_task_group.py
[2021-01-21 10:57:50,283] {scheduler_job.py:629} INFO - Processing file /Users/sara/p38env_airflow/lib/python3.8/site-packages/airflow/example_dags/example_task_group.py for tasks to queue
[2021-01-21 10:57:50,283] {logging_mixin.py:103} INFO - [2021-01-21 10:57:50,283] {dagbag.py:440} INFO - Filling up the DagBag from /Users/sara/p38env_airflow/lib/python3.8/site-packages/airflow/example_dags/example_task_group.py
[2021-01-21 10:57:50,291] {scheduler_job.py:639} INFO - DAG(s) dict_keys(['example_task_group']) retrieved from /Users/sara/p38env_airflow/lib/python3.8/site-packages/airflow/example_dags/example_task_group.py
[2021-01-21 10:57:50,291] {logging_mixin.py:103} INFO - [2021-01-21 10:57:50,291] {dag.py:1813} INFO - Sync 1 DAGs
[2021-01-21 10:57:50,321] {logging_mixin.py:103} INFO - [2021-01-21 10:57:50,321] {dag.py:2266} INFO - Setting next_dagrun for example_task_group to 2021-01-19 00:00:00+00:00
[2021-01-21 10:57:50,335] {scheduler_job.py:189} INFO - Processing /Users/sara/p38env_airflow/lib/python3.8/site-packages/airflow/example_dags/example_task_group.py took 0.053 seconds
[2021-01-21 10:58:48,135] {scheduler_job.py:181} INFO - Started process (PID=8947) to work on /Users/sara/p38env_airflow/lib/python3.8/site-packages/airflow/example_dags/example_task_group.py
[2021-01-21 10:58:48,137] {scheduler_job.py:629} INFO - Processing file /Users/sara/p38env_airflow/lib/python3.8/site-packages/airflow/example_dags/example_task_group.py for tasks to queue
[2021-01-21 10:58:48,137] {logging_mixin.py:103} INFO - [2021-01-21 10:58:48,137] {dagbag.py:440} INFO - Filling up the DagBag from /Users/sara/p38env_airflow/lib/python3.8/site-packages/airflow/example_dags/example_task_group.py
[2021-01-21 10:58:48,146] {scheduler_job.py:639} INFO - DAG(s) dict_keys(['example_task_group']) retrieved from /Users/sara/p38env_airflow/lib/python3.8/site-packages/airflow/example_dags/example_task_group.py
[2021-01-21 10:58:48,146] {logging_mixin.py:103} INFO - [2021-01-21 10:58:48,146] {dag.py:1813} INFO - Sync 1 DAGs
[2021-01-21 10:58:48,179] {logging_mixin.py:103} INFO - [2021-01-21 10:58:48,179] {dag.py:2266} INFO - Setting next_dagrun for example_task_group to 2021-01-19 00:00:00+00:00
[2021-01-21 10:58:48,198] {scheduler_job.py:189} INFO - Processing /Users/sara/p38env_airflow/lib/python3.8/site-packages/airflow/example_dags/example_task_group.py took 0.063 seconds
[2021-01-21 10:59:42,376] {scheduler_job.py:181} INFO - Started process (PID=9004) to work on /Users/sara/p38env_airflow/lib/python3.8/site-packages/airflow/example_dags/example_task_group.py
[2021-01-21 10:59:42,379] {scheduler_job.py:629} INFO - Processing file /Users/sara/p38env_airflow/lib/python3.8/site-packages/airflow/example_dags/example_task_group.py for tasks to queue
[2021-01-21 10:59:42,380] {logging_mixin.py:103} INFO - [2021-01-21 10:59:42,379] {dagbag.py:440} INFO - Filling up the DagBag from /Users/sara/p38env_airflow/lib/python3.8/site-packages/airflow/example_dags/example_task_group.py
[2021-01-21 10:59:42,403] {scheduler_job.py:639} INFO - DAG(s) dict_keys(['example_task_group']) retrieved from /Users/sara/p38env_airflow/lib/python3.8/site-packages/airflow/example_dags/example_task_group.py
[2021-01-21 10:59:42,403] {logging_mixin.py:103} INFO - [2021-01-21 10:59:42,403] {dag.py:1813} INFO - Sync 1 DAGs
[2021-01-21 10:59:42,491] {logging_mixin.py:103} INFO - [2021-01-21 10:59:42,491] {dag.py:2266} INFO - Setting next_dagrun for example_task_group to 2021-01-19 00:00:00+00:00
[2021-01-21 10:59:42,512] {scheduler_job.py:189} INFO - Processing /Users/sara/p38env_airflow/lib/python3.8/site-packages/airflow/example_dags/example_task_group.py took 0.137 seconds
[2021-01-21 11:00:35,639] {scheduler_job.py:181} INFO - Started process (PID=9066) to work on /Users/sara/p38env_airflow/lib/python3.8/site-packages/airflow/example_dags/example_task_group.py
[2021-01-21 11:00:35,641] {scheduler_job.py:629} INFO - Processing file /Users/sara/p38env_airflow/lib/python3.8/site-packages/airflow/example_dags/example_task_group.py for tasks to queue
[2021-01-21 11:00:35,641] {logging_mixin.py:103} INFO - [2021-01-21 11:00:35,641] {dagbag.py:440} INFO - Filling up the DagBag from /Users/sara/p38env_airflow/lib/python3.8/site-packages/airflow/example_dags/example_task_group.py
[2021-01-21 11:00:35,650] {scheduler_job.py:639} INFO - DAG(s) dict_keys(['example_task_group']) retrieved from /Users/sara/p38env_airflow/lib/python3.8/site-packages/airflow/example_dags/example_task_group.py
[2021-01-21 11:00:35,651] {logging_mixin.py:103} INFO - [2021-01-21 11:00:35,651] {dag.py:1813} INFO - Sync 1 DAGs
[2021-01-21 11:00:35,692] {logging_mixin.py:103} INFO - [2021-01-21 11:00:35,692] {dag.py:2266} INFO - Setting next_dagrun for example_task_group to 2021-01-19 00:00:00+00:00
[2021-01-21 11:00:35,711] {scheduler_job.py:189} INFO - Processing /Users/sara/p38env_airflow/lib/python3.8/site-packages/airflow/example_dags/example_task_group.py took 0.072 seconds
[2021-01-21 11:01:33,159] {scheduler_job.py:181} INFO - Started process (PID=9130) to work on /Users/sara/p38env_airflow/lib/python3.8/site-packages/airflow/example_dags/example_task_group.py
[2021-01-21 11:01:33,160] {scheduler_job.py:629} INFO - Processing file /Users/sara/p38env_airflow/lib/python3.8/site-packages/airflow/example_dags/example_task_group.py for tasks to queue
[2021-01-21 11:01:33,161] {logging_mixin.py:103} INFO - [2021-01-21 11:01:33,160] {dagbag.py:440} INFO - Filling up the DagBag from /Users/sara/p38env_airflow/lib/python3.8/site-packages/airflow/example_dags/example_task_group.py
[2021-01-21 11:01:33,169] {scheduler_job.py:639} INFO - DAG(s) dict_keys(['example_task_group']) retrieved from /Users/sara/p38env_airflow/lib/python3.8/site-packages/airflow/example_dags/example_task_group.py
[2021-01-21 11:01:33,169] {logging_mixin.py:103} INFO - [2021-01-21 11:01:33,169] {dag.py:1813} INFO - Sync 1 DAGs
[2021-01-21 11:01:33,207] {logging_mixin.py:103} INFO - [2021-01-21 11:01:33,207] {dag.py:2266} INFO - Setting next_dagrun for example_task_group to 2021-01-19 00:00:00+00:00
[2021-01-21 11:01:33,225] {scheduler_job.py:189} INFO - Processing /Users/sara/p38env_airflow/lib/python3.8/site-packages/airflow/example_dags/example_task_group.py took 0.066 seconds
[2021-01-21 11:02:29,114] {scheduler_job.py:181} INFO - Started process (PID=9203) to work on /Users/sara/p38env_airflow/lib/python3.8/site-packages/airflow/example_dags/example_task_group.py
[2021-01-21 11:02:29,115] {scheduler_job.py:629} INFO - Processing file /Users/sara/p38env_airflow/lib/python3.8/site-packages/airflow/example_dags/example_task_group.py for tasks to queue
[2021-01-21 11:02:29,115] {logging_mixin.py:103} INFO - [2021-01-21 11:02:29,115] {dagbag.py:440} INFO - Filling up the DagBag from /Users/sara/p38env_airflow/lib/python3.8/site-packages/airflow/example_dags/example_task_group.py
[2021-01-21 11:02:29,123] {scheduler_job.py:639} INFO - DAG(s) dict_keys(['example_task_group']) retrieved from /Users/sara/p38env_airflow/lib/python3.8/site-packages/airflow/example_dags/example_task_group.py
[2021-01-21 11:02:29,123] {logging_mixin.py:103} INFO - [2021-01-21 11:02:29,123] {dag.py:1813} INFO - Sync 1 DAGs
[2021-01-21 11:02:29,151] {logging_mixin.py:103} INFO - [2021-01-21 11:02:29,151] {dag.py:2266} INFO - Setting next_dagrun for example_task_group to 2021-01-19 00:00:00+00:00
[2021-01-21 11:02:29,164] {scheduler_job.py:189} INFO - Processing /Users/sara/p38env_airflow/lib/python3.8/site-packages/airflow/example_dags/example_task_group.py took 0.050 seconds
[2021-01-21 11:04:02,207] {scheduler_job.py:181} INFO - Started process (PID=9267) to work on /Users/sara/p38env_airflow/lib/python3.8/site-packages/airflow/example_dags/example_task_group.py
[2021-01-21 11:04:02,209] {scheduler_job.py:629} INFO - Processing file /Users/sara/p38env_airflow/lib/python3.8/site-packages/airflow/example_dags/example_task_group.py for tasks to queue
[2021-01-21 11:04:02,209] {logging_mixin.py:103} INFO - [2021-01-21 11:04:02,209] {dagbag.py:440} INFO - Filling up the DagBag from /Users/sara/p38env_airflow/lib/python3.8/site-packages/airflow/example_dags/example_task_group.py
[2021-01-21 11:04:02,217] {scheduler_job.py:639} INFO - DAG(s) dict_keys(['example_task_group']) retrieved from /Users/sara/p38env_airflow/lib/python3.8/site-packages/airflow/example_dags/example_task_group.py
[2021-01-21 11:04:02,218] {logging_mixin.py:103} INFO - [2021-01-21 11:04:02,217] {dag.py:1813} INFO - Sync 1 DAGs
[2021-01-21 11:04:02,249] {logging_mixin.py:103} INFO - [2021-01-21 11:04:02,249] {dag.py:2266} INFO - Setting next_dagrun for example_task_group to 2021-01-19 00:00:00+00:00
[2021-01-21 11:04:02,267] {scheduler_job.py:189} INFO - Processing /Users/sara/p38env_airflow/lib/python3.8/site-packages/airflow/example_dags/example_task_group.py took 0.061 seconds
