[2021-01-21 10:56:08,297] {scheduler_job.py:181} INFO - Started process (PID=8649) to work on /Users/sara/p38env_airflow/lib/python3.8/site-packages/airflow/example_dags/example_bash_operator.py
[2021-01-21 10:56:08,298] {scheduler_job.py:629} INFO - Processing file /Users/sara/p38env_airflow/lib/python3.8/site-packages/airflow/example_dags/example_bash_operator.py for tasks to queue
[2021-01-21 10:56:08,298] {logging_mixin.py:103} INFO - [2021-01-21 10:56:08,298] {dagbag.py:440} INFO - Filling up the DagBag from /Users/sara/p38env_airflow/lib/python3.8/site-packages/airflow/example_dags/example_bash_operator.py
[2021-01-21 10:56:08,307] {scheduler_job.py:639} INFO - DAG(s) dict_keys(['example_bash_operator']) retrieved from /Users/sara/p38env_airflow/lib/python3.8/site-packages/airflow/example_dags/example_bash_operator.py
[2021-01-21 10:56:08,307] {logging_mixin.py:103} INFO - [2021-01-21 10:56:08,307] {dag.py:1813} INFO - Sync 1 DAGs
[2021-01-21 10:56:08,346] {logging_mixin.py:103} INFO - [2021-01-21 10:56:08,346] {dag.py:2266} INFO - Setting next_dagrun for example_bash_operator to 2021-01-19 00:00:00+00:00
[2021-01-21 10:56:08,362] {scheduler_job.py:189} INFO - Processing /Users/sara/p38env_airflow/lib/python3.8/site-packages/airflow/example_dags/example_bash_operator.py took 0.065 seconds
[2021-01-21 10:57:01,048] {scheduler_job.py:181} INFO - Started process (PID=8815) to work on /Users/sara/p38env_airflow/lib/python3.8/site-packages/airflow/example_dags/example_bash_operator.py
[2021-01-21 10:57:01,050] {scheduler_job.py:629} INFO - Processing file /Users/sara/p38env_airflow/lib/python3.8/site-packages/airflow/example_dags/example_bash_operator.py for tasks to queue
[2021-01-21 10:57:01,050] {logging_mixin.py:103} INFO - [2021-01-21 10:57:01,050] {dagbag.py:440} INFO - Filling up the DagBag from /Users/sara/p38env_airflow/lib/python3.8/site-packages/airflow/example_dags/example_bash_operator.py
[2021-01-21 10:57:01,065] {scheduler_job.py:639} INFO - DAG(s) dict_keys(['example_bash_operator']) retrieved from /Users/sara/p38env_airflow/lib/python3.8/site-packages/airflow/example_dags/example_bash_operator.py
[2021-01-21 10:57:01,066] {logging_mixin.py:103} INFO - [2021-01-21 10:57:01,066] {dag.py:1813} INFO - Sync 1 DAGs
[2021-01-21 10:57:01,125] {logging_mixin.py:103} INFO - [2021-01-21 10:57:01,125] {dag.py:2266} INFO - Setting next_dagrun for example_bash_operator to 2021-01-19 00:00:00+00:00
[2021-01-21 10:57:01,140] {scheduler_job.py:189} INFO - Processing /Users/sara/p38env_airflow/lib/python3.8/site-packages/airflow/example_dags/example_bash_operator.py took 0.093 seconds
[2021-01-21 10:57:54,540] {scheduler_job.py:181} INFO - Started process (PID=8889) to work on /Users/sara/p38env_airflow/lib/python3.8/site-packages/airflow/example_dags/example_bash_operator.py
[2021-01-21 10:57:54,540] {scheduler_job.py:629} INFO - Processing file /Users/sara/p38env_airflow/lib/python3.8/site-packages/airflow/example_dags/example_bash_operator.py for tasks to queue
[2021-01-21 10:57:54,541] {logging_mixin.py:103} INFO - [2021-01-21 10:57:54,540] {dagbag.py:440} INFO - Filling up the DagBag from /Users/sara/p38env_airflow/lib/python3.8/site-packages/airflow/example_dags/example_bash_operator.py
[2021-01-21 10:57:54,553] {scheduler_job.py:639} INFO - DAG(s) dict_keys(['example_bash_operator']) retrieved from /Users/sara/p38env_airflow/lib/python3.8/site-packages/airflow/example_dags/example_bash_operator.py
[2021-01-21 10:57:54,554] {logging_mixin.py:103} INFO - [2021-01-21 10:57:54,554] {dag.py:1813} INFO - Sync 1 DAGs
[2021-01-21 10:57:54,627] {logging_mixin.py:103} INFO - [2021-01-21 10:57:54,627] {dag.py:2266} INFO - Setting next_dagrun for example_bash_operator to 2021-01-19 00:00:00+00:00
[2021-01-21 10:57:54,645] {scheduler_job.py:189} INFO - Processing /Users/sara/p38env_airflow/lib/python3.8/site-packages/airflow/example_dags/example_bash_operator.py took 0.107 seconds
[2021-01-21 10:58:52,036] {scheduler_job.py:181} INFO - Started process (PID=8951) to work on /Users/sara/p38env_airflow/lib/python3.8/site-packages/airflow/example_dags/example_bash_operator.py
[2021-01-21 10:58:52,039] {scheduler_job.py:629} INFO - Processing file /Users/sara/p38env_airflow/lib/python3.8/site-packages/airflow/example_dags/example_bash_operator.py for tasks to queue
[2021-01-21 10:58:52,040] {logging_mixin.py:103} INFO - [2021-01-21 10:58:52,040] {dagbag.py:440} INFO - Filling up the DagBag from /Users/sara/p38env_airflow/lib/python3.8/site-packages/airflow/example_dags/example_bash_operator.py
[2021-01-21 10:58:52,052] {scheduler_job.py:639} INFO - DAG(s) dict_keys(['example_bash_operator']) retrieved from /Users/sara/p38env_airflow/lib/python3.8/site-packages/airflow/example_dags/example_bash_operator.py
[2021-01-21 10:58:52,052] {logging_mixin.py:103} INFO - [2021-01-21 10:58:52,052] {dag.py:1813} INFO - Sync 1 DAGs
[2021-01-21 10:58:52,122] {logging_mixin.py:103} INFO - [2021-01-21 10:58:52,122] {dag.py:2266} INFO - Setting next_dagrun for example_bash_operator to 2021-01-19 00:00:00+00:00
[2021-01-21 10:58:52,137] {scheduler_job.py:189} INFO - Processing /Users/sara/p38env_airflow/lib/python3.8/site-packages/airflow/example_dags/example_bash_operator.py took 0.102 seconds
[2021-01-21 10:59:47,509] {scheduler_job.py:181} INFO - Started process (PID=9008) to work on /Users/sara/p38env_airflow/lib/python3.8/site-packages/airflow/example_dags/example_bash_operator.py
[2021-01-21 10:59:47,511] {scheduler_job.py:629} INFO - Processing file /Users/sara/p38env_airflow/lib/python3.8/site-packages/airflow/example_dags/example_bash_operator.py for tasks to queue
[2021-01-21 10:59:47,511] {logging_mixin.py:103} INFO - [2021-01-21 10:59:47,511] {dagbag.py:440} INFO - Filling up the DagBag from /Users/sara/p38env_airflow/lib/python3.8/site-packages/airflow/example_dags/example_bash_operator.py
[2021-01-21 10:59:47,521] {scheduler_job.py:639} INFO - DAG(s) dict_keys(['example_bash_operator']) retrieved from /Users/sara/p38env_airflow/lib/python3.8/site-packages/airflow/example_dags/example_bash_operator.py
[2021-01-21 10:59:47,522] {logging_mixin.py:103} INFO - [2021-01-21 10:59:47,521] {dag.py:1813} INFO - Sync 1 DAGs
[2021-01-21 10:59:47,630] {logging_mixin.py:103} INFO - [2021-01-21 10:59:47,629] {dag.py:2266} INFO - Setting next_dagrun for example_bash_operator to 2021-01-19 00:00:00+00:00
[2021-01-21 10:59:47,649] {scheduler_job.py:189} INFO - Processing /Users/sara/p38env_airflow/lib/python3.8/site-packages/airflow/example_dags/example_bash_operator.py took 0.140 seconds
[2021-01-21 11:00:39,377] {scheduler_job.py:181} INFO - Started process (PID=9070) to work on /Users/sara/p38env_airflow/lib/python3.8/site-packages/airflow/example_dags/example_bash_operator.py
[2021-01-21 11:00:39,378] {scheduler_job.py:629} INFO - Processing file /Users/sara/p38env_airflow/lib/python3.8/site-packages/airflow/example_dags/example_bash_operator.py for tasks to queue
[2021-01-21 11:00:39,379] {logging_mixin.py:103} INFO - [2021-01-21 11:00:39,379] {dagbag.py:440} INFO - Filling up the DagBag from /Users/sara/p38env_airflow/lib/python3.8/site-packages/airflow/example_dags/example_bash_operator.py
[2021-01-21 11:00:39,389] {scheduler_job.py:639} INFO - DAG(s) dict_keys(['example_bash_operator']) retrieved from /Users/sara/p38env_airflow/lib/python3.8/site-packages/airflow/example_dags/example_bash_operator.py
[2021-01-21 11:00:39,390] {logging_mixin.py:103} INFO - [2021-01-21 11:00:39,390] {dag.py:1813} INFO - Sync 1 DAGs
[2021-01-21 11:00:39,442] {logging_mixin.py:103} INFO - [2021-01-21 11:00:39,442] {dag.py:2266} INFO - Setting next_dagrun for example_bash_operator to 2021-01-19 00:00:00+00:00
[2021-01-21 11:00:39,454] {scheduler_job.py:189} INFO - Processing /Users/sara/p38env_airflow/lib/python3.8/site-packages/airflow/example_dags/example_bash_operator.py took 0.078 seconds
[2021-01-21 11:01:37,909] {scheduler_job.py:181} INFO - Started process (PID=9135) to work on /Users/sara/p38env_airflow/lib/python3.8/site-packages/airflow/example_dags/example_bash_operator.py
[2021-01-21 11:01:37,911] {scheduler_job.py:629} INFO - Processing file /Users/sara/p38env_airflow/lib/python3.8/site-packages/airflow/example_dags/example_bash_operator.py for tasks to queue
[2021-01-21 11:01:37,911] {logging_mixin.py:103} INFO - [2021-01-21 11:01:37,911] {dagbag.py:440} INFO - Filling up the DagBag from /Users/sara/p38env_airflow/lib/python3.8/site-packages/airflow/example_dags/example_bash_operator.py
[2021-01-21 11:01:37,922] {scheduler_job.py:639} INFO - DAG(s) dict_keys(['example_bash_operator']) retrieved from /Users/sara/p38env_airflow/lib/python3.8/site-packages/airflow/example_dags/example_bash_operator.py
[2021-01-21 11:01:37,923] {logging_mixin.py:103} INFO - [2021-01-21 11:01:37,922] {dag.py:1813} INFO - Sync 1 DAGs
[2021-01-21 11:01:37,962] {logging_mixin.py:103} INFO - [2021-01-21 11:01:37,962] {dag.py:2266} INFO - Setting next_dagrun for example_bash_operator to 2021-01-19 00:00:00+00:00
[2021-01-21 11:01:37,974] {scheduler_job.py:189} INFO - Processing /Users/sara/p38env_airflow/lib/python3.8/site-packages/airflow/example_dags/example_bash_operator.py took 0.066 seconds
[2021-01-21 11:02:33,070] {scheduler_job.py:181} INFO - Started process (PID=9207) to work on /Users/sara/p38env_airflow/lib/python3.8/site-packages/airflow/example_dags/example_bash_operator.py
[2021-01-21 11:02:33,071] {scheduler_job.py:629} INFO - Processing file /Users/sara/p38env_airflow/lib/python3.8/site-packages/airflow/example_dags/example_bash_operator.py for tasks to queue
[2021-01-21 11:02:33,071] {logging_mixin.py:103} INFO - [2021-01-21 11:02:33,071] {dagbag.py:440} INFO - Filling up the DagBag from /Users/sara/p38env_airflow/lib/python3.8/site-packages/airflow/example_dags/example_bash_operator.py
[2021-01-21 11:02:33,079] {scheduler_job.py:639} INFO - DAG(s) dict_keys(['example_bash_operator']) retrieved from /Users/sara/p38env_airflow/lib/python3.8/site-packages/airflow/example_dags/example_bash_operator.py
[2021-01-21 11:02:33,080] {logging_mixin.py:103} INFO - [2021-01-21 11:02:33,080] {dag.py:1813} INFO - Sync 1 DAGs
[2021-01-21 11:02:33,121] {logging_mixin.py:103} INFO - [2021-01-21 11:02:33,121] {dag.py:2266} INFO - Setting next_dagrun for example_bash_operator to 2021-01-19 00:00:00+00:00
[2021-01-21 11:02:33,133] {scheduler_job.py:189} INFO - Processing /Users/sara/p38env_airflow/lib/python3.8/site-packages/airflow/example_dags/example_bash_operator.py took 0.063 seconds
[2021-01-21 11:04:06,766] {scheduler_job.py:181} INFO - Started process (PID=9272) to work on /Users/sara/p38env_airflow/lib/python3.8/site-packages/airflow/example_dags/example_bash_operator.py
[2021-01-21 11:04:06,767] {scheduler_job.py:629} INFO - Processing file /Users/sara/p38env_airflow/lib/python3.8/site-packages/airflow/example_dags/example_bash_operator.py for tasks to queue
[2021-01-21 11:04:06,768] {logging_mixin.py:103} INFO - [2021-01-21 11:04:06,768] {dagbag.py:440} INFO - Filling up the DagBag from /Users/sara/p38env_airflow/lib/python3.8/site-packages/airflow/example_dags/example_bash_operator.py
[2021-01-21 11:04:06,783] {scheduler_job.py:639} INFO - DAG(s) dict_keys(['example_bash_operator']) retrieved from /Users/sara/p38env_airflow/lib/python3.8/site-packages/airflow/example_dags/example_bash_operator.py
[2021-01-21 11:04:06,783] {logging_mixin.py:103} INFO - [2021-01-21 11:04:06,783] {dag.py:1813} INFO - Sync 1 DAGs
[2021-01-21 11:04:06,834] {logging_mixin.py:103} INFO - [2021-01-21 11:04:06,834] {dag.py:2266} INFO - Setting next_dagrun for example_bash_operator to 2021-01-19 00:00:00+00:00
[2021-01-21 11:04:06,849] {scheduler_job.py:189} INFO - Processing /Users/sara/p38env_airflow/lib/python3.8/site-packages/airflow/example_dags/example_bash_operator.py took 0.084 seconds
