[2021-01-21 10:55:30,117] {scheduler_job.py:181} INFO - Started process (PID=8525) to work on /Users/sara/p38env_airflow/lib/python3.8/site-packages/airflow/example_dags/tutorial_etl_dag.py
[2021-01-21 10:55:30,117] {scheduler_job.py:629} INFO - Processing file /Users/sara/p38env_airflow/lib/python3.8/site-packages/airflow/example_dags/tutorial_etl_dag.py for tasks to queue
[2021-01-21 10:55:30,117] {logging_mixin.py:103} INFO - [2021-01-21 10:55:30,117] {dagbag.py:440} INFO - Filling up the DagBag from /Users/sara/p38env_airflow/lib/python3.8/site-packages/airflow/example_dags/tutorial_etl_dag.py
[2021-01-21 10:55:30,134] {scheduler_job.py:639} INFO - DAG(s) dict_keys(['tutorial_etl_dag']) retrieved from /Users/sara/p38env_airflow/lib/python3.8/site-packages/airflow/example_dags/tutorial_etl_dag.py
[2021-01-21 10:55:30,134] {logging_mixin.py:103} INFO - [2021-01-21 10:55:30,134] {dag.py:1813} INFO - Sync 1 DAGs
[2021-01-21 10:55:30,169] {logging_mixin.py:103} INFO - [2021-01-21 10:55:30,169] {dag.py:2266} INFO - Setting next_dagrun for tutorial_etl_dag to None
[2021-01-21 10:55:30,179] {scheduler_job.py:189} INFO - Processing /Users/sara/p38env_airflow/lib/python3.8/site-packages/airflow/example_dags/tutorial_etl_dag.py took 0.063 seconds
[2021-01-21 10:56:24,972] {scheduler_job.py:181} INFO - Started process (PID=8715) to work on /Users/sara/p38env_airflow/lib/python3.8/site-packages/airflow/example_dags/tutorial_etl_dag.py
[2021-01-21 10:56:24,973] {scheduler_job.py:629} INFO - Processing file /Users/sara/p38env_airflow/lib/python3.8/site-packages/airflow/example_dags/tutorial_etl_dag.py for tasks to queue
[2021-01-21 10:56:24,974] {logging_mixin.py:103} INFO - [2021-01-21 10:56:24,974] {dagbag.py:440} INFO - Filling up the DagBag from /Users/sara/p38env_airflow/lib/python3.8/site-packages/airflow/example_dags/tutorial_etl_dag.py
[2021-01-21 10:56:24,984] {scheduler_job.py:639} INFO - DAG(s) dict_keys(['tutorial_etl_dag']) retrieved from /Users/sara/p38env_airflow/lib/python3.8/site-packages/airflow/example_dags/tutorial_etl_dag.py
[2021-01-21 10:56:24,985] {logging_mixin.py:103} INFO - [2021-01-21 10:56:24,984] {dag.py:1813} INFO - Sync 1 DAGs
[2021-01-21 10:56:25,023] {logging_mixin.py:103} INFO - [2021-01-21 10:56:25,023] {dag.py:2266} INFO - Setting next_dagrun for tutorial_etl_dag to None
[2021-01-21 10:56:25,033] {scheduler_job.py:189} INFO - Processing /Users/sara/p38env_airflow/lib/python3.8/site-packages/airflow/example_dags/tutorial_etl_dag.py took 0.062 seconds
[2021-01-21 10:57:19,639] {scheduler_job.py:181} INFO - Started process (PID=8850) to work on /Users/sara/p38env_airflow/lib/python3.8/site-packages/airflow/example_dags/tutorial_etl_dag.py
[2021-01-21 10:57:19,639] {scheduler_job.py:629} INFO - Processing file /Users/sara/p38env_airflow/lib/python3.8/site-packages/airflow/example_dags/tutorial_etl_dag.py for tasks to queue
[2021-01-21 10:57:19,640] {logging_mixin.py:103} INFO - [2021-01-21 10:57:19,640] {dagbag.py:440} INFO - Filling up the DagBag from /Users/sara/p38env_airflow/lib/python3.8/site-packages/airflow/example_dags/tutorial_etl_dag.py
[2021-01-21 10:57:19,649] {scheduler_job.py:639} INFO - DAG(s) dict_keys(['tutorial_etl_dag']) retrieved from /Users/sara/p38env_airflow/lib/python3.8/site-packages/airflow/example_dags/tutorial_etl_dag.py
[2021-01-21 10:57:19,649] {logging_mixin.py:103} INFO - [2021-01-21 10:57:19,649] {dag.py:1813} INFO - Sync 1 DAGs
[2021-01-21 10:57:19,689] {logging_mixin.py:103} INFO - [2021-01-21 10:57:19,689] {dag.py:2266} INFO - Setting next_dagrun for tutorial_etl_dag to None
[2021-01-21 10:57:19,699] {scheduler_job.py:189} INFO - Processing /Users/sara/p38env_airflow/lib/python3.8/site-packages/airflow/example_dags/tutorial_etl_dag.py took 0.061 seconds
[2021-01-21 10:58:10,854] {scheduler_job.py:181} INFO - Started process (PID=8905) to work on /Users/sara/p38env_airflow/lib/python3.8/site-packages/airflow/example_dags/tutorial_etl_dag.py
[2021-01-21 10:58:10,856] {scheduler_job.py:629} INFO - Processing file /Users/sara/p38env_airflow/lib/python3.8/site-packages/airflow/example_dags/tutorial_etl_dag.py for tasks to queue
[2021-01-21 10:58:10,856] {logging_mixin.py:103} INFO - [2021-01-21 10:58:10,856] {dagbag.py:440} INFO - Filling up the DagBag from /Users/sara/p38env_airflow/lib/python3.8/site-packages/airflow/example_dags/tutorial_etl_dag.py
[2021-01-21 10:58:10,866] {scheduler_job.py:639} INFO - DAG(s) dict_keys(['tutorial_etl_dag']) retrieved from /Users/sara/p38env_airflow/lib/python3.8/site-packages/airflow/example_dags/tutorial_etl_dag.py
[2021-01-21 10:58:10,867] {logging_mixin.py:103} INFO - [2021-01-21 10:58:10,866] {dag.py:1813} INFO - Sync 1 DAGs
[2021-01-21 10:58:10,935] {logging_mixin.py:103} INFO - [2021-01-21 10:58:10,934] {dag.py:2266} INFO - Setting next_dagrun for tutorial_etl_dag to None
[2021-01-21 10:58:10,972] {scheduler_job.py:189} INFO - Processing /Users/sara/p38env_airflow/lib/python3.8/site-packages/airflow/example_dags/tutorial_etl_dag.py took 0.119 seconds
[2021-01-21 10:59:09,634] {scheduler_job.py:181} INFO - Started process (PID=8971) to work on /Users/sara/p38env_airflow/lib/python3.8/site-packages/airflow/example_dags/tutorial_etl_dag.py
[2021-01-21 10:59:09,635] {scheduler_job.py:629} INFO - Processing file /Users/sara/p38env_airflow/lib/python3.8/site-packages/airflow/example_dags/tutorial_etl_dag.py for tasks to queue
[2021-01-21 10:59:09,636] {logging_mixin.py:103} INFO - [2021-01-21 10:59:09,636] {dagbag.py:440} INFO - Filling up the DagBag from /Users/sara/p38env_airflow/lib/python3.8/site-packages/airflow/example_dags/tutorial_etl_dag.py
[2021-01-21 10:59:09,645] {scheduler_job.py:639} INFO - DAG(s) dict_keys(['tutorial_etl_dag']) retrieved from /Users/sara/p38env_airflow/lib/python3.8/site-packages/airflow/example_dags/tutorial_etl_dag.py
[2021-01-21 10:59:09,645] {logging_mixin.py:103} INFO - [2021-01-21 10:59:09,645] {dag.py:1813} INFO - Sync 1 DAGs
[2021-01-21 10:59:09,681] {logging_mixin.py:103} INFO - [2021-01-21 10:59:09,681] {dag.py:2266} INFO - Setting next_dagrun for tutorial_etl_dag to None
[2021-01-21 10:59:09,692] {scheduler_job.py:189} INFO - Processing /Users/sara/p38env_airflow/lib/python3.8/site-packages/airflow/example_dags/tutorial_etl_dag.py took 0.059 seconds
[2021-01-21 11:00:03,302] {scheduler_job.py:181} INFO - Started process (PID=9027) to work on /Users/sara/p38env_airflow/lib/python3.8/site-packages/airflow/example_dags/tutorial_etl_dag.py
[2021-01-21 11:00:03,303] {scheduler_job.py:629} INFO - Processing file /Users/sara/p38env_airflow/lib/python3.8/site-packages/airflow/example_dags/tutorial_etl_dag.py for tasks to queue
[2021-01-21 11:00:03,305] {logging_mixin.py:103} INFO - [2021-01-21 11:00:03,304] {dagbag.py:440} INFO - Filling up the DagBag from /Users/sara/p38env_airflow/lib/python3.8/site-packages/airflow/example_dags/tutorial_etl_dag.py
[2021-01-21 11:00:03,319] {scheduler_job.py:639} INFO - DAG(s) dict_keys(['tutorial_etl_dag']) retrieved from /Users/sara/p38env_airflow/lib/python3.8/site-packages/airflow/example_dags/tutorial_etl_dag.py
[2021-01-21 11:00:03,321] {logging_mixin.py:103} INFO - [2021-01-21 11:00:03,320] {dag.py:1813} INFO - Sync 1 DAGs
[2021-01-21 11:00:03,384] {logging_mixin.py:103} INFO - [2021-01-21 11:00:03,384] {dag.py:2266} INFO - Setting next_dagrun for tutorial_etl_dag to None
[2021-01-21 11:00:03,399] {scheduler_job.py:189} INFO - Processing /Users/sara/p38env_airflow/lib/python3.8/site-packages/airflow/example_dags/tutorial_etl_dag.py took 0.098 seconds
[2021-01-21 11:00:59,739] {scheduler_job.py:181} INFO - Started process (PID=9089) to work on /Users/sara/p38env_airflow/lib/python3.8/site-packages/airflow/example_dags/tutorial_etl_dag.py
[2021-01-21 11:00:59,742] {scheduler_job.py:629} INFO - Processing file /Users/sara/p38env_airflow/lib/python3.8/site-packages/airflow/example_dags/tutorial_etl_dag.py for tasks to queue
[2021-01-21 11:00:59,743] {logging_mixin.py:103} INFO - [2021-01-21 11:00:59,743] {dagbag.py:440} INFO - Filling up the DagBag from /Users/sara/p38env_airflow/lib/python3.8/site-packages/airflow/example_dags/tutorial_etl_dag.py
[2021-01-21 11:00:59,759] {scheduler_job.py:639} INFO - DAG(s) dict_keys(['tutorial_etl_dag']) retrieved from /Users/sara/p38env_airflow/lib/python3.8/site-packages/airflow/example_dags/tutorial_etl_dag.py
[2021-01-21 11:00:59,760] {logging_mixin.py:103} INFO - [2021-01-21 11:00:59,760] {dag.py:1813} INFO - Sync 1 DAGs
[2021-01-21 11:00:59,822] {logging_mixin.py:103} INFO - [2021-01-21 11:00:59,822] {dag.py:2266} INFO - Setting next_dagrun for tutorial_etl_dag to None
[2021-01-21 11:00:59,842] {scheduler_job.py:189} INFO - Processing /Users/sara/p38env_airflow/lib/python3.8/site-packages/airflow/example_dags/tutorial_etl_dag.py took 0.104 seconds
[2021-01-21 11:01:57,337] {scheduler_job.py:181} INFO - Started process (PID=9155) to work on /Users/sara/p38env_airflow/lib/python3.8/site-packages/airflow/example_dags/tutorial_etl_dag.py
[2021-01-21 11:01:57,339] {scheduler_job.py:629} INFO - Processing file /Users/sara/p38env_airflow/lib/python3.8/site-packages/airflow/example_dags/tutorial_etl_dag.py for tasks to queue
[2021-01-21 11:01:57,340] {logging_mixin.py:103} INFO - [2021-01-21 11:01:57,340] {dagbag.py:440} INFO - Filling up the DagBag from /Users/sara/p38env_airflow/lib/python3.8/site-packages/airflow/example_dags/tutorial_etl_dag.py
[2021-01-21 11:01:57,351] {scheduler_job.py:639} INFO - DAG(s) dict_keys(['tutorial_etl_dag']) retrieved from /Users/sara/p38env_airflow/lib/python3.8/site-packages/airflow/example_dags/tutorial_etl_dag.py
[2021-01-21 11:01:57,351] {logging_mixin.py:103} INFO - [2021-01-21 11:01:57,351] {dag.py:1813} INFO - Sync 1 DAGs
[2021-01-21 11:01:57,387] {logging_mixin.py:103} INFO - [2021-01-21 11:01:57,387] {dag.py:2266} INFO - Setting next_dagrun for tutorial_etl_dag to None
[2021-01-21 11:01:57,398] {scheduler_job.py:189} INFO - Processing /Users/sara/p38env_airflow/lib/python3.8/site-packages/airflow/example_dags/tutorial_etl_dag.py took 0.061 seconds
[2021-01-21 11:03:22,900] {scheduler_job.py:181} INFO - Started process (PID=9232) to work on /Users/sara/p38env_airflow/lib/python3.8/site-packages/airflow/example_dags/tutorial_etl_dag.py
[2021-01-21 11:03:22,901] {scheduler_job.py:629} INFO - Processing file /Users/sara/p38env_airflow/lib/python3.8/site-packages/airflow/example_dags/tutorial_etl_dag.py for tasks to queue
[2021-01-21 11:03:22,902] {logging_mixin.py:103} INFO - [2021-01-21 11:03:22,902] {dagbag.py:440} INFO - Filling up the DagBag from /Users/sara/p38env_airflow/lib/python3.8/site-packages/airflow/example_dags/tutorial_etl_dag.py
[2021-01-21 11:03:22,916] {scheduler_job.py:639} INFO - DAG(s) dict_keys(['tutorial_etl_dag']) retrieved from /Users/sara/p38env_airflow/lib/python3.8/site-packages/airflow/example_dags/tutorial_etl_dag.py
[2021-01-21 11:03:22,917] {logging_mixin.py:103} INFO - [2021-01-21 11:03:22,916] {dag.py:1813} INFO - Sync 1 DAGs
[2021-01-21 11:03:22,953] {logging_mixin.py:103} INFO - [2021-01-21 11:03:22,953] {dag.py:2266} INFO - Setting next_dagrun for tutorial_etl_dag to None
[2021-01-21 11:03:22,966] {scheduler_job.py:189} INFO - Processing /Users/sara/p38env_airflow/lib/python3.8/site-packages/airflow/example_dags/tutorial_etl_dag.py took 0.067 seconds
