[2021-01-21 10:55:54,295] {scheduler_job.py:181} INFO - Started process (PID=8599) to work on /Users/sara/p38env_airflow/lib/python3.8/site-packages/airflow/example_dags/tutorial_taskflow_api_etl.py
[2021-01-21 10:55:54,296] {scheduler_job.py:629} INFO - Processing file /Users/sara/p38env_airflow/lib/python3.8/site-packages/airflow/example_dags/tutorial_taskflow_api_etl.py for tasks to queue
[2021-01-21 10:55:54,297] {logging_mixin.py:103} INFO - [2021-01-21 10:55:54,296] {dagbag.py:440} INFO - Filling up the DagBag from /Users/sara/p38env_airflow/lib/python3.8/site-packages/airflow/example_dags/tutorial_taskflow_api_etl.py
[2021-01-21 10:55:54,306] {scheduler_job.py:639} INFO - DAG(s) dict_keys(['tutorial_taskflow_api_etl']) retrieved from /Users/sara/p38env_airflow/lib/python3.8/site-packages/airflow/example_dags/tutorial_taskflow_api_etl.py
[2021-01-21 10:55:54,307] {logging_mixin.py:103} INFO - [2021-01-21 10:55:54,307] {dag.py:1813} INFO - Sync 1 DAGs
[2021-01-21 10:55:54,379] {logging_mixin.py:103} INFO - [2021-01-21 10:55:54,379] {dag.py:2266} INFO - Setting next_dagrun for tutorial_taskflow_api_etl to None
[2021-01-21 10:55:54,403] {scheduler_job.py:189} INFO - Processing /Users/sara/p38env_airflow/lib/python3.8/site-packages/airflow/example_dags/tutorial_taskflow_api_etl.py took 0.109 seconds
[2021-01-21 10:56:47,316] {scheduler_job.py:181} INFO - Started process (PID=8779) to work on /Users/sara/p38env_airflow/lib/python3.8/site-packages/airflow/example_dags/tutorial_taskflow_api_etl.py
[2021-01-21 10:56:47,318] {scheduler_job.py:629} INFO - Processing file /Users/sara/p38env_airflow/lib/python3.8/site-packages/airflow/example_dags/tutorial_taskflow_api_etl.py for tasks to queue
[2021-01-21 10:56:47,319] {logging_mixin.py:103} INFO - [2021-01-21 10:56:47,319] {dagbag.py:440} INFO - Filling up the DagBag from /Users/sara/p38env_airflow/lib/python3.8/site-packages/airflow/example_dags/tutorial_taskflow_api_etl.py
[2021-01-21 10:56:47,327] {scheduler_job.py:639} INFO - DAG(s) dict_keys(['tutorial_taskflow_api_etl']) retrieved from /Users/sara/p38env_airflow/lib/python3.8/site-packages/airflow/example_dags/tutorial_taskflow_api_etl.py
[2021-01-21 10:56:47,328] {logging_mixin.py:103} INFO - [2021-01-21 10:56:47,328] {dag.py:1813} INFO - Sync 1 DAGs
[2021-01-21 10:56:47,362] {logging_mixin.py:103} INFO - [2021-01-21 10:56:47,362] {dag.py:2266} INFO - Setting next_dagrun for tutorial_taskflow_api_etl to None
[2021-01-21 10:56:47,376] {scheduler_job.py:189} INFO - Processing /Users/sara/p38env_airflow/lib/python3.8/site-packages/airflow/example_dags/tutorial_taskflow_api_etl.py took 0.061 seconds
[2021-01-21 10:57:40,274] {scheduler_job.py:181} INFO - Started process (PID=8875) to work on /Users/sara/p38env_airflow/lib/python3.8/site-packages/airflow/example_dags/tutorial_taskflow_api_etl.py
[2021-01-21 10:57:40,275] {scheduler_job.py:629} INFO - Processing file /Users/sara/p38env_airflow/lib/python3.8/site-packages/airflow/example_dags/tutorial_taskflow_api_etl.py for tasks to queue
[2021-01-21 10:57:40,275] {logging_mixin.py:103} INFO - [2021-01-21 10:57:40,275] {dagbag.py:440} INFO - Filling up the DagBag from /Users/sara/p38env_airflow/lib/python3.8/site-packages/airflow/example_dags/tutorial_taskflow_api_etl.py
[2021-01-21 10:57:40,282] {scheduler_job.py:639} INFO - DAG(s) dict_keys(['tutorial_taskflow_api_etl']) retrieved from /Users/sara/p38env_airflow/lib/python3.8/site-packages/airflow/example_dags/tutorial_taskflow_api_etl.py
[2021-01-21 10:57:40,283] {logging_mixin.py:103} INFO - [2021-01-21 10:57:40,283] {dag.py:1813} INFO - Sync 1 DAGs
[2021-01-21 10:57:40,310] {logging_mixin.py:103} INFO - [2021-01-21 10:57:40,310] {dag.py:2266} INFO - Setting next_dagrun for tutorial_taskflow_api_etl to None
[2021-01-21 10:57:40,323] {scheduler_job.py:189} INFO - Processing /Users/sara/p38env_airflow/lib/python3.8/site-packages/airflow/example_dags/tutorial_taskflow_api_etl.py took 0.049 seconds
[2021-01-21 10:58:35,663] {scheduler_job.py:181} INFO - Started process (PID=8936) to work on /Users/sara/p38env_airflow/lib/python3.8/site-packages/airflow/example_dags/tutorial_taskflow_api_etl.py
[2021-01-21 10:58:35,665] {scheduler_job.py:629} INFO - Processing file /Users/sara/p38env_airflow/lib/python3.8/site-packages/airflow/example_dags/tutorial_taskflow_api_etl.py for tasks to queue
[2021-01-21 10:58:35,666] {logging_mixin.py:103} INFO - [2021-01-21 10:58:35,666] {dagbag.py:440} INFO - Filling up the DagBag from /Users/sara/p38env_airflow/lib/python3.8/site-packages/airflow/example_dags/tutorial_taskflow_api_etl.py
[2021-01-21 10:58:35,688] {scheduler_job.py:639} INFO - DAG(s) dict_keys(['tutorial_taskflow_api_etl']) retrieved from /Users/sara/p38env_airflow/lib/python3.8/site-packages/airflow/example_dags/tutorial_taskflow_api_etl.py
[2021-01-21 10:58:35,689] {logging_mixin.py:103} INFO - [2021-01-21 10:58:35,689] {dag.py:1813} INFO - Sync 1 DAGs
[2021-01-21 10:58:35,891] {logging_mixin.py:103} INFO - [2021-01-21 10:58:35,891] {dag.py:2266} INFO - Setting next_dagrun for tutorial_taskflow_api_etl to None
[2021-01-21 10:58:35,930] {scheduler_job.py:189} INFO - Processing /Users/sara/p38env_airflow/lib/python3.8/site-packages/airflow/example_dags/tutorial_taskflow_api_etl.py took 0.268 seconds
[2021-01-21 10:59:31,583] {scheduler_job.py:181} INFO - Started process (PID=8994) to work on /Users/sara/p38env_airflow/lib/python3.8/site-packages/airflow/example_dags/tutorial_taskflow_api_etl.py
[2021-01-21 10:59:31,584] {scheduler_job.py:629} INFO - Processing file /Users/sara/p38env_airflow/lib/python3.8/site-packages/airflow/example_dags/tutorial_taskflow_api_etl.py for tasks to queue
[2021-01-21 10:59:31,585] {logging_mixin.py:103} INFO - [2021-01-21 10:59:31,585] {dagbag.py:440} INFO - Filling up the DagBag from /Users/sara/p38env_airflow/lib/python3.8/site-packages/airflow/example_dags/tutorial_taskflow_api_etl.py
[2021-01-21 10:59:31,595] {scheduler_job.py:639} INFO - DAG(s) dict_keys(['tutorial_taskflow_api_etl']) retrieved from /Users/sara/p38env_airflow/lib/python3.8/site-packages/airflow/example_dags/tutorial_taskflow_api_etl.py
[2021-01-21 10:59:31,596] {logging_mixin.py:103} INFO - [2021-01-21 10:59:31,596] {dag.py:1813} INFO - Sync 1 DAGs
[2021-01-21 10:59:31,634] {logging_mixin.py:103} INFO - [2021-01-21 10:59:31,634] {dag.py:2266} INFO - Setting next_dagrun for tutorial_taskflow_api_etl to None
[2021-01-21 10:59:31,651] {scheduler_job.py:189} INFO - Processing /Users/sara/p38env_airflow/lib/python3.8/site-packages/airflow/example_dags/tutorial_taskflow_api_etl.py took 0.069 seconds
[2021-01-21 11:00:25,482] {scheduler_job.py:181} INFO - Started process (PID=9053) to work on /Users/sara/p38env_airflow/lib/python3.8/site-packages/airflow/example_dags/tutorial_taskflow_api_etl.py
[2021-01-21 11:00:25,483] {scheduler_job.py:629} INFO - Processing file /Users/sara/p38env_airflow/lib/python3.8/site-packages/airflow/example_dags/tutorial_taskflow_api_etl.py for tasks to queue
[2021-01-21 11:00:25,484] {logging_mixin.py:103} INFO - [2021-01-21 11:00:25,484] {dagbag.py:440} INFO - Filling up the DagBag from /Users/sara/p38env_airflow/lib/python3.8/site-packages/airflow/example_dags/tutorial_taskflow_api_etl.py
[2021-01-21 11:00:25,493] {scheduler_job.py:639} INFO - DAG(s) dict_keys(['tutorial_taskflow_api_etl']) retrieved from /Users/sara/p38env_airflow/lib/python3.8/site-packages/airflow/example_dags/tutorial_taskflow_api_etl.py
[2021-01-21 11:00:25,493] {logging_mixin.py:103} INFO - [2021-01-21 11:00:25,493] {dag.py:1813} INFO - Sync 1 DAGs
[2021-01-21 11:00:25,527] {logging_mixin.py:103} INFO - [2021-01-21 11:00:25,527] {dag.py:2266} INFO - Setting next_dagrun for tutorial_taskflow_api_etl to None
[2021-01-21 11:00:25,543] {scheduler_job.py:189} INFO - Processing /Users/sara/p38env_airflow/lib/python3.8/site-packages/airflow/example_dags/tutorial_taskflow_api_etl.py took 0.063 seconds
[2021-01-21 11:01:22,225] {scheduler_job.py:181} INFO - Started process (PID=9118) to work on /Users/sara/p38env_airflow/lib/python3.8/site-packages/airflow/example_dags/tutorial_taskflow_api_etl.py
[2021-01-21 11:01:22,227] {scheduler_job.py:629} INFO - Processing file /Users/sara/p38env_airflow/lib/python3.8/site-packages/airflow/example_dags/tutorial_taskflow_api_etl.py for tasks to queue
[2021-01-21 11:01:22,228] {logging_mixin.py:103} INFO - [2021-01-21 11:01:22,228] {dagbag.py:440} INFO - Filling up the DagBag from /Users/sara/p38env_airflow/lib/python3.8/site-packages/airflow/example_dags/tutorial_taskflow_api_etl.py
[2021-01-21 11:01:22,238] {scheduler_job.py:639} INFO - DAG(s) dict_keys(['tutorial_taskflow_api_etl']) retrieved from /Users/sara/p38env_airflow/lib/python3.8/site-packages/airflow/example_dags/tutorial_taskflow_api_etl.py
[2021-01-21 11:01:22,239] {logging_mixin.py:103} INFO - [2021-01-21 11:01:22,239] {dag.py:1813} INFO - Sync 1 DAGs
[2021-01-21 11:01:22,269] {logging_mixin.py:103} INFO - [2021-01-21 11:01:22,269] {dag.py:2266} INFO - Setting next_dagrun for tutorial_taskflow_api_etl to None
[2021-01-21 11:01:22,282] {scheduler_job.py:189} INFO - Processing /Users/sara/p38env_airflow/lib/python3.8/site-packages/airflow/example_dags/tutorial_taskflow_api_etl.py took 0.058 seconds
[2021-01-21 11:02:19,525] {scheduler_job.py:181} INFO - Started process (PID=9193) to work on /Users/sara/p38env_airflow/lib/python3.8/site-packages/airflow/example_dags/tutorial_taskflow_api_etl.py
[2021-01-21 11:02:19,527] {scheduler_job.py:629} INFO - Processing file /Users/sara/p38env_airflow/lib/python3.8/site-packages/airflow/example_dags/tutorial_taskflow_api_etl.py for tasks to queue
[2021-01-21 11:02:19,527] {logging_mixin.py:103} INFO - [2021-01-21 11:02:19,527] {dagbag.py:440} INFO - Filling up the DagBag from /Users/sara/p38env_airflow/lib/python3.8/site-packages/airflow/example_dags/tutorial_taskflow_api_etl.py
[2021-01-21 11:02:19,534] {scheduler_job.py:639} INFO - DAG(s) dict_keys(['tutorial_taskflow_api_etl']) retrieved from /Users/sara/p38env_airflow/lib/python3.8/site-packages/airflow/example_dags/tutorial_taskflow_api_etl.py
[2021-01-21 11:02:19,535] {logging_mixin.py:103} INFO - [2021-01-21 11:02:19,535] {dag.py:1813} INFO - Sync 1 DAGs
[2021-01-21 11:02:19,564] {logging_mixin.py:103} INFO - [2021-01-21 11:02:19,564] {dag.py:2266} INFO - Setting next_dagrun for tutorial_taskflow_api_etl to None
[2021-01-21 11:02:19,578] {scheduler_job.py:189} INFO - Processing /Users/sara/p38env_airflow/lib/python3.8/site-packages/airflow/example_dags/tutorial_taskflow_api_etl.py took 0.054 seconds
[2021-01-21 11:03:49,848] {scheduler_job.py:181} INFO - Started process (PID=9257) to work on /Users/sara/p38env_airflow/lib/python3.8/site-packages/airflow/example_dags/tutorial_taskflow_api_etl.py
[2021-01-21 11:03:49,849] {scheduler_job.py:629} INFO - Processing file /Users/sara/p38env_airflow/lib/python3.8/site-packages/airflow/example_dags/tutorial_taskflow_api_etl.py for tasks to queue
[2021-01-21 11:03:49,850] {logging_mixin.py:103} INFO - [2021-01-21 11:03:49,850] {dagbag.py:440} INFO - Filling up the DagBag from /Users/sara/p38env_airflow/lib/python3.8/site-packages/airflow/example_dags/tutorial_taskflow_api_etl.py
[2021-01-21 11:03:49,859] {scheduler_job.py:639} INFO - DAG(s) dict_keys(['tutorial_taskflow_api_etl']) retrieved from /Users/sara/p38env_airflow/lib/python3.8/site-packages/airflow/example_dags/tutorial_taskflow_api_etl.py
[2021-01-21 11:03:49,859] {logging_mixin.py:103} INFO - [2021-01-21 11:03:49,859] {dag.py:1813} INFO - Sync 1 DAGs
[2021-01-21 11:03:49,904] {logging_mixin.py:103} INFO - [2021-01-21 11:03:49,904] {dag.py:2266} INFO - Setting next_dagrun for tutorial_taskflow_api_etl to None
[2021-01-21 11:03:49,921] {scheduler_job.py:189} INFO - Processing /Users/sara/p38env_airflow/lib/python3.8/site-packages/airflow/example_dags/tutorial_taskflow_api_etl.py took 0.074 seconds
