[2021-02-17 11:45:20,921] {taskinstance.py:826} INFO - Dependencies all met for <TaskInstance: ge_demo_db_dag.check_results 2021-02-17T10:44:22.318021+00:00 [queued]>
[2021-02-17 11:45:20,929] {taskinstance.py:826} INFO - Dependencies all met for <TaskInstance: ge_demo_db_dag.check_results 2021-02-17T10:44:22.318021+00:00 [queued]>
[2021-02-17 11:45:20,929] {taskinstance.py:1017} INFO - 
--------------------------------------------------------------------------------
[2021-02-17 11:45:20,929] {taskinstance.py:1018} INFO - Starting attempt 1 of 1
[2021-02-17 11:45:20,929] {taskinstance.py:1019} INFO - 
--------------------------------------------------------------------------------
[2021-02-17 11:45:20,939] {taskinstance.py:1038} INFO - Executing <Task(BashOperator): check_results> on 2021-02-17T10:44:22.318021+00:00
[2021-02-17 11:45:20,943] {standard_task_runner.py:51} INFO - Started process 10136 to run task
[2021-02-17 11:45:20,953] {standard_task_runner.py:75} INFO - Running: ['airflow', 'tasks', 'run', 'ge_demo_db_dag', 'check_results', '2021-02-17T10:44:22.318021+00:00', '--job-id', '503', '--pool', 'default_pool', '--raw', '--subdir', 'DAGS_FOLDER/ge_demo_db_dag.py', '--cfg-path', '/var/folders/s2/xy3ssc8j3ks3whp2f_b8708c0000gp/T/tmpt8k65waq']
[2021-02-17 11:45:20,957] {standard_task_runner.py:76} INFO - Job 503: Subtask check_results
[2021-02-17 11:45:21,006] {logging_mixin.py:103} INFO - Running <TaskInstance: ge_demo_db_dag.check_results 2021-02-17T10:44:22.318021+00:00 [running]> on host admins-MacBook-Air.local
[2021-02-17 11:45:21,050] {taskinstance.py:1230} INFO - Exporting the following env vars:
AIRFLOW_CTX_DAG_EMAIL=sara@acloudfrontier.com
AIRFLOW_CTX_DAG_OWNER=sara
AIRFLOW_CTX_DAG_ID=ge_demo_db_dag
AIRFLOW_CTX_TASK_ID=check_results
AIRFLOW_CTX_EXECUTION_DATE=2021-02-17T10:44:22.318021+00:00
AIRFLOW_CTX_DAG_RUN_ID=manual__2021-02-17T10:44:22.318021+00:00
[2021-02-17 11:45:21,051] {bash.py:135} INFO - Tmp dir root location: 
 /var/folders/s2/xy3ssc8j3ks3whp2f_b8708c0000gp/T
[2021-02-17 11:45:21,052] {bash.py:158} INFO - Running command: cd /Users/sara/airflow/dags/snowflake/ge_demo_db && great_expectations docs build -y
[2021-02-17 11:45:21,063] {bash.py:169} INFO - Output:
[2021-02-17 11:45:24,517] {bash.py:173} INFO - Detected legacy config version (2.0) so will try to use default checkpoint store name.
[2021-02-17 11:45:24,518] {bash.py:173} INFO -   Please update your configuration to the new version number 3.0 in order to use the new "Checkpoint Store" feature.  Visit https://docs.greatexpectations.io/en/latest/how_to_guides/migrating_versions.html to learn more about the upgrade process.
[2021-02-17 11:45:24,587] {bash.py:173} INFO - Detected legacy config version (2.0) so will try to use default checkpoint store name.
[2021-02-17 11:45:24,587] {bash.py:173} INFO -   Please update your configuration to the new version number 3.0 in order to use the new "Checkpoint Store" feature.  Visit https://docs.greatexpectations.io/en/latest/how_to_guides/migrating_versions.html to learn more about the upgrade process.
[2021-02-17 11:45:24,662] {bash.py:173} INFO - Detected legacy config version (2.0) so will try to use default checkpoint store name.
[2021-02-17 11:45:24,662] {bash.py:173} INFO -   Please update your configuration to the new version number 3.0 in order to use the new "Checkpoint Store" feature.  Visit https://docs.greatexpectations.io/en/latest/how_to_guides/migrating_versions.html to learn more about the upgrade process.
[2021-02-17 11:45:26,049] {bash.py:173} INFO - 
[2021-02-17 11:45:26,050] {bash.py:173} INFO - The following Data Docs sites will be built:
[2021-02-17 11:45:26,050] {bash.py:173} INFO - 
[2021-02-17 11:45:26,051] {bash.py:173} INFO -  - local_site: file:///Users/sara/airflow/dags/snowflake/ge_demo_db/great_expectations/uncommitted/data_docs/local_site/index.html
[2021-02-17 11:45:26,052] {bash.py:173} INFO - 
[2021-02-17 11:45:26,052] {bash.py:173} INFO - 
[2021-02-17 11:45:26,053] {bash.py:173} INFO - Building Data Docs...
[2021-02-17 11:45:26,053] {bash.py:173} INFO - 
[2021-02-17 11:45:26,884] {bash.py:173} INFO - Done building Data Docs
[2021-02-17 11:45:28,614] {bash.py:177} INFO - Command exited with return code 0
[2021-02-17 11:45:28,660] {taskinstance.py:1135} INFO - Marking task as SUCCESS. dag_id=ge_demo_db_dag, task_id=check_results, execution_date=20210217T104422, start_date=20210217T104520, end_date=20210217T104528
[2021-02-17 11:45:28,745] {taskinstance.py:1195} INFO - 0 downstream tasks scheduled from follow-on schedule check
[2021-02-17 11:45:28,764] {local_task_job.py:118} INFO - Task exited with return code 0
