[2021-01-22 12:05:27,738] {taskinstance.py:826} INFO - Dependencies all met for <TaskInstance: connection_snowflake.snowflake_create 2021-01-22T11:05:22.880096+00:00 [queued]>
[2021-01-22 12:05:27,746] {taskinstance.py:826} INFO - Dependencies all met for <TaskInstance: connection_snowflake.snowflake_create 2021-01-22T11:05:22.880096+00:00 [queued]>
[2021-01-22 12:05:27,746] {taskinstance.py:1017} INFO - 
--------------------------------------------------------------------------------
[2021-01-22 12:05:27,746] {taskinstance.py:1018} INFO - Starting attempt 1 of 1
[2021-01-22 12:05:27,746] {taskinstance.py:1019} INFO - 
--------------------------------------------------------------------------------
[2021-01-22 12:05:27,754] {taskinstance.py:1038} INFO - Executing <Task(SnowflakeOperator): snowflake_create> on 2021-01-22T11:05:22.880096+00:00
[2021-01-22 12:05:27,757] {standard_task_runner.py:51} INFO - Started process 4681 to run task
[2021-01-22 12:05:27,767] {standard_task_runner.py:75} INFO - Running: ['airflow', 'tasks', 'run', 'connection_snowflake', 'snowflake_create', '2021-01-22T11:05:22.880096+00:00', '--job-id', '26', '--pool', 'default_pool', '--raw', '--subdir', 'DAGS_FOLDER/connection_snowflake_dag.py', '--cfg-path', '/var/folders/s2/xy3ssc8j3ks3whp2f_b8708c0000gp/T/tmpxhw9ipi5']
[2021-01-22 12:05:27,769] {standard_task_runner.py:76} INFO - Job 26: Subtask snowflake_create
[2021-01-22 12:05:27,811] {logging_mixin.py:103} INFO - Running <TaskInstance: connection_snowflake.snowflake_create 2021-01-22T11:05:22.880096+00:00 [running]> on host admins-air.home
[2021-01-22 12:05:27,844] {taskinstance.py:1230} INFO - Exporting the following env vars:
AIRFLOW_CTX_DAG_EMAIL=sara@acloudfrontier.com
AIRFLOW_CTX_DAG_OWNER=sara
AIRFLOW_CTX_DAG_ID=connection_snowflake
AIRFLOW_CTX_TASK_ID=snowflake_create
AIRFLOW_CTX_EXECUTION_DATE=2021-01-22T11:05:22.880096+00:00
AIRFLOW_CTX_DAG_RUN_ID=manual__2021-01-22T11:05:22.880096+00:00
[2021-01-22 12:05:27,845] {snowflake.py:119} INFO - Executing: ['create table public.test_employee (id number, name string);', "insert into public.test_employee values(1, 'Sam'),(2, 'Andy'),(3, 'Gill');"]
[2021-01-22 12:05:27,858] {base.py:65} INFO - Using connection to: id: snowflake_conn. Host: dp13486.eu-west-1.snowflakecomputing.com, Port: None, Schema: PUBLIC, Login: SARA, Password: XXXXXXXX, extra: XXXXXXXX
[2021-01-22 12:05:27,863] {connection.py:215} INFO - Snowflake Connector for Python Version: 2.3.8, Python Version: 3.8.6, Platform: macOS-10.16-x86_64-i386-64bit
[2021-01-22 12:05:27,864] {connection.py:768} INFO - This connection is in OCSP Fail Open Mode. TLS Certificates would be checked for validity and revocation status. Any other Certificate Revocation related exceptions or OCSP Responder failures would be disregarded in favor of connectivity.
[2021-01-22 12:05:27,864] {connection.py:784} INFO - Setting use_openssl_only mode to False
[2021-01-22 12:05:29,061] {cursor.py:537} INFO - query: [ALTER SESSION SET autocommit=True]
[2021-01-22 12:05:29,173] {cursor.py:560} INFO - query execution done
[2021-01-22 12:05:29,174] {dbapi.py:180} INFO - Running statement: create table public.test_employee (id number, name string);, parameters: None
[2021-01-22 12:05:29,175] {cursor.py:537} INFO - query: [create table public.test_employee (id number, name string);]
[2021-01-22 12:05:29,458] {cursor.py:560} INFO - query execution done
[2021-01-22 12:05:29,459] {dbapi.py:186} INFO - Rows affected: 1
[2021-01-22 12:05:29,460] {dbapi.py:180} INFO - Running statement: insert into public.test_employee values(1, 'Sam'),(2, 'Andy'),(3, 'Gill');, parameters: None
[2021-01-22 12:05:29,461] {cursor.py:537} INFO - query: [insert into public.test_employee values(1, 'Sam'),(2, 'Andy'),(3, 'Gill');]
[2021-01-22 12:05:30,546] {cursor.py:560} INFO - query execution done
[2021-01-22 12:05:30,547] {dbapi.py:186} INFO - Rows affected: 3
[2021-01-22 12:05:30,549] {connection.py:438} INFO - closed
[2021-01-22 12:05:30,766] {connection.py:441} INFO - No async queries seem to be running, deleting session
[2021-01-22 12:05:31,437] {taskinstance.py:1135} INFO - Marking task as SUCCESS. dag_id=connection_snowflake, task_id=snowflake_create, execution_date=20210122T110522, start_date=20210122T110527, end_date=20210122T110531
[2021-01-22 12:05:31,465] {taskinstance.py:1195} INFO - 1 downstream tasks scheduled from follow-on schedule check
[2021-01-22 12:05:31,506] {local_task_job.py:118} INFO - Task exited with return code 0
