[2021-01-25 08:55:06,870] {taskinstance.py:826} INFO - Dependencies all met for <TaskInstance: ge_bash_op_dag.export_to_generic_table 2021-01-25T07:54:19.817918+00:00 [queued]>
[2021-01-25 08:55:06,876] {taskinstance.py:826} INFO - Dependencies all met for <TaskInstance: ge_bash_op_dag.export_to_generic_table 2021-01-25T07:54:19.817918+00:00 [queued]>
[2021-01-25 08:55:06,876] {taskinstance.py:1017} INFO - 
--------------------------------------------------------------------------------
[2021-01-25 08:55:06,876] {taskinstance.py:1018} INFO - Starting attempt 1 of 1
[2021-01-25 08:55:06,876] {taskinstance.py:1019} INFO - 
--------------------------------------------------------------------------------
[2021-01-25 08:55:06,883] {taskinstance.py:1038} INFO - Executing <Task(SnowflakeOperator): export_to_generic_table> on 2021-01-25T07:54:19.817918+00:00
[2021-01-25 08:55:06,886] {standard_task_runner.py:51} INFO - Started process 4188 to run task
[2021-01-25 08:55:06,893] {standard_task_runner.py:75} INFO - Running: ['airflow', 'tasks', 'run', 'ge_bash_op_dag', 'export_to_generic_table', '2021-01-25T07:54:19.817918+00:00', '--job-id', '51', '--pool', 'default_pool', '--raw', '--subdir', 'DAGS_FOLDER/ge_bash_op_dag.py', '--cfg-path', '/var/folders/s2/xy3ssc8j3ks3whp2f_b8708c0000gp/T/tmpvrdj_sz5']
[2021-01-25 08:55:06,896] {standard_task_runner.py:76} INFO - Job 51: Subtask export_to_generic_table
[2021-01-25 08:55:06,932] {logging_mixin.py:103} INFO - Running <TaskInstance: ge_bash_op_dag.export_to_generic_table 2021-01-25T07:54:19.817918+00:00 [running]> on host admins-air.home
[2021-01-25 08:55:06,960] {taskinstance.py:1230} INFO - Exporting the following env vars:
AIRFLOW_CTX_DAG_EMAIL=sara@acloudfrontier.com
AIRFLOW_CTX_DAG_OWNER=sara
AIRFLOW_CTX_DAG_ID=ge_bash_op_dag
AIRFLOW_CTX_TASK_ID=export_to_generic_table
AIRFLOW_CTX_EXECUTION_DATE=2021-01-25T07:54:19.817918+00:00
AIRFLOW_CTX_DAG_RUN_ID=manual__2021-01-25T07:54:19.817918+00:00
[2021-01-25 08:55:06,961] {snowflake.py:119} INFO - Executing: ['insert into  GENERIC_NYC_TAXI select * from NYC_TAXI_01;']
[2021-01-25 08:55:06,968] {base.py:65} INFO - Using connection to: id: snowflake_conn. Host: dp13486.eu-west-1.snowflakecomputing.com, Port: None, Schema: PUBLIC, Login: SARA, Password: XXXXXXXX, extra: XXXXXXXX
[2021-01-25 08:55:06,970] {connection.py:215} INFO - Snowflake Connector for Python Version: 2.3.8, Python Version: 3.8.6, Platform: macOS-10.16-x86_64-i386-64bit
[2021-01-25 08:55:06,972] {connection.py:768} INFO - This connection is in OCSP Fail Open Mode. TLS Certificates would be checked for validity and revocation status. Any other Certificate Revocation related exceptions or OCSP Responder failures would be disregarded in favor of connectivity.
[2021-01-25 08:55:06,972] {connection.py:784} INFO - Setting use_openssl_only mode to False
[2021-01-25 08:55:08,090] {cursor.py:537} INFO - query: [ALTER SESSION SET autocommit=True]
[2021-01-25 08:55:08,224] {cursor.py:560} INFO - query execution done
[2021-01-25 08:55:08,226] {dbapi.py:180} INFO - Running statement: insert into  GENERIC_NYC_TAXI select * from NYC_TAXI_01;, parameters: None
[2021-01-25 08:55:08,227] {cursor.py:537} INFO - query: [insert into  GENERIC_NYC_TAXI select * from NYC_TAXI_01;]
[2021-01-25 08:55:08,357] {cursor.py:560} INFO - query execution done
[2021-01-25 08:55:08,375] {connection.py:438} INFO - closed
[2021-01-25 08:55:08,439] {connection.py:441} INFO - No async queries seem to be running, deleting session
[2021-01-25 08:55:08,553] {taskinstance.py:1396} ERROR - 002003 (42S02): 0199d75b-00ed-4c48-0000-a011000291aa: SQL compilation error:
Object 'NYC_TAXI_01' does not exist or not authorized.
Traceback (most recent call last):
  File "/Users/sara/p38env_airflow/lib/python3.8/site-packages/airflow/models/taskinstance.py", line 1086, in _run_raw_task
    self._prepare_and_execute_task_with_callbacks(context, task)
  File "/Users/sara/p38env_airflow/lib/python3.8/site-packages/airflow/models/taskinstance.py", line 1260, in _prepare_and_execute_task_with_callbacks
    result = self._execute_task(context, task_copy)
  File "/Users/sara/p38env_airflow/lib/python3.8/site-packages/airflow/models/taskinstance.py", line 1300, in _execute_task
    result = task_copy.execute(context=context)
  File "/Users/sara/p38env_airflow/lib/python3.8/site-packages/airflow/providers/snowflake/operators/snowflake.py", line 121, in execute
    hook.run(self.sql, autocommit=self.autocommit, parameters=self.parameters)
  File "/Users/sara/p38env_airflow/lib/python3.8/site-packages/airflow/hooks/dbapi.py", line 184, in run
    cur.execute(sql_statement)
  File "/Users/sara/p38env_airflow/lib/python3.8/site-packages/snowflake/connector/cursor.py", line 612, in execute
    Error.errorhandler_wrapper(self.connection, self,
  File "/Users/sara/p38env_airflow/lib/python3.8/site-packages/snowflake/connector/errors.py", line 224, in errorhandler_wrapper
    cursor.errorhandler(connection, cursor, error_class, error_value)
  File "/Users/sara/p38env_airflow/lib/python3.8/site-packages/snowflake/connector/errors.py", line 179, in default_errorhandler
    raise error_class(
snowflake.connector.errors.ProgrammingError: 002003 (42S02): 0199d75b-00ed-4c48-0000-a011000291aa: SQL compilation error:
Object 'NYC_TAXI_01' does not exist or not authorized.
[2021-01-25 08:55:08,556] {taskinstance.py:1433} INFO - Marking task as FAILED. dag_id=ge_bash_op_dag, task_id=export_to_generic_table, execution_date=20210125T075419, start_date=20210125T075506, end_date=20210125T075508
[2021-01-25 08:55:08,626] {local_task_job.py:118} INFO - Task exited with return code 1
