[2021-02-16 12:02:51,890] {taskinstance.py:826} INFO - Dependencies all met for <TaskInstance: ge_demo_db_dag.build_data_docs 2021-02-16T11:01:22.504272+00:00 [queued]>
[2021-02-16 12:02:51,902] {taskinstance.py:826} INFO - Dependencies all met for <TaskInstance: ge_demo_db_dag.build_data_docs 2021-02-16T11:01:22.504272+00:00 [queued]>
[2021-02-16 12:02:51,902] {taskinstance.py:1017} INFO - 
--------------------------------------------------------------------------------
[2021-02-16 12:02:51,903] {taskinstance.py:1018} INFO - Starting attempt 1 of 1
[2021-02-16 12:02:51,903] {taskinstance.py:1019} INFO - 
--------------------------------------------------------------------------------
[2021-02-16 12:02:51,913] {taskinstance.py:1038} INFO - Executing <Task(BashOperator): build_data_docs> on 2021-02-16T11:01:22.504272+00:00
[2021-02-16 12:02:51,918] {standard_task_runner.py:51} INFO - Started process 16848 to run task
[2021-02-16 12:02:51,932] {standard_task_runner.py:75} INFO - Running: ['airflow', 'tasks', 'run', 'ge_demo_db_dag', 'build_data_docs', '2021-02-16T11:01:22.504272+00:00', '--job-id', '488', '--pool', 'default_pool', '--raw', '--subdir', 'DAGS_FOLDER/ge_demo_db_dag.py', '--cfg-path', '/var/folders/s2/xy3ssc8j3ks3whp2f_b8708c0000gp/T/tmpujyt_ckb']
[2021-02-16 12:02:51,936] {standard_task_runner.py:76} INFO - Job 488: Subtask build_data_docs
[2021-02-16 12:02:52,007] {logging_mixin.py:103} INFO - Running <TaskInstance: ge_demo_db_dag.build_data_docs 2021-02-16T11:01:22.504272+00:00 [running]> on host 1.0.0.0.0.0.0.0.0.0.0.0.0.0.0.0.0.0.0.0.0.0.0.0.0.0.0.0.0.0.0.0.ip6.arpa
[2021-02-16 12:02:52,055] {taskinstance.py:1230} INFO - Exporting the following env vars:
AIRFLOW_CTX_DAG_EMAIL=sara@acloudfrontier.com
AIRFLOW_CTX_DAG_OWNER=sara
AIRFLOW_CTX_DAG_ID=ge_demo_db_dag
AIRFLOW_CTX_TASK_ID=build_data_docs
AIRFLOW_CTX_EXECUTION_DATE=2021-02-16T11:01:22.504272+00:00
AIRFLOW_CTX_DAG_RUN_ID=manual__2021-02-16T11:01:22.504272+00:00
[2021-02-16 12:02:52,056] {bash.py:135} INFO - Tmp dir root location: 
 /var/folders/s2/xy3ssc8j3ks3whp2f_b8708c0000gp/T
[2021-02-16 12:02:52,057] {bash.py:158} INFO - Running command: cd /Users/sara/airflow/dags/snowflake/ge_demo_db && great_expectations docs build -y
[2021-02-16 12:02:52,070] {bash.py:169} INFO - Output:
[2021-02-16 12:02:57,021] {bash.py:173} INFO - Detected legacy config version (2.0) so will try to use default checkpoint store name.
[2021-02-16 12:02:57,022] {bash.py:173} INFO -   Please update your configuration to the new version number 3.0 in order to use the new "Checkpoint Store" feature.  Visit https://docs.greatexpectations.io/en/latest/how_to_guides/migrating_versions.html to learn more about the upgrade process.
[2021-02-16 12:02:57,099] {bash.py:173} INFO - Detected legacy config version (2.0) so will try to use default checkpoint store name.
[2021-02-16 12:02:57,099] {bash.py:173} INFO -   Please update your configuration to the new version number 3.0 in order to use the new "Checkpoint Store" feature.  Visit https://docs.greatexpectations.io/en/latest/how_to_guides/migrating_versions.html to learn more about the upgrade process.
[2021-02-16 12:02:57,177] {bash.py:173} INFO - Detected legacy config version (2.0) so will try to use default checkpoint store name.
[2021-02-16 12:02:57,177] {bash.py:173} INFO -   Please update your configuration to the new version number 3.0 in order to use the new "Checkpoint Store" feature.  Visit https://docs.greatexpectations.io/en/latest/how_to_guides/migrating_versions.html to learn more about the upgrade process.
[2021-02-16 12:02:58,752] {bash.py:173} INFO - 
[2021-02-16 12:02:58,753] {bash.py:173} INFO - The following Data Docs sites will be built:
[2021-02-16 12:02:58,754] {bash.py:173} INFO - 
[2021-02-16 12:02:58,754] {bash.py:173} INFO -  - local_site: file:///Users/sara/airflow/dags/snowflake/ge_demo_db/great_expectations/uncommitted/data_docs/local_site/index.html
[2021-02-16 12:02:58,754] {bash.py:173} INFO - 
[2021-02-16 12:02:58,755] {bash.py:173} INFO - 
[2021-02-16 12:02:58,756] {bash.py:173} INFO - Building Data Docs...
[2021-02-16 12:02:58,757] {bash.py:173} INFO - 
[2021-02-16 12:03:00,051] {bash.py:173} INFO - Done building Data Docs
[2021-02-16 12:03:02,401] {bash.py:177} INFO - Command exited with return code 0
[2021-02-16 12:03:02,429] {taskinstance.py:1135} INFO - Marking task as SUCCESS. dag_id=ge_demo_db_dag, task_id=build_data_docs, execution_date=20210216T110122, start_date=20210216T110251, end_date=20210216T110302
[2021-02-16 12:03:02,468] {taskinstance.py:1195} INFO - 0 downstream tasks scheduled from follow-on schedule check
[2021-02-16 12:03:02,603] {local_task_job.py:118} INFO - Task exited with return code 0
