[2021-01-21 10:56:10,573] {scheduler_job.py:181} INFO - Started process (PID=8656) to work on /Users/sara/p38env_airflow/lib/python3.8/site-packages/airflow/example_dags/example_latest_only_with_trigger.py
[2021-01-21 10:56:10,574] {scheduler_job.py:629} INFO - Processing file /Users/sara/p38env_airflow/lib/python3.8/site-packages/airflow/example_dags/example_latest_only_with_trigger.py for tasks to queue
[2021-01-21 10:56:10,574] {logging_mixin.py:103} INFO - [2021-01-21 10:56:10,574] {dagbag.py:440} INFO - Filling up the DagBag from /Users/sara/p38env_airflow/lib/python3.8/site-packages/airflow/example_dags/example_latest_only_with_trigger.py
[2021-01-21 10:56:10,583] {scheduler_job.py:639} INFO - DAG(s) dict_keys(['latest_only_with_trigger']) retrieved from /Users/sara/p38env_airflow/lib/python3.8/site-packages/airflow/example_dags/example_latest_only_with_trigger.py
[2021-01-21 10:56:10,583] {logging_mixin.py:103} INFO - [2021-01-21 10:56:10,583] {dag.py:1813} INFO - Sync 1 DAGs
[2021-01-21 10:56:10,631] {logging_mixin.py:103} INFO - [2021-01-21 10:56:10,631] {dag.py:2266} INFO - Setting next_dagrun for latest_only_with_trigger to 2021-01-19 00:00:00+00:00
[2021-01-21 10:56:10,648] {scheduler_job.py:189} INFO - Processing /Users/sara/p38env_airflow/lib/python3.8/site-packages/airflow/example_dags/example_latest_only_with_trigger.py took 0.076 seconds
[2021-01-21 10:57:03,476] {scheduler_job.py:181} INFO - Started process (PID=8820) to work on /Users/sara/p38env_airflow/lib/python3.8/site-packages/airflow/example_dags/example_latest_only_with_trigger.py
[2021-01-21 10:57:03,477] {scheduler_job.py:629} INFO - Processing file /Users/sara/p38env_airflow/lib/python3.8/site-packages/airflow/example_dags/example_latest_only_with_trigger.py for tasks to queue
[2021-01-21 10:57:03,478] {logging_mixin.py:103} INFO - [2021-01-21 10:57:03,478] {dagbag.py:440} INFO - Filling up the DagBag from /Users/sara/p38env_airflow/lib/python3.8/site-packages/airflow/example_dags/example_latest_only_with_trigger.py
[2021-01-21 10:57:03,488] {scheduler_job.py:639} INFO - DAG(s) dict_keys(['latest_only_with_trigger']) retrieved from /Users/sara/p38env_airflow/lib/python3.8/site-packages/airflow/example_dags/example_latest_only_with_trigger.py
[2021-01-21 10:57:03,489] {logging_mixin.py:103} INFO - [2021-01-21 10:57:03,488] {dag.py:1813} INFO - Sync 1 DAGs
[2021-01-21 10:57:03,535] {logging_mixin.py:103} INFO - [2021-01-21 10:57:03,535] {dag.py:2266} INFO - Setting next_dagrun for latest_only_with_trigger to 2021-01-19 00:00:00+00:00
[2021-01-21 10:57:03,549] {scheduler_job.py:189} INFO - Processing /Users/sara/p38env_airflow/lib/python3.8/site-packages/airflow/example_dags/example_latest_only_with_trigger.py took 0.073 seconds
[2021-01-21 10:57:56,535] {scheduler_job.py:181} INFO - Started process (PID=8891) to work on /Users/sara/p38env_airflow/lib/python3.8/site-packages/airflow/example_dags/example_latest_only_with_trigger.py
[2021-01-21 10:57:56,536] {scheduler_job.py:629} INFO - Processing file /Users/sara/p38env_airflow/lib/python3.8/site-packages/airflow/example_dags/example_latest_only_with_trigger.py for tasks to queue
[2021-01-21 10:57:56,536] {logging_mixin.py:103} INFO - [2021-01-21 10:57:56,536] {dagbag.py:440} INFO - Filling up the DagBag from /Users/sara/p38env_airflow/lib/python3.8/site-packages/airflow/example_dags/example_latest_only_with_trigger.py
[2021-01-21 10:57:56,545] {scheduler_job.py:639} INFO - DAG(s) dict_keys(['latest_only_with_trigger']) retrieved from /Users/sara/p38env_airflow/lib/python3.8/site-packages/airflow/example_dags/example_latest_only_with_trigger.py
[2021-01-21 10:57:56,545] {logging_mixin.py:103} INFO - [2021-01-21 10:57:56,545] {dag.py:1813} INFO - Sync 1 DAGs
[2021-01-21 10:57:56,590] {logging_mixin.py:103} INFO - [2021-01-21 10:57:56,590] {dag.py:2266} INFO - Setting next_dagrun for latest_only_with_trigger to 2021-01-19 00:00:00+00:00
[2021-01-21 10:57:56,609] {scheduler_job.py:189} INFO - Processing /Users/sara/p38env_airflow/lib/python3.8/site-packages/airflow/example_dags/example_latest_only_with_trigger.py took 0.075 seconds
[2021-01-21 10:58:54,483] {scheduler_job.py:181} INFO - Started process (PID=8953) to work on /Users/sara/p38env_airflow/lib/python3.8/site-packages/airflow/example_dags/example_latest_only_with_trigger.py
[2021-01-21 10:58:54,485] {scheduler_job.py:629} INFO - Processing file /Users/sara/p38env_airflow/lib/python3.8/site-packages/airflow/example_dags/example_latest_only_with_trigger.py for tasks to queue
[2021-01-21 10:58:54,485] {logging_mixin.py:103} INFO - [2021-01-21 10:58:54,485] {dagbag.py:440} INFO - Filling up the DagBag from /Users/sara/p38env_airflow/lib/python3.8/site-packages/airflow/example_dags/example_latest_only_with_trigger.py
[2021-01-21 10:58:54,499] {scheduler_job.py:639} INFO - DAG(s) dict_keys(['latest_only_with_trigger']) retrieved from /Users/sara/p38env_airflow/lib/python3.8/site-packages/airflow/example_dags/example_latest_only_with_trigger.py
[2021-01-21 10:58:54,499] {logging_mixin.py:103} INFO - [2021-01-21 10:58:54,499] {dag.py:1813} INFO - Sync 1 DAGs
[2021-01-21 10:58:54,536] {logging_mixin.py:103} INFO - [2021-01-21 10:58:54,536] {dag.py:2266} INFO - Setting next_dagrun for latest_only_with_trigger to 2021-01-19 00:00:00+00:00
[2021-01-21 10:58:54,548] {scheduler_job.py:189} INFO - Processing /Users/sara/p38env_airflow/lib/python3.8/site-packages/airflow/example_dags/example_latest_only_with_trigger.py took 0.065 seconds
[2021-01-21 10:59:48,830] {scheduler_job.py:181} INFO - Started process (PID=9010) to work on /Users/sara/p38env_airflow/lib/python3.8/site-packages/airflow/example_dags/example_latest_only_with_trigger.py
[2021-01-21 10:59:48,832] {scheduler_job.py:629} INFO - Processing file /Users/sara/p38env_airflow/lib/python3.8/site-packages/airflow/example_dags/example_latest_only_with_trigger.py for tasks to queue
[2021-01-21 10:59:48,832] {logging_mixin.py:103} INFO - [2021-01-21 10:59:48,832] {dagbag.py:440} INFO - Filling up the DagBag from /Users/sara/p38env_airflow/lib/python3.8/site-packages/airflow/example_dags/example_latest_only_with_trigger.py
[2021-01-21 10:59:48,843] {scheduler_job.py:639} INFO - DAG(s) dict_keys(['latest_only_with_trigger']) retrieved from /Users/sara/p38env_airflow/lib/python3.8/site-packages/airflow/example_dags/example_latest_only_with_trigger.py
[2021-01-21 10:59:48,844] {logging_mixin.py:103} INFO - [2021-01-21 10:59:48,844] {dag.py:1813} INFO - Sync 1 DAGs
[2021-01-21 10:59:48,883] {logging_mixin.py:103} INFO - [2021-01-21 10:59:48,883] {dag.py:2266} INFO - Setting next_dagrun for latest_only_with_trigger to 2021-01-19 00:00:00+00:00
[2021-01-21 10:59:48,899] {scheduler_job.py:189} INFO - Processing /Users/sara/p38env_airflow/lib/python3.8/site-packages/airflow/example_dags/example_latest_only_with_trigger.py took 0.069 seconds
[2021-01-21 11:00:41,563] {scheduler_job.py:181} INFO - Started process (PID=9073) to work on /Users/sara/p38env_airflow/lib/python3.8/site-packages/airflow/example_dags/example_latest_only_with_trigger.py
[2021-01-21 11:00:41,564] {scheduler_job.py:629} INFO - Processing file /Users/sara/p38env_airflow/lib/python3.8/site-packages/airflow/example_dags/example_latest_only_with_trigger.py for tasks to queue
[2021-01-21 11:00:41,565] {logging_mixin.py:103} INFO - [2021-01-21 11:00:41,565] {dagbag.py:440} INFO - Filling up the DagBag from /Users/sara/p38env_airflow/lib/python3.8/site-packages/airflow/example_dags/example_latest_only_with_trigger.py
[2021-01-21 11:00:41,573] {scheduler_job.py:639} INFO - DAG(s) dict_keys(['latest_only_with_trigger']) retrieved from /Users/sara/p38env_airflow/lib/python3.8/site-packages/airflow/example_dags/example_latest_only_with_trigger.py
[2021-01-21 11:00:41,574] {logging_mixin.py:103} INFO - [2021-01-21 11:00:41,574] {dag.py:1813} INFO - Sync 1 DAGs
[2021-01-21 11:00:41,609] {logging_mixin.py:103} INFO - [2021-01-21 11:00:41,609] {dag.py:2266} INFO - Setting next_dagrun for latest_only_with_trigger to 2021-01-19 00:00:00+00:00
[2021-01-21 11:00:41,621] {scheduler_job.py:189} INFO - Processing /Users/sara/p38env_airflow/lib/python3.8/site-packages/airflow/example_dags/example_latest_only_with_trigger.py took 0.060 seconds
[2021-01-21 11:01:39,542] {scheduler_job.py:181} INFO - Started process (PID=9137) to work on /Users/sara/p38env_airflow/lib/python3.8/site-packages/airflow/example_dags/example_latest_only_with_trigger.py
[2021-01-21 11:01:39,544] {scheduler_job.py:629} INFO - Processing file /Users/sara/p38env_airflow/lib/python3.8/site-packages/airflow/example_dags/example_latest_only_with_trigger.py for tasks to queue
[2021-01-21 11:01:39,544] {logging_mixin.py:103} INFO - [2021-01-21 11:01:39,544] {dagbag.py:440} INFO - Filling up the DagBag from /Users/sara/p38env_airflow/lib/python3.8/site-packages/airflow/example_dags/example_latest_only_with_trigger.py
[2021-01-21 11:01:39,557] {scheduler_job.py:639} INFO - DAG(s) dict_keys(['latest_only_with_trigger']) retrieved from /Users/sara/p38env_airflow/lib/python3.8/site-packages/airflow/example_dags/example_latest_only_with_trigger.py
[2021-01-21 11:01:39,558] {logging_mixin.py:103} INFO - [2021-01-21 11:01:39,558] {dag.py:1813} INFO - Sync 1 DAGs
[2021-01-21 11:01:39,620] {logging_mixin.py:103} INFO - [2021-01-21 11:01:39,620] {dag.py:2266} INFO - Setting next_dagrun for latest_only_with_trigger to 2021-01-19 00:00:00+00:00
[2021-01-21 11:01:39,647] {scheduler_job.py:189} INFO - Processing /Users/sara/p38env_airflow/lib/python3.8/site-packages/airflow/example_dags/example_latest_only_with_trigger.py took 0.106 seconds
[2021-01-21 11:02:35,268] {scheduler_job.py:181} INFO - Started process (PID=9210) to work on /Users/sara/p38env_airflow/lib/python3.8/site-packages/airflow/example_dags/example_latest_only_with_trigger.py
[2021-01-21 11:02:35,269] {scheduler_job.py:629} INFO - Processing file /Users/sara/p38env_airflow/lib/python3.8/site-packages/airflow/example_dags/example_latest_only_with_trigger.py for tasks to queue
[2021-01-21 11:02:35,269] {logging_mixin.py:103} INFO - [2021-01-21 11:02:35,269] {dagbag.py:440} INFO - Filling up the DagBag from /Users/sara/p38env_airflow/lib/python3.8/site-packages/airflow/example_dags/example_latest_only_with_trigger.py
[2021-01-21 11:02:35,278] {scheduler_job.py:639} INFO - DAG(s) dict_keys(['latest_only_with_trigger']) retrieved from /Users/sara/p38env_airflow/lib/python3.8/site-packages/airflow/example_dags/example_latest_only_with_trigger.py
[2021-01-21 11:02:35,279] {logging_mixin.py:103} INFO - [2021-01-21 11:02:35,279] {dag.py:1813} INFO - Sync 1 DAGs
[2021-01-21 11:02:35,326] {logging_mixin.py:103} INFO - [2021-01-21 11:02:35,326] {dag.py:2266} INFO - Setting next_dagrun for latest_only_with_trigger to 2021-01-19 00:00:00+00:00
[2021-01-21 11:02:35,347] {scheduler_job.py:189} INFO - Processing /Users/sara/p38env_airflow/lib/python3.8/site-packages/airflow/example_dags/example_latest_only_with_trigger.py took 0.079 seconds
[2021-01-21 11:04:08,963] {scheduler_job.py:181} INFO - Started process (PID=9274) to work on /Users/sara/p38env_airflow/lib/python3.8/site-packages/airflow/example_dags/example_latest_only_with_trigger.py
[2021-01-21 11:04:08,964] {scheduler_job.py:629} INFO - Processing file /Users/sara/p38env_airflow/lib/python3.8/site-packages/airflow/example_dags/example_latest_only_with_trigger.py for tasks to queue
[2021-01-21 11:04:08,964] {logging_mixin.py:103} INFO - [2021-01-21 11:04:08,964] {dagbag.py:440} INFO - Filling up the DagBag from /Users/sara/p38env_airflow/lib/python3.8/site-packages/airflow/example_dags/example_latest_only_with_trigger.py
[2021-01-21 11:04:08,973] {scheduler_job.py:639} INFO - DAG(s) dict_keys(['latest_only_with_trigger']) retrieved from /Users/sara/p38env_airflow/lib/python3.8/site-packages/airflow/example_dags/example_latest_only_with_trigger.py
[2021-01-21 11:04:08,974] {logging_mixin.py:103} INFO - [2021-01-21 11:04:08,974] {dag.py:1813} INFO - Sync 1 DAGs
[2021-01-21 11:04:09,007] {logging_mixin.py:103} INFO - [2021-01-21 11:04:09,006] {dag.py:2266} INFO - Setting next_dagrun for latest_only_with_trigger to 2021-01-19 00:00:00+00:00
[2021-01-21 11:04:09,019] {scheduler_job.py:189} INFO - Processing /Users/sara/p38env_airflow/lib/python3.8/site-packages/airflow/example_dags/example_latest_only_with_trigger.py took 0.057 seconds
