[2021-01-21 10:55:52,565] {scheduler_job.py:181} INFO - Started process (PID=8597) to work on /Users/sara/p38env_airflow/lib/python3.8/site-packages/airflow/example_dags/example_kubernetes_executor_config.py
[2021-01-21 10:55:52,566] {scheduler_job.py:629} INFO - Processing file /Users/sara/p38env_airflow/lib/python3.8/site-packages/airflow/example_dags/example_kubernetes_executor_config.py for tasks to queue
[2021-01-21 10:55:52,566] {logging_mixin.py:103} INFO - [2021-01-21 10:55:52,566] {dagbag.py:440} INFO - Filling up the DagBag from /Users/sara/p38env_airflow/lib/python3.8/site-packages/airflow/example_dags/example_kubernetes_executor_config.py
[2021-01-21 10:55:52,577] {logging_mixin.py:103} INFO - [2021-01-21 10:55:52,577] {example_kubernetes_executor_config.py:174} WARNING - Could not import DAGs in example_kubernetes_executor_config.py: No module named 'kubernetes'
[2021-01-21 10:55:52,577] {logging_mixin.py:103} INFO - [2021-01-21 10:55:52,577] {example_kubernetes_executor_config.py:175} WARNING - Install kubernetes dependencies with: pip install apache-airflow['cncf.kubernetes']
[2021-01-21 10:55:52,577] {scheduler_job.py:641} WARNING - No viable dags retrieved from /Users/sara/p38env_airflow/lib/python3.8/site-packages/airflow/example_dags/example_kubernetes_executor_config.py
[2021-01-21 10:55:52,605] {scheduler_job.py:189} INFO - Processing /Users/sara/p38env_airflow/lib/python3.8/site-packages/airflow/example_dags/example_kubernetes_executor_config.py took 0.040 seconds
[2021-01-21 10:56:45,249] {scheduler_job.py:181} INFO - Started process (PID=8777) to work on /Users/sara/p38env_airflow/lib/python3.8/site-packages/airflow/example_dags/example_kubernetes_executor_config.py
[2021-01-21 10:56:45,250] {scheduler_job.py:629} INFO - Processing file /Users/sara/p38env_airflow/lib/python3.8/site-packages/airflow/example_dags/example_kubernetes_executor_config.py for tasks to queue
[2021-01-21 10:56:45,251] {logging_mixin.py:103} INFO - [2021-01-21 10:56:45,251] {dagbag.py:440} INFO - Filling up the DagBag from /Users/sara/p38env_airflow/lib/python3.8/site-packages/airflow/example_dags/example_kubernetes_executor_config.py
[2021-01-21 10:56:45,261] {logging_mixin.py:103} INFO - [2021-01-21 10:56:45,260] {example_kubernetes_executor_config.py:174} WARNING - Could not import DAGs in example_kubernetes_executor_config.py: No module named 'kubernetes'
[2021-01-21 10:56:45,261] {logging_mixin.py:103} INFO - [2021-01-21 10:56:45,261] {example_kubernetes_executor_config.py:175} WARNING - Install kubernetes dependencies with: pip install apache-airflow['cncf.kubernetes']
[2021-01-21 10:56:45,262] {scheduler_job.py:641} WARNING - No viable dags retrieved from /Users/sara/p38env_airflow/lib/python3.8/site-packages/airflow/example_dags/example_kubernetes_executor_config.py
[2021-01-21 10:56:45,295] {scheduler_job.py:189} INFO - Processing /Users/sara/p38env_airflow/lib/python3.8/site-packages/airflow/example_dags/example_kubernetes_executor_config.py took 0.047 seconds
[2021-01-21 10:57:38,376] {scheduler_job.py:181} INFO - Started process (PID=8873) to work on /Users/sara/p38env_airflow/lib/python3.8/site-packages/airflow/example_dags/example_kubernetes_executor_config.py
[2021-01-21 10:57:38,376] {scheduler_job.py:629} INFO - Processing file /Users/sara/p38env_airflow/lib/python3.8/site-packages/airflow/example_dags/example_kubernetes_executor_config.py for tasks to queue
[2021-01-21 10:57:38,377] {logging_mixin.py:103} INFO - [2021-01-21 10:57:38,377] {dagbag.py:440} INFO - Filling up the DagBag from /Users/sara/p38env_airflow/lib/python3.8/site-packages/airflow/example_dags/example_kubernetes_executor_config.py
[2021-01-21 10:57:38,382] {logging_mixin.py:103} INFO - [2021-01-21 10:57:38,382] {example_kubernetes_executor_config.py:174} WARNING - Could not import DAGs in example_kubernetes_executor_config.py: No module named 'kubernetes'
[2021-01-21 10:57:38,382] {logging_mixin.py:103} INFO - [2021-01-21 10:57:38,382] {example_kubernetes_executor_config.py:175} WARNING - Install kubernetes dependencies with: pip install apache-airflow['cncf.kubernetes']
[2021-01-21 10:57:38,383] {scheduler_job.py:641} WARNING - No viable dags retrieved from /Users/sara/p38env_airflow/lib/python3.8/site-packages/airflow/example_dags/example_kubernetes_executor_config.py
[2021-01-21 10:57:38,406] {scheduler_job.py:189} INFO - Processing /Users/sara/p38env_airflow/lib/python3.8/site-packages/airflow/example_dags/example_kubernetes_executor_config.py took 0.031 seconds
[2021-01-21 10:58:31,865] {scheduler_job.py:181} INFO - Started process (PID=8929) to work on /Users/sara/p38env_airflow/lib/python3.8/site-packages/airflow/example_dags/example_kubernetes_executor_config.py
[2021-01-21 10:58:31,874] {scheduler_job.py:629} INFO - Processing file /Users/sara/p38env_airflow/lib/python3.8/site-packages/airflow/example_dags/example_kubernetes_executor_config.py for tasks to queue
[2021-01-21 10:58:31,875] {logging_mixin.py:103} INFO - [2021-01-21 10:58:31,875] {dagbag.py:440} INFO - Filling up the DagBag from /Users/sara/p38env_airflow/lib/python3.8/site-packages/airflow/example_dags/example_kubernetes_executor_config.py
[2021-01-21 10:58:31,884] {logging_mixin.py:103} INFO - [2021-01-21 10:58:31,884] {example_kubernetes_executor_config.py:174} WARNING - Could not import DAGs in example_kubernetes_executor_config.py: No module named 'kubernetes'
[2021-01-21 10:58:31,884] {logging_mixin.py:103} INFO - [2021-01-21 10:58:31,884] {example_kubernetes_executor_config.py:175} WARNING - Install kubernetes dependencies with: pip install apache-airflow['cncf.kubernetes']
[2021-01-21 10:58:31,885] {scheduler_job.py:641} WARNING - No viable dags retrieved from /Users/sara/p38env_airflow/lib/python3.8/site-packages/airflow/example_dags/example_kubernetes_executor_config.py
[2021-01-21 10:58:31,948] {scheduler_job.py:189} INFO - Processing /Users/sara/p38env_airflow/lib/python3.8/site-packages/airflow/example_dags/example_kubernetes_executor_config.py took 0.084 seconds
[2021-01-21 10:59:29,394] {scheduler_job.py:181} INFO - Started process (PID=8991) to work on /Users/sara/p38env_airflow/lib/python3.8/site-packages/airflow/example_dags/example_kubernetes_executor_config.py
[2021-01-21 10:59:29,396] {scheduler_job.py:629} INFO - Processing file /Users/sara/p38env_airflow/lib/python3.8/site-packages/airflow/example_dags/example_kubernetes_executor_config.py for tasks to queue
[2021-01-21 10:59:29,396] {logging_mixin.py:103} INFO - [2021-01-21 10:59:29,396] {dagbag.py:440} INFO - Filling up the DagBag from /Users/sara/p38env_airflow/lib/python3.8/site-packages/airflow/example_dags/example_kubernetes_executor_config.py
[2021-01-21 10:59:29,403] {logging_mixin.py:103} INFO - [2021-01-21 10:59:29,403] {example_kubernetes_executor_config.py:174} WARNING - Could not import DAGs in example_kubernetes_executor_config.py: No module named 'kubernetes'
[2021-01-21 10:59:29,403] {logging_mixin.py:103} INFO - [2021-01-21 10:59:29,403] {example_kubernetes_executor_config.py:175} WARNING - Install kubernetes dependencies with: pip install apache-airflow['cncf.kubernetes']
[2021-01-21 10:59:29,403] {scheduler_job.py:641} WARNING - No viable dags retrieved from /Users/sara/p38env_airflow/lib/python3.8/site-packages/airflow/example_dags/example_kubernetes_executor_config.py
[2021-01-21 10:59:29,431] {scheduler_job.py:189} INFO - Processing /Users/sara/p38env_airflow/lib/python3.8/site-packages/airflow/example_dags/example_kubernetes_executor_config.py took 0.037 seconds
[2021-01-21 11:00:23,479] {scheduler_job.py:181} INFO - Started process (PID=9051) to work on /Users/sara/p38env_airflow/lib/python3.8/site-packages/airflow/example_dags/example_kubernetes_executor_config.py
[2021-01-21 11:00:23,481] {scheduler_job.py:629} INFO - Processing file /Users/sara/p38env_airflow/lib/python3.8/site-packages/airflow/example_dags/example_kubernetes_executor_config.py for tasks to queue
[2021-01-21 11:00:23,481] {logging_mixin.py:103} INFO - [2021-01-21 11:00:23,481] {dagbag.py:440} INFO - Filling up the DagBag from /Users/sara/p38env_airflow/lib/python3.8/site-packages/airflow/example_dags/example_kubernetes_executor_config.py
[2021-01-21 11:00:23,489] {logging_mixin.py:103} INFO - [2021-01-21 11:00:23,489] {example_kubernetes_executor_config.py:174} WARNING - Could not import DAGs in example_kubernetes_executor_config.py: No module named 'kubernetes'
[2021-01-21 11:00:23,489] {logging_mixin.py:103} INFO - [2021-01-21 11:00:23,489] {example_kubernetes_executor_config.py:175} WARNING - Install kubernetes dependencies with: pip install apache-airflow['cncf.kubernetes']
[2021-01-21 11:00:23,489] {scheduler_job.py:641} WARNING - No viable dags retrieved from /Users/sara/p38env_airflow/lib/python3.8/site-packages/airflow/example_dags/example_kubernetes_executor_config.py
[2021-01-21 11:00:23,517] {scheduler_job.py:189} INFO - Processing /Users/sara/p38env_airflow/lib/python3.8/site-packages/airflow/example_dags/example_kubernetes_executor_config.py took 0.038 seconds
[2021-01-21 11:01:20,261] {scheduler_job.py:181} INFO - Started process (PID=9116) to work on /Users/sara/p38env_airflow/lib/python3.8/site-packages/airflow/example_dags/example_kubernetes_executor_config.py
[2021-01-21 11:01:20,263] {scheduler_job.py:629} INFO - Processing file /Users/sara/p38env_airflow/lib/python3.8/site-packages/airflow/example_dags/example_kubernetes_executor_config.py for tasks to queue
[2021-01-21 11:01:20,264] {logging_mixin.py:103} INFO - [2021-01-21 11:01:20,264] {dagbag.py:440} INFO - Filling up the DagBag from /Users/sara/p38env_airflow/lib/python3.8/site-packages/airflow/example_dags/example_kubernetes_executor_config.py
[2021-01-21 11:01:20,274] {logging_mixin.py:103} INFO - [2021-01-21 11:01:20,274] {example_kubernetes_executor_config.py:174} WARNING - Could not import DAGs in example_kubernetes_executor_config.py: No module named 'kubernetes'
[2021-01-21 11:01:20,274] {logging_mixin.py:103} INFO - [2021-01-21 11:01:20,274] {example_kubernetes_executor_config.py:175} WARNING - Install kubernetes dependencies with: pip install apache-airflow['cncf.kubernetes']
[2021-01-21 11:01:20,275] {scheduler_job.py:641} WARNING - No viable dags retrieved from /Users/sara/p38env_airflow/lib/python3.8/site-packages/airflow/example_dags/example_kubernetes_executor_config.py
[2021-01-21 11:01:20,301] {scheduler_job.py:189} INFO - Processing /Users/sara/p38env_airflow/lib/python3.8/site-packages/airflow/example_dags/example_kubernetes_executor_config.py took 0.040 seconds
[2021-01-21 11:02:17,640] {scheduler_job.py:181} INFO - Started process (PID=9191) to work on /Users/sara/p38env_airflow/lib/python3.8/site-packages/airflow/example_dags/example_kubernetes_executor_config.py
[2021-01-21 11:02:17,642] {scheduler_job.py:629} INFO - Processing file /Users/sara/p38env_airflow/lib/python3.8/site-packages/airflow/example_dags/example_kubernetes_executor_config.py for tasks to queue
[2021-01-21 11:02:17,643] {logging_mixin.py:103} INFO - [2021-01-21 11:02:17,643] {dagbag.py:440} INFO - Filling up the DagBag from /Users/sara/p38env_airflow/lib/python3.8/site-packages/airflow/example_dags/example_kubernetes_executor_config.py
[2021-01-21 11:02:17,648] {logging_mixin.py:103} INFO - [2021-01-21 11:02:17,648] {example_kubernetes_executor_config.py:174} WARNING - Could not import DAGs in example_kubernetes_executor_config.py: No module named 'kubernetes'
[2021-01-21 11:02:17,649] {logging_mixin.py:103} INFO - [2021-01-21 11:02:17,649] {example_kubernetes_executor_config.py:175} WARNING - Install kubernetes dependencies with: pip install apache-airflow['cncf.kubernetes']
[2021-01-21 11:02:17,649] {scheduler_job.py:641} WARNING - No viable dags retrieved from /Users/sara/p38env_airflow/lib/python3.8/site-packages/airflow/example_dags/example_kubernetes_executor_config.py
[2021-01-21 11:02:17,673] {scheduler_job.py:189} INFO - Processing /Users/sara/p38env_airflow/lib/python3.8/site-packages/airflow/example_dags/example_kubernetes_executor_config.py took 0.033 seconds
[2021-01-21 11:03:47,207] {scheduler_job.py:181} INFO - Started process (PID=9255) to work on /Users/sara/p38env_airflow/lib/python3.8/site-packages/airflow/example_dags/example_kubernetes_executor_config.py
[2021-01-21 11:03:47,209] {scheduler_job.py:629} INFO - Processing file /Users/sara/p38env_airflow/lib/python3.8/site-packages/airflow/example_dags/example_kubernetes_executor_config.py for tasks to queue
[2021-01-21 11:03:47,209] {logging_mixin.py:103} INFO - [2021-01-21 11:03:47,209] {dagbag.py:440} INFO - Filling up the DagBag from /Users/sara/p38env_airflow/lib/python3.8/site-packages/airflow/example_dags/example_kubernetes_executor_config.py
[2021-01-21 11:03:47,229] {logging_mixin.py:103} INFO - [2021-01-21 11:03:47,223] {example_kubernetes_executor_config.py:174} WARNING - Could not import DAGs in example_kubernetes_executor_config.py: No module named 'kubernetes'
[2021-01-21 11:03:47,230] {logging_mixin.py:103} INFO - [2021-01-21 11:03:47,230] {example_kubernetes_executor_config.py:175} WARNING - Install kubernetes dependencies with: pip install apache-airflow['cncf.kubernetes']
[2021-01-21 11:03:47,231] {scheduler_job.py:641} WARNING - No viable dags retrieved from /Users/sara/p38env_airflow/lib/python3.8/site-packages/airflow/example_dags/example_kubernetes_executor_config.py
[2021-01-21 11:03:47,291] {scheduler_job.py:189} INFO - Processing /Users/sara/p38env_airflow/lib/python3.8/site-packages/airflow/example_dags/example_kubernetes_executor_config.py took 0.085 seconds
