[2021-01-25 10:48:52,987] {taskinstance.py:826} INFO - Dependencies all met for <TaskInstance: ge_bash_op_dag.import_monthly_data 2021-01-25T09:48:43.177238+00:00 [queued]>
[2021-01-25 10:48:52,999] {taskinstance.py:826} INFO - Dependencies all met for <TaskInstance: ge_bash_op_dag.import_monthly_data 2021-01-25T09:48:43.177238+00:00 [queued]>
[2021-01-25 10:48:52,999] {taskinstance.py:1017} INFO - 
--------------------------------------------------------------------------------
[2021-01-25 10:48:52,999] {taskinstance.py:1018} INFO - Starting attempt 1 of 1
[2021-01-25 10:48:52,999] {taskinstance.py:1019} INFO - 
--------------------------------------------------------------------------------
[2021-01-25 10:48:53,009] {taskinstance.py:1038} INFO - Executing <Task(SnowflakeOperator): import_monthly_data> on 2021-01-25T09:48:43.177238+00:00
[2021-01-25 10:48:53,014] {standard_task_runner.py:51} INFO - Started process 10042 to run task
[2021-01-25 10:48:53,026] {standard_task_runner.py:75} INFO - Running: ['airflow', 'tasks', 'run', 'ge_bash_op_dag', 'import_monthly_data', '2021-01-25T09:48:43.177238+00:00', '--job-id', '63', '--pool', 'default_pool', '--raw', '--subdir', 'DAGS_FOLDER/ge_bash_op_dag.py', '--cfg-path', '/var/folders/s2/xy3ssc8j3ks3whp2f_b8708c0000gp/T/tmphb8_l3lo']
[2021-01-25 10:48:53,030] {standard_task_runner.py:76} INFO - Job 63: Subtask import_monthly_data
[2021-01-25 10:48:53,089] {logging_mixin.py:103} INFO - Running <TaskInstance: ge_bash_op_dag.import_monthly_data 2021-01-25T09:48:43.177238+00:00 [running]> on host admins-air.home
[2021-01-25 10:48:53,125] {taskinstance.py:1230} INFO - Exporting the following env vars:
AIRFLOW_CTX_DAG_EMAIL=sara@acloudfrontier.com
AIRFLOW_CTX_DAG_OWNER=sara
AIRFLOW_CTX_DAG_ID=ge_bash_op_dag
AIRFLOW_CTX_TASK_ID=import_monthly_data
AIRFLOW_CTX_EXECUTION_DATE=2021-01-25T09:48:43.177238+00:00
AIRFLOW_CTX_DAG_RUN_ID=manual__2021-01-25T09:48:43.177238+00:00
[2021-01-25 10:48:53,126] {snowflake.py:119} INFO - Executing: ['put file:////Users/sara/airflow/dags/local/yellow_tripdata_sample_2019-01.csv @%monthly_data;']
[2021-01-25 10:48:53,137] {base.py:65} INFO - Using connection to: id: SNOWFLAKE_CONN_DEMO. Host: dp13486.eu-west-1.snowflakecomputing.com, Port: None, Schema: PUBLIC, Login: SARA, Password: XXXXXXXX, extra: XXXXXXXX
[2021-01-25 10:48:53,142] {connection.py:215} INFO - Snowflake Connector for Python Version: 2.3.8, Python Version: 3.8.6, Platform: macOS-10.16-x86_64-i386-64bit
[2021-01-25 10:48:53,143] {connection.py:768} INFO - This connection is in OCSP Fail Open Mode. TLS Certificates would be checked for validity and revocation status. Any other Certificate Revocation related exceptions or OCSP Responder failures would be disregarded in favor of connectivity.
[2021-01-25 10:48:53,144] {connection.py:784} INFO - Setting use_openssl_only mode to False
[2021-01-25 10:48:54,465] {cursor.py:537} INFO - query: [ALTER SESSION SET autocommit=True]
[2021-01-25 10:48:54,581] {cursor.py:560} INFO - query execution done
[2021-01-25 10:48:54,582] {dbapi.py:180} INFO - Running statement: put file:////Users/sara/airflow/dags/local/yellow_tripdata_sample_2019-01.csv @%monthly_data;, parameters: None
[2021-01-25 10:48:54,583] {cursor.py:537} INFO - query: [put file:////Users/sara/airflow/dags/local/yellow_tripdata_sample_2019-01.csv @%...]
[2021-01-25 10:48:55,041] {cursor.py:560} INFO - query execution done
[2021-01-25 10:48:57,013] {dbapi.py:186} INFO - Rows affected: 1
[2021-01-25 10:48:57,014] {connection.py:438} INFO - closed
[2021-01-25 10:48:57,128] {connection.py:441} INFO - No async queries seem to be running, deleting session
[2021-01-25 10:48:57,225] {taskinstance.py:1135} INFO - Marking task as SUCCESS. dag_id=ge_bash_op_dag, task_id=import_monthly_data, execution_date=20210125T094843, start_date=20210125T094852, end_date=20210125T094857
[2021-01-25 10:48:57,244] {taskinstance.py:1195} INFO - 1 downstream tasks scheduled from follow-on schedule check
[2021-01-25 10:48:57,297] {local_task_job.py:118} INFO - Task exited with return code 0
