[2021-01-28 14:01:54,923] {taskinstance.py:826} INFO - Dependencies all met for <TaskInstance: ge_quarantine_df_dag.copy_to_generic_table 2021-01-27T00:00:00+00:00 [queued]>
[2021-01-28 14:01:54,933] {taskinstance.py:826} INFO - Dependencies all met for <TaskInstance: ge_quarantine_df_dag.copy_to_generic_table 2021-01-27T00:00:00+00:00 [queued]>
[2021-01-28 14:01:54,933] {taskinstance.py:1017} INFO - 
--------------------------------------------------------------------------------
[2021-01-28 14:01:54,933] {taskinstance.py:1018} INFO - Starting attempt 1 of 1
[2021-01-28 14:01:54,934] {taskinstance.py:1019} INFO - 
--------------------------------------------------------------------------------
[2021-01-28 14:01:54,942] {taskinstance.py:1038} INFO - Executing <Task(SnowflakeOperator): copy_to_generic_table> on 2021-01-27T00:00:00+00:00
[2021-01-28 14:01:54,947] {standard_task_runner.py:51} INFO - Started process 4468 to run task
[2021-01-28 14:01:54,960] {standard_task_runner.py:75} INFO - Running: ['airflow', 'tasks', 'run', 'ge_quarantine_df_dag', 'copy_to_generic_table', '2021-01-27T00:00:00+00:00', '--job-id', '156', '--pool', 'default_pool', '--raw', '--subdir', 'DAGS_FOLDER/ge_quarantine_df_dag.py', '--cfg-path', '/var/folders/s2/xy3ssc8j3ks3whp2f_b8708c0000gp/T/tmpss_fdz41']
[2021-01-28 14:01:54,963] {standard_task_runner.py:76} INFO - Job 156: Subtask copy_to_generic_table
[2021-01-28 14:01:55,014] {logging_mixin.py:103} INFO - Running <TaskInstance: ge_quarantine_df_dag.copy_to_generic_table 2021-01-27T00:00:00+00:00 [running]> on host 1.0.0.0.0.0.0.0.0.0.0.0.0.0.0.0.0.0.0.0.0.0.0.0.0.0.0.0.0.0.0.0.ip6.arpa
[2021-01-28 14:01:55,049] {taskinstance.py:1230} INFO - Exporting the following env vars:
AIRFLOW_CTX_DAG_EMAIL=sara@acloudfrontier.com
AIRFLOW_CTX_DAG_OWNER=sara
AIRFLOW_CTX_DAG_ID=ge_quarantine_df_dag
AIRFLOW_CTX_TASK_ID=copy_to_generic_table
AIRFLOW_CTX_EXECUTION_DATE=2021-01-27T00:00:00+00:00
AIRFLOW_CTX_DAG_RUN_ID=scheduled__2021-01-27T00:00:00+00:00
[2021-01-28 14:01:55,050] {snowflake.py:119} INFO - Executing: ['insert into  GENERIC_NYC_TAXI select * from MONTHLY_DATA;']
[2021-01-28 14:01:55,061] {base.py:65} INFO - Using connection to: id: SNOWFLAKE_QUARANTINE_DEMO. Host: dp13486.eu-west-1.snowflakecomputing.com, Port: None, Schema: PUBLIC, Login: SARA, Password: XXXXXXXX, extra: XXXXXXXX
[2021-01-28 14:01:55,064] {connection.py:215} INFO - Snowflake Connector for Python Version: 2.3.8, Python Version: 3.8.6, Platform: macOS-10.16-x86_64-i386-64bit
[2021-01-28 14:01:55,065] {connection.py:768} INFO - This connection is in OCSP Fail Open Mode. TLS Certificates would be checked for validity and revocation status. Any other Certificate Revocation related exceptions or OCSP Responder failures would be disregarded in favor of connectivity.
[2021-01-28 14:01:55,066] {connection.py:784} INFO - Setting use_openssl_only mode to False
[2021-01-28 14:01:56,766] {cursor.py:537} INFO - query: [ALTER SESSION SET autocommit=True]
[2021-01-28 14:01:56,904] {cursor.py:560} INFO - query execution done
[2021-01-28 14:01:56,906] {dbapi.py:180} INFO - Running statement: insert into  GENERIC_NYC_TAXI select * from MONTHLY_DATA;, parameters: None
[2021-01-28 14:01:56,906] {cursor.py:537} INFO - query: [insert into  GENERIC_NYC_TAXI select * from MONTHLY_DATA;]
[2021-01-28 14:01:57,893] {cursor.py:560} INFO - query execution done
[2021-01-28 14:01:57,894] {dbapi.py:186} INFO - Rows affected: 30000
[2021-01-28 14:01:57,895] {connection.py:438} INFO - closed
[2021-01-28 14:01:57,992] {connection.py:441} INFO - No async queries seem to be running, deleting session
[2021-01-28 14:01:58,126] {taskinstance.py:1135} INFO - Marking task as SUCCESS. dag_id=ge_quarantine_df_dag, task_id=copy_to_generic_table, execution_date=20210127T000000, start_date=20210128T130154, end_date=20210128T130158
[2021-01-28 14:01:58,150] {taskinstance.py:1195} INFO - 1 downstream tasks scheduled from follow-on schedule check
[2021-01-28 14:01:58,209] {local_task_job.py:118} INFO - Task exited with return code 0
