[2021-02-01 08:24:39,457] {taskinstance.py:826} INFO - Dependencies all met for <TaskInstance: ge_quarantine_df_dag.get_failed_records 2021-02-01T07:23:35.103580+00:00 [queued]>
[2021-02-01 08:24:39,469] {taskinstance.py:826} INFO - Dependencies all met for <TaskInstance: ge_quarantine_df_dag.get_failed_records 2021-02-01T07:23:35.103580+00:00 [queued]>
[2021-02-01 08:24:39,469] {taskinstance.py:1017} INFO - 
--------------------------------------------------------------------------------
[2021-02-01 08:24:39,469] {taskinstance.py:1018} INFO - Starting attempt 1 of 1
[2021-02-01 08:24:39,470] {taskinstance.py:1019} INFO - 
--------------------------------------------------------------------------------
[2021-02-01 08:24:39,481] {taskinstance.py:1038} INFO - Executing <Task(PythonOperator): get_failed_records> on 2021-02-01T07:23:35.103580+00:00
[2021-02-01 08:24:39,486] {standard_task_runner.py:51} INFO - Started process 2979 to run task
[2021-02-01 08:24:39,496] {standard_task_runner.py:75} INFO - Running: ['airflow', 'tasks', 'run', 'ge_quarantine_df_dag', 'get_failed_records', '2021-02-01T07:23:35.103580+00:00', '--job-id', '197', '--pool', 'default_pool', '--raw', '--subdir', 'DAGS_FOLDER/ge_quarantine_df_dag.py', '--cfg-path', '/var/folders/s2/xy3ssc8j3ks3whp2f_b8708c0000gp/T/tmp5j4ne96e']
[2021-02-01 08:24:39,503] {standard_task_runner.py:76} INFO - Job 197: Subtask get_failed_records
[2021-02-01 08:24:39,560] {logging_mixin.py:103} INFO - Running <TaskInstance: ge_quarantine_df_dag.get_failed_records 2021-02-01T07:23:35.103580+00:00 [running]> on host 1.0.0.127.in-addr.arpa
[2021-02-01 08:24:39,596] {taskinstance.py:1230} INFO - Exporting the following env vars:
AIRFLOW_CTX_DAG_EMAIL=sara@acloudfrontier.com
AIRFLOW_CTX_DAG_OWNER=sara
AIRFLOW_CTX_DAG_ID=ge_quarantine_df_dag
AIRFLOW_CTX_TASK_ID=get_failed_records
AIRFLOW_CTX_EXECUTION_DATE=2021-02-01T07:23:35.103580+00:00
AIRFLOW_CTX_DAG_RUN_ID=manual__2021-02-01T07:23:35.103580+00:00
[2021-02-01 08:24:39,598] {logging_mixin.py:103} INFO - {'conf': <airflow.configuration.AirflowConfigParser object at 0x7fdade73b3a0>, 'dag': <DAG: ge_quarantine_df_dag>, 'dag_run': <DagRun ge_quarantine_df_dag @ 2021-02-01 07:23:35.103580+00:00: manual__2021-02-01T07:23:35.103580+00:00, externally triggered: True>, 'ds_nodash': '20210201', 'execution_date': DateTime(2021, 2, 1, 7, 23, 35, 103580, tzinfo=Timezone('+00:00')), 'inlets': [], 'macros': <module 'airflow.macros' from '/Users/sara/p38_demo_env/lib/python3.8/site-packages/airflow/macros/__init__.py'>, 'next_ds': '2021-02-01', 'next_ds_nodash': '20210201', 'next_execution_date': DateTime(2021, 2, 1, 7, 23, 35, 103580, tzinfo=Timezone('+00:00')), 'outlets': [], 'params': {}, 'prev_ds': '2021-02-01', 'prev_ds_nodash': '20210201', 'prev_execution_date': DateTime(2021, 2, 1, 7, 23, 35, 103580, tzinfo=Timezone('+00:00')), 'prev_execution_date_success': <Proxy at 0x7fdae6480380 with factory <function TaskInstance.get_template_context.<locals>.<lambda> at 0x7fdae646adc0>>, 'prev_start_date_success': <Proxy at 0x7fdae6480b00 with factory <function TaskInstance.get_template_context.<locals>.<lambda> at 0x7fdae6499f70>>, 'run_id': 'manual__2021-02-01T07:23:35.103580+00:00', 'task': <Task(PythonOperator): get_failed_records>, 'task_instance': <TaskInstance: ge_quarantine_df_dag.get_failed_records 2021-02-01T07:23:35.103580+00:00 [running]>, 'task_instance_key_str': 'ge_quarantine_df_dag__get_failed_records__20210201', 'test_mode': False, 'ti': <TaskInstance: ge_quarantine_df_dag.get_failed_records 2021-02-01T07:23:35.103580+00:00 [running]>, 'tomorrow_ds': '2021-02-02', 'tomorrow_ds_nodash': '20210202', 'ts': '2021-02-01T07:23:35.103580+00:00', 'ts_nodash': '20210201T072335', 'ts_nodash_with_tz': '20210201T072335.103580+0000', 'var': {'json': None, 'value': None}, 'yesterday_ds': '2021-01-31', 'yesterday_ds_nodash': '20210131', 'templates_dict': None}
[2021-02-01 08:24:39,599] {logging_mixin.py:103} INFO - 2021-02-01
[2021-02-01 08:24:39,600] {logging_mixin.py:103} INFO - {'conf': <airflow.configuration.AirflowConfigParser object at 0x7fdade73b3a0>, 'dag': <DAG: ge_quarantine_df_dag>, 'dag_run': <DagRun ge_quarantine_df_dag @ 2021-02-01 07:23:35.103580+00:00: manual__2021-02-01T07:23:35.103580+00:00, externally triggered: True>, 'ds_nodash': '20210201', 'execution_date': DateTime(2021, 2, 1, 7, 23, 35, 103580, tzinfo=Timezone('+00:00')), 'inlets': [], 'macros': <module 'airflow.macros' from '/Users/sara/p38_demo_env/lib/python3.8/site-packages/airflow/macros/__init__.py'>, 'next_ds': '2021-02-01', 'next_ds_nodash': '20210201', 'next_execution_date': DateTime(2021, 2, 1, 7, 23, 35, 103580, tzinfo=Timezone('+00:00')), 'outlets': [], 'params': {}, 'prev_ds': '2021-02-01', 'prev_ds_nodash': '20210201', 'prev_execution_date': DateTime(2021, 2, 1, 7, 23, 35, 103580, tzinfo=Timezone('+00:00')), 'prev_execution_date_success': <Proxy at 0x7fdae6480380 with factory <function TaskInstance.get_template_context.<locals>.<lambda> at 0x7fdae646adc0>>, 'prev_start_date_success': <Proxy at 0x7fdae6480b00 with factory <function TaskInstance.get_template_context.<locals>.<lambda> at 0x7fdae6499f70>>, 'run_id': 'manual__2021-02-01T07:23:35.103580+00:00', 'task': <Task(PythonOperator): get_failed_records>, 'task_instance': <TaskInstance: ge_quarantine_df_dag.get_failed_records 2021-02-01T07:23:35.103580+00:00 [running]>, 'task_instance_key_str': 'ge_quarantine_df_dag__get_failed_records__20210201', 'test_mode': False, 'ti': <TaskInstance: ge_quarantine_df_dag.get_failed_records 2021-02-01T07:23:35.103580+00:00 [running]>, 'tomorrow_ds': '2021-02-02', 'tomorrow_ds_nodash': '20210202', 'ts': '2021-02-01T07:23:35.103580+00:00', 'ts_nodash': '20210201T072335', 'ts_nodash_with_tz': '20210201T072335.103580+0000', 'var': {'json': None, 'value': None}, 'yesterday_ds': '2021-01-31', 'yesterday_ds_nodash': '20210131', 'templates_dict': None}
[2021-02-01 08:24:39,601] {python.py:118} INFO - Done. Returned value was: None
[2021-02-01 08:24:39,606] {taskinstance.py:1135} INFO - Marking task as SUCCESS. dag_id=ge_quarantine_df_dag, task_id=get_failed_records, execution_date=20210201T072335, start_date=20210201T072439, end_date=20210201T072439
[2021-02-01 08:24:39,623] {taskinstance.py:1195} INFO - 0 downstream tasks scheduled from follow-on schedule check
[2021-02-01 08:24:39,656] {local_task_job.py:118} INFO - Task exited with return code 0
