[2021-02-16 11:03:35,987] {taskinstance.py:826} INFO - Dependencies all met for <TaskInstance: ge_demo_db_dag.build_data_docs 2021-02-16T10:02:35.420277+00:00 [queued]>
[2021-02-16 11:03:35,999] {taskinstance.py:826} INFO - Dependencies all met for <TaskInstance: ge_demo_db_dag.build_data_docs 2021-02-16T10:02:35.420277+00:00 [queued]>
[2021-02-16 11:03:36,000] {taskinstance.py:1017} INFO - 
--------------------------------------------------------------------------------
[2021-02-16 11:03:36,000] {taskinstance.py:1018} INFO - Starting attempt 1 of 1
[2021-02-16 11:03:36,000] {taskinstance.py:1019} INFO - 
--------------------------------------------------------------------------------
[2021-02-16 11:03:36,010] {taskinstance.py:1038} INFO - Executing <Task(BashOperator): build_data_docs> on 2021-02-16T10:02:35.420277+00:00
[2021-02-16 11:03:36,014] {standard_task_runner.py:51} INFO - Started process 10818 to run task
[2021-02-16 11:03:36,025] {standard_task_runner.py:75} INFO - Running: ['airflow', 'tasks', 'run', 'ge_demo_db_dag', 'build_data_docs', '2021-02-16T10:02:35.420277+00:00', '--job-id', '482', '--pool', 'default_pool', '--raw', '--subdir', 'DAGS_FOLDER/ge_demo_db_dag.py', '--cfg-path', '/var/folders/s2/xy3ssc8j3ks3whp2f_b8708c0000gp/T/tmpu7ba4pfv']
[2021-02-16 11:03:36,028] {standard_task_runner.py:76} INFO - Job 482: Subtask build_data_docs
[2021-02-16 11:03:36,079] {logging_mixin.py:103} INFO - Running <TaskInstance: ge_demo_db_dag.build_data_docs 2021-02-16T10:02:35.420277+00:00 [running]> on host 1.0.0.0.0.0.0.0.0.0.0.0.0.0.0.0.0.0.0.0.0.0.0.0.0.0.0.0.0.0.0.0.ip6.arpa
[2021-02-16 11:03:36,121] {taskinstance.py:1230} INFO - Exporting the following env vars:
AIRFLOW_CTX_DAG_EMAIL=sara@acloudfrontier.com
AIRFLOW_CTX_DAG_OWNER=sara
AIRFLOW_CTX_DAG_ID=ge_demo_db_dag
AIRFLOW_CTX_TASK_ID=build_data_docs
AIRFLOW_CTX_EXECUTION_DATE=2021-02-16T10:02:35.420277+00:00
AIRFLOW_CTX_DAG_RUN_ID=manual__2021-02-16T10:02:35.420277+00:00
[2021-02-16 11:03:36,122] {bash.py:135} INFO - Tmp dir root location: 
 /var/folders/s2/xy3ssc8j3ks3whp2f_b8708c0000gp/T
[2021-02-16 11:03:36,123] {bash.py:158} INFO - Running command: cd /Users/sara/airflow/dags/snowflake/ge_demo_db && great_expectations docs build -y
[2021-02-16 11:03:36,134] {bash.py:169} INFO - Output:
[2021-02-16 11:03:39,360] {bash.py:173} INFO - Detected legacy config version (2.0) so will try to use default checkpoint store name.
[2021-02-16 11:03:39,361] {bash.py:173} INFO -   Please update your configuration to the new version number 3.0 in order to use the new "Checkpoint Store" feature.  Visit https://docs.greatexpectations.io/en/latest/how_to_guides/migrating_versions.html to learn more about the upgrade process.
[2021-02-16 11:03:39,438] {bash.py:173} INFO - Detected legacy config version (2.0) so will try to use default checkpoint store name.
[2021-02-16 11:03:39,439] {bash.py:173} INFO -   Please update your configuration to the new version number 3.0 in order to use the new "Checkpoint Store" feature.  Visit https://docs.greatexpectations.io/en/latest/how_to_guides/migrating_versions.html to learn more about the upgrade process.
[2021-02-16 11:03:39,517] {bash.py:173} INFO - Detected legacy config version (2.0) so will try to use default checkpoint store name.
[2021-02-16 11:03:39,518] {bash.py:173} INFO -   Please update your configuration to the new version number 3.0 in order to use the new "Checkpoint Store" feature.  Visit https://docs.greatexpectations.io/en/latest/how_to_guides/migrating_versions.html to learn more about the upgrade process.
[2021-02-16 11:03:41,115] {bash.py:173} INFO - 
[2021-02-16 11:03:41,115] {bash.py:173} INFO - The following Data Docs sites will be built:
[2021-02-16 11:03:41,116] {bash.py:173} INFO - 
[2021-02-16 11:03:41,116] {bash.py:173} INFO -  - local_site: file:///Users/sara/airflow/dags/snowflake/ge_demo_db/great_expectations/uncommitted/data_docs/local_site/index.html
[2021-02-16 11:03:41,116] {bash.py:173} INFO - 
[2021-02-16 11:03:41,117] {bash.py:173} INFO - 
[2021-02-16 11:03:41,117] {bash.py:173} INFO - Building Data Docs...
[2021-02-16 11:03:41,118] {bash.py:173} INFO - 
[2021-02-16 11:03:42,052] {bash.py:173} INFO - Done building Data Docs
[2021-02-16 11:03:43,601] {bash.py:177} INFO - Command exited with return code 0
[2021-02-16 11:03:43,638] {taskinstance.py:1135} INFO - Marking task as SUCCESS. dag_id=ge_demo_db_dag, task_id=build_data_docs, execution_date=20210216T100235, start_date=20210216T100335, end_date=20210216T100343
[2021-02-16 11:03:43,690] {taskinstance.py:1195} INFO - 0 downstream tasks scheduled from follow-on schedule check
[2021-02-16 11:03:43,705] {local_task_job.py:118} INFO - Task exited with return code 0
