[2021-02-16 11:00:57,641] {taskinstance.py:826} INFO - Dependencies all met for <TaskInstance: ge_demo_db_dag.check_expectation_suite 2021-02-16T10:00:11.239859+00:00 [queued]>
[2021-02-16 11:00:57,653] {taskinstance.py:826} INFO - Dependencies all met for <TaskInstance: ge_demo_db_dag.check_expectation_suite 2021-02-16T10:00:11.239859+00:00 [queued]>
[2021-02-16 11:00:57,654] {taskinstance.py:1017} INFO - 
--------------------------------------------------------------------------------
[2021-02-16 11:00:57,654] {taskinstance.py:1018} INFO - Starting attempt 1 of 1
[2021-02-16 11:00:57,654] {taskinstance.py:1019} INFO - 
--------------------------------------------------------------------------------
[2021-02-16 11:00:57,669] {taskinstance.py:1038} INFO - Executing <Task(BashOperator): check_expectation_suite> on 2021-02-16T10:00:11.239859+00:00
[2021-02-16 11:00:57,675] {standard_task_runner.py:51} INFO - Started process 10530 to run task
[2021-02-16 11:00:57,702] {standard_task_runner.py:75} INFO - Running: ['airflow', 'tasks', 'run', 'ge_demo_db_dag', 'check_expectation_suite', '2021-02-16T10:00:11.239859+00:00', '--job-id', '478', '--pool', 'default_pool', '--raw', '--subdir', 'DAGS_FOLDER/ge_demo_db_dag.py', '--cfg-path', '/var/folders/s2/xy3ssc8j3ks3whp2f_b8708c0000gp/T/tmp2as0r864']
[2021-02-16 11:00:57,707] {standard_task_runner.py:76} INFO - Job 478: Subtask check_expectation_suite
[2021-02-16 11:00:57,778] {logging_mixin.py:103} INFO - Running <TaskInstance: ge_demo_db_dag.check_expectation_suite 2021-02-16T10:00:11.239859+00:00 [running]> on host admins-MacBook-Air.local
[2021-02-16 11:00:57,846] {taskinstance.py:1230} INFO - Exporting the following env vars:
AIRFLOW_CTX_DAG_EMAIL=sara@acloudfrontier.com
AIRFLOW_CTX_DAG_OWNER=sara
AIRFLOW_CTX_DAG_ID=ge_demo_db_dag
AIRFLOW_CTX_TASK_ID=check_expectation_suite
AIRFLOW_CTX_EXECUTION_DATE=2021-02-16T10:00:11.239859+00:00
AIRFLOW_CTX_DAG_RUN_ID=manual__2021-02-16T10:00:11.239859+00:00
[2021-02-16 11:00:57,847] {bash.py:135} INFO - Tmp dir root location: 
 /var/folders/s2/xy3ssc8j3ks3whp2f_b8708c0000gp/T
[2021-02-16 11:00:57,851] {bash.py:158} INFO - Running command: cd /Users/sara/airflow/dags/snowflake/ge_demo_db && great_expectations docs build -y
[2021-02-16 11:00:57,860] {bash.py:169} INFO - Output:
[2021-02-16 11:01:03,351] {bash.py:173} INFO - Detected legacy config version (2.0) so will try to use default checkpoint store name.
[2021-02-16 11:01:03,352] {bash.py:173} INFO -   Please update your configuration to the new version number 3.0 in order to use the new "Checkpoint Store" feature.  Visit https://docs.greatexpectations.io/en/latest/how_to_guides/migrating_versions.html to learn more about the upgrade process.
[2021-02-16 11:01:03,465] {bash.py:173} INFO - Detected legacy config version (2.0) so will try to use default checkpoint store name.
[2021-02-16 11:01:03,466] {bash.py:173} INFO -   Please update your configuration to the new version number 3.0 in order to use the new "Checkpoint Store" feature.  Visit https://docs.greatexpectations.io/en/latest/how_to_guides/migrating_versions.html to learn more about the upgrade process.
[2021-02-16 11:01:03,562] {bash.py:173} INFO - Detected legacy config version (2.0) so will try to use default checkpoint store name.
[2021-02-16 11:01:03,563] {bash.py:173} INFO -   Please update your configuration to the new version number 3.0 in order to use the new "Checkpoint Store" feature.  Visit https://docs.greatexpectations.io/en/latest/how_to_guides/migrating_versions.html to learn more about the upgrade process.
[2021-02-16 11:01:05,838] {bash.py:173} INFO - 
[2021-02-16 11:01:05,839] {bash.py:173} INFO - The following Data Docs sites will be built:
[2021-02-16 11:01:05,840] {bash.py:173} INFO - 
[2021-02-16 11:01:05,841] {bash.py:173} INFO -  - local_site: file:///Users/sara/airflow/dags/snowflake/ge_demo_db/great_expectations/uncommitted/data_docs/local_site/index.html
[2021-02-16 11:01:05,842] {bash.py:173} INFO - 
[2021-02-16 11:01:05,842] {bash.py:173} INFO - 
[2021-02-16 11:01:05,843] {bash.py:173} INFO - Building Data Docs...
[2021-02-16 11:01:05,844] {bash.py:173} INFO - 
[2021-02-16 11:01:06,865] {bash.py:173} INFO - Done building Data Docs
[2021-02-16 11:01:09,714] {bash.py:177} INFO - Command exited with return code 0
[2021-02-16 11:01:09,746] {taskinstance.py:1135} INFO - Marking task as SUCCESS. dag_id=ge_demo_db_dag, task_id=check_expectation_suite, execution_date=20210216T100011, start_date=20210216T100057, end_date=20210216T100109
[2021-02-16 11:01:09,767] {taskinstance.py:1195} INFO - 0 downstream tasks scheduled from follow-on schedule check
[2021-02-16 11:01:09,788] {local_task_job.py:118} INFO - Task exited with return code 0
