[2021-02-16 16:10:52,816] {taskinstance.py:826} INFO - Dependencies all met for <TaskInstance: first_dag.print 2021-02-14T00:00:00+00:00 [queued]>
[2021-02-16 16:10:52,831] {taskinstance.py:826} INFO - Dependencies all met for <TaskInstance: first_dag.print 2021-02-14T00:00:00+00:00 [queued]>
[2021-02-16 16:10:52,832] {taskinstance.py:1017} INFO - 
--------------------------------------------------------------------------------
[2021-02-16 16:10:52,833] {taskinstance.py:1018} INFO - Starting attempt 1 of 2
[2021-02-16 16:10:52,833] {taskinstance.py:1019} INFO - 
--------------------------------------------------------------------------------
[2021-02-16 16:10:52,857] {taskinstance.py:1038} INFO - Executing <Task(BashOperator): print> on 2021-02-14T00:00:00+00:00
[2021-02-16 16:10:52,862] {standard_task_runner.py:51} INFO - Started process 28818 to run task
[2021-02-16 16:10:52,881] {standard_task_runner.py:75} INFO - Running: ['airflow', 'tasks', 'run', 'first_dag', 'print', '2021-02-14T00:00:00+00:00', '--job-id', '494', '--pool', 'default_pool', '--raw', '--subdir', 'DAGS_FOLDER/first_dag.py', '--cfg-path', '/var/folders/s2/xy3ssc8j3ks3whp2f_b8708c0000gp/T/tmphu212c9k']
[2021-02-16 16:10:52,885] {standard_task_runner.py:76} INFO - Job 494: Subtask print
[2021-02-16 16:10:53,010] {logging_mixin.py:103} INFO - Running <TaskInstance: first_dag.print 2021-02-14T00:00:00+00:00 [running]> on host admins-MacBook-Air.local
[2021-02-16 16:10:53,267] {taskinstance.py:1230} INFO - Exporting the following env vars:
AIRFLOW_CTX_DAG_EMAIL=sara@acloudfrontier.com
AIRFLOW_CTX_DAG_OWNER=sara
AIRFLOW_CTX_DAG_ID=first_dag
AIRFLOW_CTX_TASK_ID=print
AIRFLOW_CTX_EXECUTION_DATE=2021-02-14T00:00:00+00:00
AIRFLOW_CTX_DAG_RUN_ID=scheduled__2021-02-14T00:00:00+00:00
[2021-02-16 16:10:53,270] {bash.py:135} INFO - Tmp dir root location: 
 /var/folders/s2/xy3ssc8j3ks3whp2f_b8708c0000gp/T
[2021-02-16 16:10:53,275] {bash.py:158} INFO - Running command: echo Getting Live Cricket Scores!!!
[2021-02-16 16:10:53,300] {bash.py:169} INFO - Output:
[2021-02-16 16:10:53,389] {bash.py:173} INFO - Getting Live Cricket Scores!!!
[2021-02-16 16:10:53,390] {bash.py:177} INFO - Command exited with return code 0
[2021-02-16 16:10:53,507] {taskinstance.py:1135} INFO - Marking task as SUCCESS. dag_id=first_dag, task_id=print, execution_date=20210214T000000, start_date=20210216T151052, end_date=20210216T151053
[2021-02-16 16:10:53,703] {taskinstance.py:1195} INFO - 1 downstream tasks scheduled from follow-on schedule check
[2021-02-16 16:10:53,718] {local_task_job.py:118} INFO - Task exited with return code 0
