[2021-02-16 11:07:06,380] {taskinstance.py:826} INFO - Dependencies all met for <TaskInstance: ge_demo_db_dag.check_expectation_suite 2021-02-16T10:06:55.969893+00:00 [queued]>
[2021-02-16 11:07:06,388] {taskinstance.py:826} INFO - Dependencies all met for <TaskInstance: ge_demo_db_dag.check_expectation_suite 2021-02-16T10:06:55.969893+00:00 [queued]>
[2021-02-16 11:07:06,389] {taskinstance.py:1017} INFO - 
--------------------------------------------------------------------------------
[2021-02-16 11:07:06,389] {taskinstance.py:1018} INFO - Starting attempt 1 of 1
[2021-02-16 11:07:06,389] {taskinstance.py:1019} INFO - 
--------------------------------------------------------------------------------
[2021-02-16 11:07:06,405] {taskinstance.py:1038} INFO - Executing <Task(BashOperator): check_expectation_suite> on 2021-02-16T10:06:55.969893+00:00
[2021-02-16 11:07:06,409] {standard_task_runner.py:51} INFO - Started process 11200 to run task
[2021-02-16 11:07:06,419] {standard_task_runner.py:75} INFO - Running: ['airflow', 'tasks', 'run', 'ge_demo_db_dag', 'check_expectation_suite', '2021-02-16T10:06:55.969893+00:00', '--job-id', '483', '--pool', 'default_pool', '--raw', '--subdir', 'DAGS_FOLDER/ge_demo_db_dag.py', '--cfg-path', '/var/folders/s2/xy3ssc8j3ks3whp2f_b8708c0000gp/T/tmpekeff95q']
[2021-02-16 11:07:06,422] {standard_task_runner.py:76} INFO - Job 483: Subtask check_expectation_suite
[2021-02-16 11:07:06,460] {logging_mixin.py:103} INFO - Running <TaskInstance: ge_demo_db_dag.check_expectation_suite 2021-02-16T10:06:55.969893+00:00 [running]> on host 1.0.0.0.0.0.0.0.0.0.0.0.0.0.0.0.0.0.0.0.0.0.0.0.0.0.0.0.0.0.0.0.ip6.arpa
[2021-02-16 11:07:06,493] {taskinstance.py:1230} INFO - Exporting the following env vars:
AIRFLOW_CTX_DAG_EMAIL=sara@acloudfrontier.com
AIRFLOW_CTX_DAG_OWNER=sara
AIRFLOW_CTX_DAG_ID=ge_demo_db_dag
AIRFLOW_CTX_TASK_ID=check_expectation_suite
AIRFLOW_CTX_EXECUTION_DATE=2021-02-16T10:06:55.969893+00:00
AIRFLOW_CTX_DAG_RUN_ID=manual__2021-02-16T10:06:55.969893+00:00
[2021-02-16 11:07:06,494] {bash.py:135} INFO - Tmp dir root location: 
 /var/folders/s2/xy3ssc8j3ks3whp2f_b8708c0000gp/T
[2021-02-16 11:07:06,495] {bash.py:158} INFO - Running command: cd /Users/sara/airflow/dags/snowflake/ge_demo_db && great_expectations docs build -y
[2021-02-16 11:07:06,504] {bash.py:169} INFO - Output:
[2021-02-16 11:07:11,007] {bash.py:173} INFO - Detected legacy config version (2.0) so will try to use default checkpoint store name.
[2021-02-16 11:07:11,008] {bash.py:173} INFO -   Please update your configuration to the new version number 3.0 in order to use the new "Checkpoint Store" feature.  Visit https://docs.greatexpectations.io/en/latest/how_to_guides/migrating_versions.html to learn more about the upgrade process.
[2021-02-16 11:07:11,160] {bash.py:173} INFO - Detected legacy config version (2.0) so will try to use default checkpoint store name.
[2021-02-16 11:07:11,161] {bash.py:173} INFO -   Please update your configuration to the new version number 3.0 in order to use the new "Checkpoint Store" feature.  Visit https://docs.greatexpectations.io/en/latest/how_to_guides/migrating_versions.html to learn more about the upgrade process.
[2021-02-16 11:07:11,285] {bash.py:173} INFO - Detected legacy config version (2.0) so will try to use default checkpoint store name.
[2021-02-16 11:07:11,286] {bash.py:173} INFO -   Please update your configuration to the new version number 3.0 in order to use the new "Checkpoint Store" feature.  Visit https://docs.greatexpectations.io/en/latest/how_to_guides/migrating_versions.html to learn more about the upgrade process.
[2021-02-16 11:07:13,291] {bash.py:173} INFO - 
[2021-02-16 11:07:13,293] {bash.py:173} INFO - The following Data Docs sites will be built:
[2021-02-16 11:07:13,293] {bash.py:173} INFO - 
[2021-02-16 11:07:13,294] {bash.py:173} INFO -  - local_site: file:///Users/sara/airflow/dags/snowflake/ge_demo_db/great_expectations/uncommitted/data_docs/local_site/index.html
[2021-02-16 11:07:13,295] {bash.py:173} INFO - 
[2021-02-16 11:07:13,296] {bash.py:173} INFO - 
[2021-02-16 11:07:13,296] {bash.py:173} INFO - Building Data Docs...
[2021-02-16 11:07:13,297] {bash.py:173} INFO - 
[2021-02-16 11:07:13,893] {bash.py:173} INFO - Done building Data Docs
[2021-02-16 11:07:15,527] {bash.py:177} INFO - Command exited with return code 0
[2021-02-16 11:07:15,578] {taskinstance.py:1135} INFO - Marking task as SUCCESS. dag_id=ge_demo_db_dag, task_id=check_expectation_suite, execution_date=20210216T100655, start_date=20210216T100706, end_date=20210216T100715
[2021-02-16 11:07:15,617] {taskinstance.py:1195} INFO - 1 downstream tasks scheduled from follow-on schedule check
[2021-02-16 11:07:15,645] {local_task_job.py:118} INFO - Task exited with return code 0
