[2021-01-25 14:41:26,755] {taskinstance.py:826} INFO - Dependencies all met for <TaskInstance: ge_bash_op_dag.copy_to_generic_table 2021-01-25T13:39:47.905438+00:00 [queued]>
[2021-01-25 14:41:26,773] {taskinstance.py:826} INFO - Dependencies all met for <TaskInstance: ge_bash_op_dag.copy_to_generic_table 2021-01-25T13:39:47.905438+00:00 [queued]>
[2021-01-25 14:41:26,773] {taskinstance.py:1017} INFO - 
--------------------------------------------------------------------------------
[2021-01-25 14:41:26,773] {taskinstance.py:1018} INFO - Starting attempt 1 of 1
[2021-01-25 14:41:26,773] {taskinstance.py:1019} INFO - 
--------------------------------------------------------------------------------
[2021-01-25 14:41:26,791] {taskinstance.py:1038} INFO - Executing <Task(SnowflakeOperator): copy_to_generic_table> on 2021-01-25T13:39:47.905438+00:00
[2021-01-25 14:41:26,798] {standard_task_runner.py:51} INFO - Started process 24804 to run task
[2021-01-25 14:41:26,811] {standard_task_runner.py:75} INFO - Running: ['airflow', 'tasks', 'run', 'ge_bash_op_dag', 'copy_to_generic_table', '2021-01-25T13:39:47.905438+00:00', '--job-id', '114', '--pool', 'default_pool', '--raw', '--subdir', 'DAGS_FOLDER/ge_bash_op_dag.py', '--cfg-path', '/var/folders/s2/xy3ssc8j3ks3whp2f_b8708c0000gp/T/tmpinpcrg1n']
[2021-01-25 14:41:26,817] {standard_task_runner.py:76} INFO - Job 114: Subtask copy_to_generic_table
[2021-01-25 14:41:26,894] {logging_mixin.py:103} INFO - Running <TaskInstance: ge_bash_op_dag.copy_to_generic_table 2021-01-25T13:39:47.905438+00:00 [running]> on host admins-air.home
[2021-01-25 14:41:26,971] {taskinstance.py:1230} INFO - Exporting the following env vars:
AIRFLOW_CTX_DAG_EMAIL=sara@acloudfrontier.com
AIRFLOW_CTX_DAG_OWNER=sara
AIRFLOW_CTX_DAG_ID=ge_bash_op_dag
AIRFLOW_CTX_TASK_ID=copy_to_generic_table
AIRFLOW_CTX_EXECUTION_DATE=2021-01-25T13:39:47.905438+00:00
AIRFLOW_CTX_DAG_RUN_ID=manual__2021-01-25T13:39:47.905438+00:00
[2021-01-25 14:41:26,973] {snowflake.py:119} INFO - Executing: ['insert into  GENERIC_NYC_TAXI select * from MONTHLY_DATA;']
[2021-01-25 14:41:27,001] {base.py:65} INFO - Using connection to: id: SNOWFLAKE_CONN_DEMO. Host: dp13486.eu-west-1.snowflakecomputing.com, Port: None, Schema: PUBLIC, Login: SARA, Password: XXXXXXXX, extra: XXXXXXXX
[2021-01-25 14:41:27,009] {connection.py:215} INFO - Snowflake Connector for Python Version: 2.3.8, Python Version: 3.8.6, Platform: macOS-10.16-x86_64-i386-64bit
[2021-01-25 14:41:27,011] {connection.py:768} INFO - This connection is in OCSP Fail Open Mode. TLS Certificates would be checked for validity and revocation status. Any other Certificate Revocation related exceptions or OCSP Responder failures would be disregarded in favor of connectivity.
[2021-01-25 14:41:27,012] {connection.py:784} INFO - Setting use_openssl_only mode to False
[2021-01-25 14:41:28,855] {cursor.py:537} INFO - query: [ALTER SESSION SET autocommit=True]
[2021-01-25 14:41:28,989] {cursor.py:560} INFO - query execution done
[2021-01-25 14:41:28,990] {dbapi.py:180} INFO - Running statement: insert into  GENERIC_NYC_TAXI select * from MONTHLY_DATA;, parameters: None
[2021-01-25 14:41:28,991] {cursor.py:537} INFO - query: [insert into  GENERIC_NYC_TAXI select * from MONTHLY_DATA;]
[2021-01-25 14:41:30,123] {cursor.py:560} INFO - query execution done
[2021-01-25 14:41:30,124] {dbapi.py:186} INFO - Rows affected: 10000
[2021-01-25 14:41:30,125] {connection.py:438} INFO - closed
[2021-01-25 14:41:30,200] {connection.py:441} INFO - No async queries seem to be running, deleting session
[2021-01-25 14:41:30,320] {taskinstance.py:1135} INFO - Marking task as SUCCESS. dag_id=ge_bash_op_dag, task_id=copy_to_generic_table, execution_date=20210125T133947, start_date=20210125T134126, end_date=20210125T134130
[2021-01-25 14:41:30,350] {taskinstance.py:1195} INFO - 1 downstream tasks scheduled from follow-on schedule check
[2021-01-25 14:41:30,412] {local_task_job.py:118} INFO - Task exited with return code 0
