[2021-01-22 11:54:47,777] {taskinstance.py:826} INFO - Dependencies all met for <TaskInstance: connection_snowflake.snowflake_create 2021-01-22T10:54:39.551541+00:00 [queued]>
[2021-01-22 11:54:47,789] {taskinstance.py:826} INFO - Dependencies all met for <TaskInstance: connection_snowflake.snowflake_create 2021-01-22T10:54:39.551541+00:00 [queued]>
[2021-01-22 11:54:47,789] {taskinstance.py:1017} INFO - 
--------------------------------------------------------------------------------
[2021-01-22 11:54:47,789] {taskinstance.py:1018} INFO - Starting attempt 1 of 1
[2021-01-22 11:54:47,789] {taskinstance.py:1019} INFO - 
--------------------------------------------------------------------------------
[2021-01-22 11:54:47,800] {taskinstance.py:1038} INFO - Executing <Task(SnowflakeOperator): snowflake_create> on 2021-01-22T10:54:39.551541+00:00
[2021-01-22 11:54:47,803] {standard_task_runner.py:51} INFO - Started process 4026 to run task
[2021-01-22 11:54:47,818] {standard_task_runner.py:75} INFO - Running: ['airflow', 'tasks', 'run', 'connection_snowflake', 'snowflake_create', '2021-01-22T10:54:39.551541+00:00', '--job-id', '22', '--pool', 'default_pool', '--raw', '--subdir', 'DAGS_FOLDER/connection_snowflake_dag.py', '--cfg-path', '/var/folders/s2/xy3ssc8j3ks3whp2f_b8708c0000gp/T/tmpyrtm9uc5']
[2021-01-22 11:54:47,824] {standard_task_runner.py:76} INFO - Job 22: Subtask snowflake_create
[2021-01-22 11:54:47,876] {logging_mixin.py:103} INFO - Running <TaskInstance: connection_snowflake.snowflake_create 2021-01-22T10:54:39.551541+00:00 [running]> on host admins-air.home
[2021-01-22 11:54:47,907] {taskinstance.py:1230} INFO - Exporting the following env vars:
AIRFLOW_CTX_DAG_EMAIL=sara@acloudfrontier.com
AIRFLOW_CTX_DAG_OWNER=sara
AIRFLOW_CTX_DAG_ID=connection_snowflake
AIRFLOW_CTX_TASK_ID=snowflake_create
AIRFLOW_CTX_EXECUTION_DATE=2021-01-22T10:54:39.551541+00:00
AIRFLOW_CTX_DAG_RUN_ID=manual__2021-01-22T10:54:39.551541+00:00
[2021-01-22 11:54:47,908] {snowflake.py:119} INFO - Executing: ['create table public.test_employee (id number, name string);', 'insert into public.test_employee values(1, “Sam”),(2, “Andy”),(3, “Gill”);']
[2021-01-22 11:54:47,915] {base.py:65} INFO - Using connection to: id: snowflake_conn. Host: dp13486.eu-west-1.snowflakecomputing.com, Port: None, Schema: PUBLIC, Login: SARA, Password: XXXXXXXX, extra: XXXXXXXX
[2021-01-22 11:54:47,918] {connection.py:215} INFO - Snowflake Connector for Python Version: 2.3.8, Python Version: 3.8.6, Platform: macOS-10.16-x86_64-i386-64bit
[2021-01-22 11:54:47,919] {connection.py:768} INFO - This connection is in OCSP Fail Open Mode. TLS Certificates would be checked for validity and revocation status. Any other Certificate Revocation related exceptions or OCSP Responder failures would be disregarded in favor of connectivity.
[2021-01-22 11:54:47,919] {connection.py:784} INFO - Setting use_openssl_only mode to False
[2021-01-22 11:54:50,052] {taskinstance.py:1396} ERROR - 250001 (08001): None: Failed to connect to DB: dp13486.eu-west-1.snowflakecomputing.com:443. Incorrect username or password was specified.
Traceback (most recent call last):
  File "/Users/sara/p38env_airflow/lib/python3.8/site-packages/airflow/models/taskinstance.py", line 1086, in _run_raw_task
    self._prepare_and_execute_task_with_callbacks(context, task)
  File "/Users/sara/p38env_airflow/lib/python3.8/site-packages/airflow/models/taskinstance.py", line 1260, in _prepare_and_execute_task_with_callbacks
    result = self._execute_task(context, task_copy)
  File "/Users/sara/p38env_airflow/lib/python3.8/site-packages/airflow/models/taskinstance.py", line 1300, in _execute_task
    result = task_copy.execute(context=context)
  File "/Users/sara/p38env_airflow/lib/python3.8/site-packages/airflow/providers/snowflake/operators/snowflake.py", line 121, in execute
    hook.run(self.sql, autocommit=self.autocommit, parameters=self.parameters)
  File "/Users/sara/p38env_airflow/lib/python3.8/site-packages/airflow/hooks/dbapi.py", line 173, in run
    with closing(self.get_conn()) as conn:
  File "/Users/sara/p38env_airflow/lib/python3.8/site-packages/airflow/providers/snowflake/hooks/snowflake.py", line 122, in get_conn
    conn = connector.connect(**conn_config)
  File "/Users/sara/p38env_airflow/lib/python3.8/site-packages/snowflake/connector/__init__.py", line 52, in Connect
    return SnowflakeConnection(**kwargs)
  File "/Users/sara/p38env_airflow/lib/python3.8/site-packages/snowflake/connector/connection.py", line 228, in __init__
    self.connect(**kwargs)
  File "/Users/sara/p38env_airflow/lib/python3.8/site-packages/snowflake/connector/connection.py", line 423, in connect
    self.__open_connection()
  File "/Users/sara/p38env_airflow/lib/python3.8/site-packages/snowflake/connector/connection.py", line 633, in __open_connection
    self._authenticate(auth_instance)
  File "/Users/sara/p38env_airflow/lib/python3.8/site-packages/snowflake/connector/connection.py", line 866, in _authenticate
    self.__authenticate(self.__preprocess_auth_instance(auth_instance))
  File "/Users/sara/p38env_airflow/lib/python3.8/site-packages/snowflake/connector/connection.py", line 884, in __authenticate
    self._session_parameters = auth.authenticate(
  File "/Users/sara/p38env_airflow/lib/python3.8/site-packages/snowflake/connector/auth.py", line 315, in authenticate
    Error.errorhandler_wrapper(
  File "/Users/sara/p38env_airflow/lib/python3.8/site-packages/snowflake/connector/errors.py", line 227, in errorhandler_wrapper
    connection.errorhandler(connection, cursor, error_class, error_value)
  File "/Users/sara/p38env_airflow/lib/python3.8/site-packages/snowflake/connector/errors.py", line 179, in default_errorhandler
    raise error_class(
snowflake.connector.errors.DatabaseError: 250001 (08001): None: Failed to connect to DB: dp13486.eu-west-1.snowflakecomputing.com:443. Incorrect username or password was specified.
[2021-01-22 11:54:50,054] {taskinstance.py:1433} INFO - Marking task as FAILED. dag_id=connection_snowflake, task_id=snowflake_create, execution_date=20210122T105439, start_date=20210122T105447, end_date=20210122T105450
[2021-01-22 11:54:50,114] {local_task_job.py:118} INFO - Task exited with return code 1
