[2021-02-22 01:09:22,600] {scheduler_job.py:181} INFO - Started process (PID=46175) to work on /Users/sara/airflow/dags/first_dag.py
[2021-02-22 01:09:22,604] {scheduler_job.py:629} INFO - Processing file /Users/sara/airflow/dags/first_dag.py for tasks to queue
[2021-02-22 01:09:22,753] {logging_mixin.py:103} INFO - [2021-02-22 01:09:22,711] {dagbag.py:440} INFO - Filling up the DagBag from /Users/sara/airflow/dags/first_dag.py
[2021-02-22 01:09:22,800] {scheduler_job.py:639} INFO - DAG(s) dict_keys(['first_dag']) retrieved from /Users/sara/airflow/dags/first_dag.py
[2021-02-22 01:09:22,803] {logging_mixin.py:103} INFO - [2021-02-22 01:09:22,802] {dag.py:1813} INFO - Sync 1 DAGs
[2021-02-22 01:09:24,175] {logging_mixin.py:103} INFO - [2021-02-22 01:09:24,175] {dag.py:2266} INFO - Setting next_dagrun for first_dag to None
[2021-02-22 01:09:24,603] {scheduler_job.py:189} INFO - Processing /Users/sara/airflow/dags/first_dag.py took 2.022 seconds
[2021-02-22 01:38:28,900] {scheduler_job.py:181} INFO - Started process (PID=46258) to work on /Users/sara/airflow/dags/first_dag.py
[2021-02-22 01:38:28,904] {scheduler_job.py:629} INFO - Processing file /Users/sara/airflow/dags/first_dag.py for tasks to queue
[2021-02-22 01:38:28,907] {logging_mixin.py:103} INFO - [2021-02-22 01:38:28,906] {dagbag.py:440} INFO - Filling up the DagBag from /Users/sara/airflow/dags/first_dag.py
[2021-02-22 01:38:28,951] {scheduler_job.py:639} INFO - DAG(s) dict_keys(['first_dag']) retrieved from /Users/sara/airflow/dags/first_dag.py
[2021-02-22 01:38:28,955] {logging_mixin.py:103} INFO - [2021-02-22 01:38:28,955] {dag.py:1813} INFO - Sync 1 DAGs
[2021-02-22 01:38:29,230] {logging_mixin.py:103} INFO - [2021-02-22 01:38:29,230] {dag.py:2266} INFO - Setting next_dagrun for first_dag to None
[2021-02-22 01:38:29,342] {scheduler_job.py:189} INFO - Processing /Users/sara/airflow/dags/first_dag.py took 0.445 seconds
[2021-02-22 01:40:42,185] {scheduler_job.py:181} INFO - Started process (PID=46283) to work on /Users/sara/airflow/dags/first_dag.py
[2021-02-22 01:40:42,187] {scheduler_job.py:629} INFO - Processing file /Users/sara/airflow/dags/first_dag.py for tasks to queue
[2021-02-22 01:40:42,190] {logging_mixin.py:103} INFO - [2021-02-22 01:40:42,189] {dagbag.py:440} INFO - Filling up the DagBag from /Users/sara/airflow/dags/first_dag.py
[2021-02-22 01:40:42,248] {scheduler_job.py:639} INFO - DAG(s) dict_keys(['first_dag']) retrieved from /Users/sara/airflow/dags/first_dag.py
[2021-02-22 01:40:42,252] {logging_mixin.py:103} INFO - [2021-02-22 01:40:42,250] {dag.py:1813} INFO - Sync 1 DAGs
[2021-02-22 01:40:42,463] {logging_mixin.py:103} INFO - [2021-02-22 01:40:42,462] {dag.py:2266} INFO - Setting next_dagrun for first_dag to None
[2021-02-22 01:40:42,514] {scheduler_job.py:189} INFO - Processing /Users/sara/airflow/dags/first_dag.py took 0.332 seconds
[2021-02-22 01:43:01,523] {scheduler_job.py:181} INFO - Started process (PID=46312) to work on /Users/sara/airflow/dags/first_dag.py
[2021-02-22 01:43:01,527] {scheduler_job.py:629} INFO - Processing file /Users/sara/airflow/dags/first_dag.py for tasks to queue
[2021-02-22 01:43:01,529] {logging_mixin.py:103} INFO - [2021-02-22 01:43:01,528] {dagbag.py:440} INFO - Filling up the DagBag from /Users/sara/airflow/dags/first_dag.py
[2021-02-22 01:43:01,587] {scheduler_job.py:639} INFO - DAG(s) dict_keys(['first_dag']) retrieved from /Users/sara/airflow/dags/first_dag.py
[2021-02-22 01:43:01,590] {logging_mixin.py:103} INFO - [2021-02-22 01:43:01,589] {dag.py:1813} INFO - Sync 1 DAGs
[2021-02-22 01:43:01,929] {logging_mixin.py:103} INFO - [2021-02-22 01:43:01,928] {dag.py:2266} INFO - Setting next_dagrun for first_dag to None
[2021-02-22 01:43:01,978] {scheduler_job.py:189} INFO - Processing /Users/sara/airflow/dags/first_dag.py took 0.461 seconds
[2021-02-22 02:18:21,820] {scheduler_job.py:181} INFO - Started process (PID=46386) to work on /Users/sara/airflow/dags/first_dag.py
[2021-02-22 02:18:21,824] {scheduler_job.py:629} INFO - Processing file /Users/sara/airflow/dags/first_dag.py for tasks to queue
[2021-02-22 02:18:21,826] {logging_mixin.py:103} INFO - [2021-02-22 02:18:21,826] {dagbag.py:440} INFO - Filling up the DagBag from /Users/sara/airflow/dags/first_dag.py
[2021-02-22 02:18:22,024] {scheduler_job.py:639} INFO - DAG(s) dict_keys(['first_dag']) retrieved from /Users/sara/airflow/dags/first_dag.py
[2021-02-22 02:18:22,030] {logging_mixin.py:103} INFO - [2021-02-22 02:18:22,026] {dag.py:1813} INFO - Sync 1 DAGs
[2021-02-22 02:18:22,731] {logging_mixin.py:103} INFO - [2021-02-22 02:18:22,731] {dag.py:2266} INFO - Setting next_dagrun for first_dag to None
[2021-02-22 02:18:22,900] {scheduler_job.py:189} INFO - Processing /Users/sara/airflow/dags/first_dag.py took 1.085 seconds
[2021-02-22 02:20:53,501] {scheduler_job.py:181} INFO - Started process (PID=46418) to work on /Users/sara/airflow/dags/first_dag.py
[2021-02-22 02:20:53,505] {scheduler_job.py:629} INFO - Processing file /Users/sara/airflow/dags/first_dag.py for tasks to queue
[2021-02-22 02:20:53,508] {logging_mixin.py:103} INFO - [2021-02-22 02:20:53,508] {dagbag.py:440} INFO - Filling up the DagBag from /Users/sara/airflow/dags/first_dag.py
[2021-02-22 02:20:53,557] {scheduler_job.py:639} INFO - DAG(s) dict_keys(['first_dag']) retrieved from /Users/sara/airflow/dags/first_dag.py
[2021-02-22 02:20:53,560] {logging_mixin.py:103} INFO - [2021-02-22 02:20:53,559] {dag.py:1813} INFO - Sync 1 DAGs
[2021-02-22 02:20:53,893] {logging_mixin.py:103} INFO - [2021-02-22 02:20:53,893] {dag.py:2266} INFO - Setting next_dagrun for first_dag to None
[2021-02-22 02:20:53,982] {scheduler_job.py:189} INFO - Processing /Users/sara/airflow/dags/first_dag.py took 0.486 seconds
[2021-02-22 02:22:39,717] {scheduler_job.py:181} INFO - Started process (PID=46443) to work on /Users/sara/airflow/dags/first_dag.py
[2021-02-22 02:22:39,723] {scheduler_job.py:629} INFO - Processing file /Users/sara/airflow/dags/first_dag.py for tasks to queue
[2021-02-22 02:22:39,725] {logging_mixin.py:103} INFO - [2021-02-22 02:22:39,725] {dagbag.py:440} INFO - Filling up the DagBag from /Users/sara/airflow/dags/first_dag.py
[2021-02-22 02:22:39,781] {scheduler_job.py:639} INFO - DAG(s) dict_keys(['first_dag']) retrieved from /Users/sara/airflow/dags/first_dag.py
[2021-02-22 02:22:39,783] {logging_mixin.py:103} INFO - [2021-02-22 02:22:39,783] {dag.py:1813} INFO - Sync 1 DAGs
[2021-02-22 02:22:40,058] {logging_mixin.py:103} INFO - [2021-02-22 02:22:40,057] {dag.py:2266} INFO - Setting next_dagrun for first_dag to None
[2021-02-22 02:22:40,132] {scheduler_job.py:189} INFO - Processing /Users/sara/airflow/dags/first_dag.py took 0.418 seconds
[2021-02-22 02:24:49,232] {scheduler_job.py:181} INFO - Started process (PID=46468) to work on /Users/sara/airflow/dags/first_dag.py
[2021-02-22 02:24:49,237] {scheduler_job.py:629} INFO - Processing file /Users/sara/airflow/dags/first_dag.py for tasks to queue
[2021-02-22 02:24:49,240] {logging_mixin.py:103} INFO - [2021-02-22 02:24:49,239] {dagbag.py:440} INFO - Filling up the DagBag from /Users/sara/airflow/dags/first_dag.py
[2021-02-22 02:24:49,294] {scheduler_job.py:639} INFO - DAG(s) dict_keys(['first_dag']) retrieved from /Users/sara/airflow/dags/first_dag.py
[2021-02-22 02:24:49,296] {logging_mixin.py:103} INFO - [2021-02-22 02:24:49,295] {dag.py:1813} INFO - Sync 1 DAGs
[2021-02-22 02:24:49,634] {logging_mixin.py:103} INFO - [2021-02-22 02:24:49,634] {dag.py:2266} INFO - Setting next_dagrun for first_dag to None
[2021-02-22 02:24:49,701] {scheduler_job.py:189} INFO - Processing /Users/sara/airflow/dags/first_dag.py took 0.473 seconds
[2021-02-22 02:26:48,757] {scheduler_job.py:181} INFO - Started process (PID=46493) to work on /Users/sara/airflow/dags/first_dag.py
[2021-02-22 02:26:48,767] {scheduler_job.py:629} INFO - Processing file /Users/sara/airflow/dags/first_dag.py for tasks to queue
[2021-02-22 02:26:48,772] {logging_mixin.py:103} INFO - [2021-02-22 02:26:48,771] {dagbag.py:440} INFO - Filling up the DagBag from /Users/sara/airflow/dags/first_dag.py
[2021-02-22 02:26:48,877] {scheduler_job.py:639} INFO - DAG(s) dict_keys(['first_dag']) retrieved from /Users/sara/airflow/dags/first_dag.py
[2021-02-22 02:26:48,883] {logging_mixin.py:103} INFO - [2021-02-22 02:26:48,881] {dag.py:1813} INFO - Sync 1 DAGs
[2021-02-22 02:26:49,495] {logging_mixin.py:103} INFO - [2021-02-22 02:26:49,494] {dag.py:2266} INFO - Setting next_dagrun for first_dag to None
[2021-02-22 02:26:49,679] {scheduler_job.py:189} INFO - Processing /Users/sara/airflow/dags/first_dag.py took 0.930 seconds
[2021-02-22 02:28:55,706] {scheduler_job.py:181} INFO - Started process (PID=46518) to work on /Users/sara/airflow/dags/first_dag.py
[2021-02-22 02:28:55,711] {scheduler_job.py:629} INFO - Processing file /Users/sara/airflow/dags/first_dag.py for tasks to queue
[2021-02-22 02:28:55,713] {logging_mixin.py:103} INFO - [2021-02-22 02:28:55,713] {dagbag.py:440} INFO - Filling up the DagBag from /Users/sara/airflow/dags/first_dag.py
[2021-02-22 02:28:55,795] {scheduler_job.py:639} INFO - DAG(s) dict_keys(['first_dag']) retrieved from /Users/sara/airflow/dags/first_dag.py
[2021-02-22 02:28:55,798] {logging_mixin.py:103} INFO - [2021-02-22 02:28:55,797] {dag.py:1813} INFO - Sync 1 DAGs
[2021-02-22 02:28:56,057] {logging_mixin.py:103} INFO - [2021-02-22 02:28:56,056] {dag.py:2266} INFO - Setting next_dagrun for first_dag to None
[2021-02-22 02:28:56,124] {scheduler_job.py:189} INFO - Processing /Users/sara/airflow/dags/first_dag.py took 0.422 seconds
[2021-02-22 02:31:17,187] {scheduler_job.py:181} INFO - Started process (PID=46549) to work on /Users/sara/airflow/dags/first_dag.py
[2021-02-22 02:31:17,192] {scheduler_job.py:629} INFO - Processing file /Users/sara/airflow/dags/first_dag.py for tasks to queue
[2021-02-22 02:31:17,195] {logging_mixin.py:103} INFO - [2021-02-22 02:31:17,195] {dagbag.py:440} INFO - Filling up the DagBag from /Users/sara/airflow/dags/first_dag.py
[2021-02-22 02:31:17,249] {scheduler_job.py:639} INFO - DAG(s) dict_keys(['first_dag']) retrieved from /Users/sara/airflow/dags/first_dag.py
[2021-02-22 02:31:17,252] {logging_mixin.py:103} INFO - [2021-02-22 02:31:17,252] {dag.py:1813} INFO - Sync 1 DAGs
[2021-02-22 02:31:17,583] {logging_mixin.py:103} INFO - [2021-02-22 02:31:17,583] {dag.py:2266} INFO - Setting next_dagrun for first_dag to None
[2021-02-22 02:31:17,650] {scheduler_job.py:189} INFO - Processing /Users/sara/airflow/dags/first_dag.py took 0.470 seconds
[2021-02-22 02:33:23,326] {scheduler_job.py:181} INFO - Started process (PID=46598) to work on /Users/sara/airflow/dags/first_dag.py
[2021-02-22 02:33:23,343] {scheduler_job.py:629} INFO - Processing file /Users/sara/airflow/dags/first_dag.py for tasks to queue
[2021-02-22 02:33:23,346] {logging_mixin.py:103} INFO - [2021-02-22 02:33:23,345] {dagbag.py:440} INFO - Filling up the DagBag from /Users/sara/airflow/dags/first_dag.py
[2021-02-22 02:33:23,398] {scheduler_job.py:639} INFO - DAG(s) dict_keys(['first_dag']) retrieved from /Users/sara/airflow/dags/first_dag.py
[2021-02-22 02:33:23,402] {logging_mixin.py:103} INFO - [2021-02-22 02:33:23,400] {dag.py:1813} INFO - Sync 1 DAGs
[2021-02-22 02:33:23,638] {logging_mixin.py:103} INFO - [2021-02-22 02:33:23,637] {dag.py:2266} INFO - Setting next_dagrun for first_dag to None
[2021-02-22 02:33:23,706] {scheduler_job.py:189} INFO - Processing /Users/sara/airflow/dags/first_dag.py took 0.383 seconds
[2021-02-22 02:35:23,821] {scheduler_job.py:181} INFO - Started process (PID=46624) to work on /Users/sara/airflow/dags/first_dag.py
[2021-02-22 02:35:23,831] {scheduler_job.py:629} INFO - Processing file /Users/sara/airflow/dags/first_dag.py for tasks to queue
[2021-02-22 02:35:23,834] {logging_mixin.py:103} INFO - [2021-02-22 02:35:23,834] {dagbag.py:440} INFO - Filling up the DagBag from /Users/sara/airflow/dags/first_dag.py
[2021-02-22 02:35:23,970] {scheduler_job.py:639} INFO - DAG(s) dict_keys(['first_dag']) retrieved from /Users/sara/airflow/dags/first_dag.py
[2021-02-22 02:35:23,976] {logging_mixin.py:103} INFO - [2021-02-22 02:35:23,974] {dag.py:1813} INFO - Sync 1 DAGs
[2021-02-22 02:35:24,658] {logging_mixin.py:103} INFO - [2021-02-22 02:35:24,658] {dag.py:2266} INFO - Setting next_dagrun for first_dag to None
[2021-02-22 02:35:24,930] {scheduler_job.py:189} INFO - Processing /Users/sara/airflow/dags/first_dag.py took 1.116 seconds
[2021-02-22 02:37:30,311] {scheduler_job.py:181} INFO - Started process (PID=46649) to work on /Users/sara/airflow/dags/first_dag.py
[2021-02-22 02:37:30,316] {scheduler_job.py:629} INFO - Processing file /Users/sara/airflow/dags/first_dag.py for tasks to queue
[2021-02-22 02:37:30,319] {logging_mixin.py:103} INFO - [2021-02-22 02:37:30,319] {dagbag.py:440} INFO - Filling up the DagBag from /Users/sara/airflow/dags/first_dag.py
[2021-02-22 02:37:30,362] {scheduler_job.py:639} INFO - DAG(s) dict_keys(['first_dag']) retrieved from /Users/sara/airflow/dags/first_dag.py
[2021-02-22 02:37:30,365] {logging_mixin.py:103} INFO - [2021-02-22 02:37:30,364] {dag.py:1813} INFO - Sync 1 DAGs
[2021-02-22 02:37:30,672] {logging_mixin.py:103} INFO - [2021-02-22 02:37:30,671] {dag.py:2266} INFO - Setting next_dagrun for first_dag to None
[2021-02-22 02:37:30,744] {scheduler_job.py:189} INFO - Processing /Users/sara/airflow/dags/first_dag.py took 0.436 seconds
[2021-02-22 02:39:53,585] {scheduler_job.py:181} INFO - Started process (PID=46676) to work on /Users/sara/airflow/dags/first_dag.py
[2021-02-22 02:39:53,588] {scheduler_job.py:629} INFO - Processing file /Users/sara/airflow/dags/first_dag.py for tasks to queue
[2021-02-22 02:39:53,591] {logging_mixin.py:103} INFO - [2021-02-22 02:39:53,591] {dagbag.py:440} INFO - Filling up the DagBag from /Users/sara/airflow/dags/first_dag.py
[2021-02-22 02:39:53,649] {scheduler_job.py:639} INFO - DAG(s) dict_keys(['first_dag']) retrieved from /Users/sara/airflow/dags/first_dag.py
[2021-02-22 02:39:53,665] {logging_mixin.py:103} INFO - [2021-02-22 02:39:53,664] {dag.py:1813} INFO - Sync 1 DAGs
[2021-02-22 02:39:53,967] {logging_mixin.py:103} INFO - [2021-02-22 02:39:53,967] {dag.py:2266} INFO - Setting next_dagrun for first_dag to None
[2021-02-22 02:39:54,067] {scheduler_job.py:189} INFO - Processing /Users/sara/airflow/dags/first_dag.py took 0.487 seconds
[2021-02-22 02:41:56,860] {scheduler_job.py:181} INFO - Started process (PID=46700) to work on /Users/sara/airflow/dags/first_dag.py
[2021-02-22 02:41:56,864] {scheduler_job.py:629} INFO - Processing file /Users/sara/airflow/dags/first_dag.py for tasks to queue
[2021-02-22 02:41:56,866] {logging_mixin.py:103} INFO - [2021-02-22 02:41:56,866] {dagbag.py:440} INFO - Filling up the DagBag from /Users/sara/airflow/dags/first_dag.py
[2021-02-22 02:41:56,913] {scheduler_job.py:639} INFO - DAG(s) dict_keys(['first_dag']) retrieved from /Users/sara/airflow/dags/first_dag.py
[2021-02-22 02:41:56,916] {logging_mixin.py:103} INFO - [2021-02-22 02:41:56,915] {dag.py:1813} INFO - Sync 1 DAGs
[2021-02-22 02:41:57,196] {logging_mixin.py:103} INFO - [2021-02-22 02:41:57,196] {dag.py:2266} INFO - Setting next_dagrun for first_dag to None
[2021-02-22 02:41:57,261] {scheduler_job.py:189} INFO - Processing /Users/sara/airflow/dags/first_dag.py took 0.404 seconds
[2021-02-22 02:43:52,176] {scheduler_job.py:181} INFO - Started process (PID=46726) to work on /Users/sara/airflow/dags/first_dag.py
[2021-02-22 02:43:52,184] {scheduler_job.py:629} INFO - Processing file /Users/sara/airflow/dags/first_dag.py for tasks to queue
[2021-02-22 02:43:52,190] {logging_mixin.py:103} INFO - [2021-02-22 02:43:52,189] {dagbag.py:440} INFO - Filling up the DagBag from /Users/sara/airflow/dags/first_dag.py
[2021-02-22 02:43:52,299] {scheduler_job.py:639} INFO - DAG(s) dict_keys(['first_dag']) retrieved from /Users/sara/airflow/dags/first_dag.py
[2021-02-22 02:43:52,306] {logging_mixin.py:103} INFO - [2021-02-22 02:43:52,304] {dag.py:1813} INFO - Sync 1 DAGs
[2021-02-22 02:43:52,910] {logging_mixin.py:103} INFO - [2021-02-22 02:43:52,909] {dag.py:2266} INFO - Setting next_dagrun for first_dag to None
[2021-02-22 02:43:53,068] {scheduler_job.py:189} INFO - Processing /Users/sara/airflow/dags/first_dag.py took 0.897 seconds
[2021-02-22 02:46:02,285] {scheduler_job.py:181} INFO - Started process (PID=46754) to work on /Users/sara/airflow/dags/first_dag.py
[2021-02-22 02:46:02,291] {scheduler_job.py:629} INFO - Processing file /Users/sara/airflow/dags/first_dag.py for tasks to queue
[2021-02-22 02:46:02,294] {logging_mixin.py:103} INFO - [2021-02-22 02:46:02,294] {dagbag.py:440} INFO - Filling up the DagBag from /Users/sara/airflow/dags/first_dag.py
[2021-02-22 02:46:02,347] {scheduler_job.py:639} INFO - DAG(s) dict_keys(['first_dag']) retrieved from /Users/sara/airflow/dags/first_dag.py
[2021-02-22 02:46:02,350] {logging_mixin.py:103} INFO - [2021-02-22 02:46:02,349] {dag.py:1813} INFO - Sync 1 DAGs
[2021-02-22 02:46:02,628] {logging_mixin.py:103} INFO - [2021-02-22 02:46:02,628] {dag.py:2266} INFO - Setting next_dagrun for first_dag to None
[2021-02-22 02:46:02,703] {scheduler_job.py:189} INFO - Processing /Users/sara/airflow/dags/first_dag.py took 0.423 seconds
[2021-02-22 02:48:04,977] {scheduler_job.py:181} INFO - Started process (PID=46779) to work on /Users/sara/airflow/dags/first_dag.py
[2021-02-22 02:48:04,980] {scheduler_job.py:629} INFO - Processing file /Users/sara/airflow/dags/first_dag.py for tasks to queue
[2021-02-22 02:48:04,982] {logging_mixin.py:103} INFO - [2021-02-22 02:48:04,982] {dagbag.py:440} INFO - Filling up the DagBag from /Users/sara/airflow/dags/first_dag.py
[2021-02-22 02:48:05,035] {scheduler_job.py:639} INFO - DAG(s) dict_keys(['first_dag']) retrieved from /Users/sara/airflow/dags/first_dag.py
[2021-02-22 02:48:05,038] {logging_mixin.py:103} INFO - [2021-02-22 02:48:05,038] {dag.py:1813} INFO - Sync 1 DAGs
[2021-02-22 02:48:05,362] {logging_mixin.py:103} INFO - [2021-02-22 02:48:05,362] {dag.py:2266} INFO - Setting next_dagrun for first_dag to None
[2021-02-22 02:48:05,438] {scheduler_job.py:189} INFO - Processing /Users/sara/airflow/dags/first_dag.py took 0.467 seconds
[2021-02-22 02:50:14,571] {scheduler_job.py:181} INFO - Started process (PID=46804) to work on /Users/sara/airflow/dags/first_dag.py
[2021-02-22 02:50:14,577] {scheduler_job.py:629} INFO - Processing file /Users/sara/airflow/dags/first_dag.py for tasks to queue
[2021-02-22 02:50:14,581] {logging_mixin.py:103} INFO - [2021-02-22 02:50:14,579] {dagbag.py:440} INFO - Filling up the DagBag from /Users/sara/airflow/dags/first_dag.py
[2021-02-22 02:50:14,684] {scheduler_job.py:639} INFO - DAG(s) dict_keys(['first_dag']) retrieved from /Users/sara/airflow/dags/first_dag.py
[2021-02-22 02:50:14,690] {logging_mixin.py:103} INFO - [2021-02-22 02:50:14,689] {dag.py:1813} INFO - Sync 1 DAGs
[2021-02-22 02:50:15,302] {logging_mixin.py:103} INFO - [2021-02-22 02:50:15,301] {dag.py:2266} INFO - Setting next_dagrun for first_dag to None
[2021-02-22 02:50:15,444] {scheduler_job.py:189} INFO - Processing /Users/sara/airflow/dags/first_dag.py took 0.881 seconds
[2021-02-22 02:52:04,919] {scheduler_job.py:181} INFO - Started process (PID=46829) to work on /Users/sara/airflow/dags/first_dag.py
[2021-02-22 02:52:04,924] {scheduler_job.py:629} INFO - Processing file /Users/sara/airflow/dags/first_dag.py for tasks to queue
[2021-02-22 02:52:04,928] {logging_mixin.py:103} INFO - [2021-02-22 02:52:04,926] {dagbag.py:440} INFO - Filling up the DagBag from /Users/sara/airflow/dags/first_dag.py
[2021-02-22 02:52:04,981] {scheduler_job.py:639} INFO - DAG(s) dict_keys(['first_dag']) retrieved from /Users/sara/airflow/dags/first_dag.py
[2021-02-22 02:52:04,985] {logging_mixin.py:103} INFO - [2021-02-22 02:52:04,984] {dag.py:1813} INFO - Sync 1 DAGs
[2021-02-22 02:52:05,267] {logging_mixin.py:103} INFO - [2021-02-22 02:52:05,267] {dag.py:2266} INFO - Setting next_dagrun for first_dag to None
[2021-02-22 02:52:05,338] {scheduler_job.py:189} INFO - Processing /Users/sara/airflow/dags/first_dag.py took 0.424 seconds
[2021-02-22 02:54:16,678] {scheduler_job.py:181} INFO - Started process (PID=46855) to work on /Users/sara/airflow/dags/first_dag.py
[2021-02-22 02:54:16,686] {scheduler_job.py:629} INFO - Processing file /Users/sara/airflow/dags/first_dag.py for tasks to queue
[2021-02-22 02:54:16,688] {logging_mixin.py:103} INFO - [2021-02-22 02:54:16,688] {dagbag.py:440} INFO - Filling up the DagBag from /Users/sara/airflow/dags/first_dag.py
[2021-02-22 02:54:16,742] {scheduler_job.py:639} INFO - DAG(s) dict_keys(['first_dag']) retrieved from /Users/sara/airflow/dags/first_dag.py
[2021-02-22 02:54:16,745] {logging_mixin.py:103} INFO - [2021-02-22 02:54:16,744] {dag.py:1813} INFO - Sync 1 DAGs
[2021-02-22 02:54:17,030] {logging_mixin.py:103} INFO - [2021-02-22 02:54:17,030] {dag.py:2266} INFO - Setting next_dagrun for first_dag to None
[2021-02-22 02:54:17,116] {scheduler_job.py:189} INFO - Processing /Users/sara/airflow/dags/first_dag.py took 0.442 seconds
[2021-02-22 02:56:29,347] {scheduler_job.py:181} INFO - Started process (PID=46881) to work on /Users/sara/airflow/dags/first_dag.py
[2021-02-22 02:56:29,351] {scheduler_job.py:629} INFO - Processing file /Users/sara/airflow/dags/first_dag.py for tasks to queue
[2021-02-22 02:56:29,353] {logging_mixin.py:103} INFO - [2021-02-22 02:56:29,353] {dagbag.py:440} INFO - Filling up the DagBag from /Users/sara/airflow/dags/first_dag.py
[2021-02-22 02:56:29,415] {scheduler_job.py:639} INFO - DAG(s) dict_keys(['first_dag']) retrieved from /Users/sara/airflow/dags/first_dag.py
[2021-02-22 02:56:29,420] {logging_mixin.py:103} INFO - [2021-02-22 02:56:29,419] {dag.py:1813} INFO - Sync 1 DAGs
[2021-02-22 02:56:29,737] {logging_mixin.py:103} INFO - [2021-02-22 02:56:29,737] {dag.py:2266} INFO - Setting next_dagrun for first_dag to None
[2021-02-22 02:56:29,819] {scheduler_job.py:189} INFO - Processing /Users/sara/airflow/dags/first_dag.py took 0.477 seconds
[2021-02-22 02:58:17,392] {scheduler_job.py:181} INFO - Started process (PID=46905) to work on /Users/sara/airflow/dags/first_dag.py
[2021-02-22 02:58:17,399] {scheduler_job.py:629} INFO - Processing file /Users/sara/airflow/dags/first_dag.py for tasks to queue
[2021-02-22 02:58:17,404] {logging_mixin.py:103} INFO - [2021-02-22 02:58:17,403] {dagbag.py:440} INFO - Filling up the DagBag from /Users/sara/airflow/dags/first_dag.py
[2021-02-22 02:58:17,492] {scheduler_job.py:639} INFO - DAG(s) dict_keys(['first_dag']) retrieved from /Users/sara/airflow/dags/first_dag.py
[2021-02-22 02:58:17,495] {logging_mixin.py:103} INFO - [2021-02-22 02:58:17,494] {dag.py:1813} INFO - Sync 1 DAGs
[2021-02-22 02:58:17,955] {logging_mixin.py:103} INFO - [2021-02-22 02:58:17,953] {dag.py:2266} INFO - Setting next_dagrun for first_dag to None
[2021-02-22 02:58:18,077] {scheduler_job.py:189} INFO - Processing /Users/sara/airflow/dags/first_dag.py took 0.696 seconds
[2021-02-22 03:00:32,909] {scheduler_job.py:181} INFO - Started process (PID=46936) to work on /Users/sara/airflow/dags/first_dag.py
[2021-02-22 03:00:32,913] {scheduler_job.py:629} INFO - Processing file /Users/sara/airflow/dags/first_dag.py for tasks to queue
[2021-02-22 03:00:32,916] {logging_mixin.py:103} INFO - [2021-02-22 03:00:32,915] {dagbag.py:440} INFO - Filling up the DagBag from /Users/sara/airflow/dags/first_dag.py
[2021-02-22 03:00:32,970] {scheduler_job.py:639} INFO - DAG(s) dict_keys(['first_dag']) retrieved from /Users/sara/airflow/dags/first_dag.py
[2021-02-22 03:00:32,972] {logging_mixin.py:103} INFO - [2021-02-22 03:00:32,972] {dag.py:1813} INFO - Sync 1 DAGs
[2021-02-22 03:00:33,262] {logging_mixin.py:103} INFO - [2021-02-22 03:00:33,262] {dag.py:2266} INFO - Setting next_dagrun for first_dag to None
[2021-02-22 03:00:33,336] {scheduler_job.py:189} INFO - Processing /Users/sara/airflow/dags/first_dag.py took 0.432 seconds
[2021-02-22 03:02:32,205] {scheduler_job.py:181} INFO - Started process (PID=46960) to work on /Users/sara/airflow/dags/first_dag.py
[2021-02-22 03:02:32,210] {scheduler_job.py:629} INFO - Processing file /Users/sara/airflow/dags/first_dag.py for tasks to queue
[2021-02-22 03:02:32,212] {logging_mixin.py:103} INFO - [2021-02-22 03:02:32,212] {dagbag.py:440} INFO - Filling up the DagBag from /Users/sara/airflow/dags/first_dag.py
[2021-02-22 03:02:32,261] {scheduler_job.py:639} INFO - DAG(s) dict_keys(['first_dag']) retrieved from /Users/sara/airflow/dags/first_dag.py
[2021-02-22 03:02:32,264] {logging_mixin.py:103} INFO - [2021-02-22 03:02:32,263] {dag.py:1813} INFO - Sync 1 DAGs
[2021-02-22 03:02:32,493] {logging_mixin.py:103} INFO - [2021-02-22 03:02:32,492] {dag.py:2266} INFO - Setting next_dagrun for first_dag to None
[2021-02-22 03:02:32,547] {scheduler_job.py:189} INFO - Processing /Users/sara/airflow/dags/first_dag.py took 0.347 seconds
[2021-02-22 03:04:48,320] {scheduler_job.py:181} INFO - Started process (PID=47001) to work on /Users/sara/airflow/dags/first_dag.py
[2021-02-22 03:04:48,327] {scheduler_job.py:629} INFO - Processing file /Users/sara/airflow/dags/first_dag.py for tasks to queue
[2021-02-22 03:04:48,334] {logging_mixin.py:103} INFO - [2021-02-22 03:04:48,334] {dagbag.py:440} INFO - Filling up the DagBag from /Users/sara/airflow/dags/first_dag.py
[2021-02-22 03:04:48,406] {scheduler_job.py:639} INFO - DAG(s) dict_keys(['first_dag']) retrieved from /Users/sara/airflow/dags/first_dag.py
[2021-02-22 03:04:48,409] {logging_mixin.py:103} INFO - [2021-02-22 03:04:48,408] {dag.py:1813} INFO - Sync 1 DAGs
[2021-02-22 03:04:48,758] {logging_mixin.py:103} INFO - [2021-02-22 03:04:48,757] {dag.py:2266} INFO - Setting next_dagrun for first_dag to None
[2021-02-22 03:04:48,840] {scheduler_job.py:189} INFO - Processing /Users/sara/airflow/dags/first_dag.py took 0.525 seconds
[2021-02-22 03:06:37,503] {scheduler_job.py:181} INFO - Started process (PID=47034) to work on /Users/sara/airflow/dags/first_dag.py
[2021-02-22 03:06:37,507] {scheduler_job.py:629} INFO - Processing file /Users/sara/airflow/dags/first_dag.py for tasks to queue
[2021-02-22 03:06:37,511] {logging_mixin.py:103} INFO - [2021-02-22 03:06:37,510] {dagbag.py:440} INFO - Filling up the DagBag from /Users/sara/airflow/dags/first_dag.py
[2021-02-22 03:06:37,571] {scheduler_job.py:639} INFO - DAG(s) dict_keys(['first_dag']) retrieved from /Users/sara/airflow/dags/first_dag.py
[2021-02-22 03:06:37,578] {logging_mixin.py:103} INFO - [2021-02-22 03:06:37,576] {dag.py:1813} INFO - Sync 1 DAGs
[2021-02-22 03:06:37,899] {logging_mixin.py:103} INFO - [2021-02-22 03:06:37,897] {dag.py:2266} INFO - Setting next_dagrun for first_dag to None
[2021-02-22 03:06:37,998] {scheduler_job.py:189} INFO - Processing /Users/sara/airflow/dags/first_dag.py took 0.498 seconds
[2021-02-22 03:08:52,490] {scheduler_job.py:181} INFO - Started process (PID=47059) to work on /Users/sara/airflow/dags/first_dag.py
[2021-02-22 03:08:52,496] {scheduler_job.py:629} INFO - Processing file /Users/sara/airflow/dags/first_dag.py for tasks to queue
[2021-02-22 03:08:52,498] {logging_mixin.py:103} INFO - [2021-02-22 03:08:52,497] {dagbag.py:440} INFO - Filling up the DagBag from /Users/sara/airflow/dags/first_dag.py
[2021-02-22 03:08:52,546] {scheduler_job.py:639} INFO - DAG(s) dict_keys(['first_dag']) retrieved from /Users/sara/airflow/dags/first_dag.py
[2021-02-22 03:08:52,549] {logging_mixin.py:103} INFO - [2021-02-22 03:08:52,548] {dag.py:1813} INFO - Sync 1 DAGs
[2021-02-22 03:08:52,873] {logging_mixin.py:103} INFO - [2021-02-22 03:08:52,873] {dag.py:2266} INFO - Setting next_dagrun for first_dag to None
[2021-02-22 03:08:52,951] {scheduler_job.py:189} INFO - Processing /Users/sara/airflow/dags/first_dag.py took 0.465 seconds
[2021-02-22 03:10:59,506] {scheduler_job.py:181} INFO - Started process (PID=47085) to work on /Users/sara/airflow/dags/first_dag.py
[2021-02-22 03:10:59,511] {scheduler_job.py:629} INFO - Processing file /Users/sara/airflow/dags/first_dag.py for tasks to queue
[2021-02-22 03:10:59,512] {logging_mixin.py:103} INFO - [2021-02-22 03:10:59,512] {dagbag.py:440} INFO - Filling up the DagBag from /Users/sara/airflow/dags/first_dag.py
[2021-02-22 03:10:59,559] {scheduler_job.py:639} INFO - DAG(s) dict_keys(['first_dag']) retrieved from /Users/sara/airflow/dags/first_dag.py
[2021-02-22 03:10:59,562] {logging_mixin.py:103} INFO - [2021-02-22 03:10:59,561] {dag.py:1813} INFO - Sync 1 DAGs
[2021-02-22 03:10:59,862] {logging_mixin.py:103} INFO - [2021-02-22 03:10:59,862] {dag.py:2266} INFO - Setting next_dagrun for first_dag to None
[2021-02-22 03:10:59,939] {scheduler_job.py:189} INFO - Processing /Users/sara/airflow/dags/first_dag.py took 0.436 seconds
[2021-02-22 03:12:35,633] {scheduler_job.py:181} INFO - Started process (PID=47110) to work on /Users/sara/airflow/dags/first_dag.py
[2021-02-22 03:12:35,638] {scheduler_job.py:629} INFO - Processing file /Users/sara/airflow/dags/first_dag.py for tasks to queue
[2021-02-22 03:12:35,640] {logging_mixin.py:103} INFO - [2021-02-22 03:12:35,640] {dagbag.py:440} INFO - Filling up the DagBag from /Users/sara/airflow/dags/first_dag.py
[2021-02-22 03:12:35,696] {scheduler_job.py:639} INFO - DAG(s) dict_keys(['first_dag']) retrieved from /Users/sara/airflow/dags/first_dag.py
[2021-02-22 03:12:35,698] {logging_mixin.py:103} INFO - [2021-02-22 03:12:35,698] {dag.py:1813} INFO - Sync 1 DAGs
[2021-02-22 03:12:36,018] {logging_mixin.py:103} INFO - [2021-02-22 03:12:36,018] {dag.py:2266} INFO - Setting next_dagrun for first_dag to None
[2021-02-22 03:12:36,087] {scheduler_job.py:189} INFO - Processing /Users/sara/airflow/dags/first_dag.py took 0.457 seconds
[2021-02-22 03:14:44,959] {scheduler_job.py:181} INFO - Started process (PID=47135) to work on /Users/sara/airflow/dags/first_dag.py
[2021-02-22 03:14:44,966] {scheduler_job.py:629} INFO - Processing file /Users/sara/airflow/dags/first_dag.py for tasks to queue
[2021-02-22 03:14:44,968] {logging_mixin.py:103} INFO - [2021-02-22 03:14:44,968] {dagbag.py:440} INFO - Filling up the DagBag from /Users/sara/airflow/dags/first_dag.py
[2021-02-22 03:14:45,015] {scheduler_job.py:639} INFO - DAG(s) dict_keys(['first_dag']) retrieved from /Users/sara/airflow/dags/first_dag.py
[2021-02-22 03:14:45,019] {logging_mixin.py:103} INFO - [2021-02-22 03:14:45,018] {dag.py:1813} INFO - Sync 1 DAGs
[2021-02-22 03:14:45,320] {logging_mixin.py:103} INFO - [2021-02-22 03:14:45,319] {dag.py:2266} INFO - Setting next_dagrun for first_dag to None
[2021-02-22 03:14:45,383] {scheduler_job.py:189} INFO - Processing /Users/sara/airflow/dags/first_dag.py took 0.428 seconds
[2021-02-22 03:17:01,598] {scheduler_job.py:181} INFO - Started process (PID=47163) to work on /Users/sara/airflow/dags/first_dag.py
[2021-02-22 03:17:01,602] {scheduler_job.py:629} INFO - Processing file /Users/sara/airflow/dags/first_dag.py for tasks to queue
[2021-02-22 03:17:01,605] {logging_mixin.py:103} INFO - [2021-02-22 03:17:01,604] {dagbag.py:440} INFO - Filling up the DagBag from /Users/sara/airflow/dags/first_dag.py
[2021-02-22 03:17:01,655] {scheduler_job.py:639} INFO - DAG(s) dict_keys(['first_dag']) retrieved from /Users/sara/airflow/dags/first_dag.py
[2021-02-22 03:17:01,658] {logging_mixin.py:103} INFO - [2021-02-22 03:17:01,657] {dag.py:1813} INFO - Sync 1 DAGs
[2021-02-22 03:17:01,868] {logging_mixin.py:103} INFO - [2021-02-22 03:17:01,867] {dag.py:2266} INFO - Setting next_dagrun for first_dag to None
[2021-02-22 03:17:01,918] {scheduler_job.py:189} INFO - Processing /Users/sara/airflow/dags/first_dag.py took 0.325 seconds
[2021-02-22 03:18:38,781] {scheduler_job.py:181} INFO - Started process (PID=47188) to work on /Users/sara/airflow/dags/first_dag.py
[2021-02-22 03:18:38,785] {scheduler_job.py:629} INFO - Processing file /Users/sara/airflow/dags/first_dag.py for tasks to queue
[2021-02-22 03:18:38,787] {logging_mixin.py:103} INFO - [2021-02-22 03:18:38,787] {dagbag.py:440} INFO - Filling up the DagBag from /Users/sara/airflow/dags/first_dag.py
[2021-02-22 03:18:38,844] {scheduler_job.py:639} INFO - DAG(s) dict_keys(['first_dag']) retrieved from /Users/sara/airflow/dags/first_dag.py
[2021-02-22 03:18:38,847] {logging_mixin.py:103} INFO - [2021-02-22 03:18:38,846] {dag.py:1813} INFO - Sync 1 DAGs
[2021-02-22 03:18:39,150] {logging_mixin.py:103} INFO - [2021-02-22 03:18:39,149] {dag.py:2266} INFO - Setting next_dagrun for first_dag to None
[2021-02-22 03:18:39,214] {scheduler_job.py:189} INFO - Processing /Users/sara/airflow/dags/first_dag.py took 0.438 seconds
[2021-02-22 03:20:56,141] {scheduler_job.py:181} INFO - Started process (PID=47214) to work on /Users/sara/airflow/dags/first_dag.py
[2021-02-22 03:20:56,146] {scheduler_job.py:629} INFO - Processing file /Users/sara/airflow/dags/first_dag.py for tasks to queue
[2021-02-22 03:20:56,148] {logging_mixin.py:103} INFO - [2021-02-22 03:20:56,148] {dagbag.py:440} INFO - Filling up the DagBag from /Users/sara/airflow/dags/first_dag.py
[2021-02-22 03:20:56,197] {scheduler_job.py:639} INFO - DAG(s) dict_keys(['first_dag']) retrieved from /Users/sara/airflow/dags/first_dag.py
[2021-02-22 03:20:56,210] {logging_mixin.py:103} INFO - [2021-02-22 03:20:56,209] {dag.py:1813} INFO - Sync 1 DAGs
[2021-02-22 03:20:56,519] {logging_mixin.py:103} INFO - [2021-02-22 03:20:56,519] {dag.py:2266} INFO - Setting next_dagrun for first_dag to None
[2021-02-22 03:20:56,586] {scheduler_job.py:189} INFO - Processing /Users/sara/airflow/dags/first_dag.py took 0.448 seconds
[2021-02-22 03:23:09,133] {scheduler_job.py:181} INFO - Started process (PID=47239) to work on /Users/sara/airflow/dags/first_dag.py
[2021-02-22 03:23:09,137] {scheduler_job.py:629} INFO - Processing file /Users/sara/airflow/dags/first_dag.py for tasks to queue
[2021-02-22 03:23:09,139] {logging_mixin.py:103} INFO - [2021-02-22 03:23:09,139] {dagbag.py:440} INFO - Filling up the DagBag from /Users/sara/airflow/dags/first_dag.py
[2021-02-22 03:23:09,194] {scheduler_job.py:639} INFO - DAG(s) dict_keys(['first_dag']) retrieved from /Users/sara/airflow/dags/first_dag.py
[2021-02-22 03:23:09,197] {logging_mixin.py:103} INFO - [2021-02-22 03:23:09,196] {dag.py:1813} INFO - Sync 1 DAGs
[2021-02-22 03:23:09,529] {logging_mixin.py:103} INFO - [2021-02-22 03:23:09,529] {dag.py:2266} INFO - Setting next_dagrun for first_dag to None
[2021-02-22 03:23:09,612] {scheduler_job.py:189} INFO - Processing /Users/sara/airflow/dags/first_dag.py took 0.484 seconds
[2021-02-22 03:24:55,836] {scheduler_job.py:181} INFO - Started process (PID=47264) to work on /Users/sara/airflow/dags/first_dag.py
[2021-02-22 03:24:55,845] {scheduler_job.py:629} INFO - Processing file /Users/sara/airflow/dags/first_dag.py for tasks to queue
[2021-02-22 03:24:55,849] {logging_mixin.py:103} INFO - [2021-02-22 03:24:55,848] {dagbag.py:440} INFO - Filling up the DagBag from /Users/sara/airflow/dags/first_dag.py
[2021-02-22 03:24:55,960] {scheduler_job.py:639} INFO - DAG(s) dict_keys(['first_dag']) retrieved from /Users/sara/airflow/dags/first_dag.py
[2021-02-22 03:24:55,971] {logging_mixin.py:103} INFO - [2021-02-22 03:24:55,970] {dag.py:1813} INFO - Sync 1 DAGs
[2021-02-22 03:24:56,525] {logging_mixin.py:103} INFO - [2021-02-22 03:24:56,524] {dag.py:2266} INFO - Setting next_dagrun for first_dag to None
[2021-02-22 03:24:56,667] {scheduler_job.py:189} INFO - Processing /Users/sara/airflow/dags/first_dag.py took 0.837 seconds
[2021-02-22 03:27:07,860] {scheduler_job.py:181} INFO - Started process (PID=47290) to work on /Users/sara/airflow/dags/first_dag.py
[2021-02-22 03:27:07,865] {scheduler_job.py:629} INFO - Processing file /Users/sara/airflow/dags/first_dag.py for tasks to queue
[2021-02-22 03:27:07,868] {logging_mixin.py:103} INFO - [2021-02-22 03:27:07,867] {dagbag.py:440} INFO - Filling up the DagBag from /Users/sara/airflow/dags/first_dag.py
[2021-02-22 03:27:07,919] {scheduler_job.py:639} INFO - DAG(s) dict_keys(['first_dag']) retrieved from /Users/sara/airflow/dags/first_dag.py
[2021-02-22 03:27:07,922] {logging_mixin.py:103} INFO - [2021-02-22 03:27:07,921] {dag.py:1813} INFO - Sync 1 DAGs
[2021-02-22 03:27:08,269] {logging_mixin.py:103} INFO - [2021-02-22 03:27:08,263] {dag.py:2266} INFO - Setting next_dagrun for first_dag to None
[2021-02-22 03:27:08,342] {scheduler_job.py:189} INFO - Processing /Users/sara/airflow/dags/first_dag.py took 0.486 seconds
[2021-02-22 03:29:09,706] {scheduler_job.py:181} INFO - Started process (PID=47333) to work on /Users/sara/airflow/dags/first_dag.py
[2021-02-22 03:29:09,711] {scheduler_job.py:629} INFO - Processing file /Users/sara/airflow/dags/first_dag.py for tasks to queue
[2021-02-22 03:29:09,714] {logging_mixin.py:103} INFO - [2021-02-22 03:29:09,713] {dagbag.py:440} INFO - Filling up the DagBag from /Users/sara/airflow/dags/first_dag.py
[2021-02-22 03:29:09,757] {scheduler_job.py:639} INFO - DAG(s) dict_keys(['first_dag']) retrieved from /Users/sara/airflow/dags/first_dag.py
[2021-02-22 03:29:09,766] {logging_mixin.py:103} INFO - [2021-02-22 03:29:09,765] {dag.py:1813} INFO - Sync 1 DAGs
[2021-02-22 03:29:10,074] {logging_mixin.py:103} INFO - [2021-02-22 03:29:10,074] {dag.py:2266} INFO - Setting next_dagrun for first_dag to None
[2021-02-22 03:29:10,147] {scheduler_job.py:189} INFO - Processing /Users/sara/airflow/dags/first_dag.py took 0.444 seconds
[2021-02-22 03:31:30,811] {scheduler_job.py:181} INFO - Started process (PID=47370) to work on /Users/sara/airflow/dags/first_dag.py
[2021-02-22 03:31:30,821] {scheduler_job.py:629} INFO - Processing file /Users/sara/airflow/dags/first_dag.py for tasks to queue
[2021-02-22 03:31:30,824] {logging_mixin.py:103} INFO - [2021-02-22 03:31:30,823] {dagbag.py:440} INFO - Filling up the DagBag from /Users/sara/airflow/dags/first_dag.py
[2021-02-22 03:31:30,998] {scheduler_job.py:639} INFO - DAG(s) dict_keys(['first_dag']) retrieved from /Users/sara/airflow/dags/first_dag.py
[2021-02-22 03:31:31,004] {logging_mixin.py:103} INFO - [2021-02-22 03:31:31,003] {dag.py:1813} INFO - Sync 1 DAGs
[2021-02-22 03:31:31,651] {logging_mixin.py:103} INFO - [2021-02-22 03:31:31,651] {dag.py:2266} INFO - Setting next_dagrun for first_dag to None
[2021-02-22 03:31:31,793] {scheduler_job.py:189} INFO - Processing /Users/sara/airflow/dags/first_dag.py took 0.995 seconds
[2021-02-22 03:33:16,366] {scheduler_job.py:181} INFO - Started process (PID=47394) to work on /Users/sara/airflow/dags/first_dag.py
[2021-02-22 03:33:16,370] {scheduler_job.py:629} INFO - Processing file /Users/sara/airflow/dags/first_dag.py for tasks to queue
[2021-02-22 03:33:16,373] {logging_mixin.py:103} INFO - [2021-02-22 03:33:16,372] {dagbag.py:440} INFO - Filling up the DagBag from /Users/sara/airflow/dags/first_dag.py
[2021-02-22 03:33:16,422] {scheduler_job.py:639} INFO - DAG(s) dict_keys(['first_dag']) retrieved from /Users/sara/airflow/dags/first_dag.py
[2021-02-22 03:33:16,426] {logging_mixin.py:103} INFO - [2021-02-22 03:33:16,425] {dag.py:1813} INFO - Sync 1 DAGs
[2021-02-22 03:33:16,724] {logging_mixin.py:103} INFO - [2021-02-22 03:33:16,724] {dag.py:2266} INFO - Setting next_dagrun for first_dag to None
[2021-02-22 03:33:16,800] {scheduler_job.py:189} INFO - Processing /Users/sara/airflow/dags/first_dag.py took 0.437 seconds
[2021-02-22 05:24:30,253] {scheduler_job.py:181} INFO - Started process (PID=47474) to work on /Users/sara/airflow/dags/first_dag.py
[2021-02-22 05:24:30,257] {scheduler_job.py:629} INFO - Processing file /Users/sara/airflow/dags/first_dag.py for tasks to queue
[2021-02-22 05:24:30,258] {logging_mixin.py:103} INFO - [2021-02-22 05:24:30,258] {dagbag.py:440} INFO - Filling up the DagBag from /Users/sara/airflow/dags/first_dag.py
[2021-02-22 05:24:30,383] {scheduler_job.py:639} INFO - DAG(s) dict_keys(['first_dag']) retrieved from /Users/sara/airflow/dags/first_dag.py
[2021-02-22 05:24:30,384] {logging_mixin.py:103} INFO - [2021-02-22 05:24:30,384] {dag.py:1813} INFO - Sync 1 DAGs
[2021-02-22 05:24:31,333] {logging_mixin.py:103} INFO - [2021-02-22 05:24:31,333] {dag.py:2266} INFO - Setting next_dagrun for first_dag to None
[2021-02-22 05:24:31,356] {scheduler_job.py:189} INFO - Processing /Users/sara/airflow/dags/first_dag.py took 1.104 seconds
[2021-02-22 07:26:28,423] {scheduler_job.py:181} INFO - Started process (PID=47530) to work on /Users/sara/airflow/dags/first_dag.py
[2021-02-22 07:26:28,427] {scheduler_job.py:629} INFO - Processing file /Users/sara/airflow/dags/first_dag.py for tasks to queue
[2021-02-22 07:26:28,429] {logging_mixin.py:103} INFO - [2021-02-22 07:26:28,428] {dagbag.py:440} INFO - Filling up the DagBag from /Users/sara/airflow/dags/first_dag.py
[2021-02-22 07:26:28,511] {scheduler_job.py:639} INFO - DAG(s) dict_keys(['first_dag']) retrieved from /Users/sara/airflow/dags/first_dag.py
[2021-02-22 07:26:28,513] {logging_mixin.py:103} INFO - [2021-02-22 07:26:28,513] {dag.py:1813} INFO - Sync 1 DAGs
[2021-02-22 07:26:29,286] {logging_mixin.py:103} INFO - [2021-02-22 07:26:29,286] {dag.py:2266} INFO - Setting next_dagrun for first_dag to None
[2021-02-22 07:26:29,515] {scheduler_job.py:189} INFO - Processing /Users/sara/airflow/dags/first_dag.py took 1.096 seconds
[2021-02-22 07:28:58,880] {scheduler_job.py:181} INFO - Started process (PID=47557) to work on /Users/sara/airflow/dags/first_dag.py
[2021-02-22 07:28:58,883] {scheduler_job.py:629} INFO - Processing file /Users/sara/airflow/dags/first_dag.py for tasks to queue
[2021-02-22 07:28:58,885] {logging_mixin.py:103} INFO - [2021-02-22 07:28:58,885] {dagbag.py:440} INFO - Filling up the DagBag from /Users/sara/airflow/dags/first_dag.py
[2021-02-22 07:28:58,936] {scheduler_job.py:639} INFO - DAG(s) dict_keys(['first_dag']) retrieved from /Users/sara/airflow/dags/first_dag.py
[2021-02-22 07:28:58,939] {logging_mixin.py:103} INFO - [2021-02-22 07:28:58,938] {dag.py:1813} INFO - Sync 1 DAGs
[2021-02-22 07:28:59,267] {logging_mixin.py:103} INFO - [2021-02-22 07:28:59,266] {dag.py:2266} INFO - Setting next_dagrun for first_dag to None
[2021-02-22 07:28:59,342] {scheduler_job.py:189} INFO - Processing /Users/sara/airflow/dags/first_dag.py took 0.466 seconds
[2021-02-22 07:30:51,831] {scheduler_job.py:181} INFO - Started process (PID=47583) to work on /Users/sara/airflow/dags/first_dag.py
[2021-02-22 07:30:51,839] {scheduler_job.py:629} INFO - Processing file /Users/sara/airflow/dags/first_dag.py for tasks to queue
[2021-02-22 07:30:51,845] {logging_mixin.py:103} INFO - [2021-02-22 07:30:51,844] {dagbag.py:440} INFO - Filling up the DagBag from /Users/sara/airflow/dags/first_dag.py
[2021-02-22 07:30:51,977] {scheduler_job.py:639} INFO - DAG(s) dict_keys(['first_dag']) retrieved from /Users/sara/airflow/dags/first_dag.py
[2021-02-22 07:30:51,986] {logging_mixin.py:103} INFO - [2021-02-22 07:30:51,981] {dag.py:1813} INFO - Sync 1 DAGs
[2021-02-22 07:30:52,618] {logging_mixin.py:103} INFO - [2021-02-22 07:30:52,616] {dag.py:2266} INFO - Setting next_dagrun for first_dag to None
[2021-02-22 07:30:52,808] {scheduler_job.py:189} INFO - Processing /Users/sara/airflow/dags/first_dag.py took 0.986 seconds
[2021-02-22 07:33:03,916] {scheduler_job.py:181} INFO - Started process (PID=47637) to work on /Users/sara/airflow/dags/first_dag.py
[2021-02-22 07:33:03,922] {scheduler_job.py:629} INFO - Processing file /Users/sara/airflow/dags/first_dag.py for tasks to queue
[2021-02-22 07:33:03,925] {logging_mixin.py:103} INFO - [2021-02-22 07:33:03,924] {dagbag.py:440} INFO - Filling up the DagBag from /Users/sara/airflow/dags/first_dag.py
[2021-02-22 07:33:03,978] {scheduler_job.py:639} INFO - DAG(s) dict_keys(['first_dag']) retrieved from /Users/sara/airflow/dags/first_dag.py
[2021-02-22 07:33:03,981] {logging_mixin.py:103} INFO - [2021-02-22 07:33:03,980] {dag.py:1813} INFO - Sync 1 DAGs
[2021-02-22 07:33:04,270] {logging_mixin.py:103} INFO - [2021-02-22 07:33:04,269] {dag.py:2266} INFO - Setting next_dagrun for first_dag to None
[2021-02-22 07:33:04,342] {scheduler_job.py:189} INFO - Processing /Users/sara/airflow/dags/first_dag.py took 0.429 seconds
[2021-02-22 07:46:22,007] {scheduler_job.py:181} INFO - Started process (PID=47687) to work on /Users/sara/airflow/dags/first_dag.py
[2021-02-22 07:46:22,009] {scheduler_job.py:629} INFO - Processing file /Users/sara/airflow/dags/first_dag.py for tasks to queue
[2021-02-22 07:46:22,009] {logging_mixin.py:103} INFO - [2021-02-22 07:46:22,009] {dagbag.py:440} INFO - Filling up the DagBag from /Users/sara/airflow/dags/first_dag.py
[2021-02-22 07:46:22,021] {scheduler_job.py:639} INFO - DAG(s) dict_keys(['first_dag']) retrieved from /Users/sara/airflow/dags/first_dag.py
[2021-02-22 07:46:22,021] {logging_mixin.py:103} INFO - [2021-02-22 07:46:22,021] {dag.py:1813} INFO - Sync 1 DAGs
[2021-02-22 07:46:22,079] {logging_mixin.py:103} INFO - [2021-02-22 07:46:22,079] {dag.py:2266} INFO - Setting next_dagrun for first_dag to None
[2021-02-22 07:46:22,091] {scheduler_job.py:189} INFO - Processing /Users/sara/airflow/dags/first_dag.py took 0.085 seconds
[2021-02-22 07:46:50,480] {scheduler_job.py:181} INFO - Started process (PID=47708) to work on /Users/sara/airflow/dags/first_dag.py
[2021-02-22 07:46:50,481] {scheduler_job.py:629} INFO - Processing file /Users/sara/airflow/dags/first_dag.py for tasks to queue
[2021-02-22 07:46:50,482] {logging_mixin.py:103} INFO - [2021-02-22 07:46:50,481] {dagbag.py:440} INFO - Filling up the DagBag from /Users/sara/airflow/dags/first_dag.py
[2021-02-22 07:46:50,494] {scheduler_job.py:639} INFO - DAG(s) dict_keys(['first_dag']) retrieved from /Users/sara/airflow/dags/first_dag.py
[2021-02-22 07:46:50,495] {logging_mixin.py:103} INFO - [2021-02-22 07:46:50,494] {dag.py:1813} INFO - Sync 1 DAGs
[2021-02-22 07:46:50,547] {logging_mixin.py:103} INFO - [2021-02-22 07:46:50,547] {dag.py:2266} INFO - Setting next_dagrun for first_dag to None
[2021-02-22 07:46:50,564] {scheduler_job.py:189} INFO - Processing /Users/sara/airflow/dags/first_dag.py took 0.084 seconds
[2021-02-22 07:47:18,333] {scheduler_job.py:181} INFO - Started process (PID=47729) to work on /Users/sara/airflow/dags/first_dag.py
[2021-02-22 07:47:18,335] {scheduler_job.py:629} INFO - Processing file /Users/sara/airflow/dags/first_dag.py for tasks to queue
[2021-02-22 07:47:18,336] {logging_mixin.py:103} INFO - [2021-02-22 07:47:18,336] {dagbag.py:440} INFO - Filling up the DagBag from /Users/sara/airflow/dags/first_dag.py
[2021-02-22 07:47:18,347] {scheduler_job.py:639} INFO - DAG(s) dict_keys(['first_dag']) retrieved from /Users/sara/airflow/dags/first_dag.py
[2021-02-22 07:47:18,348] {logging_mixin.py:103} INFO - [2021-02-22 07:47:18,348] {dag.py:1813} INFO - Sync 1 DAGs
[2021-02-22 07:47:18,405] {logging_mixin.py:103} INFO - [2021-02-22 07:47:18,404] {dag.py:2266} INFO - Setting next_dagrun for first_dag to None
[2021-02-22 07:47:18,422] {scheduler_job.py:189} INFO - Processing /Users/sara/airflow/dags/first_dag.py took 0.090 seconds
[2021-02-22 07:54:54,579] {scheduler_job.py:181} INFO - Started process (PID=47789) to work on /Users/sara/airflow/dags/first_dag.py
[2021-02-22 07:54:54,581] {scheduler_job.py:629} INFO - Processing file /Users/sara/airflow/dags/first_dag.py for tasks to queue
[2021-02-22 07:54:54,581] {logging_mixin.py:103} INFO - [2021-02-22 07:54:54,581] {dagbag.py:440} INFO - Filling up the DagBag from /Users/sara/airflow/dags/first_dag.py
[2021-02-22 07:54:54,608] {scheduler_job.py:639} INFO - DAG(s) dict_keys(['first_dag']) retrieved from /Users/sara/airflow/dags/first_dag.py
[2021-02-22 07:54:54,609] {logging_mixin.py:103} INFO - [2021-02-22 07:54:54,609] {dag.py:1813} INFO - Sync 1 DAGs
[2021-02-22 07:54:54,803] {logging_mixin.py:103} INFO - [2021-02-22 07:54:54,803] {dag.py:2266} INFO - Setting next_dagrun for first_dag to None
[2021-02-22 07:54:54,821] {scheduler_job.py:189} INFO - Processing /Users/sara/airflow/dags/first_dag.py took 0.242 seconds
[2021-02-22 07:55:55,012] {scheduler_job.py:181} INFO - Started process (PID=47836) to work on /Users/sara/airflow/dags/first_dag.py
[2021-02-22 07:55:55,014] {scheduler_job.py:629} INFO - Processing file /Users/sara/airflow/dags/first_dag.py for tasks to queue
[2021-02-22 07:55:55,014] {logging_mixin.py:103} INFO - [2021-02-22 07:55:55,014] {dagbag.py:440} INFO - Filling up the DagBag from /Users/sara/airflow/dags/first_dag.py
[2021-02-22 07:55:55,029] {scheduler_job.py:639} INFO - DAG(s) dict_keys(['first_dag']) retrieved from /Users/sara/airflow/dags/first_dag.py
[2021-02-22 07:55:55,030] {logging_mixin.py:103} INFO - [2021-02-22 07:55:55,030] {dag.py:1813} INFO - Sync 1 DAGs
[2021-02-22 07:55:55,180] {logging_mixin.py:103} INFO - [2021-02-22 07:55:55,179] {dag.py:2266} INFO - Setting next_dagrun for first_dag to None
[2021-02-22 07:55:55,215] {scheduler_job.py:189} INFO - Processing /Users/sara/airflow/dags/first_dag.py took 0.205 seconds
[2021-02-22 07:56:40,271] {scheduler_job.py:181} INFO - Started process (PID=47858) to work on /Users/sara/airflow/dags/first_dag.py
[2021-02-22 07:56:40,272] {scheduler_job.py:629} INFO - Processing file /Users/sara/airflow/dags/first_dag.py for tasks to queue
[2021-02-22 07:56:40,273] {logging_mixin.py:103} INFO - [2021-02-22 07:56:40,273] {dagbag.py:440} INFO - Filling up the DagBag from /Users/sara/airflow/dags/first_dag.py
[2021-02-22 07:56:40,289] {scheduler_job.py:639} INFO - DAG(s) dict_keys(['first_dag']) retrieved from /Users/sara/airflow/dags/first_dag.py
[2021-02-22 07:56:40,290] {logging_mixin.py:103} INFO - [2021-02-22 07:56:40,290] {dag.py:1813} INFO - Sync 1 DAGs
[2021-02-22 07:56:40,448] {logging_mixin.py:103} INFO - [2021-02-22 07:56:40,448] {dag.py:2266} INFO - Setting next_dagrun for first_dag to None
[2021-02-22 07:56:40,471] {scheduler_job.py:189} INFO - Processing /Users/sara/airflow/dags/first_dag.py took 0.199 seconds
[2021-02-22 07:57:17,899] {scheduler_job.py:181} INFO - Started process (PID=47880) to work on /Users/sara/airflow/dags/first_dag.py
[2021-02-22 07:57:17,901] {scheduler_job.py:629} INFO - Processing file /Users/sara/airflow/dags/first_dag.py for tasks to queue
[2021-02-22 07:57:17,901] {logging_mixin.py:103} INFO - [2021-02-22 07:57:17,901] {dagbag.py:440} INFO - Filling up the DagBag from /Users/sara/airflow/dags/first_dag.py
[2021-02-22 07:57:17,923] {scheduler_job.py:639} INFO - DAG(s) dict_keys(['first_dag']) retrieved from /Users/sara/airflow/dags/first_dag.py
[2021-02-22 07:57:17,924] {logging_mixin.py:103} INFO - [2021-02-22 07:57:17,923] {dag.py:1813} INFO - Sync 1 DAGs
[2021-02-22 07:57:18,032] {logging_mixin.py:103} INFO - [2021-02-22 07:57:18,032] {dag.py:2266} INFO - Setting next_dagrun for first_dag to None
[2021-02-22 07:57:18,055] {scheduler_job.py:189} INFO - Processing /Users/sara/airflow/dags/first_dag.py took 0.158 seconds
[2021-02-22 07:57:58,210] {scheduler_job.py:181} INFO - Started process (PID=47926) to work on /Users/sara/airflow/dags/first_dag.py
[2021-02-22 07:57:58,211] {scheduler_job.py:629} INFO - Processing file /Users/sara/airflow/dags/first_dag.py for tasks to queue
[2021-02-22 07:57:58,211] {logging_mixin.py:103} INFO - [2021-02-22 07:57:58,211] {dagbag.py:440} INFO - Filling up the DagBag from /Users/sara/airflow/dags/first_dag.py
[2021-02-22 07:57:58,225] {scheduler_job.py:639} INFO - DAG(s) dict_keys(['first_dag']) retrieved from /Users/sara/airflow/dags/first_dag.py
[2021-02-22 07:57:58,227] {logging_mixin.py:103} INFO - [2021-02-22 07:57:58,226] {dag.py:1813} INFO - Sync 1 DAGs
[2021-02-22 07:57:58,357] {logging_mixin.py:103} INFO - [2021-02-22 07:57:58,356] {dag.py:2266} INFO - Setting next_dagrun for first_dag to None
[2021-02-22 07:57:58,399] {scheduler_job.py:189} INFO - Processing /Users/sara/airflow/dags/first_dag.py took 0.190 seconds
[2021-02-22 07:58:32,339] {scheduler_job.py:181} INFO - Started process (PID=47949) to work on /Users/sara/airflow/dags/first_dag.py
[2021-02-22 07:58:32,340] {scheduler_job.py:629} INFO - Processing file /Users/sara/airflow/dags/first_dag.py for tasks to queue
[2021-02-22 07:58:32,341] {logging_mixin.py:103} INFO - [2021-02-22 07:58:32,341] {dagbag.py:440} INFO - Filling up the DagBag from /Users/sara/airflow/dags/first_dag.py
[2021-02-22 07:58:32,354] {scheduler_job.py:639} INFO - DAG(s) dict_keys(['first_dag']) retrieved from /Users/sara/airflow/dags/first_dag.py
[2021-02-22 07:58:32,355] {logging_mixin.py:103} INFO - [2021-02-22 07:58:32,355] {dag.py:1813} INFO - Sync 1 DAGs
[2021-02-22 07:58:32,416] {logging_mixin.py:103} INFO - [2021-02-22 07:58:32,416] {dag.py:2266} INFO - Setting next_dagrun for first_dag to None
[2021-02-22 07:58:32,434] {scheduler_job.py:189} INFO - Processing /Users/sara/airflow/dags/first_dag.py took 0.096 seconds
[2021-02-22 07:59:00,548] {scheduler_job.py:181} INFO - Started process (PID=48027) to work on /Users/sara/airflow/dags/first_dag.py
[2021-02-22 07:59:00,549] {scheduler_job.py:629} INFO - Processing file /Users/sara/airflow/dags/first_dag.py for tasks to queue
[2021-02-22 07:59:00,549] {logging_mixin.py:103} INFO - [2021-02-22 07:59:00,549] {dagbag.py:440} INFO - Filling up the DagBag from /Users/sara/airflow/dags/first_dag.py
[2021-02-22 07:59:00,558] {scheduler_job.py:639} INFO - DAG(s) dict_keys(['first_dag']) retrieved from /Users/sara/airflow/dags/first_dag.py
[2021-02-22 07:59:00,558] {logging_mixin.py:103} INFO - [2021-02-22 07:59:00,558] {dag.py:1813} INFO - Sync 1 DAGs
[2021-02-22 07:59:00,612] {logging_mixin.py:103} INFO - [2021-02-22 07:59:00,612] {dag.py:2266} INFO - Setting next_dagrun for first_dag to None
[2021-02-22 07:59:00,627] {scheduler_job.py:189} INFO - Processing /Users/sara/airflow/dags/first_dag.py took 0.080 seconds
[2021-02-22 07:59:31,205] {scheduler_job.py:181} INFO - Started process (PID=48069) to work on /Users/sara/airflow/dags/first_dag.py
[2021-02-22 07:59:31,206] {scheduler_job.py:629} INFO - Processing file /Users/sara/airflow/dags/first_dag.py for tasks to queue
[2021-02-22 07:59:31,207] {logging_mixin.py:103} INFO - [2021-02-22 07:59:31,207] {dagbag.py:440} INFO - Filling up the DagBag from /Users/sara/airflow/dags/first_dag.py
[2021-02-22 07:59:31,216] {scheduler_job.py:639} INFO - DAG(s) dict_keys(['first_dag']) retrieved from /Users/sara/airflow/dags/first_dag.py
[2021-02-22 07:59:31,216] {logging_mixin.py:103} INFO - [2021-02-22 07:59:31,216] {dag.py:1813} INFO - Sync 1 DAGs
[2021-02-22 07:59:31,263] {logging_mixin.py:103} INFO - [2021-02-22 07:59:31,263] {dag.py:2266} INFO - Setting next_dagrun for first_dag to None
[2021-02-22 07:59:31,277] {scheduler_job.py:189} INFO - Processing /Users/sara/airflow/dags/first_dag.py took 0.072 seconds
[2021-02-22 07:59:58,635] {scheduler_job.py:181} INFO - Started process (PID=48089) to work on /Users/sara/airflow/dags/first_dag.py
[2021-02-22 07:59:58,637] {scheduler_job.py:629} INFO - Processing file /Users/sara/airflow/dags/first_dag.py for tasks to queue
[2021-02-22 07:59:58,637] {logging_mixin.py:103} INFO - [2021-02-22 07:59:58,637] {dagbag.py:440} INFO - Filling up the DagBag from /Users/sara/airflow/dags/first_dag.py
[2021-02-22 07:59:58,648] {scheduler_job.py:639} INFO - DAG(s) dict_keys(['first_dag']) retrieved from /Users/sara/airflow/dags/first_dag.py
[2021-02-22 07:59:58,649] {logging_mixin.py:103} INFO - [2021-02-22 07:59:58,649] {dag.py:1813} INFO - Sync 1 DAGs
[2021-02-22 07:59:58,710] {logging_mixin.py:103} INFO - [2021-02-22 07:59:58,710] {dag.py:2266} INFO - Setting next_dagrun for first_dag to None
[2021-02-22 07:59:58,723] {scheduler_job.py:189} INFO - Processing /Users/sara/airflow/dags/first_dag.py took 0.088 seconds
[2021-02-22 08:00:29,647] {scheduler_job.py:181} INFO - Started process (PID=48110) to work on /Users/sara/airflow/dags/first_dag.py
[2021-02-22 08:00:29,648] {scheduler_job.py:629} INFO - Processing file /Users/sara/airflow/dags/first_dag.py for tasks to queue
[2021-02-22 08:00:29,649] {logging_mixin.py:103} INFO - [2021-02-22 08:00:29,649] {dagbag.py:440} INFO - Filling up the DagBag from /Users/sara/airflow/dags/first_dag.py
[2021-02-22 08:00:29,663] {scheduler_job.py:639} INFO - DAG(s) dict_keys(['first_dag']) retrieved from /Users/sara/airflow/dags/first_dag.py
[2021-02-22 08:00:29,664] {logging_mixin.py:103} INFO - [2021-02-22 08:00:29,664] {dag.py:1813} INFO - Sync 1 DAGs
[2021-02-22 08:00:29,725] {logging_mixin.py:103} INFO - [2021-02-22 08:00:29,724] {dag.py:2266} INFO - Setting next_dagrun for first_dag to None
[2021-02-22 08:00:29,743] {scheduler_job.py:189} INFO - Processing /Users/sara/airflow/dags/first_dag.py took 0.097 seconds
[2021-02-22 08:00:56,467] {scheduler_job.py:181} INFO - Started process (PID=48150) to work on /Users/sara/airflow/dags/first_dag.py
[2021-02-22 08:00:56,469] {scheduler_job.py:629} INFO - Processing file /Users/sara/airflow/dags/first_dag.py for tasks to queue
[2021-02-22 08:00:56,469] {logging_mixin.py:103} INFO - [2021-02-22 08:00:56,469] {dagbag.py:440} INFO - Filling up the DagBag from /Users/sara/airflow/dags/first_dag.py
[2021-02-22 08:00:56,483] {scheduler_job.py:639} INFO - DAG(s) dict_keys(['first_dag']) retrieved from /Users/sara/airflow/dags/first_dag.py
[2021-02-22 08:00:56,484] {logging_mixin.py:103} INFO - [2021-02-22 08:00:56,483] {dag.py:1813} INFO - Sync 1 DAGs
[2021-02-22 08:00:56,550] {logging_mixin.py:103} INFO - [2021-02-22 08:00:56,550] {dag.py:2266} INFO - Setting next_dagrun for first_dag to None
[2021-02-22 08:00:56,572] {scheduler_job.py:189} INFO - Processing /Users/sara/airflow/dags/first_dag.py took 0.106 seconds
[2021-02-22 08:01:28,490] {scheduler_job.py:181} INFO - Started process (PID=48171) to work on /Users/sara/airflow/dags/first_dag.py
[2021-02-22 08:01:28,491] {scheduler_job.py:629} INFO - Processing file /Users/sara/airflow/dags/first_dag.py for tasks to queue
[2021-02-22 08:01:28,492] {logging_mixin.py:103} INFO - [2021-02-22 08:01:28,491] {dagbag.py:440} INFO - Filling up the DagBag from /Users/sara/airflow/dags/first_dag.py
[2021-02-22 08:01:28,502] {scheduler_job.py:639} INFO - DAG(s) dict_keys(['first_dag']) retrieved from /Users/sara/airflow/dags/first_dag.py
[2021-02-22 08:01:28,503] {logging_mixin.py:103} INFO - [2021-02-22 08:01:28,503] {dag.py:1813} INFO - Sync 1 DAGs
[2021-02-22 08:01:28,549] {logging_mixin.py:103} INFO - [2021-02-22 08:01:28,549] {dag.py:2266} INFO - Setting next_dagrun for first_dag to None
[2021-02-22 08:01:28,562] {scheduler_job.py:189} INFO - Processing /Users/sara/airflow/dags/first_dag.py took 0.073 seconds
[2021-02-22 08:01:53,907] {scheduler_job.py:181} INFO - Started process (PID=48190) to work on /Users/sara/airflow/dags/first_dag.py
[2021-02-22 08:01:53,908] {scheduler_job.py:629} INFO - Processing file /Users/sara/airflow/dags/first_dag.py for tasks to queue
[2021-02-22 08:01:53,909] {logging_mixin.py:103} INFO - [2021-02-22 08:01:53,908] {dagbag.py:440} INFO - Filling up the DagBag from /Users/sara/airflow/dags/first_dag.py
[2021-02-22 08:01:53,925] {scheduler_job.py:639} INFO - DAG(s) dict_keys(['first_dag']) retrieved from /Users/sara/airflow/dags/first_dag.py
[2021-02-22 08:01:53,926] {logging_mixin.py:103} INFO - [2021-02-22 08:01:53,926] {dag.py:1813} INFO - Sync 1 DAGs
[2021-02-22 08:01:54,035] {logging_mixin.py:103} INFO - [2021-02-22 08:01:54,035] {dag.py:2266} INFO - Setting next_dagrun for first_dag to None
[2021-02-22 08:01:54,057] {scheduler_job.py:189} INFO - Processing /Users/sara/airflow/dags/first_dag.py took 0.152 seconds
[2021-02-22 08:02:23,774] {scheduler_job.py:181} INFO - Started process (PID=48210) to work on /Users/sara/airflow/dags/first_dag.py
[2021-02-22 08:02:23,775] {scheduler_job.py:629} INFO - Processing file /Users/sara/airflow/dags/first_dag.py for tasks to queue
[2021-02-22 08:02:23,776] {logging_mixin.py:103} INFO - [2021-02-22 08:02:23,776] {dagbag.py:440} INFO - Filling up the DagBag from /Users/sara/airflow/dags/first_dag.py
[2021-02-22 08:02:23,787] {scheduler_job.py:639} INFO - DAG(s) dict_keys(['first_dag']) retrieved from /Users/sara/airflow/dags/first_dag.py
[2021-02-22 08:02:23,788] {logging_mixin.py:103} INFO - [2021-02-22 08:02:23,788] {dag.py:1813} INFO - Sync 1 DAGs
[2021-02-22 08:02:23,860] {logging_mixin.py:103} INFO - [2021-02-22 08:02:23,860] {dag.py:2266} INFO - Setting next_dagrun for first_dag to None
[2021-02-22 08:02:23,882] {scheduler_job.py:189} INFO - Processing /Users/sara/airflow/dags/first_dag.py took 0.109 seconds
[2021-02-22 08:02:48,894] {scheduler_job.py:181} INFO - Started process (PID=48233) to work on /Users/sara/airflow/dags/first_dag.py
[2021-02-22 08:02:48,896] {scheduler_job.py:629} INFO - Processing file /Users/sara/airflow/dags/first_dag.py for tasks to queue
[2021-02-22 08:02:48,897] {logging_mixin.py:103} INFO - [2021-02-22 08:02:48,897] {dagbag.py:440} INFO - Filling up the DagBag from /Users/sara/airflow/dags/first_dag.py
[2021-02-22 08:02:48,907] {scheduler_job.py:639} INFO - DAG(s) dict_keys(['first_dag']) retrieved from /Users/sara/airflow/dags/first_dag.py
[2021-02-22 08:02:48,908] {logging_mixin.py:103} INFO - [2021-02-22 08:02:48,908] {dag.py:1813} INFO - Sync 1 DAGs
[2021-02-22 08:02:48,977] {logging_mixin.py:103} INFO - [2021-02-22 08:02:48,976] {dag.py:2266} INFO - Setting next_dagrun for first_dag to None
[2021-02-22 08:02:48,993] {scheduler_job.py:189} INFO - Processing /Users/sara/airflow/dags/first_dag.py took 0.100 seconds
[2021-02-22 08:03:15,210] {scheduler_job.py:181} INFO - Started process (PID=48259) to work on /Users/sara/airflow/dags/first_dag.py
[2021-02-22 08:03:15,211] {scheduler_job.py:629} INFO - Processing file /Users/sara/airflow/dags/first_dag.py for tasks to queue
[2021-02-22 08:03:15,212] {logging_mixin.py:103} INFO - [2021-02-22 08:03:15,212] {dagbag.py:440} INFO - Filling up the DagBag from /Users/sara/airflow/dags/first_dag.py
[2021-02-22 08:03:15,224] {scheduler_job.py:639} INFO - DAG(s) dict_keys(['first_dag']) retrieved from /Users/sara/airflow/dags/first_dag.py
[2021-02-22 08:03:15,225] {logging_mixin.py:103} INFO - [2021-02-22 08:03:15,224] {dag.py:1813} INFO - Sync 1 DAGs
[2021-02-22 08:03:15,269] {logging_mixin.py:103} INFO - [2021-02-22 08:03:15,269] {dag.py:2266} INFO - Setting next_dagrun for first_dag to None
[2021-02-22 08:03:15,282] {scheduler_job.py:189} INFO - Processing /Users/sara/airflow/dags/first_dag.py took 0.072 seconds
[2021-02-22 08:03:39,884] {scheduler_job.py:181} INFO - Started process (PID=48282) to work on /Users/sara/airflow/dags/first_dag.py
[2021-02-22 08:03:39,885] {scheduler_job.py:629} INFO - Processing file /Users/sara/airflow/dags/first_dag.py for tasks to queue
[2021-02-22 08:03:39,886] {logging_mixin.py:103} INFO - [2021-02-22 08:03:39,886] {dagbag.py:440} INFO - Filling up the DagBag from /Users/sara/airflow/dags/first_dag.py
[2021-02-22 08:03:39,897] {scheduler_job.py:639} INFO - DAG(s) dict_keys(['first_dag']) retrieved from /Users/sara/airflow/dags/first_dag.py
[2021-02-22 08:03:39,897] {logging_mixin.py:103} INFO - [2021-02-22 08:03:39,897] {dag.py:1813} INFO - Sync 1 DAGs
[2021-02-22 08:03:39,959] {logging_mixin.py:103} INFO - [2021-02-22 08:03:39,958] {dag.py:2266} INFO - Setting next_dagrun for first_dag to None
[2021-02-22 08:03:39,973] {scheduler_job.py:189} INFO - Processing /Users/sara/airflow/dags/first_dag.py took 0.091 seconds
[2021-02-22 08:04:03,844] {scheduler_job.py:181} INFO - Started process (PID=48302) to work on /Users/sara/airflow/dags/first_dag.py
[2021-02-22 08:04:03,845] {scheduler_job.py:629} INFO - Processing file /Users/sara/airflow/dags/first_dag.py for tasks to queue
[2021-02-22 08:04:03,846] {logging_mixin.py:103} INFO - [2021-02-22 08:04:03,846] {dagbag.py:440} INFO - Filling up the DagBag from /Users/sara/airflow/dags/first_dag.py
[2021-02-22 08:04:03,855] {scheduler_job.py:639} INFO - DAG(s) dict_keys(['first_dag']) retrieved from /Users/sara/airflow/dags/first_dag.py
[2021-02-22 08:04:03,856] {logging_mixin.py:103} INFO - [2021-02-22 08:04:03,856] {dag.py:1813} INFO - Sync 1 DAGs
[2021-02-22 08:04:03,899] {logging_mixin.py:103} INFO - [2021-02-22 08:04:03,899] {dag.py:2266} INFO - Setting next_dagrun for first_dag to None
[2021-02-22 08:04:03,911] {scheduler_job.py:189} INFO - Processing /Users/sara/airflow/dags/first_dag.py took 0.068 seconds
[2021-02-22 08:04:26,251] {scheduler_job.py:181} INFO - Started process (PID=48321) to work on /Users/sara/airflow/dags/first_dag.py
[2021-02-22 08:04:26,253] {scheduler_job.py:629} INFO - Processing file /Users/sara/airflow/dags/first_dag.py for tasks to queue
[2021-02-22 08:04:26,254] {logging_mixin.py:103} INFO - [2021-02-22 08:04:26,254] {dagbag.py:440} INFO - Filling up the DagBag from /Users/sara/airflow/dags/first_dag.py
[2021-02-22 08:04:26,267] {scheduler_job.py:639} INFO - DAG(s) dict_keys(['first_dag']) retrieved from /Users/sara/airflow/dags/first_dag.py
[2021-02-22 08:04:26,269] {logging_mixin.py:103} INFO - [2021-02-22 08:04:26,267] {dag.py:1813} INFO - Sync 1 DAGs
[2021-02-22 08:04:26,374] {logging_mixin.py:103} INFO - [2021-02-22 08:04:26,374] {dag.py:2266} INFO - Setting next_dagrun for first_dag to None
[2021-02-22 08:04:26,393] {scheduler_job.py:189} INFO - Processing /Users/sara/airflow/dags/first_dag.py took 0.143 seconds
[2021-02-22 08:04:55,824] {scheduler_job.py:181} INFO - Started process (PID=48342) to work on /Users/sara/airflow/dags/first_dag.py
[2021-02-22 08:04:55,825] {scheduler_job.py:629} INFO - Processing file /Users/sara/airflow/dags/first_dag.py for tasks to queue
[2021-02-22 08:04:55,826] {logging_mixin.py:103} INFO - [2021-02-22 08:04:55,826] {dagbag.py:440} INFO - Filling up the DagBag from /Users/sara/airflow/dags/first_dag.py
[2021-02-22 08:04:55,836] {scheduler_job.py:639} INFO - DAG(s) dict_keys(['first_dag']) retrieved from /Users/sara/airflow/dags/first_dag.py
[2021-02-22 08:04:55,837] {logging_mixin.py:103} INFO - [2021-02-22 08:04:55,836] {dag.py:1813} INFO - Sync 1 DAGs
[2021-02-22 08:04:55,899] {logging_mixin.py:103} INFO - [2021-02-22 08:04:55,899] {dag.py:2266} INFO - Setting next_dagrun for first_dag to None
[2021-02-22 08:04:55,916] {scheduler_job.py:189} INFO - Processing /Users/sara/airflow/dags/first_dag.py took 0.093 seconds
[2021-02-22 08:05:24,021] {scheduler_job.py:181} INFO - Started process (PID=48369) to work on /Users/sara/airflow/dags/first_dag.py
[2021-02-22 08:05:24,023] {scheduler_job.py:629} INFO - Processing file /Users/sara/airflow/dags/first_dag.py for tasks to queue
[2021-02-22 08:05:24,024] {logging_mixin.py:103} INFO - [2021-02-22 08:05:24,024] {dagbag.py:440} INFO - Filling up the DagBag from /Users/sara/airflow/dags/first_dag.py
[2021-02-22 08:05:24,041] {scheduler_job.py:639} INFO - DAG(s) dict_keys(['first_dag']) retrieved from /Users/sara/airflow/dags/first_dag.py
[2021-02-22 08:05:24,042] {logging_mixin.py:103} INFO - [2021-02-22 08:05:24,041] {dag.py:1813} INFO - Sync 1 DAGs
[2021-02-22 08:05:24,135] {logging_mixin.py:103} INFO - [2021-02-22 08:05:24,135] {dag.py:2266} INFO - Setting next_dagrun for first_dag to None
[2021-02-22 08:05:24,156] {scheduler_job.py:189} INFO - Processing /Users/sara/airflow/dags/first_dag.py took 0.136 seconds
[2021-02-22 08:05:50,178] {scheduler_job.py:181} INFO - Started process (PID=48399) to work on /Users/sara/airflow/dags/first_dag.py
[2021-02-22 08:05:50,180] {scheduler_job.py:629} INFO - Processing file /Users/sara/airflow/dags/first_dag.py for tasks to queue
[2021-02-22 08:05:50,180] {logging_mixin.py:103} INFO - [2021-02-22 08:05:50,180] {dagbag.py:440} INFO - Filling up the DagBag from /Users/sara/airflow/dags/first_dag.py
[2021-02-22 08:05:50,189] {scheduler_job.py:639} INFO - DAG(s) dict_keys(['first_dag']) retrieved from /Users/sara/airflow/dags/first_dag.py
[2021-02-22 08:05:50,189] {logging_mixin.py:103} INFO - [2021-02-22 08:05:50,189] {dag.py:1813} INFO - Sync 1 DAGs
[2021-02-22 08:05:50,234] {logging_mixin.py:103} INFO - [2021-02-22 08:05:50,234] {dag.py:2266} INFO - Setting next_dagrun for first_dag to None
[2021-02-22 08:05:50,247] {scheduler_job.py:189} INFO - Processing /Users/sara/airflow/dags/first_dag.py took 0.070 seconds
[2021-02-22 08:06:14,779] {scheduler_job.py:181} INFO - Started process (PID=48422) to work on /Users/sara/airflow/dags/first_dag.py
[2021-02-22 08:06:14,780] {scheduler_job.py:629} INFO - Processing file /Users/sara/airflow/dags/first_dag.py for tasks to queue
[2021-02-22 08:06:14,780] {logging_mixin.py:103} INFO - [2021-02-22 08:06:14,780] {dagbag.py:440} INFO - Filling up the DagBag from /Users/sara/airflow/dags/first_dag.py
[2021-02-22 08:06:14,790] {scheduler_job.py:639} INFO - DAG(s) dict_keys(['first_dag']) retrieved from /Users/sara/airflow/dags/first_dag.py
[2021-02-22 08:06:14,791] {logging_mixin.py:103} INFO - [2021-02-22 08:06:14,791] {dag.py:1813} INFO - Sync 1 DAGs
[2021-02-22 08:06:14,850] {logging_mixin.py:103} INFO - [2021-02-22 08:06:14,850] {dag.py:2266} INFO - Setting next_dagrun for first_dag to None
[2021-02-22 08:06:14,866] {scheduler_job.py:189} INFO - Processing /Users/sara/airflow/dags/first_dag.py took 0.089 seconds
[2021-02-22 08:06:39,199] {scheduler_job.py:181} INFO - Started process (PID=48445) to work on /Users/sara/airflow/dags/first_dag.py
[2021-02-22 08:06:39,199] {scheduler_job.py:629} INFO - Processing file /Users/sara/airflow/dags/first_dag.py for tasks to queue
[2021-02-22 08:06:39,200] {logging_mixin.py:103} INFO - [2021-02-22 08:06:39,200] {dagbag.py:440} INFO - Filling up the DagBag from /Users/sara/airflow/dags/first_dag.py
[2021-02-22 08:06:39,208] {scheduler_job.py:639} INFO - DAG(s) dict_keys(['first_dag']) retrieved from /Users/sara/airflow/dags/first_dag.py
[2021-02-22 08:06:39,209] {logging_mixin.py:103} INFO - [2021-02-22 08:06:39,209] {dag.py:1813} INFO - Sync 1 DAGs
[2021-02-22 08:06:39,249] {logging_mixin.py:103} INFO - [2021-02-22 08:06:39,249] {dag.py:2266} INFO - Setting next_dagrun for first_dag to None
[2021-02-22 08:06:39,260] {scheduler_job.py:189} INFO - Processing /Users/sara/airflow/dags/first_dag.py took 0.062 seconds
[2021-02-22 08:07:01,186] {scheduler_job.py:181} INFO - Started process (PID=48465) to work on /Users/sara/airflow/dags/first_dag.py
[2021-02-22 08:07:01,186] {scheduler_job.py:629} INFO - Processing file /Users/sara/airflow/dags/first_dag.py for tasks to queue
[2021-02-22 08:07:01,187] {logging_mixin.py:103} INFO - [2021-02-22 08:07:01,187] {dagbag.py:440} INFO - Filling up the DagBag from /Users/sara/airflow/dags/first_dag.py
[2021-02-22 08:07:01,200] {scheduler_job.py:639} INFO - DAG(s) dict_keys(['first_dag']) retrieved from /Users/sara/airflow/dags/first_dag.py
[2021-02-22 08:07:01,201] {logging_mixin.py:103} INFO - [2021-02-22 08:07:01,201] {dag.py:1813} INFO - Sync 1 DAGs
[2021-02-22 08:07:01,279] {logging_mixin.py:103} INFO - [2021-02-22 08:07:01,278] {dag.py:2266} INFO - Setting next_dagrun for first_dag to None
[2021-02-22 08:07:01,301] {scheduler_job.py:189} INFO - Processing /Users/sara/airflow/dags/first_dag.py took 0.116 seconds
[2021-02-22 08:07:26,542] {scheduler_job.py:181} INFO - Started process (PID=48492) to work on /Users/sara/airflow/dags/first_dag.py
[2021-02-22 08:07:26,544] {scheduler_job.py:629} INFO - Processing file /Users/sara/airflow/dags/first_dag.py for tasks to queue
[2021-02-22 08:07:26,544] {logging_mixin.py:103} INFO - [2021-02-22 08:07:26,544] {dagbag.py:440} INFO - Filling up the DagBag from /Users/sara/airflow/dags/first_dag.py
[2021-02-22 08:07:26,553] {scheduler_job.py:639} INFO - DAG(s) dict_keys(['first_dag']) retrieved from /Users/sara/airflow/dags/first_dag.py
[2021-02-22 08:07:26,553] {logging_mixin.py:103} INFO - [2021-02-22 08:07:26,553] {dag.py:1813} INFO - Sync 1 DAGs
[2021-02-22 08:07:26,595] {logging_mixin.py:103} INFO - [2021-02-22 08:07:26,594] {dag.py:2266} INFO - Setting next_dagrun for first_dag to None
[2021-02-22 08:07:26,606] {scheduler_job.py:189} INFO - Processing /Users/sara/airflow/dags/first_dag.py took 0.065 seconds
[2021-02-22 08:07:50,745] {scheduler_job.py:181} INFO - Started process (PID=48514) to work on /Users/sara/airflow/dags/first_dag.py
[2021-02-22 08:07:50,747] {scheduler_job.py:629} INFO - Processing file /Users/sara/airflow/dags/first_dag.py for tasks to queue
[2021-02-22 08:07:50,747] {logging_mixin.py:103} INFO - [2021-02-22 08:07:50,747] {dagbag.py:440} INFO - Filling up the DagBag from /Users/sara/airflow/dags/first_dag.py
[2021-02-22 08:07:50,759] {scheduler_job.py:639} INFO - DAG(s) dict_keys(['first_dag']) retrieved from /Users/sara/airflow/dags/first_dag.py
[2021-02-22 08:07:50,761] {logging_mixin.py:103} INFO - [2021-02-22 08:07:50,761] {dag.py:1813} INFO - Sync 1 DAGs
[2021-02-22 08:07:50,829] {logging_mixin.py:103} INFO - [2021-02-22 08:07:50,828] {dag.py:2266} INFO - Setting next_dagrun for first_dag to None
[2021-02-22 08:07:50,843] {scheduler_job.py:189} INFO - Processing /Users/sara/airflow/dags/first_dag.py took 0.099 seconds
[2021-02-22 08:08:17,499] {scheduler_job.py:181} INFO - Started process (PID=48534) to work on /Users/sara/airflow/dags/first_dag.py
[2021-02-22 08:08:17,501] {scheduler_job.py:629} INFO - Processing file /Users/sara/airflow/dags/first_dag.py for tasks to queue
[2021-02-22 08:08:17,502] {logging_mixin.py:103} INFO - [2021-02-22 08:08:17,501] {dagbag.py:440} INFO - Filling up the DagBag from /Users/sara/airflow/dags/first_dag.py
[2021-02-22 08:08:17,511] {scheduler_job.py:639} INFO - DAG(s) dict_keys(['first_dag']) retrieved from /Users/sara/airflow/dags/first_dag.py
[2021-02-22 08:08:17,512] {logging_mixin.py:103} INFO - [2021-02-22 08:08:17,511] {dag.py:1813} INFO - Sync 1 DAGs
[2021-02-22 08:08:17,550] {logging_mixin.py:103} INFO - [2021-02-22 08:08:17,550] {dag.py:2266} INFO - Setting next_dagrun for first_dag to None
[2021-02-22 08:08:17,561] {scheduler_job.py:189} INFO - Processing /Users/sara/airflow/dags/first_dag.py took 0.062 seconds
[2021-02-22 08:08:40,247] {scheduler_job.py:181} INFO - Started process (PID=48555) to work on /Users/sara/airflow/dags/first_dag.py
[2021-02-22 08:08:40,248] {scheduler_job.py:629} INFO - Processing file /Users/sara/airflow/dags/first_dag.py for tasks to queue
[2021-02-22 08:08:40,249] {logging_mixin.py:103} INFO - [2021-02-22 08:08:40,249] {dagbag.py:440} INFO - Filling up the DagBag from /Users/sara/airflow/dags/first_dag.py
[2021-02-22 08:08:40,266] {scheduler_job.py:639} INFO - DAG(s) dict_keys(['first_dag']) retrieved from /Users/sara/airflow/dags/first_dag.py
[2021-02-22 08:08:40,267] {logging_mixin.py:103} INFO - [2021-02-22 08:08:40,267] {dag.py:1813} INFO - Sync 1 DAGs
[2021-02-22 08:08:40,339] {logging_mixin.py:103} INFO - [2021-02-22 08:08:40,339] {dag.py:2266} INFO - Setting next_dagrun for first_dag to None
[2021-02-22 08:08:40,355] {scheduler_job.py:189} INFO - Processing /Users/sara/airflow/dags/first_dag.py took 0.109 seconds
[2021-02-22 08:09:07,796] {scheduler_job.py:181} INFO - Started process (PID=48575) to work on /Users/sara/airflow/dags/first_dag.py
[2021-02-22 08:09:07,797] {scheduler_job.py:629} INFO - Processing file /Users/sara/airflow/dags/first_dag.py for tasks to queue
[2021-02-22 08:09:07,797] {logging_mixin.py:103} INFO - [2021-02-22 08:09:07,797] {dagbag.py:440} INFO - Filling up the DagBag from /Users/sara/airflow/dags/first_dag.py
[2021-02-22 08:09:07,806] {scheduler_job.py:639} INFO - DAG(s) dict_keys(['first_dag']) retrieved from /Users/sara/airflow/dags/first_dag.py
[2021-02-22 08:09:07,807] {logging_mixin.py:103} INFO - [2021-02-22 08:09:07,807] {dag.py:1813} INFO - Sync 1 DAGs
[2021-02-22 08:09:07,848] {logging_mixin.py:103} INFO - [2021-02-22 08:09:07,848] {dag.py:2266} INFO - Setting next_dagrun for first_dag to None
[2021-02-22 08:09:07,861] {scheduler_job.py:189} INFO - Processing /Users/sara/airflow/dags/first_dag.py took 0.065 seconds
[2021-02-22 08:09:41,019] {scheduler_job.py:181} INFO - Started process (PID=48614) to work on /Users/sara/airflow/dags/first_dag.py
[2021-02-22 08:09:41,021] {scheduler_job.py:629} INFO - Processing file /Users/sara/airflow/dags/first_dag.py for tasks to queue
[2021-02-22 08:09:41,022] {logging_mixin.py:103} INFO - [2021-02-22 08:09:41,022] {dagbag.py:440} INFO - Filling up the DagBag from /Users/sara/airflow/dags/first_dag.py
[2021-02-22 08:09:41,038] {scheduler_job.py:639} INFO - DAG(s) dict_keys(['first_dag']) retrieved from /Users/sara/airflow/dags/first_dag.py
[2021-02-22 08:09:41,039] {logging_mixin.py:103} INFO - [2021-02-22 08:09:41,039] {dag.py:1813} INFO - Sync 1 DAGs
[2021-02-22 08:09:41,141] {logging_mixin.py:103} INFO - [2021-02-22 08:09:41,141] {dag.py:2266} INFO - Setting next_dagrun for first_dag to None
[2021-02-22 08:09:41,167] {scheduler_job.py:189} INFO - Processing /Users/sara/airflow/dags/first_dag.py took 0.150 seconds
[2021-02-22 08:10:27,392] {scheduler_job.py:181} INFO - Started process (PID=48664) to work on /Users/sara/airflow/dags/first_dag.py
[2021-02-22 08:10:27,394] {scheduler_job.py:629} INFO - Processing file /Users/sara/airflow/dags/first_dag.py for tasks to queue
[2021-02-22 08:10:27,396] {logging_mixin.py:103} INFO - [2021-02-22 08:10:27,395] {dagbag.py:440} INFO - Filling up the DagBag from /Users/sara/airflow/dags/first_dag.py
[2021-02-22 08:10:27,411] {scheduler_job.py:639} INFO - DAG(s) dict_keys(['first_dag']) retrieved from /Users/sara/airflow/dags/first_dag.py
[2021-02-22 08:10:27,412] {logging_mixin.py:103} INFO - [2021-02-22 08:10:27,412] {dag.py:1813} INFO - Sync 1 DAGs
[2021-02-22 08:10:27,456] {logging_mixin.py:103} INFO - [2021-02-22 08:10:27,456] {dag.py:2266} INFO - Setting next_dagrun for first_dag to None
[2021-02-22 08:10:27,470] {scheduler_job.py:189} INFO - Processing /Users/sara/airflow/dags/first_dag.py took 0.079 seconds
[2021-02-22 08:11:17,418] {scheduler_job.py:181} INFO - Started process (PID=48692) to work on /Users/sara/airflow/dags/first_dag.py
[2021-02-22 08:11:17,419] {scheduler_job.py:629} INFO - Processing file /Users/sara/airflow/dags/first_dag.py for tasks to queue
[2021-02-22 08:11:17,420] {logging_mixin.py:103} INFO - [2021-02-22 08:11:17,419] {dagbag.py:440} INFO - Filling up the DagBag from /Users/sara/airflow/dags/first_dag.py
[2021-02-22 08:11:17,431] {scheduler_job.py:639} INFO - DAG(s) dict_keys(['first_dag']) retrieved from /Users/sara/airflow/dags/first_dag.py
[2021-02-22 08:11:17,432] {logging_mixin.py:103} INFO - [2021-02-22 08:11:17,431] {dag.py:1813} INFO - Sync 1 DAGs
[2021-02-22 08:11:17,482] {logging_mixin.py:103} INFO - [2021-02-22 08:11:17,482] {dag.py:2266} INFO - Setting next_dagrun for first_dag to None
[2021-02-22 08:11:17,502] {scheduler_job.py:189} INFO - Processing /Users/sara/airflow/dags/first_dag.py took 0.086 seconds
[2021-02-22 08:11:48,220] {scheduler_job.py:181} INFO - Started process (PID=48725) to work on /Users/sara/airflow/dags/first_dag.py
[2021-02-22 08:11:48,222] {scheduler_job.py:629} INFO - Processing file /Users/sara/airflow/dags/first_dag.py for tasks to queue
[2021-02-22 08:11:48,222] {logging_mixin.py:103} INFO - [2021-02-22 08:11:48,222] {dagbag.py:440} INFO - Filling up the DagBag from /Users/sara/airflow/dags/first_dag.py
[2021-02-22 08:11:48,234] {scheduler_job.py:639} INFO - DAG(s) dict_keys(['first_dag']) retrieved from /Users/sara/airflow/dags/first_dag.py
[2021-02-22 08:11:48,235] {logging_mixin.py:103} INFO - [2021-02-22 08:11:48,234] {dag.py:1813} INFO - Sync 1 DAGs
[2021-02-22 08:11:48,321] {logging_mixin.py:103} INFO - [2021-02-22 08:11:48,321] {dag.py:2266} INFO - Setting next_dagrun for first_dag to None
[2021-02-22 08:11:48,339] {scheduler_job.py:189} INFO - Processing /Users/sara/airflow/dags/first_dag.py took 0.120 seconds
[2021-02-22 08:12:22,237] {scheduler_job.py:181} INFO - Started process (PID=48748) to work on /Users/sara/airflow/dags/first_dag.py
[2021-02-22 08:12:22,238] {scheduler_job.py:629} INFO - Processing file /Users/sara/airflow/dags/first_dag.py for tasks to queue
[2021-02-22 08:12:22,239] {logging_mixin.py:103} INFO - [2021-02-22 08:12:22,239] {dagbag.py:440} INFO - Filling up the DagBag from /Users/sara/airflow/dags/first_dag.py
[2021-02-22 08:12:22,257] {scheduler_job.py:639} INFO - DAG(s) dict_keys(['first_dag']) retrieved from /Users/sara/airflow/dags/first_dag.py
[2021-02-22 08:12:22,258] {logging_mixin.py:103} INFO - [2021-02-22 08:12:22,257] {dag.py:1813} INFO - Sync 1 DAGs
[2021-02-22 08:12:22,319] {logging_mixin.py:103} INFO - [2021-02-22 08:12:22,319] {dag.py:2266} INFO - Setting next_dagrun for first_dag to None
[2021-02-22 08:12:22,343] {scheduler_job.py:189} INFO - Processing /Users/sara/airflow/dags/first_dag.py took 0.107 seconds
[2021-02-22 08:13:04,907] {scheduler_job.py:181} INFO - Started process (PID=48775) to work on /Users/sara/airflow/dags/first_dag.py
[2021-02-22 08:13:04,910] {scheduler_job.py:629} INFO - Processing file /Users/sara/airflow/dags/first_dag.py for tasks to queue
[2021-02-22 08:13:04,911] {logging_mixin.py:103} INFO - [2021-02-22 08:13:04,910] {dagbag.py:440} INFO - Filling up the DagBag from /Users/sara/airflow/dags/first_dag.py
[2021-02-22 08:13:04,925] {scheduler_job.py:639} INFO - DAG(s) dict_keys(['first_dag']) retrieved from /Users/sara/airflow/dags/first_dag.py
[2021-02-22 08:13:04,926] {logging_mixin.py:103} INFO - [2021-02-22 08:13:04,925] {dag.py:1813} INFO - Sync 1 DAGs
[2021-02-22 08:13:04,997] {logging_mixin.py:103} INFO - [2021-02-22 08:13:04,997] {dag.py:2266} INFO - Setting next_dagrun for first_dag to None
[2021-02-22 08:13:05,018] {scheduler_job.py:189} INFO - Processing /Users/sara/airflow/dags/first_dag.py took 0.113 seconds
[2021-02-22 08:13:37,732] {scheduler_job.py:181} INFO - Started process (PID=48804) to work on /Users/sara/airflow/dags/first_dag.py
[2021-02-22 08:13:37,734] {scheduler_job.py:629} INFO - Processing file /Users/sara/airflow/dags/first_dag.py for tasks to queue
[2021-02-22 08:13:37,734] {logging_mixin.py:103} INFO - [2021-02-22 08:13:37,734] {dagbag.py:440} INFO - Filling up the DagBag from /Users/sara/airflow/dags/first_dag.py
[2021-02-22 08:13:37,744] {scheduler_job.py:639} INFO - DAG(s) dict_keys(['first_dag']) retrieved from /Users/sara/airflow/dags/first_dag.py
[2021-02-22 08:13:37,745] {logging_mixin.py:103} INFO - [2021-02-22 08:13:37,745] {dag.py:1813} INFO - Sync 1 DAGs
[2021-02-22 08:13:37,795] {logging_mixin.py:103} INFO - [2021-02-22 08:13:37,795] {dag.py:2266} INFO - Setting next_dagrun for first_dag to None
[2021-02-22 08:13:37,808] {scheduler_job.py:189} INFO - Processing /Users/sara/airflow/dags/first_dag.py took 0.077 seconds
[2021-02-22 08:14:12,023] {scheduler_job.py:181} INFO - Started process (PID=48825) to work on /Users/sara/airflow/dags/first_dag.py
[2021-02-22 08:14:12,025] {scheduler_job.py:629} INFO - Processing file /Users/sara/airflow/dags/first_dag.py for tasks to queue
[2021-02-22 08:14:12,026] {logging_mixin.py:103} INFO - [2021-02-22 08:14:12,026] {dagbag.py:440} INFO - Filling up the DagBag from /Users/sara/airflow/dags/first_dag.py
[2021-02-22 08:14:12,039] {scheduler_job.py:639} INFO - DAG(s) dict_keys(['first_dag']) retrieved from /Users/sara/airflow/dags/first_dag.py
[2021-02-22 08:14:12,040] {logging_mixin.py:103} INFO - [2021-02-22 08:14:12,039] {dag.py:1813} INFO - Sync 1 DAGs
[2021-02-22 08:14:12,109] {logging_mixin.py:103} INFO - [2021-02-22 08:14:12,109] {dag.py:2266} INFO - Setting next_dagrun for first_dag to None
[2021-02-22 08:14:12,125] {scheduler_job.py:189} INFO - Processing /Users/sara/airflow/dags/first_dag.py took 0.104 seconds
[2021-02-22 08:14:38,026] {scheduler_job.py:181} INFO - Started process (PID=48847) to work on /Users/sara/airflow/dags/first_dag.py
[2021-02-22 08:14:38,027] {scheduler_job.py:629} INFO - Processing file /Users/sara/airflow/dags/first_dag.py for tasks to queue
[2021-02-22 08:14:38,028] {logging_mixin.py:103} INFO - [2021-02-22 08:14:38,028] {dagbag.py:440} INFO - Filling up the DagBag from /Users/sara/airflow/dags/first_dag.py
[2021-02-22 08:14:38,037] {scheduler_job.py:639} INFO - DAG(s) dict_keys(['first_dag']) retrieved from /Users/sara/airflow/dags/first_dag.py
[2021-02-22 08:14:38,038] {logging_mixin.py:103} INFO - [2021-02-22 08:14:38,038] {dag.py:1813} INFO - Sync 1 DAGs
[2021-02-22 08:14:38,096] {logging_mixin.py:103} INFO - [2021-02-22 08:14:38,096] {dag.py:2266} INFO - Setting next_dagrun for first_dag to None
[2021-02-22 08:14:38,109] {scheduler_job.py:189} INFO - Processing /Users/sara/airflow/dags/first_dag.py took 0.084 seconds
[2021-02-22 08:15:25,487] {scheduler_job.py:181} INFO - Started process (PID=48874) to work on /Users/sara/airflow/dags/first_dag.py
[2021-02-22 08:15:25,489] {scheduler_job.py:629} INFO - Processing file /Users/sara/airflow/dags/first_dag.py for tasks to queue
[2021-02-22 08:15:25,490] {logging_mixin.py:103} INFO - [2021-02-22 08:15:25,490] {dagbag.py:440} INFO - Filling up the DagBag from /Users/sara/airflow/dags/first_dag.py
[2021-02-22 08:15:25,505] {scheduler_job.py:639} INFO - DAG(s) dict_keys(['first_dag']) retrieved from /Users/sara/airflow/dags/first_dag.py
[2021-02-22 08:15:25,506] {logging_mixin.py:103} INFO - [2021-02-22 08:15:25,506] {dag.py:1813} INFO - Sync 1 DAGs
[2021-02-22 08:15:25,634] {logging_mixin.py:103} INFO - [2021-02-22 08:15:25,634] {dag.py:2266} INFO - Setting next_dagrun for first_dag to None
[2021-02-22 08:15:25,661] {scheduler_job.py:189} INFO - Processing /Users/sara/airflow/dags/first_dag.py took 0.175 seconds
[2021-02-22 08:15:54,903] {scheduler_job.py:181} INFO - Started process (PID=48895) to work on /Users/sara/airflow/dags/first_dag.py
[2021-02-22 08:15:54,904] {scheduler_job.py:629} INFO - Processing file /Users/sara/airflow/dags/first_dag.py for tasks to queue
[2021-02-22 08:15:54,906] {logging_mixin.py:103} INFO - [2021-02-22 08:15:54,906] {dagbag.py:440} INFO - Filling up the DagBag from /Users/sara/airflow/dags/first_dag.py
[2021-02-22 08:15:54,921] {scheduler_job.py:639} INFO - DAG(s) dict_keys(['first_dag']) retrieved from /Users/sara/airflow/dags/first_dag.py
[2021-02-22 08:15:54,923] {logging_mixin.py:103} INFO - [2021-02-22 08:15:54,923] {dag.py:1813} INFO - Sync 1 DAGs
[2021-02-22 08:15:55,036] {logging_mixin.py:103} INFO - [2021-02-22 08:15:55,036] {dag.py:2266} INFO - Setting next_dagrun for first_dag to None
[2021-02-22 08:15:55,067] {scheduler_job.py:189} INFO - Processing /Users/sara/airflow/dags/first_dag.py took 0.166 seconds
[2021-02-22 08:16:32,908] {scheduler_job.py:181} INFO - Started process (PID=48919) to work on /Users/sara/airflow/dags/first_dag.py
[2021-02-22 08:16:32,909] {scheduler_job.py:629} INFO - Processing file /Users/sara/airflow/dags/first_dag.py for tasks to queue
[2021-02-22 08:16:32,910] {logging_mixin.py:103} INFO - [2021-02-22 08:16:32,910] {dagbag.py:440} INFO - Filling up the DagBag from /Users/sara/airflow/dags/first_dag.py
[2021-02-22 08:16:32,921] {scheduler_job.py:639} INFO - DAG(s) dict_keys(['first_dag']) retrieved from /Users/sara/airflow/dags/first_dag.py
[2021-02-22 08:16:32,921] {logging_mixin.py:103} INFO - [2021-02-22 08:16:32,921] {dag.py:1813} INFO - Sync 1 DAGs
[2021-02-22 08:16:32,971] {logging_mixin.py:103} INFO - [2021-02-22 08:16:32,971] {dag.py:2266} INFO - Setting next_dagrun for first_dag to None
[2021-02-22 08:16:32,988] {scheduler_job.py:189} INFO - Processing /Users/sara/airflow/dags/first_dag.py took 0.080 seconds
[2021-02-22 08:17:09,667] {scheduler_job.py:181} INFO - Started process (PID=48945) to work on /Users/sara/airflow/dags/first_dag.py
[2021-02-22 08:17:09,669] {scheduler_job.py:629} INFO - Processing file /Users/sara/airflow/dags/first_dag.py for tasks to queue
[2021-02-22 08:17:09,670] {logging_mixin.py:103} INFO - [2021-02-22 08:17:09,669] {dagbag.py:440} INFO - Filling up the DagBag from /Users/sara/airflow/dags/first_dag.py
[2021-02-22 08:17:09,683] {scheduler_job.py:639} INFO - DAG(s) dict_keys(['first_dag']) retrieved from /Users/sara/airflow/dags/first_dag.py
[2021-02-22 08:17:09,685] {logging_mixin.py:103} INFO - [2021-02-22 08:17:09,685] {dag.py:1813} INFO - Sync 1 DAGs
[2021-02-22 08:17:09,770] {logging_mixin.py:103} INFO - [2021-02-22 08:17:09,770] {dag.py:2266} INFO - Setting next_dagrun for first_dag to None
[2021-02-22 08:17:09,790] {scheduler_job.py:189} INFO - Processing /Users/sara/airflow/dags/first_dag.py took 0.124 seconds
[2021-02-22 08:17:38,166] {scheduler_job.py:181} INFO - Started process (PID=48970) to work on /Users/sara/airflow/dags/first_dag.py
[2021-02-22 08:17:38,168] {scheduler_job.py:629} INFO - Processing file /Users/sara/airflow/dags/first_dag.py for tasks to queue
[2021-02-22 08:17:38,169] {logging_mixin.py:103} INFO - [2021-02-22 08:17:38,169] {dagbag.py:440} INFO - Filling up the DagBag from /Users/sara/airflow/dags/first_dag.py
[2021-02-22 08:17:38,179] {scheduler_job.py:639} INFO - DAG(s) dict_keys(['first_dag']) retrieved from /Users/sara/airflow/dags/first_dag.py
[2021-02-22 08:17:38,180] {logging_mixin.py:103} INFO - [2021-02-22 08:17:38,180] {dag.py:1813} INFO - Sync 1 DAGs
[2021-02-22 08:17:38,228] {logging_mixin.py:103} INFO - [2021-02-22 08:17:38,228] {dag.py:2266} INFO - Setting next_dagrun for first_dag to None
[2021-02-22 08:17:38,243] {scheduler_job.py:189} INFO - Processing /Users/sara/airflow/dags/first_dag.py took 0.077 seconds
[2021-02-22 08:18:12,398] {scheduler_job.py:181} INFO - Started process (PID=49000) to work on /Users/sara/airflow/dags/first_dag.py
[2021-02-22 08:18:12,399] {scheduler_job.py:629} INFO - Processing file /Users/sara/airflow/dags/first_dag.py for tasks to queue
[2021-02-22 08:18:12,400] {logging_mixin.py:103} INFO - [2021-02-22 08:18:12,399] {dagbag.py:440} INFO - Filling up the DagBag from /Users/sara/airflow/dags/first_dag.py
[2021-02-22 08:18:12,408] {scheduler_job.py:639} INFO - DAG(s) dict_keys(['first_dag']) retrieved from /Users/sara/airflow/dags/first_dag.py
[2021-02-22 08:18:12,408] {logging_mixin.py:103} INFO - [2021-02-22 08:18:12,408] {dag.py:1813} INFO - Sync 1 DAGs
[2021-02-22 08:18:12,455] {logging_mixin.py:103} INFO - [2021-02-22 08:18:12,455] {dag.py:2266} INFO - Setting next_dagrun for first_dag to None
[2021-02-22 08:18:12,472] {scheduler_job.py:189} INFO - Processing /Users/sara/airflow/dags/first_dag.py took 0.075 seconds
