[2021-02-16 11:02:45,853] {taskinstance.py:826} INFO - Dependencies all met for <TaskInstance: ge_demo_db_dag.check_expectation_suite 2021-02-16T10:02:35.420277+00:00 [queued]>
[2021-02-16 11:02:45,879] {taskinstance.py:826} INFO - Dependencies all met for <TaskInstance: ge_demo_db_dag.check_expectation_suite 2021-02-16T10:02:35.420277+00:00 [queued]>
[2021-02-16 11:02:45,879] {taskinstance.py:1017} INFO - 
--------------------------------------------------------------------------------
[2021-02-16 11:02:45,879] {taskinstance.py:1018} INFO - Starting attempt 1 of 1
[2021-02-16 11:02:45,879] {taskinstance.py:1019} INFO - 
--------------------------------------------------------------------------------
[2021-02-16 11:02:45,898] {taskinstance.py:1038} INFO - Executing <Task(BashOperator): check_expectation_suite> on 2021-02-16T10:02:35.420277+00:00
[2021-02-16 11:02:45,903] {standard_task_runner.py:51} INFO - Started process 10702 to run task
[2021-02-16 11:02:45,919] {standard_task_runner.py:75} INFO - Running: ['airflow', 'tasks', 'run', 'ge_demo_db_dag', 'check_expectation_suite', '2021-02-16T10:02:35.420277+00:00', '--job-id', '480', '--pool', 'default_pool', '--raw', '--subdir', 'DAGS_FOLDER/ge_demo_db_dag.py', '--cfg-path', '/var/folders/s2/xy3ssc8j3ks3whp2f_b8708c0000gp/T/tmp7djclxww']
[2021-02-16 11:02:45,924] {standard_task_runner.py:76} INFO - Job 480: Subtask check_expectation_suite
[2021-02-16 11:02:46,015] {logging_mixin.py:103} INFO - Running <TaskInstance: ge_demo_db_dag.check_expectation_suite 2021-02-16T10:02:35.420277+00:00 [running]> on host 1.0.0.0.0.0.0.0.0.0.0.0.0.0.0.0.0.0.0.0.0.0.0.0.0.0.0.0.0.0.0.0.ip6.arpa
[2021-02-16 11:02:46,077] {taskinstance.py:1230} INFO - Exporting the following env vars:
AIRFLOW_CTX_DAG_EMAIL=sara@acloudfrontier.com
AIRFLOW_CTX_DAG_OWNER=sara
AIRFLOW_CTX_DAG_ID=ge_demo_db_dag
AIRFLOW_CTX_TASK_ID=check_expectation_suite
AIRFLOW_CTX_EXECUTION_DATE=2021-02-16T10:02:35.420277+00:00
AIRFLOW_CTX_DAG_RUN_ID=manual__2021-02-16T10:02:35.420277+00:00
[2021-02-16 11:02:46,079] {bash.py:135} INFO - Tmp dir root location: 
 /var/folders/s2/xy3ssc8j3ks3whp2f_b8708c0000gp/T
[2021-02-16 11:02:46,082] {bash.py:158} INFO - Running command: cd /Users/sara/airflow/dags/snowflake/ge_demo_db && great_expectations docs build -y
[2021-02-16 11:02:46,102] {bash.py:169} INFO - Output:
[2021-02-16 11:02:50,020] {bash.py:173} INFO - Detected legacy config version (2.0) so will try to use default checkpoint store name.
[2021-02-16 11:02:50,021] {bash.py:173} INFO -   Please update your configuration to the new version number 3.0 in order to use the new "Checkpoint Store" feature.  Visit https://docs.greatexpectations.io/en/latest/how_to_guides/migrating_versions.html to learn more about the upgrade process.
[2021-02-16 11:02:50,107] {bash.py:173} INFO - Detected legacy config version (2.0) so will try to use default checkpoint store name.
[2021-02-16 11:02:50,107] {bash.py:173} INFO -   Please update your configuration to the new version number 3.0 in order to use the new "Checkpoint Store" feature.  Visit https://docs.greatexpectations.io/en/latest/how_to_guides/migrating_versions.html to learn more about the upgrade process.
[2021-02-16 11:02:50,203] {bash.py:173} INFO - Detected legacy config version (2.0) so will try to use default checkpoint store name.
[2021-02-16 11:02:50,205] {bash.py:173} INFO -   Please update your configuration to the new version number 3.0 in order to use the new "Checkpoint Store" feature.  Visit https://docs.greatexpectations.io/en/latest/how_to_guides/migrating_versions.html to learn more about the upgrade process.
[2021-02-16 11:02:52,078] {bash.py:173} INFO - 
[2021-02-16 11:02:52,079] {bash.py:173} INFO - The following Data Docs sites will be built:
[2021-02-16 11:02:52,079] {bash.py:173} INFO - 
[2021-02-16 11:02:52,080] {bash.py:173} INFO -  - local_site: file:///Users/sara/airflow/dags/snowflake/ge_demo_db/great_expectations/uncommitted/data_docs/local_site/index.html
[2021-02-16 11:02:52,081] {bash.py:173} INFO - 
[2021-02-16 11:02:52,081] {bash.py:173} INFO - 
[2021-02-16 11:02:52,082] {bash.py:173} INFO - Building Data Docs...
[2021-02-16 11:02:52,083] {bash.py:173} INFO - 
[2021-02-16 11:02:53,285] {bash.py:173} INFO - Done building Data Docs
[2021-02-16 11:02:55,608] {bash.py:177} INFO - Command exited with return code 0
[2021-02-16 11:02:55,641] {taskinstance.py:1135} INFO - Marking task as SUCCESS. dag_id=ge_demo_db_dag, task_id=check_expectation_suite, execution_date=20210216T100235, start_date=20210216T100245, end_date=20210216T100255
[2021-02-16 11:02:55,686] {taskinstance.py:1195} INFO - 1 downstream tasks scheduled from follow-on schedule check
[2021-02-16 11:02:55,716] {local_task_job.py:118} INFO - Task exited with return code 0
