[2021-01-28 15:33:41,974] {taskinstance.py:826} INFO - Dependencies all met for <TaskInstance: ge_quarantine_df_dag.get_failed_records 2021-01-28T14:32:57.616975+00:00 [queued]>
[2021-01-28 15:33:41,982] {taskinstance.py:826} INFO - Dependencies all met for <TaskInstance: ge_quarantine_df_dag.get_failed_records 2021-01-28T14:32:57.616975+00:00 [queued]>
[2021-01-28 15:33:41,983] {taskinstance.py:1017} INFO - 
--------------------------------------------------------------------------------
[2021-01-28 15:33:41,983] {taskinstance.py:1018} INFO - Starting attempt 1 of 1
[2021-01-28 15:33:41,983] {taskinstance.py:1019} INFO - 
--------------------------------------------------------------------------------
[2021-01-28 15:33:41,999] {taskinstance.py:1038} INFO - Executing <Task(PythonOperator): get_failed_records> on 2021-01-28T14:32:57.616975+00:00
[2021-01-28 15:33:42,004] {standard_task_runner.py:51} INFO - Started process 7644 to run task
[2021-01-28 15:33:42,013] {standard_task_runner.py:75} INFO - Running: ['airflow', 'tasks', 'run', 'ge_quarantine_df_dag', 'get_failed_records', '2021-01-28T14:32:57.616975+00:00', '--job-id', '175', '--pool', 'default_pool', '--raw', '--subdir', 'DAGS_FOLDER/ge_quarantine_df_dag.py', '--cfg-path', '/var/folders/s2/xy3ssc8j3ks3whp2f_b8708c0000gp/T/tmp5y6hq0fv']
[2021-01-28 15:33:42,016] {standard_task_runner.py:76} INFO - Job 175: Subtask get_failed_records
[2021-01-28 15:33:42,081] {logging_mixin.py:103} INFO - Running <TaskInstance: ge_quarantine_df_dag.get_failed_records 2021-01-28T14:32:57.616975+00:00 [running]> on host admins-air.home
[2021-01-28 15:33:42,120] {taskinstance.py:1230} INFO - Exporting the following env vars:
AIRFLOW_CTX_DAG_EMAIL=sara@acloudfrontier.com
AIRFLOW_CTX_DAG_OWNER=sara
AIRFLOW_CTX_DAG_ID=ge_quarantine_df_dag
AIRFLOW_CTX_TASK_ID=get_failed_records
AIRFLOW_CTX_EXECUTION_DATE=2021-01-28T14:32:57.616975+00:00
AIRFLOW_CTX_DAG_RUN_ID=manual__2021-01-28T14:32:57.616975+00:00
[2021-01-28 15:33:42,122] {taskinstance.py:1396} ERROR - name 'pprint' is not defined
Traceback (most recent call last):
  File "/Users/sara/p38env_airflow/lib/python3.8/site-packages/airflow/models/taskinstance.py", line 1086, in _run_raw_task
    self._prepare_and_execute_task_with_callbacks(context, task)
  File "/Users/sara/p38env_airflow/lib/python3.8/site-packages/airflow/models/taskinstance.py", line 1260, in _prepare_and_execute_task_with_callbacks
    result = self._execute_task(context, task_copy)
  File "/Users/sara/p38env_airflow/lib/python3.8/site-packages/airflow/models/taskinstance.py", line 1300, in _execute_task
    result = task_copy.execute(context=context)
  File "/Users/sara/p38env_airflow/lib/python3.8/site-packages/airflow/operators/python.py", line 117, in execute
    return_value = self.execute_callable()
  File "/Users/sara/p38env_airflow/lib/python3.8/site-packages/airflow/operators/python.py", line 128, in execute_callable
    return self.python_callable(*self.op_args, **self.op_kwargs)
  File "/Users/sara/airflow/dags/ge_quarantine_df_dag.py", line 117, in print_context
    pprint(kwargs)
NameError: name 'pprint' is not defined
[2021-01-28 15:33:42,128] {taskinstance.py:1433} INFO - Marking task as FAILED. dag_id=ge_quarantine_df_dag, task_id=get_failed_records, execution_date=20210128T143257, start_date=20210128T143341, end_date=20210128T143342
[2021-01-28 15:33:42,155] {local_task_job.py:118} INFO - Task exited with return code 1
