[2021-02-16 16:11:16,567] {taskinstance.py:826} INFO - Dependencies all met for <TaskInstance: first_dag.print 2021-02-15T00:00:00+00:00 [queued]>
[2021-02-16 16:11:16,602] {taskinstance.py:826} INFO - Dependencies all met for <TaskInstance: first_dag.print 2021-02-15T00:00:00+00:00 [queued]>
[2021-02-16 16:11:16,602] {taskinstance.py:1017} INFO - 
--------------------------------------------------------------------------------
[2021-02-16 16:11:16,603] {taskinstance.py:1018} INFO - Starting attempt 1 of 2
[2021-02-16 16:11:16,603] {taskinstance.py:1019} INFO - 
--------------------------------------------------------------------------------
[2021-02-16 16:11:16,643] {taskinstance.py:1038} INFO - Executing <Task(BashOperator): print> on 2021-02-15T00:00:00+00:00
[2021-02-16 16:11:16,655] {standard_task_runner.py:51} INFO - Started process 28840 to run task
[2021-02-16 16:11:16,672] {standard_task_runner.py:75} INFO - Running: ['airflow', 'tasks', 'run', 'first_dag', 'print', '2021-02-15T00:00:00+00:00', '--job-id', '496', '--pool', 'default_pool', '--raw', '--subdir', 'DAGS_FOLDER/first_dag.py', '--cfg-path', '/var/folders/s2/xy3ssc8j3ks3whp2f_b8708c0000gp/T/tmpn6ghurc0']
[2021-02-16 16:11:16,678] {standard_task_runner.py:76} INFO - Job 496: Subtask print
[2021-02-16 16:11:16,800] {logging_mixin.py:103} INFO - Running <TaskInstance: first_dag.print 2021-02-15T00:00:00+00:00 [running]> on host admins-MacBook-Air.local
[2021-02-16 16:11:16,910] {taskinstance.py:1230} INFO - Exporting the following env vars:
AIRFLOW_CTX_DAG_EMAIL=sara@acloudfrontier.com
AIRFLOW_CTX_DAG_OWNER=sara
AIRFLOW_CTX_DAG_ID=first_dag
AIRFLOW_CTX_TASK_ID=print
AIRFLOW_CTX_EXECUTION_DATE=2021-02-15T00:00:00+00:00
AIRFLOW_CTX_DAG_RUN_ID=scheduled__2021-02-15T00:00:00+00:00
[2021-02-16 16:11:16,912] {bash.py:135} INFO - Tmp dir root location: 
 /var/folders/s2/xy3ssc8j3ks3whp2f_b8708c0000gp/T
[2021-02-16 16:11:16,916] {bash.py:158} INFO - Running command: echo Getting Live Cricket Scores!!!
[2021-02-16 16:11:16,932] {bash.py:169} INFO - Output:
[2021-02-16 16:11:16,937] {bash.py:173} INFO - Getting Live Cricket Scores!!!
[2021-02-16 16:11:16,938] {bash.py:177} INFO - Command exited with return code 0
[2021-02-16 16:11:16,998] {taskinstance.py:1135} INFO - Marking task as SUCCESS. dag_id=first_dag, task_id=print, execution_date=20210215T000000, start_date=20210216T151116, end_date=20210216T151116
[2021-02-16 16:11:17,061] {taskinstance.py:1195} INFO - 1 downstream tasks scheduled from follow-on schedule check
[2021-02-16 16:11:17,082] {local_task_job.py:118} INFO - Task exited with return code 0
