[2021-02-01 13:52:37,576] {taskinstance.py:826} INFO - Dependencies all met for <TaskInstance: ge_quarantine_df_dag.drop_monthly_data 2021-02-01T12:50:23.615624+00:00 [queued]>
[2021-02-01 13:52:37,599] {taskinstance.py:826} INFO - Dependencies all met for <TaskInstance: ge_quarantine_df_dag.drop_monthly_data 2021-02-01T12:50:23.615624+00:00 [queued]>
[2021-02-01 13:52:37,600] {taskinstance.py:1017} INFO - 
--------------------------------------------------------------------------------
[2021-02-01 13:52:37,601] {taskinstance.py:1018} INFO - Starting attempt 1 of 1
[2021-02-01 13:52:37,601] {taskinstance.py:1019} INFO - 
--------------------------------------------------------------------------------
[2021-02-01 13:52:37,643] {taskinstance.py:1038} INFO - Executing <Task(SnowflakeOperator): drop_monthly_data> on 2021-02-01T12:50:23.615624+00:00
[2021-02-01 13:52:37,650] {standard_task_runner.py:51} INFO - Started process 23439 to run task
[2021-02-01 13:52:37,661] {standard_task_runner.py:75} INFO - Running: ['airflow', 'tasks', 'run', 'ge_quarantine_df_dag', 'drop_monthly_data', '2021-02-01T12:50:23.615624+00:00', '--job-id', '269', '--pool', 'default_pool', '--raw', '--subdir', 'DAGS_FOLDER/ge_quarantine_df_dag.py', '--cfg-path', '/var/folders/s2/xy3ssc8j3ks3whp2f_b8708c0000gp/T/tmpx07w8lo4']
[2021-02-01 13:52:37,666] {standard_task_runner.py:76} INFO - Job 269: Subtask drop_monthly_data
[2021-02-01 13:52:37,808] {logging_mixin.py:103} INFO - Running <TaskInstance: ge_quarantine_df_dag.drop_monthly_data 2021-02-01T12:50:23.615624+00:00 [running]> on host 1.0.0.0.0.0.0.0.0.0.0.0.0.0.0.0.0.0.0.0.0.0.0.0.0.0.0.0.0.0.0.0.ip6.arpa
[2021-02-01 13:52:37,899] {taskinstance.py:1230} INFO - Exporting the following env vars:
AIRFLOW_CTX_DAG_EMAIL=sara@acloudfrontier.com
AIRFLOW_CTX_DAG_OWNER=sara
AIRFLOW_CTX_DAG_ID=ge_quarantine_df_dag
AIRFLOW_CTX_TASK_ID=drop_monthly_data
AIRFLOW_CTX_EXECUTION_DATE=2021-02-01T12:50:23.615624+00:00
AIRFLOW_CTX_DAG_RUN_ID=manual__2021-02-01T12:50:23.615624+00:00
[2021-02-01 13:52:37,901] {snowflake.py:119} INFO - Executing: ['delete from MONTHLY_DATA;']
[2021-02-01 13:52:37,919] {base.py:65} INFO - Using connection to: id: SNOWFLAKE_QUARANTINE_DEMO. Host: dp13486.eu-west-1.snowflakecomputing.com, Port: None, Schema: PUBLIC, Login: SARA, Password: XXXXXXXX, extra: XXXXXXXX
[2021-02-01 13:52:37,925] {connection.py:215} INFO - Snowflake Connector for Python Version: 2.3.9, Python Version: 3.8.6, Platform: macOS-10.16-x86_64-i386-64bit
[2021-02-01 13:52:37,928] {connection.py:768} INFO - This connection is in OCSP Fail Open Mode. TLS Certificates would be checked for validity and revocation status. Any other Certificate Revocation related exceptions or OCSP Responder failures would be disregarded in favor of connectivity.
[2021-02-01 13:52:37,928] {connection.py:784} INFO - Setting use_openssl_only mode to False
[2021-02-01 13:52:40,374] {cursor.py:537} INFO - query: [ALTER SESSION SET autocommit=True]
[2021-02-01 13:52:40,562] {cursor.py:560} INFO - query execution done
[2021-02-01 13:52:40,563] {dbapi.py:180} INFO - Running statement: delete from MONTHLY_DATA;, parameters: None
[2021-02-01 13:52:40,565] {cursor.py:537} INFO - query: [delete from MONTHLY_DATA;]
[2021-02-01 13:52:42,108] {cursor.py:560} INFO - query execution done
[2021-02-01 13:52:42,109] {dbapi.py:186} INFO - Rows affected: 10000
[2021-02-01 13:52:42,110] {connection.py:438} INFO - closed
[2021-02-01 13:52:42,239] {connection.py:441} INFO - No async queries seem to be running, deleting session
[2021-02-01 13:52:42,404] {taskinstance.py:1135} INFO - Marking task as SUCCESS. dag_id=ge_quarantine_df_dag, task_id=drop_monthly_data, execution_date=20210201T125023, start_date=20210201T125237, end_date=20210201T125242
[2021-02-01 13:52:42,428] {taskinstance.py:1195} INFO - 0 downstream tasks scheduled from follow-on schedule check
[2021-02-01 13:52:42,464] {local_task_job.py:118} INFO - Task exited with return code 0
