[2021-02-17 11:59:31,650] {taskinstance.py:826} INFO - Dependencies all met for <TaskInstance: ge_demo_db_dag.run_checkpoint 2021-02-17T10:58:02.726211+00:00 [queued]>
[2021-02-17 11:59:31,675] {taskinstance.py:826} INFO - Dependencies all met for <TaskInstance: ge_demo_db_dag.run_checkpoint 2021-02-17T10:58:02.726211+00:00 [queued]>
[2021-02-17 11:59:31,675] {taskinstance.py:1017} INFO - 
--------------------------------------------------------------------------------
[2021-02-17 11:59:31,676] {taskinstance.py:1018} INFO - Starting attempt 1 of 1
[2021-02-17 11:59:31,679] {taskinstance.py:1019} INFO - 
--------------------------------------------------------------------------------
[2021-02-17 11:59:31,713] {taskinstance.py:1038} INFO - Executing <Task(BashOperator): run_checkpoint> on 2021-02-17T10:58:02.726211+00:00
[2021-02-17 11:59:31,730] {standard_task_runner.py:51} INFO - Started process 11257 to run task
[2021-02-17 11:59:31,784] {standard_task_runner.py:75} INFO - Running: ['airflow', 'tasks', 'run', 'ge_demo_db_dag', 'run_checkpoint', '2021-02-17T10:58:02.726211+00:00', '--job-id', '505', '--pool', 'default_pool', '--raw', '--subdir', 'DAGS_FOLDER/ge_demo_db_dag.py', '--cfg-path', '/var/folders/s2/xy3ssc8j3ks3whp2f_b8708c0000gp/T/tmpy4ge5yze']
[2021-02-17 11:59:31,808] {standard_task_runner.py:76} INFO - Job 505: Subtask run_checkpoint
[2021-02-17 11:59:31,892] {logging_mixin.py:103} INFO - Running <TaskInstance: ge_demo_db_dag.run_checkpoint 2021-02-17T10:58:02.726211+00:00 [running]> on host admins-macbook-air.local
[2021-02-17 11:59:31,955] {taskinstance.py:1230} INFO - Exporting the following env vars:
AIRFLOW_CTX_DAG_EMAIL=sara@acloudfrontier.com
AIRFLOW_CTX_DAG_OWNER=sara
AIRFLOW_CTX_DAG_ID=ge_demo_db_dag
AIRFLOW_CTX_TASK_ID=run_checkpoint
AIRFLOW_CTX_EXECUTION_DATE=2021-02-17T10:58:02.726211+00:00
AIRFLOW_CTX_DAG_RUN_ID=manual__2021-02-17T10:58:02.726211+00:00
[2021-02-17 11:59:31,957] {bash.py:135} INFO - Tmp dir root location: 
 /var/folders/s2/xy3ssc8j3ks3whp2f_b8708c0000gp/T
[2021-02-17 11:59:31,959] {bash.py:158} INFO - Running command: cd /Users/sara/airflow/dags/snowflake/ge_demo_db && great_expectations checkpoint run monthlychk
[2021-02-17 11:59:31,989] {bash.py:169} INFO - Output:
[2021-02-17 11:59:41,974] {local_task_job.py:156} WARNING - The recorded hostname admins-macbook-air.local does not match this instance's hostname 1.0.0.127.in-addr.arpa
[2021-02-17 11:59:42,063] {process_utils.py:95} INFO - Sending Signals.SIGTERM to GPID 11257
[2021-02-17 11:59:42,063] {taskinstance.py:1214} ERROR - Received SIGTERM. Terminating subprocesses.
[2021-02-17 11:59:42,065] {bash.py:185} INFO - Sending SIGTERM signal to bash process group
[2021-02-17 11:59:42,082] {taskinstance.py:1396} ERROR - Task received SIGTERM signal
Traceback (most recent call last):
  File "/Users/sara/p38_demo_env/lib/python3.8/site-packages/airflow/models/taskinstance.py", line 1086, in _run_raw_task
    self._prepare_and_execute_task_with_callbacks(context, task)
  File "/Users/sara/p38_demo_env/lib/python3.8/site-packages/airflow/models/taskinstance.py", line 1260, in _prepare_and_execute_task_with_callbacks
    result = self._execute_task(context, task_copy)
  File "/Users/sara/p38_demo_env/lib/python3.8/site-packages/airflow/models/taskinstance.py", line 1300, in _execute_task
    result = task_copy.execute(context=context)
  File "/Users/sara/p38_demo_env/lib/python3.8/site-packages/airflow/operators/bash.py", line 171, in execute
    for raw_line in iter(self.sub_process.stdout.readline, b''):
  File "/Users/sara/p38_demo_env/lib/python3.8/site-packages/airflow/models/taskinstance.py", line 1216, in signal_handler
    raise AirflowException("Task received SIGTERM signal")
airflow.exceptions.AirflowException: Task received SIGTERM signal
[2021-02-17 11:59:42,094] {taskinstance.py:1433} INFO - Marking task as FAILED. dag_id=ge_demo_db_dag, task_id=run_checkpoint, execution_date=20210217T105802, start_date=20210217T105931, end_date=20210217T105942
[2021-02-17 11:59:42,100] {email.py:184} INFO - Email alerting: attempt 1
[2021-02-17 11:59:42,404] {process_utils.py:61} INFO - Process psutil.Process(pid=11259, status='terminated', started='11:59:32') (11259) terminated with exit code None
[2021-02-17 11:59:42,883] {email.py:196} INFO - Sent an alert email to ['sara@acloudfrontier.com']
[2021-02-17 11:59:43,992] {process_utils.py:61} INFO - Process psutil.Process(pid=11257, status='terminated', exitcode=1, started='11:59:31') (11257) terminated with exit code 1
[2021-02-17 11:59:43,993] {process_utils.py:61} INFO - Process psutil.Process(pid=11258, status='terminated', started='11:59:31') (11258) terminated with exit code None
