[2021-02-16 10:42:21,014] {taskinstance.py:826} INFO - Dependencies all met for <TaskInstance: ge_demo_db_dag.build_data_docs 2021-02-16T09:41:38.053498+00:00 [queued]>
[2021-02-16 10:42:21,020] {taskinstance.py:826} INFO - Dependencies all met for <TaskInstance: ge_demo_db_dag.build_data_docs 2021-02-16T09:41:38.053498+00:00 [queued]>
[2021-02-16 10:42:21,020] {taskinstance.py:1017} INFO - 
--------------------------------------------------------------------------------
[2021-02-16 10:42:21,020] {taskinstance.py:1018} INFO - Starting attempt 1 of 1
[2021-02-16 10:42:21,020] {taskinstance.py:1019} INFO - 
--------------------------------------------------------------------------------
[2021-02-16 10:42:21,028] {taskinstance.py:1038} INFO - Executing <Task(BashOperator): build_data_docs> on 2021-02-16T09:41:38.053498+00:00
[2021-02-16 10:42:21,031] {standard_task_runner.py:51} INFO - Started process 9412 to run task
[2021-02-16 10:42:21,040] {standard_task_runner.py:75} INFO - Running: ['airflow', 'tasks', 'run', 'ge_demo_db_dag', 'build_data_docs', '2021-02-16T09:41:38.053498+00:00', '--job-id', '473', '--pool', 'default_pool', '--raw', '--subdir', 'DAGS_FOLDER/ge_demo_db_dag.py', '--cfg-path', '/var/folders/s2/xy3ssc8j3ks3whp2f_b8708c0000gp/T/tmp4j_2eag3']
[2021-02-16 10:42:21,042] {standard_task_runner.py:76} INFO - Job 473: Subtask build_data_docs
[2021-02-16 10:42:21,078] {logging_mixin.py:103} INFO - Running <TaskInstance: ge_demo_db_dag.build_data_docs 2021-02-16T09:41:38.053498+00:00 [running]> on host admins-MacBook-Air.local
[2021-02-16 10:42:21,112] {taskinstance.py:1230} INFO - Exporting the following env vars:
AIRFLOW_CTX_DAG_EMAIL=sara@acloudfrontier.com
AIRFLOW_CTX_DAG_OWNER=sara
AIRFLOW_CTX_DAG_ID=ge_demo_db_dag
AIRFLOW_CTX_TASK_ID=build_data_docs
AIRFLOW_CTX_EXECUTION_DATE=2021-02-16T09:41:38.053498+00:00
AIRFLOW_CTX_DAG_RUN_ID=manual__2021-02-16T09:41:38.053498+00:00
[2021-02-16 10:42:21,113] {bash.py:135} INFO - Tmp dir root location: 
 /var/folders/s2/xy3ssc8j3ks3whp2f_b8708c0000gp/T
[2021-02-16 10:42:21,114] {bash.py:158} INFO - Running command: cd /Users/sara/airflow/dags/snowflake/ge_demo_db && great_expectations docs build
[2021-02-16 10:42:21,125] {bash.py:169} INFO - Output:
[2021-02-16 10:42:24,205] {bash.py:173} INFO - Detected legacy config version (2.0) so will try to use default checkpoint store name.
[2021-02-16 10:42:24,205] {bash.py:173} INFO -   Please update your configuration to the new version number 3.0 in order to use the new "Checkpoint Store" feature.  Visit https://docs.greatexpectations.io/en/latest/how_to_guides/migrating_versions.html to learn more about the upgrade process.
[2021-02-16 10:42:24,279] {bash.py:173} INFO - Detected legacy config version (2.0) so will try to use default checkpoint store name.
[2021-02-16 10:42:24,280] {bash.py:173} INFO -   Please update your configuration to the new version number 3.0 in order to use the new "Checkpoint Store" feature.  Visit https://docs.greatexpectations.io/en/latest/how_to_guides/migrating_versions.html to learn more about the upgrade process.
[2021-02-16 10:42:24,359] {bash.py:173} INFO - Detected legacy config version (2.0) so will try to use default checkpoint store name.
[2021-02-16 10:42:24,359] {bash.py:173} INFO -   Please update your configuration to the new version number 3.0 in order to use the new "Checkpoint Store" feature.  Visit https://docs.greatexpectations.io/en/latest/how_to_guides/migrating_versions.html to learn more about the upgrade process.
[2021-02-16 10:42:25,630] {bash.py:173} INFO - 
[2021-02-16 10:42:25,631] {bash.py:173} INFO - The following Data Docs sites will be built:
[2021-02-16 10:42:25,631] {bash.py:173} INFO - 
[2021-02-16 10:42:25,632] {bash.py:173} INFO -  - local_site: file:///Users/sara/airflow/dags/snowflake/ge_demo_db/great_expectations/uncommitted/data_docs/local_site/index.html
[2021-02-16 10:42:25,632] {bash.py:173} INFO - 
[2021-02-16 10:50:26,138] {bash.py:173} INFO - Would you like to proceed? [Y/n]: Error: invalid input
[2021-02-16 10:50:33,988] {bash.py:173} INFO - Would you like to proceed? [Y/n]: Aborted!
[2021-02-16 10:50:35,422] {bash.py:177} INFO - Command exited with return code 1
[2021-02-16 10:50:35,447] {taskinstance.py:1396} ERROR - Bash command failed. The command returned a non-zero exit code.
Traceback (most recent call last):
  File "/Users/sara/p38_demo_env/lib/python3.8/site-packages/airflow/models/taskinstance.py", line 1086, in _run_raw_task
    self._prepare_and_execute_task_with_callbacks(context, task)
  File "/Users/sara/p38_demo_env/lib/python3.8/site-packages/airflow/models/taskinstance.py", line 1260, in _prepare_and_execute_task_with_callbacks
    result = self._execute_task(context, task_copy)
  File "/Users/sara/p38_demo_env/lib/python3.8/site-packages/airflow/models/taskinstance.py", line 1300, in _execute_task
    result = task_copy.execute(context=context)
  File "/Users/sara/p38_demo_env/lib/python3.8/site-packages/airflow/operators/bash.py", line 180, in execute
    raise AirflowException('Bash command failed. The command returned a non-zero exit code.')
airflow.exceptions.AirflowException: Bash command failed. The command returned a non-zero exit code.
[2021-02-16 10:50:35,456] {taskinstance.py:1433} INFO - Marking task as FAILED. dag_id=ge_demo_db_dag, task_id=build_data_docs, execution_date=20210216T094138, start_date=20210216T094221, end_date=20210216T095035
