[2021-02-02 12:30:07,499] {taskinstance.py:826} INFO - Dependencies all met for <TaskInstance: ge_quarantine_df_dag.import_quarantine_data 2021-02-02T11:29:01.727110+00:00 [queued]>
[2021-02-02 12:30:07,505] {taskinstance.py:826} INFO - Dependencies all met for <TaskInstance: ge_quarantine_df_dag.import_quarantine_data 2021-02-02T11:29:01.727110+00:00 [queued]>
[2021-02-02 12:30:07,506] {taskinstance.py:1017} INFO - 
--------------------------------------------------------------------------------
[2021-02-02 12:30:07,506] {taskinstance.py:1018} INFO - Starting attempt 1 of 1
[2021-02-02 12:30:07,506] {taskinstance.py:1019} INFO - 
--------------------------------------------------------------------------------
[2021-02-02 12:30:07,514] {taskinstance.py:1038} INFO - Executing <Task(SnowflakeOperator): import_quarantine_data> on 2021-02-02T11:29:01.727110+00:00
[2021-02-02 12:30:07,517] {standard_task_runner.py:51} INFO - Started process 1483 to run task
[2021-02-02 12:30:07,525] {standard_task_runner.py:75} INFO - Running: ['airflow', 'tasks', 'run', 'ge_quarantine_df_dag', 'import_quarantine_data', '2021-02-02T11:29:01.727110+00:00', '--job-id', '325', '--pool', 'default_pool', '--raw', '--subdir', 'DAGS_FOLDER/ge_quarantine_df_dag.py', '--cfg-path', '/var/folders/s2/xy3ssc8j3ks3whp2f_b8708c0000gp/T/tmpkvtnzo8v']
[2021-02-02 12:30:07,527] {standard_task_runner.py:76} INFO - Job 325: Subtask import_quarantine_data
[2021-02-02 12:30:07,564] {logging_mixin.py:103} INFO - Running <TaskInstance: ge_quarantine_df_dag.import_quarantine_data 2021-02-02T11:29:01.727110+00:00 [running]> on host 1.0.0.127.in-addr.arpa
[2021-02-02 12:30:07,600] {taskinstance.py:1230} INFO - Exporting the following env vars:
AIRFLOW_CTX_DAG_EMAIL=sara@acloudfrontier.com
AIRFLOW_CTX_DAG_OWNER=sara
AIRFLOW_CTX_DAG_ID=ge_quarantine_df_dag
AIRFLOW_CTX_TASK_ID=import_quarantine_data
AIRFLOW_CTX_EXECUTION_DATE=2021-02-02T11:29:01.727110+00:00
AIRFLOW_CTX_DAG_RUN_ID=manual__2021-02-02T11:29:01.727110+00:00
[2021-02-02 12:30:07,602] {snowflake.py:119} INFO - Executing: ['alter table QUARANTINE_DATA add column error integer;', 'insert into  QUARANTINE_DATA select * from RAW_MONTHLY_TAXI where error=1;', 'alter table QUARANTINE_DATA drop column error;']
[2021-02-02 12:30:07,610] {base.py:65} INFO - Using connection to: id: SNOWFLAKE_QUARANTINE_DEMO. Host: dp13486.eu-west-1.snowflakecomputing.com, Port: None, Schema: PUBLIC, Login: SARA, Password: XXXXXXXX, extra: XXXXXXXX
[2021-02-02 12:30:07,613] {connection.py:215} INFO - Snowflake Connector for Python Version: 2.3.9, Python Version: 3.8.6, Platform: macOS-10.16-x86_64-i386-64bit
[2021-02-02 12:30:07,614] {connection.py:768} INFO - This connection is in OCSP Fail Open Mode. TLS Certificates would be checked for validity and revocation status. Any other Certificate Revocation related exceptions or OCSP Responder failures would be disregarded in favor of connectivity.
[2021-02-02 12:30:07,615] {connection.py:784} INFO - Setting use_openssl_only mode to False
[2021-02-02 12:30:08,926] {cursor.py:537} INFO - query: [ALTER SESSION SET autocommit=True]
[2021-02-02 12:30:09,130] {cursor.py:560} INFO - query execution done
[2021-02-02 12:30:09,132] {dbapi.py:180} INFO - Running statement: alter table QUARANTINE_DATA add column error integer;, parameters: None
[2021-02-02 12:30:09,133] {cursor.py:537} INFO - query: [alter table QUARANTINE_DATA add column error integer;]
[2021-02-02 12:30:09,311] {cursor.py:560} INFO - query execution done
[2021-02-02 12:30:09,312] {dbapi.py:186} INFO - Rows affected: 1
[2021-02-02 12:30:09,313] {dbapi.py:180} INFO - Running statement: insert into  QUARANTINE_DATA select * from RAW_MONTHLY_TAXI where error=1;, parameters: None
[2021-02-02 12:30:09,314] {cursor.py:537} INFO - query: [insert into  QUARANTINE_DATA select * from RAW_MONTHLY_TAXI where error=1;]
[2021-02-02 12:30:10,412] {cursor.py:560} INFO - query execution done
[2021-02-02 12:30:10,413] {dbapi.py:186} INFO - Rows affected: 1579
[2021-02-02 12:30:10,414] {dbapi.py:180} INFO - Running statement: alter table QUARANTINE_DATA drop column error;, parameters: None
[2021-02-02 12:30:10,415] {cursor.py:537} INFO - query: [alter table QUARANTINE_DATA drop column error;]
[2021-02-02 12:30:10,605] {cursor.py:560} INFO - query execution done
[2021-02-02 12:30:10,607] {dbapi.py:186} INFO - Rows affected: 1
[2021-02-02 12:30:10,608] {connection.py:438} INFO - closed
[2021-02-02 12:30:10,686] {connection.py:441} INFO - No async queries seem to be running, deleting session
[2021-02-02 12:30:10,914] {taskinstance.py:1135} INFO - Marking task as SUCCESS. dag_id=ge_quarantine_df_dag, task_id=import_quarantine_data, execution_date=20210202T112901, start_date=20210202T113007, end_date=20210202T113010
[2021-02-02 12:30:10,930] {taskinstance.py:1195} INFO - 0 downstream tasks scheduled from follow-on schedule check
[2021-02-02 12:30:10,953] {local_task_job.py:118} INFO - Task exited with return code 0
