[2021-02-17 14:15:35,409] {taskinstance.py:826} INFO - Dependencies all met for <TaskInstance: ge_quarantine_df_dag.import_invalid_records 2021-02-17T13:06:48.330157+00:00 [queued]>
[2021-02-17 14:15:35,472] {taskinstance.py:826} INFO - Dependencies all met for <TaskInstance: ge_quarantine_df_dag.import_invalid_records 2021-02-17T13:06:48.330157+00:00 [queued]>
[2021-02-17 14:15:35,473] {taskinstance.py:1017} INFO - 
--------------------------------------------------------------------------------
[2021-02-17 14:15:35,473] {taskinstance.py:1018} INFO - Starting attempt 1 of 1
[2021-02-17 14:15:35,473] {taskinstance.py:1019} INFO - 
--------------------------------------------------------------------------------
[2021-02-17 14:15:35,540] {taskinstance.py:1038} INFO - Executing <Task(SnowflakeOperator): import_invalid_records> on 2021-02-17T13:06:48.330157+00:00
[2021-02-17 14:15:35,547] {standard_task_runner.py:51} INFO - Started process 20316 to run task
[2021-02-17 14:15:35,565] {standard_task_runner.py:75} INFO - Running: ['airflow', 'tasks', 'run', 'ge_quarantine_df_dag', 'import_invalid_records', '2021-02-17T13:06:48.330157+00:00', '--job-id', '530', '--pool', 'default_pool', '--raw', '--subdir', 'DAGS_FOLDER/ge_quarantine_df_dag.py', '--cfg-path', '/var/folders/s2/xy3ssc8j3ks3whp2f_b8708c0000gp/T/tmp7lb3hsyz']
[2021-02-17 14:15:35,571] {standard_task_runner.py:76} INFO - Job 530: Subtask import_invalid_records
[2021-02-17 14:15:35,756] {logging_mixin.py:103} INFO - Running <TaskInstance: ge_quarantine_df_dag.import_invalid_records 2021-02-17T13:06:48.330157+00:00 [running]> on host 1.0.0.127.in-addr.arpa
[2021-02-17 14:15:36,084] {taskinstance.py:1230} INFO - Exporting the following env vars:
AIRFLOW_CTX_DAG_EMAIL=sara@acloudfrontier.com
AIRFLOW_CTX_DAG_OWNER=sara
AIRFLOW_CTX_DAG_ID=ge_quarantine_df_dag
AIRFLOW_CTX_TASK_ID=import_invalid_records
AIRFLOW_CTX_EXECUTION_DATE=2021-02-17T13:06:48.330157+00:00
AIRFLOW_CTX_DAG_RUN_ID=manual__2021-02-17T13:06:48.330157+00:00
[2021-02-17 14:15:36,086] {snowflake.py:119} INFO - Executing: ['insert into  QUARANTINE_DATA select * from RAW_MONTHLY_TAXI where GE_validation_result=1;']
[2021-02-17 14:15:36,117] {base.py:65} INFO - Using connection to: id: SNOWFLAKE_QUARANTINE_DEMO. Host: dp13486.eu-west-1.snowflakecomputing.com, Port: None, Schema: PUBLIC, Login: SARA, Password: XXXXXXXX, extra: XXXXXXXX
[2021-02-17 14:15:36,124] {connection.py:215} INFO - Snowflake Connector for Python Version: 2.3.9, Python Version: 3.8.6, Platform: macOS-10.16-x86_64-i386-64bit
[2021-02-17 14:15:36,127] {connection.py:768} INFO - This connection is in OCSP Fail Open Mode. TLS Certificates would be checked for validity and revocation status. Any other Certificate Revocation related exceptions or OCSP Responder failures would be disregarded in favor of connectivity.
[2021-02-17 14:15:36,128] {connection.py:784} INFO - Setting use_openssl_only mode to False
[2021-02-17 14:15:41,336] {cursor.py:537} INFO - query: [ALTER SESSION SET autocommit=True]
[2021-02-17 14:15:41,467] {cursor.py:560} INFO - query execution done
[2021-02-17 14:15:41,470] {dbapi.py:180} INFO - Running statement: insert into  QUARANTINE_DATA select * from RAW_MONTHLY_TAXI where GE_validation_result=1;, parameters: None
[2021-02-17 14:15:41,471] {cursor.py:537} INFO - query: [insert into  QUARANTINE_DATA select * from RAW_MONTHLY_TAXI where GE_validation_...]
[2021-02-17 14:15:42,317] {cursor.py:560} INFO - query execution done
[2021-02-17 14:15:42,319] {dbapi.py:186} INFO - Rows affected: 0
[2021-02-17 14:15:42,320] {connection.py:438} INFO - closed
[2021-02-17 14:15:42,377] {connection.py:441} INFO - No async queries seem to be running, deleting session
[2021-02-17 14:15:42,482] {taskinstance.py:1135} INFO - Marking task as SUCCESS. dag_id=ge_quarantine_df_dag, task_id=import_invalid_records, execution_date=20210217T130648, start_date=20210217T131535, end_date=20210217T131542
[2021-02-17 14:15:42,555] {taskinstance.py:1195} INFO - 0 downstream tasks scheduled from follow-on schedule check
[2021-02-17 14:15:42,607] {local_task_job.py:118} INFO - Task exited with return code 0
