[2021-02-16 16:11:30,101] {taskinstance.py:826} INFO - Dependencies all met for <TaskInstance: first_dag.print2 2021-02-16T15:10:31.317704+00:00 [queued]>
[2021-02-16 16:11:30,121] {taskinstance.py:826} INFO - Dependencies all met for <TaskInstance: first_dag.print2 2021-02-16T15:10:31.317704+00:00 [queued]>
[2021-02-16 16:11:30,122] {taskinstance.py:1017} INFO - 
--------------------------------------------------------------------------------
[2021-02-16 16:11:30,122] {taskinstance.py:1018} INFO - Starting attempt 1 of 2
[2021-02-16 16:11:30,122] {taskinstance.py:1019} INFO - 
--------------------------------------------------------------------------------
[2021-02-16 16:11:30,145] {taskinstance.py:1038} INFO - Executing <Task(BashOperator): print2> on 2021-02-16T15:10:31.317704+00:00
[2021-02-16 16:11:30,152] {standard_task_runner.py:51} INFO - Started process 28850 to run task
[2021-02-16 16:11:30,175] {standard_task_runner.py:75} INFO - Running: ['airflow', 'tasks', 'run', 'first_dag', 'print2', '2021-02-16T15:10:31.317704+00:00', '--job-id', '498', '--pool', 'default_pool', '--raw', '--subdir', 'DAGS_FOLDER/first_dag.py', '--cfg-path', '/var/folders/s2/xy3ssc8j3ks3whp2f_b8708c0000gp/T/tmpdiwl7xgz']
[2021-02-16 16:11:30,184] {standard_task_runner.py:76} INFO - Job 498: Subtask print2
[2021-02-16 16:11:30,277] {logging_mixin.py:103} INFO - Running <TaskInstance: first_dag.print2 2021-02-16T15:10:31.317704+00:00 [running]> on host admins-MacBook-Air.local
[2021-02-16 16:11:30,347] {taskinstance.py:1230} INFO - Exporting the following env vars:
AIRFLOW_CTX_DAG_EMAIL=sara@acloudfrontier.com
AIRFLOW_CTX_DAG_OWNER=sara
AIRFLOW_CTX_DAG_ID=first_dag
AIRFLOW_CTX_TASK_ID=print2
AIRFLOW_CTX_EXECUTION_DATE=2021-02-16T15:10:31.317704+00:00
AIRFLOW_CTX_DAG_RUN_ID=manual__2021-02-16T15:10:31.317704+00:00
[2021-02-16 16:11:30,350] {bash.py:135} INFO - Tmp dir root location: 
 /var/folders/s2/xy3ssc8j3ks3whp2f_b8708c0000gp/T
[2021-02-16 16:11:30,354] {bash.py:158} INFO - Running command: echo not!!!
[2021-02-16 16:11:30,376] {bash.py:169} INFO - Output:
[2021-02-16 16:11:30,384] {bash.py:173} INFO - not!!!
[2021-02-16 16:11:30,384] {bash.py:177} INFO - Command exited with return code 0
[2021-02-16 16:11:30,434] {taskinstance.py:1135} INFO - Marking task as SUCCESS. dag_id=first_dag, task_id=print2, execution_date=20210216T151031, start_date=20210216T151130, end_date=20210216T151130
[2021-02-16 16:11:30,485] {taskinstance.py:1195} INFO - 0 downstream tasks scheduled from follow-on schedule check
[2021-02-16 16:11:30,503] {local_task_job.py:118} INFO - Task exited with return code 0
