[2021-01-21 12:52:29,534] {taskinstance.py:826} INFO - Dependencies all met for <TaskInstance: ge_dag.print_the_context 2021-01-21T11:52:18.648702+00:00 [queued]>
[2021-01-21 12:52:29,542] {taskinstance.py:826} INFO - Dependencies all met for <TaskInstance: ge_dag.print_the_context 2021-01-21T11:52:18.648702+00:00 [queued]>
[2021-01-21 12:52:29,542] {taskinstance.py:1017} INFO - 
--------------------------------------------------------------------------------
[2021-01-21 12:52:29,542] {taskinstance.py:1018} INFO - Starting attempt 1 of 1
[2021-01-21 12:52:29,542] {taskinstance.py:1019} INFO - 
--------------------------------------------------------------------------------
[2021-01-21 12:52:29,551] {taskinstance.py:1038} INFO - Executing <Task(PythonOperator): print_the_context> on 2021-01-21T11:52:18.648702+00:00
[2021-01-21 12:52:29,555] {standard_task_runner.py:51} INFO - Started process 15835 to run task
[2021-01-21 12:52:29,566] {standard_task_runner.py:75} INFO - Running: ['airflow', 'tasks', 'run', 'ge_dag', 'print_the_context', '2021-01-21T11:52:18.648702+00:00', '--job-id', '20', '--pool', 'default_pool', '--raw', '--subdir', 'DAGS_FOLDER/ge_dag.py', '--cfg-path', '/var/folders/s2/xy3ssc8j3ks3whp2f_b8708c0000gp/T/tmpv8klrq07']
[2021-01-21 12:52:29,567] {standard_task_runner.py:76} INFO - Job 20: Subtask print_the_context
[2021-01-21 12:52:29,615] {logging_mixin.py:103} INFO - Running <TaskInstance: ge_dag.print_the_context 2021-01-21T11:52:18.648702+00:00 [running]> on host admins-air.home
[2021-01-21 12:52:29,656] {taskinstance.py:1230} INFO - Exporting the following env vars:
AIRFLOW_CTX_DAG_EMAIL=sara@acloudfrontier.com
AIRFLOW_CTX_DAG_OWNER=sara
AIRFLOW_CTX_DAG_ID=ge_dag
AIRFLOW_CTX_TASK_ID=print_the_context
AIRFLOW_CTX_EXECUTION_DATE=2021-01-21T11:52:18.648702+00:00
AIRFLOW_CTX_DAG_RUN_ID=manual__2021-01-21T11:52:18.648702+00:00
[2021-01-21 12:52:29,658] {logging_mixin.py:103} INFO - /Users/sara/airflow/dags/great_expectations
[2021-01-21 12:52:29,658] {python.py:118} INFO - Done. Returned value was: None
[2021-01-21 12:52:29,667] {taskinstance.py:1135} INFO - Marking task as SUCCESS. dag_id=ge_dag, task_id=print_the_context, execution_date=20210121T115218, start_date=20210121T115229, end_date=20210121T115229
[2021-01-21 12:52:29,685] {taskinstance.py:1195} INFO - 0 downstream tasks scheduled from follow-on schedule check
[2021-01-21 12:52:29,701] {local_task_job.py:118} INFO - Task exited with return code 0
