[2021-02-02 12:35:28,981] {taskinstance.py:826} INFO - Dependencies all met for <TaskInstance: ge_quarantine_df_dag.drop_raw_monthly_taxi 2021-02-02T11:34:13.129631+00:00 [queued]>
[2021-02-02 12:35:28,989] {taskinstance.py:826} INFO - Dependencies all met for <TaskInstance: ge_quarantine_df_dag.drop_raw_monthly_taxi 2021-02-02T11:34:13.129631+00:00 [queued]>
[2021-02-02 12:35:28,989] {taskinstance.py:1017} INFO - 
--------------------------------------------------------------------------------
[2021-02-02 12:35:28,989] {taskinstance.py:1018} INFO - Starting attempt 1 of 1
[2021-02-02 12:35:28,989] {taskinstance.py:1019} INFO - 
--------------------------------------------------------------------------------
[2021-02-02 12:35:28,996] {taskinstance.py:1038} INFO - Executing <Task(SnowflakeOperator): drop_raw_monthly_taxi> on 2021-02-02T11:34:13.129631+00:00
[2021-02-02 12:35:28,999] {standard_task_runner.py:51} INFO - Started process 1907 to run task
[2021-02-02 12:35:29,007] {standard_task_runner.py:75} INFO - Running: ['airflow', 'tasks', 'run', 'ge_quarantine_df_dag', 'drop_raw_monthly_taxi', '2021-02-02T11:34:13.129631+00:00', '--job-id', '330', '--pool', 'default_pool', '--raw', '--subdir', 'DAGS_FOLDER/ge_quarantine_df_dag.py', '--cfg-path', '/var/folders/s2/xy3ssc8j3ks3whp2f_b8708c0000gp/T/tmpjlatw8kw']
[2021-02-02 12:35:29,009] {standard_task_runner.py:76} INFO - Job 330: Subtask drop_raw_monthly_taxi
[2021-02-02 12:35:29,048] {logging_mixin.py:103} INFO - Running <TaskInstance: ge_quarantine_df_dag.drop_raw_monthly_taxi 2021-02-02T11:34:13.129631+00:00 [running]> on host 1.0.0.127.in-addr.arpa
[2021-02-02 12:35:29,078] {taskinstance.py:1230} INFO - Exporting the following env vars:
AIRFLOW_CTX_DAG_EMAIL=sara@acloudfrontier.com
AIRFLOW_CTX_DAG_OWNER=sara
AIRFLOW_CTX_DAG_ID=ge_quarantine_df_dag
AIRFLOW_CTX_TASK_ID=drop_raw_monthly_taxi
AIRFLOW_CTX_EXECUTION_DATE=2021-02-02T11:34:13.129631+00:00
AIRFLOW_CTX_DAG_RUN_ID=manual__2021-02-02T11:34:13.129631+00:00
[2021-02-02 12:35:29,079] {snowflake.py:119} INFO - Executing: ['alter table RAW_MONTHLY_TAXI drop column error;', 'delete from RAW_MONTHLY_TAXI;']
[2021-02-02 12:35:29,085] {base.py:65} INFO - Using connection to: id: SNOWFLAKE_QUARANTINE_DEMO. Host: dp13486.eu-west-1.snowflakecomputing.com, Port: None, Schema: PUBLIC, Login: SARA, Password: XXXXXXXX, extra: XXXXXXXX
[2021-02-02 12:35:29,088] {connection.py:215} INFO - Snowflake Connector for Python Version: 2.3.9, Python Version: 3.8.6, Platform: macOS-10.16-x86_64-i386-64bit
[2021-02-02 12:35:29,089] {connection.py:768} INFO - This connection is in OCSP Fail Open Mode. TLS Certificates would be checked for validity and revocation status. Any other Certificate Revocation related exceptions or OCSP Responder failures would be disregarded in favor of connectivity.
[2021-02-02 12:35:29,089] {connection.py:784} INFO - Setting use_openssl_only mode to False
[2021-02-02 12:35:30,358] {cursor.py:537} INFO - query: [ALTER SESSION SET autocommit=True]
[2021-02-02 12:35:30,500] {cursor.py:560} INFO - query execution done
[2021-02-02 12:35:30,502] {dbapi.py:180} INFO - Running statement: alter table RAW_MONTHLY_TAXI drop column error;, parameters: None
[2021-02-02 12:35:30,503] {cursor.py:537} INFO - query: [alter table RAW_MONTHLY_TAXI drop column error;]
[2021-02-02 12:35:30,793] {cursor.py:560} INFO - query execution done
[2021-02-02 12:35:30,794] {dbapi.py:186} INFO - Rows affected: 1
[2021-02-02 12:35:30,795] {dbapi.py:180} INFO - Running statement: delete from RAW_MONTHLY_TAXI;, parameters: None
[2021-02-02 12:35:30,795] {cursor.py:537} INFO - query: [delete from RAW_MONTHLY_TAXI;]
[2021-02-02 12:35:31,206] {cursor.py:560} INFO - query execution done
[2021-02-02 12:35:31,207] {dbapi.py:186} INFO - Rows affected: 10000
[2021-02-02 12:35:31,208] {connection.py:438} INFO - closed
[2021-02-02 12:35:31,301] {connection.py:441} INFO - No async queries seem to be running, deleting session
[2021-02-02 12:35:31,464] {taskinstance.py:1135} INFO - Marking task as SUCCESS. dag_id=ge_quarantine_df_dag, task_id=drop_raw_monthly_taxi, execution_date=20210202T113413, start_date=20210202T113528, end_date=20210202T113531
[2021-02-02 12:35:31,480] {taskinstance.py:1195} INFO - 0 downstream tasks scheduled from follow-on schedule check
[2021-02-02 12:35:31,506] {local_task_job.py:118} INFO - Task exited with return code 0
