[2021-02-18 09:17:38,650] {taskinstance.py:826} INFO - Dependencies all met for <TaskInstance: first_dag.print 2021-02-18T08:17:34.130139+00:00 [queued]>
[2021-02-18 09:17:38,657] {taskinstance.py:826} INFO - Dependencies all met for <TaskInstance: first_dag.print 2021-02-18T08:17:34.130139+00:00 [queued]>
[2021-02-18 09:17:38,657] {taskinstance.py:1017} INFO - 
--------------------------------------------------------------------------------
[2021-02-18 09:17:38,658] {taskinstance.py:1018} INFO - Starting attempt 1 of 2
[2021-02-18 09:17:38,658] {taskinstance.py:1019} INFO - 
--------------------------------------------------------------------------------
[2021-02-18 09:17:38,666] {taskinstance.py:1038} INFO - Executing <Task(BashOperator): print> on 2021-02-18T08:17:34.130139+00:00
[2021-02-18 09:17:38,668] {standard_task_runner.py:51} INFO - Started process 4719 to run task
[2021-02-18 09:17:38,675] {standard_task_runner.py:75} INFO - Running: ['airflow', 'tasks', 'run', 'first_dag', 'print', '2021-02-18T08:17:34.130139+00:00', '--job-id', '550', '--pool', 'default_pool', '--raw', '--subdir', 'DAGS_FOLDER/first_dag.py', '--cfg-path', '/var/folders/s2/xy3ssc8j3ks3whp2f_b8708c0000gp/T/tmpxaigbhsh']
[2021-02-18 09:17:38,678] {standard_task_runner.py:76} INFO - Job 550: Subtask print
[2021-02-18 09:17:38,712] {logging_mixin.py:103} INFO - Running <TaskInstance: first_dag.print 2021-02-18T08:17:34.130139+00:00 [running]> on host 1.0.0.127.in-addr.arpa
[2021-02-18 09:17:38,745] {taskinstance.py:1230} INFO - Exporting the following env vars:
AIRFLOW_CTX_DAG_EMAIL=sara@acloudfrontier.com
AIRFLOW_CTX_DAG_OWNER=sara
AIRFLOW_CTX_DAG_ID=first_dag
AIRFLOW_CTX_TASK_ID=print
AIRFLOW_CTX_EXECUTION_DATE=2021-02-18T08:17:34.130139+00:00
AIRFLOW_CTX_DAG_RUN_ID=manual__2021-02-18T08:17:34.130139+00:00
[2021-02-18 09:17:38,746] {bash.py:135} INFO - Tmp dir root location: 
 /var/folders/s2/xy3ssc8j3ks3whp2f_b8708c0000gp/T
[2021-02-18 09:17:38,748] {bash.py:158} INFO - Running command: echo Getting Live Cricket Scores!!!
[2021-02-18 09:17:38,756] {bash.py:169} INFO - Output:
[2021-02-18 09:17:38,760] {bash.py:173} INFO - Getting Live Cricket Scores!!!
[2021-02-18 09:17:38,761] {bash.py:177} INFO - Command exited with return code 0
[2021-02-18 09:17:38,784] {taskinstance.py:1135} INFO - Marking task as SUCCESS. dag_id=first_dag, task_id=print, execution_date=20210218T081734, start_date=20210218T081738, end_date=20210218T081738
[2021-02-18 09:17:38,809] {taskinstance.py:1195} INFO - 1 downstream tasks scheduled from follow-on schedule check
[2021-02-18 09:17:38,855] {local_task_job.py:118} INFO - Task exited with return code 0
