[2021-01-28 15:46:38,129] {taskinstance.py:826} INFO - Dependencies all met for <TaskInstance: ge_quarantine_df_dag.get_failed_records 2021-01-28T14:45:55.733432+00:00 [queued]>
[2021-01-28 15:46:38,187] {taskinstance.py:826} INFO - Dependencies all met for <TaskInstance: ge_quarantine_df_dag.get_failed_records 2021-01-28T14:45:55.733432+00:00 [queued]>
[2021-01-28 15:46:38,188] {taskinstance.py:1017} INFO - 
--------------------------------------------------------------------------------
[2021-01-28 15:46:38,188] {taskinstance.py:1018} INFO - Starting attempt 1 of 1
[2021-01-28 15:46:38,188] {taskinstance.py:1019} INFO - 
--------------------------------------------------------------------------------
[2021-01-28 15:46:38,206] {taskinstance.py:1038} INFO - Executing <Task(PythonOperator): get_failed_records> on 2021-01-28T14:45:55.733432+00:00
[2021-01-28 15:46:38,211] {standard_task_runner.py:51} INFO - Started process 8406 to run task
[2021-01-28 15:46:38,221] {standard_task_runner.py:75} INFO - Running: ['airflow', 'tasks', 'run', 'ge_quarantine_df_dag', 'get_failed_records', '2021-01-28T14:45:55.733432+00:00', '--job-id', '181', '--pool', 'default_pool', '--raw', '--subdir', 'DAGS_FOLDER/ge_quarantine_df_dag.py', '--cfg-path', '/var/folders/s2/xy3ssc8j3ks3whp2f_b8708c0000gp/T/tmpcb4n4had']
[2021-01-28 15:46:38,225] {standard_task_runner.py:76} INFO - Job 181: Subtask get_failed_records
[2021-01-28 15:46:38,299] {logging_mixin.py:103} INFO - Running <TaskInstance: ge_quarantine_df_dag.get_failed_records 2021-01-28T14:45:55.733432+00:00 [running]> on host admins-air.home
[2021-01-28 15:46:38,351] {taskinstance.py:1230} INFO - Exporting the following env vars:
AIRFLOW_CTX_DAG_EMAIL=sara@acloudfrontier.com
AIRFLOW_CTX_DAG_OWNER=sara
AIRFLOW_CTX_DAG_ID=ge_quarantine_df_dag
AIRFLOW_CTX_TASK_ID=get_failed_records
AIRFLOW_CTX_EXECUTION_DATE=2021-01-28T14:45:55.733432+00:00
AIRFLOW_CTX_DAG_RUN_ID=manual__2021-01-28T14:45:55.733432+00:00
[2021-01-28 15:46:38,354] {logging_mixin.py:103} INFO - {'conf': <airflow.configuration.AirflowConfigParser object at 0x7fcbe1041340>, 'dag': <DAG: ge_quarantine_df_dag>, 'dag_run': <DagRun ge_quarantine_df_dag @ 2021-01-28 14:45:55.733432+00:00: manual__2021-01-28T14:45:55.733432+00:00, externally triggered: True>, 'ds_nodash': '20210128', 'execution_date': DateTime(2021, 1, 28, 14, 45, 55, 733432, tzinfo=Timezone('+00:00')), 'inlets': [], 'macros': <module 'airflow.macros' from '/Users/sara/p38env_airflow/lib/python3.8/site-packages/airflow/macros/__init__.py'>, 'next_ds': '2021-01-28', 'next_ds_nodash': '20210128', 'next_execution_date': DateTime(2021, 1, 28, 14, 45, 55, 733432, tzinfo=Timezone('+00:00')), 'outlets': [], 'params': {}, 'prev_ds': '2021-01-28', 'prev_ds_nodash': '20210128', 'prev_execution_date': DateTime(2021, 1, 28, 14, 45, 55, 733432, tzinfo=Timezone('+00:00')), 'prev_execution_date_success': <Proxy at 0x7fcbe8b401c0 with factory <function TaskInstance.get_template_context.<locals>.<lambda> at 0x7fcbe8b19d30>>, 'prev_start_date_success': <Proxy at 0x7fcbe8b40b40 with factory <function TaskInstance.get_template_context.<locals>.<lambda> at 0x7fcbe8b48ee0>>, 'run_id': 'manual__2021-01-28T14:45:55.733432+00:00', 'task': <Task(PythonOperator): get_failed_records>, 'task_instance': <TaskInstance: ge_quarantine_df_dag.get_failed_records 2021-01-28T14:45:55.733432+00:00 [running]>, 'task_instance_key_str': 'ge_quarantine_df_dag__get_failed_records__20210128', 'test_mode': False, 'ti': <TaskInstance: ge_quarantine_df_dag.get_failed_records 2021-01-28T14:45:55.733432+00:00 [running]>, 'tomorrow_ds': '2021-01-29', 'tomorrow_ds_nodash': '20210129', 'ts': '2021-01-28T14:45:55.733432+00:00', 'ts_nodash': '20210128T144555', 'ts_nodash_with_tz': '20210128T144555.733432+0000', 'var': {'json': None, 'value': None}, 'yesterday_ds': '2021-01-27', 'yesterday_ds_nodash': '20210127', 'templates_dict': None}
[2021-01-28 15:46:38,355] {logging_mixin.py:103} INFO - 2021-01-28
[2021-01-28 15:46:38,357] {python.py:118} INFO - Done. Returned value was: Whatever you return gets printed in the logs
[2021-01-28 15:46:38,419] {taskinstance.py:1135} INFO - Marking task as SUCCESS. dag_id=ge_quarantine_df_dag, task_id=get_failed_records, execution_date=20210128T144555, start_date=20210128T144638, end_date=20210128T144638
[2021-01-28 15:46:38,451] {taskinstance.py:1195} INFO - 0 downstream tasks scheduled from follow-on schedule check
[2021-01-28 15:46:38,486] {local_task_job.py:118} INFO - Task exited with return code 0
