[2021-02-17 13:57:56,789] {taskinstance.py:826} INFO - Dependencies all met for <TaskInstance: ge_demo_db_dag.check_results 2021-02-17T12:52:36.772396+00:00 [queued]>
[2021-02-17 13:57:56,803] {taskinstance.py:826} INFO - Dependencies all met for <TaskInstance: ge_demo_db_dag.check_results 2021-02-17T12:52:36.772396+00:00 [queued]>
[2021-02-17 13:57:56,803] {taskinstance.py:1017} INFO - 
--------------------------------------------------------------------------------
[2021-02-17 13:57:56,803] {taskinstance.py:1018} INFO - Starting attempt 1 of 1
[2021-02-17 13:57:56,804] {taskinstance.py:1019} INFO - 
--------------------------------------------------------------------------------
[2021-02-17 13:57:56,818] {taskinstance.py:1038} INFO - Executing <Task(BashOperator): check_results> on 2021-02-17T12:52:36.772396+00:00
[2021-02-17 13:57:56,824] {standard_task_runner.py:51} INFO - Started process 19986 to run task
[2021-02-17 13:57:56,841] {standard_task_runner.py:75} INFO - Running: ['airflow', 'tasks', 'run', 'ge_demo_db_dag', 'check_results', '2021-02-17T12:52:36.772396+00:00', '--job-id', '522', '--pool', 'default_pool', '--raw', '--subdir', 'DAGS_FOLDER/ge_demo_db_dag.py', '--cfg-path', '/var/folders/s2/xy3ssc8j3ks3whp2f_b8708c0000gp/T/tmpyhq2ean6']
[2021-02-17 13:57:56,844] {standard_task_runner.py:76} INFO - Job 522: Subtask check_results
[2021-02-17 13:57:56,944] {logging_mixin.py:103} INFO - Running <TaskInstance: ge_demo_db_dag.check_results 2021-02-17T12:52:36.772396+00:00 [running]> on host 1.0.0.127.in-addr.arpa
[2021-02-17 13:57:57,072] {taskinstance.py:1230} INFO - Exporting the following env vars:
AIRFLOW_CTX_DAG_EMAIL=sara@acloudfrontier.com
AIRFLOW_CTX_DAG_OWNER=sara
AIRFLOW_CTX_DAG_ID=ge_demo_db_dag
AIRFLOW_CTX_TASK_ID=check_results
AIRFLOW_CTX_EXECUTION_DATE=2021-02-17T12:52:36.772396+00:00
AIRFLOW_CTX_DAG_RUN_ID=manual__2021-02-17T12:52:36.772396+00:00
[2021-02-17 13:57:57,077] {bash.py:135} INFO - Tmp dir root location: 
 /var/folders/s2/xy3ssc8j3ks3whp2f_b8708c0000gp/T
[2021-02-17 13:57:57,080] {bash.py:158} INFO - Running command: cd /Users/sara/airflow/dags/snowflake/ge_demo_db && great_expectations docs build -y
[2021-02-17 13:57:57,096] {bash.py:169} INFO - Output:
[2021-02-17 13:58:25,839] {bash.py:173} INFO - Detected legacy config version (2.0) so will try to use default checkpoint store name.
[2021-02-17 13:58:25,845] {bash.py:173} INFO -   Please update your configuration to the new version number 3.0 in order to use the new "Checkpoint Store" feature.  Visit https://docs.greatexpectations.io/en/latest/how_to_guides/migrating_versions.html to learn more about the upgrade process.
[2021-02-17 13:58:27,516] {bash.py:173} INFO - Detected legacy config version (2.0) so will try to use default checkpoint store name.
[2021-02-17 13:58:27,518] {bash.py:173} INFO -   Please update your configuration to the new version number 3.0 in order to use the new "Checkpoint Store" feature.  Visit https://docs.greatexpectations.io/en/latest/how_to_guides/migrating_versions.html to learn more about the upgrade process.
[2021-02-17 13:58:28,251] {bash.py:173} INFO - Detected legacy config version (2.0) so will try to use default checkpoint store name.
[2021-02-17 13:58:28,253] {bash.py:173} INFO -   Please update your configuration to the new version number 3.0 in order to use the new "Checkpoint Store" feature.  Visit https://docs.greatexpectations.io/en/latest/how_to_guides/migrating_versions.html to learn more about the upgrade process.
[2021-02-17 13:58:38,178] {bash.py:173} INFO - 
[2021-02-17 13:58:38,179] {bash.py:173} INFO - The following Data Docs sites will be built:
[2021-02-17 13:58:38,180] {bash.py:173} INFO - 
[2021-02-17 13:58:38,182] {bash.py:173} INFO -  - local_site: file:///Users/sara/airflow/dags/snowflake/ge_demo_db/great_expectations/uncommitted/data_docs/local_site/index.html
[2021-02-17 13:58:38,182] {bash.py:173} INFO - 
[2021-02-17 13:58:38,184] {bash.py:173} INFO - 
[2021-02-17 13:58:38,189] {bash.py:173} INFO - Building Data Docs...
[2021-02-17 13:58:38,190] {bash.py:173} INFO - 
[2021-02-17 13:58:45,326] {bash.py:173} INFO - Done building Data Docs
[2021-02-17 13:58:55,001] {bash.py:177} INFO - Command exited with return code 0
[2021-02-17 13:58:55,075] {taskinstance.py:1135} INFO - Marking task as SUCCESS. dag_id=ge_demo_db_dag, task_id=check_results, execution_date=20210217T125236, start_date=20210217T125756, end_date=20210217T125855
[2021-02-17 13:58:55,267] {taskinstance.py:1195} INFO - 0 downstream tasks scheduled from follow-on schedule check
[2021-02-17 13:58:55,318] {local_task_job.py:118} INFO - Task exited with return code 0
